[ 2017-05-14T19:31:49+08:00 ] 127.0.0.1 /thinkphp3.2.3/index.php/Index/index
INFO: [ app_init ] --START--
INFO: Run Behavior\BuildLiteBehavior [ RunTime:0.000051s ]
INFO: [ app_init ] --END-- [ RunTime:0.247677s ]
INFO: [ app_begin ] --START--
INFO: Run Behavior\ReadHtmlCacheBehavior [ RunTime:0.013964s ]
INFO: [ app_begin ] --END-- [ RunTime:0.014151s ]
SQL: SHOW COLUMNS FROM `qiq_user` [ RunTime:0.5547s ]
SQL: SELECT * FROM `qiq_user` WHERE `id` = null LIMIT 1   [ RunTime:0.0636s ]
SQL: SHOW COLUMNS FROM `qiq_user` [ RunTime:0.0056s ]
SQL: SHOW COLUMNS FROM `qiq_video` [ RunTime:0.0069s ]
SQL: SELECT * FROM `qiq_video` WHERE `video_state` = 1 ORDER BY play_times desc LIMIT 5   [ RunTime:0.0008s ]
SQL: SELECT * FROM `qiq_video` WHERE `video_state` = 1 ORDER BY vidup_time desc LIMIT 9   [ RunTime:0.0006s ]
SQL: SELECT * FROM `qiq_video` WHERE `video_state` = 1 ORDER BY play_times desc LIMIT 10   [ RunTime:0.0008s ]
SQL: SHOW COLUMNS FROM `qiq_plan` [ RunTime:0.0058s ]
SQL: SELECT * FROM `qiq_plan` WHERE `plan_state` = 1 ORDER BY planup_time desc LIMIT 6   [ RunTime:0.0010s ]
SQL: SHOW COLUMNS FROM `qiq_plan_block` [ RunTime:0.0078s ]
SQL: SELECT `name` FROM `qiq_plan_block` WHERE `id` = 1 LIMIT 1   [ RunTime:0.0004s ]
SQL: SELECT `name` FROM `qiq_plan_block` WHERE `id` = 2 LIMIT 1   [ RunTime:0.0003s ]
SQL: SELECT `name` FROM `qiq_plan_block` WHERE `id` = 4 LIMIT 1   [ RunTime:0.0002s ]
SQL: SELECT `name` FROM `qiq_plan_block` WHERE `id` = 1 LIMIT 1   [ RunTime:0.0002s ]
SQL: SELECT `name` FROM `qiq_plan_block` WHERE `id` = 4 LIMIT 1   [ RunTime:0.0003s ]
SQL: SELECT `name` FROM `qiq_plan_block` WHERE `id` = 3 LIMIT 1   [ RunTime:0.0003s ]
SQL: SHOW COLUMNS FROM `qiq_video_block` [ RunTime:0.0061s ]
SQL: SELECT `type` FROM `qiq_video_block` WHERE `id` = 2 LIMIT 1   [ RunTime:0.0004s ]
SQL: SELECT `type` FROM `qiq_video_block` WHERE `id` = 7 LIMIT 1   [ RunTime:0.0003s ]
SQL: SELECT `type` FROM `qiq_video_block` WHERE `id` = 6 LIMIT 1   [ RunTime:0.0002s ]
SQL: SELECT `type` FROM `qiq_video_block` WHERE `id` = 7 LIMIT 1   [ RunTime:0.0003s ]
SQL: SELECT `type` FROM `qiq_video_block` WHERE `id` = 2 LIMIT 1   [ RunTime:0.0003s ]
SQL: SELECT `type` FROM `qiq_video_block` WHERE `id` = 1 LIMIT 1   [ RunTime:0.0003s ]
SQL: SELECT * FROM `qiq_plan` WHERE `plan_state` = 1 ORDER BY plan_times desc LIMIT 10   [ RunTime:0.0012s ]
SQL: SHOW COLUMNS FROM `qiq_information` [ RunTime:0.0065s ]
SQL: SELECT * FROM `qiq_information` ORDER BY news_visit desc LIMIT 5   [ RunTime:0.0712s ]
SQL: SELECT * FROM `qiq_information` ORDER BY news_visit desc LIMIT 10   [ RunTime:0.0022s ]
SQL: SHOW COLUMNS FROM `qiq_team` [ RunTime:0.0074s ]
SQL: SELECT * FROM `qiq_team` WHERE `status` = 1 ORDER BY id DESC LIMIT 8   [ RunTime:0.0007s ]
SQL: SELECT * FROM `qiq_team` WHERE `status` = 1 ORDER BY team_times DESC LIMIT 8   [ RunTime:0.0005s ]
INFO: [ view_parse ] --START--
INFO: [ template_filter ] --START--
INFO: Run Behavior\ContentReplaceBehavior [ RunTime:0.099853s ]
INFO: [ template_filter ] --END-- [ RunTime:0.193346s ]
NOTIC: [8] Undefined variable: hottem D:\ProgramFilesStudy\phpStudy\WWW\thinkphp3.2.3\Application\Runtime\Cache\Home\2a94b8bda04ff446dcedd42276fc99ee.php 第 312 行.
NOTIC: [8] Undefined variable: hottem D:\ProgramFilesStudy\phpStudy\WWW\thinkphp3.2.3\Application\Runtime\Cache\Home\2a94b8bda04ff446dcedd42276fc99ee.php 第 312 行.
NOTIC: [8] Undefined variable: hottem D:\ProgramFilesStudy\phpStudy\WWW\thinkphp3.2.3\Application\Runtime\Cache\Home\2a94b8bda04ff446dcedd42276fc99ee.php 第 312 行.
NOTIC: [8] Undefined variable: hottem D:\ProgramFilesStudy\phpStudy\WWW\thinkphp3.2.3\Application\Runtime\Cache\Home\2a94b8bda04ff446dcedd42276fc99ee.php 第 312 行.
NOTIC: [8] Undefined variable: hottem D:\ProgramFilesStudy\phpStudy\WWW\thinkphp3.2.3\Application\Runtime\Cache\Home\2a94b8bda04ff446dcedd42276fc99ee.php 第 312 行.
INFO: Run Behavior\ParseTemplateBehavior [ RunTime:1.261405s ]
INFO: [ view_parse ] --END-- [ RunTime:1.261610s ]
INFO: [ view_filter ] --START--
INFO: Run Behavior\WriteHtmlCacheBehavior [ RunTime:0.155096s ]
INFO: [ view_filter ] --END-- [ RunTime:0.155263s ]
INFO: [ app_end ] --START--
INFO: Run Behavior\ShowPageTraceBehavior [ RunTime:0.167626s ]
INFO: [ app_end ] --END-- [ RunTime:0.167760s ]

[ 2017-05-14T19:42:07+08:00 ] 127.0.0.1 /thinkphp3.2.3/index.php/Index/index
INFO: [ app_init ] --START--
INFO: Run Behavior\BuildLiteBehavior [ RunTime:0.000032s ]
INFO: [ app_init ] --END-- [ RunTime:0.000921s ]
INFO: [ app_begin ] --START--
INFO: Run Behavior\ReadHtmlCacheBehavior [ RunTime:0.001018s ]
INFO: [ app_begin ] --END-- [ RunTime:0.001091s ]
SQL: SHOW COLUMNS FROM `qiq_user` [ RunTime:0.1500s ]
SQL: SELECT * FROM `qiq_user` WHERE `id` = null LIMIT 1   [ RunTime:0.0006s ]
SQL: SHOW COLUMNS FROM `qiq_user` [ RunTime:0.2884s ]
SQL: SHOW COLUMNS FROM `qiq_video` [ RunTime:0.0718s ]
SQL: SELECT * FROM `qiq_video` WHERE `video_state` = 1 ORDER BY play_times desc LIMIT 5   [ RunTime:0.0009s ]
SQL: SELECT * FROM `qiq_video` WHERE `video_state` = 1 ORDER BY vidup_time desc LIMIT 9   [ RunTime:0.0010s ]
SQL: SELECT * FROM `qiq_video` WHERE `video_state` = 1 ORDER BY play_times desc LIMIT 10   [ RunTime:0.0009s ]
SQL: SHOW COLUMNS FROM `qiq_plan` [ RunTime:0.2071s ]
SQL: SELECT * FROM `qiq_plan` WHERE `plan_state` = 1 ORDER BY planup_time desc LIMIT 6   [ RunTime:0.0019s ]
SQL: SHOW COLUMNS FROM `qiq_plan_block` [ RunTime:0.1652s ]
SQL: SELECT `name` FROM `qiq_plan_block` WHERE `id` = 1 LIMIT 1   [ RunTime:0.0004s ]
SQL: SELECT `name` FROM `qiq_plan_block` WHERE `id` = 2 LIMIT 1   [ RunTime:0.0003s ]
SQL: SELECT `name` FROM `qiq_plan_block` WHERE `id` = 4 LIMIT 1   [ RunTime:0.0003s ]
SQL: SELECT `name` FROM `qiq_plan_block` WHERE `id` = 1 LIMIT 1   [ RunTime:0.0004s ]
SQL: SELECT `name` FROM `qiq_plan_block` WHERE `id` = 4 LIMIT 1   [ RunTime:0.0004s ]
SQL: SELECT `name` FROM `qiq_plan_block` WHERE `id` = 3 LIMIT 1   [ RunTime:0.0004s ]
SQL: SHOW COLUMNS FROM `qiq_video_block` [ RunTime:0.1086s ]
SQL: SELECT `type` FROM `qiq_video_block` WHERE `id` = 2 LIMIT 1   [ RunTime:0.0004s ]
SQL: SELECT `type` FROM `qiq_video_block` WHERE `id` = 7 LIMIT 1   [ RunTime:0.0004s ]
SQL: SELECT `type` FROM `qiq_video_block` WHERE `id` = 6 LIMIT 1   [ RunTime:0.0004s ]
SQL: SELECT `type` FROM `qiq_video_block` WHERE `id` = 7 LIMIT 1   [ RunTime:0.0005s ]
SQL: SELECT `type` FROM `qiq_video_block` WHERE `id` = 2 LIMIT 1   [ RunTime:0.0004s ]
SQL: SELECT `type` FROM `qiq_video_block` WHERE `id` = 1 LIMIT 1   [ RunTime:0.0003s ]
SQL: SELECT * FROM `qiq_plan` WHERE `plan_state` = 1 ORDER BY plan_times desc LIMIT 10   [ RunTime:0.0016s ]
SQL: SHOW COLUMNS FROM `qiq_information` [ RunTime:0.0091s ]
SQL: SELECT * FROM `qiq_information` ORDER BY news_visit desc LIMIT 5   [ RunTime:0.0014s ]
SQL: SELECT * FROM `qiq_information` ORDER BY news_visit desc LIMIT 10   [ RunTime:0.0020s ]
SQL: SHOW COLUMNS FROM `qiq_team` [ RunTime:0.0072s ]
SQL: SELECT * FROM `qiq_team` WHERE `status` = 1 ORDER BY id DESC LIMIT 8   [ RunTime:0.0006s ]
SQL: SELECT * FROM `qiq_team` WHERE `status` = 1 ORDER BY team_times DESC LIMIT 8   [ RunTime:0.0005s ]
INFO: [ view_parse ] --START--
INFO: [ template_filter ] --START--
INFO: Run Behavior\ContentReplaceBehavior [ RunTime:0.000359s ]
INFO: [ template_filter ] --END-- [ RunTime:0.000456s ]
NOTIC: [8] Undefined variable: hottem D:\ProgramFilesStudy\phpStudy\WWW\thinkphp3.2.3\Application\Runtime\Cache\Home\2a94b8bda04ff446dcedd42276fc99ee.php 第 312 行.
NOTIC: [8] Undefined variable: hottem D:\ProgramFilesStudy\phpStudy\WWW\thinkphp3.2.3\Application\Runtime\Cache\Home\2a94b8bda04ff446dcedd42276fc99ee.php 第 312 行.
NOTIC: [8] Undefined variable: hottem D:\ProgramFilesStudy\phpStudy\WWW\thinkphp3.2.3\Application\Runtime\Cache\Home\2a94b8bda04ff446dcedd42276fc99ee.php 第 312 行.
NOTIC: [8] Undefined variable: hottem D:\ProgramFilesStudy\phpStudy\WWW\thinkphp3.2.3\Application\Runtime\Cache\Home\2a94b8bda04ff446dcedd42276fc99ee.php 第 312 行.
NOTIC: [8] Undefined variable: hottem D:\ProgramFilesStudy\phpStudy\WWW\thinkphp3.2.3\Application\Runtime\Cache\Home\2a94b8bda04ff446dcedd42276fc99ee.php 第 312 行.
INFO: Run Behavior\ParseTemplateBehavior [ RunTime:0.043326s ]
INFO: [ view_parse ] --END-- [ RunTime:0.043426s ]
INFO: [ view_filter ] --START--
INFO: Run Behavior\WriteHtmlCacheBehavior [ RunTime:0.001112s ]
INFO: [ view_filter ] --END-- [ RunTime:0.001208s ]
INFO: [ app_end ] --START--
INFO: Run Behavior\ShowPageTraceBehavior [ RunTime:0.001435s ]
INFO: [ app_end ] --END-- [ RunTime:0.001553s ]

[ 2017-05-14T19:42:23+08:00 ] 127.0.0.1 /thinkphp3.2.3/index.php/User/login
INFO: [ app_init ] --START--
INFO: Run Behavior\BuildLiteBehavior [ RunTime:0.000019s ]
INFO: [ app_init ] --END-- [ RunTime:0.000658s ]
INFO: [ app_begin ] --START--
INFO: Run Behavior\ReadHtmlCacheBehavior [ RunTime:0.001028s ]
INFO: [ app_begin ] --END-- [ RunTime:0.001098s ]
SQL: SHOW COLUMNS FROM `qiq_user` [ RunTime:0.0054s ]
SQL: SELECT * FROM `qiq_user` WHERE `id` = null LIMIT 1   [ RunTime:0.0005s ]
INFO: [ view_parse ] --START--
INFO: [ template_filter ] --START--
INFO: Run Behavior\ContentReplaceBehavior [ RunTime:0.000190s ]
INFO: [ template_filter ] --END-- [ RunTime:0.000280s ]
INFO: Run Behavior\ParseTemplateBehavior [ RunTime:0.208641s ]
INFO: [ view_parse ] --END-- [ RunTime:0.208745s ]
INFO: [ view_filter ] --START--
INFO: Run Behavior\WriteHtmlCacheBehavior [ RunTime:0.000659s ]
INFO: [ view_filter ] --END-- [ RunTime:0.000710s ]
INFO: [ app_end ] --START--
INFO: Run Behavior\ShowPageTraceBehavior [ RunTime:0.002134s ]
INFO: [ app_end ] --END-- [ RunTime:0.002242s ]

[ 2017-05-14T19:46:02+08:00 ] 127.0.0.1 /thinkphp3.2.3/index.php/Index/index
INFO: [ app_init ] --START--
INFO: Run Behavior\BuildLiteBehavior [ RunTime:0.000019s ]
INFO: [ app_init ] --END-- [ RunTime:0.000620s ]
INFO: [ app_begin ] --START--
INFO: Run Behavior\ReadHtmlCacheBehavior [ RunTime:0.000962s ]
INFO: [ app_begin ] --END-- [ RunTime:0.001025s ]
SQL: SHOW COLUMNS FROM `qiq_user` [ RunTime:0.1258s ]
SQL: SELECT * FROM `qiq_user` WHERE `id` = null LIMIT 1   [ RunTime:0.0005s ]
SQL: SHOW COLUMNS FROM `qiq_user` [ RunTime:0.2735s ]
SQL: SHOW COLUMNS FROM `qiq_video` [ RunTime:0.0062s ]
SQL: SELECT * FROM `qiq_video` WHERE `video_state` = 1 ORDER BY play_times desc LIMIT 5   [ RunTime:0.0007s ]
SQL: SELECT * FROM `qiq_video` WHERE `video_state` = 1 ORDER BY vidup_time desc LIMIT 9   [ RunTime:0.0007s ]
SQL: SELECT * FROM `qiq_video` WHERE `video_state` = 1 ORDER BY play_times desc LIMIT 10   [ RunTime:0.0007s ]
SQL: SHOW COLUMNS FROM `qiq_plan` [ RunTime:0.0052s ]
SQL: SELECT * FROM `qiq_plan` WHERE `plan_state` = 1 ORDER BY planup_time desc LIMIT 6   [ RunTime:0.0010s ]
SQL: SHOW COLUMNS FROM `qiq_plan_block` [ RunTime:0.0046s ]
SQL: SELECT `name` FROM `qiq_plan_block` WHERE `id` = 1 LIMIT 1   [ RunTime:0.0003s ]
SQL: SELECT `name` FROM `qiq_plan_block` WHERE `id` = 2 LIMIT 1   [ RunTime:0.0003s ]
SQL: SELECT `name` FROM `qiq_plan_block` WHERE `id` = 4 LIMIT 1   [ RunTime:0.0003s ]
SQL: SELECT `name` FROM `qiq_plan_block` WHERE `id` = 1 LIMIT 1   [ RunTime:0.0003s ]
SQL: SELECT `name` FROM `qiq_plan_block` WHERE `id` = 4 LIMIT 1   [ RunTime:0.0004s ]
SQL: SELECT `name` FROM `qiq_plan_block` WHERE `id` = 3 LIMIT 1   [ RunTime:0.0003s ]
SQL: SHOW COLUMNS FROM `qiq_video_block` [ RunTime:0.0053s ]
SQL: SELECT `type` FROM `qiq_video_block` WHERE `id` = 2 LIMIT 1   [ RunTime:0.0003s ]
SQL: SELECT `type` FROM `qiq_video_block` WHERE `id` = 7 LIMIT 1   [ RunTime:0.0003s ]
SQL: SELECT `type` FROM `qiq_video_block` WHERE `id` = 6 LIMIT 1   [ RunTime:0.0002s ]
SQL: SELECT `type` FROM `qiq_video_block` WHERE `id` = 7 LIMIT 1   [ RunTime:0.0002s ]
SQL: SELECT `type` FROM `qiq_video_block` WHERE `id` = 2 LIMIT 1   [ RunTime:0.0002s ]
SQL: SELECT `type` FROM `qiq_video_block` WHERE `id` = 1 LIMIT 1   [ RunTime:0.0003s ]
SQL: SELECT * FROM `qiq_plan` WHERE `plan_state` = 1 ORDER BY plan_times desc LIMIT 10   [ RunTime:0.0017s ]
SQL: SHOW COLUMNS FROM `qiq_information` [ RunTime:0.0056s ]
SQL: SELECT * FROM `qiq_information` ORDER BY news_visit desc LIMIT 5   [ RunTime:0.0009s ]
SQL: SELECT * FROM `qiq_information` ORDER BY news_visit desc LIMIT 10   [ RunTime:0.0013s ]
SQL: SHOW COLUMNS FROM `qiq_team` [ RunTime:0.0055s ]
SQL: SELECT * FROM `qiq_team` WHERE `status` = 1 ORDER BY id DESC LIMIT 8   [ RunTime:0.0005s ]
SQL: SELECT * FROM `qiq_team` WHERE `status` = 1 ORDER BY team_times DESC LIMIT 8   [ RunTime:0.0004s ]
INFO: [ view_parse ] --START--
INFO: [ template_filter ] --START--
INFO: Run Behavior\ContentReplaceBehavior [ RunTime:0.000228s ]
INFO: [ template_filter ] --END-- [ RunTime:0.000294s ]
NOTIC: [8] Undefined variable: hottem D:\ProgramFilesStudy\phpStudy\WWW\thinkphp3.2.3\Application\Runtime\Cache\Home\2a94b8bda04ff446dcedd42276fc99ee.php 第 312 行.
NOTIC: [8] Undefined variable: hottem D:\ProgramFilesStudy\phpStudy\WWW\thinkphp3.2.3\Application\Runtime\Cache\Home\2a94b8bda04ff446dcedd42276fc99ee.php 第 312 行.
NOTIC: [8] Undefined variable: hottem D:\ProgramFilesStudy\phpStudy\WWW\thinkphp3.2.3\Application\Runtime\Cache\Home\2a94b8bda04ff446dcedd42276fc99ee.php 第 312 行.
NOTIC: [8] Undefined variable: hottem D:\ProgramFilesStudy\phpStudy\WWW\thinkphp3.2.3\Application\Runtime\Cache\Home\2a94b8bda04ff446dcedd42276fc99ee.php 第 312 行.
NOTIC: [8] Undefined variable: hottem D:\ProgramFilesStudy\phpStudy\WWW\thinkphp3.2.3\Application\Runtime\Cache\Home\2a94b8bda04ff446dcedd42276fc99ee.php 第 312 行.
INFO: Run Behavior\ParseTemplateBehavior [ RunTime:0.036666s ]
INFO: [ view_parse ] --END-- [ RunTime:0.036756s ]
INFO: [ view_filter ] --START--
INFO: Run Behavior\WriteHtmlCacheBehavior [ RunTime:0.001267s ]
INFO: [ view_filter ] --END-- [ RunTime:0.001395s ]
INFO: [ app_end ] --START--
INFO: Run Behavior\ShowPageTraceBehavior [ RunTime:0.001400s ]
INFO: [ app_end ] --END-- [ RunTime:0.001510s ]

[ 2017-05-14T19:46:06+08:00 ] 127.0.0.1 /thinkphp3.2.3/index.php/Variety/index
INFO: [ app_init ] --START--
INFO: Run Behavior\BuildLiteBehavior [ RunTime:0.000020s ]
INFO: [ app_init ] --END-- [ RunTime:0.000881s ]
INFO: [ app_begin ] --START--
INFO: Run Behavior\ReadHtmlCacheBehavior [ RunTime:0.001392s ]
INFO: [ app_begin ] --END-- [ RunTime:0.001475s ]
SQL: SHOW COLUMNS FROM `qiq_user` [ RunTime:0.1523s ]
SQL: SELECT * FROM `qiq_user` WHERE `id` = null LIMIT 1   [ RunTime:0.0005s ]
SQL: SHOW COLUMNS FROM `qiq_video` [ RunTime:0.0186s ]
SQL: SELECT COUNT(*) AS tp_count FROM `qiq_video` WHERE ( video_state=1 ) LIMIT 1   [ RunTime:0.0004s ]
SQL: SELECT * FROM qiq_video v LEFT JOIN qiq_video_attributes a ON v.id=a.videoid  WHERE ( video_state=1 ) ORDER BY v.vidup_time desc LIMIT 0,8   [ RunTime:0.0014s ]
SQL: SHOW COLUMNS FROM `qiq_video_block` [ RunTime:0.0061s ]
SQL: SELECT * FROM `qiq_video_block` ORDER BY id DESC  [ RunTime:0.0005s ]
INFO: [ view_parse ] --START--
INFO: [ template_filter ] --START--
INFO: Run Behavior\ContentReplaceBehavior [ RunTime:0.000151s ]
INFO: [ template_filter ] --END-- [ RunTime:0.000212s ]
INFO: Run Behavior\ParseTemplateBehavior [ RunTime:0.143362s ]
INFO: [ view_parse ] --END-- [ RunTime:0.143469s ]
INFO: [ view_filter ] --START--
INFO: Run Behavior\WriteHtmlCacheBehavior [ RunTime:0.000969s ]
INFO: [ view_filter ] --END-- [ RunTime:0.001036s ]
INFO: [ app_end ] --START--
INFO: Run Behavior\ShowPageTraceBehavior [ RunTime:0.001369s ]
INFO: [ app_end ] --END-- [ RunTime:0.001708s ]

[ 2017-05-14T19:46:09+08:00 ] 127.0.0.1 /thinkphp3.2.3/index.php/Information/index
INFO: [ app_init ] --START--
INFO: Run Behavior\BuildLiteBehavior [ RunTime:0.000021s ]
INFO: [ app_init ] --END-- [ RunTime:0.000836s ]
INFO: [ app_begin ] --START--
INFO: Run Behavior\ReadHtmlCacheBehavior [ RunTime:0.001333s ]
INFO: [ app_begin ] --END-- [ RunTime:0.001435s ]
SQL: SHOW COLUMNS FROM `qiq_user` [ RunTime:0.2745s ]
SQL: SELECT * FROM `qiq_user` WHERE `id` = null LIMIT 1   [ RunTime:0.0004s ]
SQL: SHOW COLUMNS FROM `qiq_block` [ RunTime:0.0738s ]
SQL: SELECT * FROM `qiq_block`  [ RunTime:0.0004s ]
SQL: SHOW COLUMNS FROM `qiq_information` [ RunTime:0.0054s ]
SQL: SELECT COUNT(*) AS tp_count FROM `qiq_information` WHERE `is_send` = 1 LIMIT 1   [ RunTime:0.0005s ]
SQL: SELECT * FROM `qiq_information` WHERE `is_send` = 1 ORDER BY news_time desc LIMIT 0,5   [ RunTime:0.0011s ]
SQL: SELECT `id`,`news_title` FROM `qiq_information` WHERE `news_time` > 1494675969 AND `is_send` = 1 ORDER BY news_visit DESC LIMIT 10   [ RunTime:0.0006s ]
SQL: SELECT `id`,`news_title` FROM `qiq_information` WHERE `news_time` >= 1494157569 AND `blockid` = 4 AND `is_send` = 1 ORDER BY news_visit DESC LIMIT 10   [ RunTime:0.0004s ]
INFO: [ view_parse ] --START--
INFO: [ template_filter ] --START--
INFO: Run Behavior\ContentReplaceBehavior [ RunTime:0.000152s ]
INFO: [ template_filter ] --END-- [ RunTime:0.000215s ]
INFO: Run Behavior\ParseTemplateBehavior [ RunTime:0.048284s ]
INFO: [ view_parse ] --END-- [ RunTime:0.048478s ]
INFO: [ view_filter ] --START--
INFO: Run Behavior\WriteHtmlCacheBehavior [ RunTime:0.000829s ]
INFO: [ view_filter ] --END-- [ RunTime:0.000886s ]
INFO: [ app_end ] --START--
INFO: Run Behavior\ShowPageTraceBehavior [ RunTime:0.001348s ]
INFO: [ app_end ] --END-- [ RunTime:0.001424s ]

[ 2017-05-14T19:46:12+08:00 ] 127.0.0.1 /thinkphp3.2.3/index.php/Information/detail/id/19
INFO: [ app_init ] --START--
INFO: Run Behavior\BuildLiteBehavior [ RunTime:0.000020s ]
INFO: [ app_init ] --END-- [ RunTime:0.000657s ]
INFO: [ app_begin ] --START--
INFO: Run Behavior\ReadHtmlCacheBehavior [ RunTime:0.001289s ]
INFO: [ app_begin ] --END-- [ RunTime:0.001378s ]
SQL: SHOW COLUMNS FROM `qiq_user` [ RunTime:0.1047s ]
SQL: SELECT * FROM `qiq_user` WHERE `id` = null LIMIT 1   [ RunTime:0.0005s ]
SQL: SHOW COLUMNS FROM `qiq_information` [ RunTime:0.0058s ]
SQL: SHOW COLUMNS FROM `qiq_user` [ RunTime:0.0069s ]
SQL: UPDATE `qiq_information` SET `news_visit`=news_visit+1 WHERE `id` = 19 [ RunTime:0.3468s ]
SQL: SELECT * FROM `qiq_user` WHERE `id` = null LIMIT 1   [ RunTime:0.0004s ]
SQL: SELECT * FROM `qiq_information` WHERE `id` = 19 AND `is_send` = 1 LIMIT 1   [ RunTime:0.0006s ]
NOTIC: [2048] Only variables should be passed by reference D:\ProgramFilesStudy\phpStudy\WWW\thinkphp3.2.3\Application\Home\Controller\InformationController.class.php 第 97 行.
SQL: SHOW COLUMNS FROM `qiq_comment` [ RunTime:0.1807s ]
SQL: SELECT `id`,`com_time`,`uid`,`vid`,`com_content`,`pid`,`nid` FROM `qiq_comment` WHERE `pid` = 0 AND `Nid` = 19 ORDER BY id DESC  [ RunTime:0.0006s ]
SQL: SHOW COLUMNS FROM `qiq_comment` [ RunTime:0.1838s ]
SQL: SELECT COUNT(*) AS tp_count FROM `qiq_comment` WHERE `Nid` = 19 LIMIT 1   [ RunTime:0.0005s ]
INFO: [ view_parse ] --START--
INFO: [ template_filter ] --START--
INFO: Run Behavior\ContentReplaceBehavior [ RunTime:0.000315s ]
INFO: [ template_filter ] --END-- [ RunTime:0.000447s ]
NOTIC: [8] Undefined variable: Article D:\ProgramFilesStudy\phpStudy\WWW\thinkphp3.2.3\Application\Runtime\Cache\Home\9b3ce03ccdcef9440c03cc826197697d.php 第 269 行.
NOTIC: [8] Undefined variable: Article D:\ProgramFilesStudy\phpStudy\WWW\thinkphp3.2.3\Application\Runtime\Cache\Home\9b3ce03ccdcef9440c03cc826197697d.php 第 269 行.
NOTIC: [8] Undefined variable: vo D:\ProgramFilesStudy\phpStudy\WWW\thinkphp3.2.3\Application\Runtime\Cache\Home\9b3ce03ccdcef9440c03cc826197697d.php 第 269 行.
INFO: Run Behavior\ParseTemplateBehavior [ RunTime:0.321111s ]
INFO: [ view_parse ] --END-- [ RunTime:0.321207s ]
INFO: [ view_filter ] --START--
INFO: Run Behavior\WriteHtmlCacheBehavior [ RunTime:0.001062s ]
INFO: [ view_filter ] --END-- [ RunTime:0.001126s ]
INFO: [ app_end ] --START--
INFO: Run Behavior\ShowPageTraceBehavior [ RunTime:0.001107s ]
INFO: [ app_end ] --END-- [ RunTime:0.001183s ]

[ 2017-05-14T19:49:34+08:00 ] 127.0.0.1 /thinkphp3.2.3/index.php/Index/index
INFO: [ app_init ] --START--
INFO: Run Behavior\BuildLiteBehavior [ RunTime:0.000041s ]
INFO: [ app_init ] --END-- [ RunTime:0.000792s ]
INFO: [ app_begin ] --START--
INFO: Run Behavior\ReadHtmlCacheBehavior [ RunTime:0.000966s ]
INFO: [ app_begin ] --END-- [ RunTime:0.001048s ]
SQL: SHOW COLUMNS FROM `qiq_user` [ RunTime:0.1156s ]
SQL: SELECT * FROM `qiq_user` WHERE `id` = null LIMIT 1   [ RunTime:0.0005s ]
SQL: SHOW COLUMNS FROM `qiq_user` [ RunTime:0.3374s ]
SQL: SHOW COLUMNS FROM `qiq_video` [ RunTime:0.1832s ]
SQL: SELECT * FROM `qiq_video` WHERE `video_state` = 1 ORDER BY play_times desc LIMIT 5   [ RunTime:0.0013s ]
SQL: SELECT * FROM `qiq_video` WHERE `video_state` = 1 ORDER BY vidup_time desc LIMIT 9   [ RunTime:0.0009s ]
SQL: SELECT * FROM `qiq_video` WHERE `video_state` = 1 ORDER BY play_times desc LIMIT 10   [ RunTime:0.0007s ]
SQL: SHOW COLUMNS FROM `qiq_plan` [ RunTime:0.2900s ]
SQL: SELECT * FROM `qiq_plan` WHERE `plan_state` = 1 ORDER BY planup_time desc LIMIT 6   [ RunTime:0.0015s ]
SQL: SHOW COLUMNS FROM `qiq_plan_block` [ RunTime:0.0320s ]
SQL: SELECT `name` FROM `qiq_plan_block` WHERE `id` = 1 LIMIT 1   [ RunTime:0.0004s ]
SQL: SELECT `name` FROM `qiq_plan_block` WHERE `id` = 2 LIMIT 1   [ RunTime:0.0003s ]
SQL: SELECT `name` FROM `qiq_plan_block` WHERE `id` = 4 LIMIT 1   [ RunTime:0.0003s ]
SQL: SELECT `name` FROM `qiq_plan_block` WHERE `id` = 1 LIMIT 1   [ RunTime:0.0003s ]
SQL: SELECT `name` FROM `qiq_plan_block` WHERE `id` = 4 LIMIT 1   [ RunTime:0.0003s ]
SQL: SELECT `name` FROM `qiq_plan_block` WHERE `id` = 3 LIMIT 1   [ RunTime:0.0004s ]
SQL: SHOW COLUMNS FROM `qiq_video_block` [ RunTime:0.1285s ]
SQL: SELECT `type` FROM `qiq_video_block` WHERE `id` = 2 LIMIT 1   [ RunTime:0.0004s ]
SQL: SELECT `type` FROM `qiq_video_block` WHERE `id` = 7 LIMIT 1   [ RunTime:0.0003s ]
SQL: SELECT `type` FROM `qiq_video_block` WHERE `id` = 6 LIMIT 1   [ RunTime:0.0004s ]
SQL: SELECT `type` FROM `qiq_video_block` WHERE `id` = 7 LIMIT 1   [ RunTime:0.0004s ]
SQL: SELECT `type` FROM `qiq_video_block` WHERE `id` = 2 LIMIT 1   [ RunTime:0.0004s ]
SQL: SELECT `type` FROM `qiq_video_block` WHERE `id` = 1 LIMIT 1   [ RunTime:0.0004s ]
SQL: SELECT * FROM `qiq_plan` WHERE `plan_state` = 1 ORDER BY plan_times desc LIMIT 10   [ RunTime:0.0015s ]
SQL: SHOW COLUMNS FROM `qiq_information` [ RunTime:0.1750s ]
SQL: SELECT * FROM `qiq_information` ORDER BY news_visit desc LIMIT 5   [ RunTime:0.0015s ]
SQL: SELECT * FROM `qiq_information` ORDER BY news_visit desc LIMIT 10   [ RunTime:0.0023s ]
SQL: SHOW COLUMNS FROM `qiq_team` [ RunTime:0.2272s ]
SQL: SELECT * FROM `qiq_team` WHERE `status` = 1 ORDER BY id DESC LIMIT 8   [ RunTime:0.0005s ]
SQL: SELECT * FROM `qiq_team` WHERE `status` = 1 ORDER BY team_times DESC LIMIT 8   [ RunTime:0.0004s ]
INFO: [ view_parse ] --START--
INFO: [ template_filter ] --START--
INFO: Run Behavior\ContentReplaceBehavior [ RunTime:0.000310s ]
INFO: [ template_filter ] --END-- [ RunTime:0.000407s ]
NOTIC: [8] Undefined variable: hottem D:\ProgramFilesStudy\phpStudy\WWW\thinkphp3.2.3\Application\Runtime\Cache\Home\2a94b8bda04ff446dcedd42276fc99ee.php 第 312 行.
NOTIC: [8] Undefined variable: hottem D:\ProgramFilesStudy\phpStudy\WWW\thinkphp3.2.3\Application\Runtime\Cache\Home\2a94b8bda04ff446dcedd42276fc99ee.php 第 312 行.
NOTIC: [8] Undefined variable: hottem D:\ProgramFilesStudy\phpStudy\WWW\thinkphp3.2.3\Application\Runtime\Cache\Home\2a94b8bda04ff446dcedd42276fc99ee.php 第 312 行.
NOTIC: [8] Undefined variable: hottem D:\ProgramFilesStudy\phpStudy\WWW\thinkphp3.2.3\Application\Runtime\Cache\Home\2a94b8bda04ff446dcedd42276fc99ee.php 第 312 行.
NOTIC: [8] Undefined variable: hottem D:\ProgramFilesStudy\phpStudy\WWW\thinkphp3.2.3\Application\Runtime\Cache\Home\2a94b8bda04ff446dcedd42276fc99ee.php 第 312 行.
INFO: Run Behavior\ParseTemplateBehavior [ RunTime:0.036133s ]
INFO: [ view_parse ] --END-- [ RunTime:0.036196s ]
INFO: [ view_filter ] --START--
INFO: Run Behavior\WriteHtmlCacheBehavior [ RunTime:0.000851s ]
INFO: [ view_filter ] --END-- [ RunTime:0.000899s ]
INFO: [ app_end ] --START--
INFO: Run Behavior\ShowPageTraceBehavior [ RunTime:0.001134s ]
INFO: [ app_end ] --END-- [ RunTime:0.001209s ]

[ 2017-05-14T19:49:38+08:00 ] 127.0.0.1 /thinkphp3.2.3/index.php/Information/index
INFO: [ app_init ] --START--
INFO: Run Behavior\BuildLiteBehavior [ RunTime:0.000020s ]
INFO: [ app_init ] --END-- [ RunTime:0.000679s ]
INFO: [ app_begin ] --START--
INFO: Run Behavior\ReadHtmlCacheBehavior [ RunTime:0.000805s ]
INFO: [ app_begin ] --END-- [ RunTime:0.000875s ]
SQL: SHOW COLUMNS FROM `qiq_user` [ RunTime:0.0777s ]
SQL: SELECT * FROM `qiq_user` WHERE `id` = null LIMIT 1   [ RunTime:0.0005s ]
SQL: SHOW COLUMNS FROM `qiq_block` [ RunTime:0.0068s ]
SQL: SELECT * FROM `qiq_block`  [ RunTime:0.0006s ]
SQL: SHOW COLUMNS FROM `qiq_information` [ RunTime:0.0077s ]
SQL: SELECT COUNT(*) AS tp_count FROM `qiq_information` WHERE `is_send` = 1 LIMIT 1   [ RunTime:0.0007s ]
SQL: SELECT * FROM `qiq_information` WHERE `is_send` = 1 ORDER BY news_time desc LIMIT 0,5   [ RunTime:0.0013s ]
SQL: SELECT `id`,`news_title` FROM `qiq_information` WHERE `news_time` > 1494676178 AND `is_send` = 1 ORDER BY news_visit DESC LIMIT 10   [ RunTime:0.0006s ]
SQL: SELECT `id`,`news_title` FROM `qiq_information` WHERE `news_time` >= 1494157778 AND `blockid` = 4 AND `is_send` = 1 ORDER BY news_visit DESC LIMIT 10   [ RunTime:0.0007s ]
INFO: [ view_parse ] --START--
INFO: [ template_filter ] --START--
INFO: Run Behavior\ContentReplaceBehavior [ RunTime:0.000253s ]
INFO: [ template_filter ] --END-- [ RunTime:0.000380s ]
INFO: Run Behavior\ParseTemplateBehavior [ RunTime:0.028893s ]
INFO: [ view_parse ] --END-- [ RunTime:0.028985s ]
INFO: [ view_filter ] --START--
INFO: Run Behavior\WriteHtmlCacheBehavior [ RunTime:0.000618s ]
INFO: [ view_filter ] --END-- [ RunTime:0.000667s ]
INFO: [ app_end ] --START--
INFO: Run Behavior\ShowPageTraceBehavior [ RunTime:0.001425s ]
INFO: [ app_end ] --END-- [ RunTime:0.001541s ]

[ 2017-05-14T19:49:42+08:00 ] 127.0.0.1 /thinkphp3.2.3/index.php/Information/index/blockid/4
INFO: [ app_init ] --START--
INFO: Run Behavior\BuildLiteBehavior [ RunTime:0.000020s ]
INFO: [ app_init ] --END-- [ RunTime:0.000565s ]
INFO: [ app_begin ] --START--
INFO: Run Behavior\ReadHtmlCacheBehavior [ RunTime:0.001444s ]
INFO: [ app_begin ] --END-- [ RunTime:0.001575s ]
SQL: SHOW COLUMNS FROM `qiq_user` [ RunTime:0.0197s ]
SQL: SELECT * FROM `qiq_user` WHERE `id` = null LIMIT 1   [ RunTime:0.0004s ]
SQL: SHOW COLUMNS FROM `qiq_block` [ RunTime:0.0106s ]
SQL: SELECT * FROM `qiq_block`  [ RunTime:0.0003s ]
SQL: SHOW COLUMNS FROM `qiq_information` [ RunTime:0.2273s ]
SQL: SELECT COUNT(*) AS tp_count FROM `qiq_information` WHERE `is_send` = 1 AND `blockid` = 4 LIMIT 1   [ RunTime:0.0005s ]
SQL: SELECT * FROM `qiq_information` WHERE `is_send` = 1 AND `blockid` = 4 ORDER BY news_time desc LIMIT 0,5   [ RunTime:0.0040s ]
SQL: SELECT `id`,`news_title` FROM `qiq_information` WHERE `news_time` > 1494676182 AND `is_send` = 1 ORDER BY news_visit DESC LIMIT 10   [ RunTime:0.0006s ]
SQL: SELECT `id`,`news_title` FROM `qiq_information` WHERE `news_time` >= 1494157782 AND `blockid` = 4 AND `is_send` = 1 ORDER BY news_visit DESC LIMIT 10   [ RunTime:0.0004s ]
INFO: [ view_parse ] --START--
INFO: [ template_filter ] --START--
INFO: Run Behavior\ContentReplaceBehavior [ RunTime:0.000165s ]
INFO: [ template_filter ] --END-- [ RunTime:0.000231s ]
INFO: Run Behavior\ParseTemplateBehavior [ RunTime:0.024965s ]
INFO: [ view_parse ] --END-- [ RunTime:0.025058s ]
INFO: [ view_filter ] --START--
INFO: Run Behavior\WriteHtmlCacheBehavior [ RunTime:0.000672s ]
INFO: [ view_filter ] --END-- [ RunTime:0.000723s ]
INFO: [ app_end ] --START--
INFO: Run Behavior\ShowPageTraceBehavior [ RunTime:0.001456s ]
INFO: [ app_end ] --END-- [ RunTime:0.001565s ]

[ 2017-05-14T19:49:46+08:00 ] 127.0.0.1 /thinkphp3.2.3/index.php/Information/detail/id/8
INFO: [ app_init ] --START--
INFO: Run Behavior\BuildLiteBehavior [ RunTime:0.000031s ]
INFO: [ app_init ] --END-- [ RunTime:0.000841s ]
INFO: [ app_begin ] --START--
INFO: Run Behavior\ReadHtmlCacheBehavior [ RunTime:0.001073s ]
INFO: [ app_begin ] --END-- [ RunTime:0.001145s ]
SQL: SHOW COLUMNS FROM `qiq_user` [ RunTime:0.3752s ]
SQL: SELECT * FROM `qiq_user` WHERE `id` = null LIMIT 1   [ RunTime:0.0011s ]
SQL: SHOW COLUMNS FROM `qiq_information` [ RunTime:0.2858s ]
SQL: SHOW COLUMNS FROM `qiq_user` [ RunTime:0.3223s ]
SQL: UPDATE `qiq_information` SET `news_visit`=news_visit+1 WHERE `id` = 8 [ RunTime:0.0009s ]
SQL: SELECT * FROM `qiq_user` WHERE `id` = null LIMIT 1   [ RunTime:0.0005s ]
SQL: SELECT * FROM `qiq_information` WHERE `id` = 8 AND `is_send` = 1 LIMIT 1   [ RunTime:0.0021s ]
NOTIC: [2048] Only variables should be passed by reference D:\ProgramFilesStudy\phpStudy\WWW\thinkphp3.2.3\Application\Home\Controller\InformationController.class.php 第 97 行.
SQL: SHOW COLUMNS FROM `qiq_comment` [ RunTime:0.4072s ]
SQL: SELECT `id`,`com_time`,`uid`,`vid`,`com_content`,`pid`,`nid` FROM `qiq_comment` WHERE `pid` = 0 AND `Nid` = 8 ORDER BY id DESC  [ RunTime:0.0005s ]
SQL: SHOW COLUMNS FROM `qiq_comment` [ RunTime:0.2256s ]
SQL: SELECT COUNT(*) AS tp_count FROM `qiq_comment` WHERE `Nid` = 8 LIMIT 1   [ RunTime:0.0006s ]
INFO: [ view_parse ] --START--
INFO: [ template_filter ] --START--
INFO: Run Behavior\ContentReplaceBehavior [ RunTime:0.000219s ]
INFO: [ template_filter ] --END-- [ RunTime:0.000293s ]
NOTIC: [8] Undefined variable: Article D:\ProgramFilesStudy\phpStudy\WWW\thinkphp3.2.3\Application\Runtime\Cache\Home\9b3ce03ccdcef9440c03cc826197697d.php 第 269 行.
NOTIC: [8] Undefined variable: Article D:\ProgramFilesStudy\phpStudy\WWW\thinkphp3.2.3\Application\Runtime\Cache\Home\9b3ce03ccdcef9440c03cc826197697d.php 第 269 行.
NOTIC: [8] Undefined variable: vo D:\ProgramFilesStudy\phpStudy\WWW\thinkphp3.2.3\Application\Runtime\Cache\Home\9b3ce03ccdcef9440c03cc826197697d.php 第 269 行.
INFO: Run Behavior\ParseTemplateBehavior [ RunTime:0.096178s ]
INFO: [ view_parse ] --END-- [ RunTime:0.096306s ]
INFO: [ view_filter ] --START--
INFO: Run Behavior\WriteHtmlCacheBehavior [ RunTime:0.001283s ]
INFO: [ view_filter ] --END-- [ RunTime:0.001365s ]
INFO: [ app_end ] --START--
INFO: Run Behavior\ShowPageTraceBehavior [ RunTime:0.001972s ]
INFO: [ app_end ] --END-- [ RunTime:0.002091s ]

[ 2017-05-14T19:49:46+08:00 ] 127.0.0.1 /thinkphp3.2.3/index.php
INFO: [ app_init ] --START--
INFO: Run Behavior\BuildLiteBehavior [ RunTime:0.000020s ]
INFO: [ app_init ] --END-- [ RunTime:0.000783s ]
INFO: [ app_begin ] --START--
INFO: Run Behavior\ReadHtmlCacheBehavior [ RunTime:0.001231s ]
INFO: [ app_begin ] --END-- [ RunTime:0.001331s ]
SQL: SHOW COLUMNS FROM `qiq_user` [ RunTime:0.4082s ]
SQL: SELECT * FROM `qiq_user` WHERE `id` = null LIMIT 1   [ RunTime:0.0011s ]
SQL: SHOW COLUMNS FROM `qiq_user` [ RunTime:0.4935s ]
SQL: SHOW COLUMNS FROM `qiq_video` [ RunTime:0.2862s ]
SQL: SELECT * FROM `qiq_video` WHERE `video_state` = 1 ORDER BY play_times desc LIMIT 5   [ RunTime:0.0010s ]
SQL: SELECT * FROM `qiq_video` WHERE `video_state` = 1 ORDER BY vidup_time desc LIMIT 9   [ RunTime:0.0015s ]
SQL: SELECT * FROM `qiq_video` WHERE `video_state` = 1 ORDER BY play_times desc LIMIT 10   [ RunTime:0.0009s ]
SQL: SHOW COLUMNS FROM `qiq_plan` [ RunTime:0.3230s ]
SQL: SELECT * FROM `qiq_plan` WHERE `plan_state` = 1 ORDER BY planup_time desc LIMIT 6   [ RunTime:0.0019s ]
SQL: SHOW COLUMNS FROM `qiq_plan_block` [ RunTime:0.2418s ]
SQL: SELECT `name` FROM `qiq_plan_block` WHERE `id` = 1 LIMIT 1   [ RunTime:0.0004s ]
SQL: SELECT `name` FROM `qiq_plan_block` WHERE `id` = 2 LIMIT 1   [ RunTime:0.0003s ]
SQL: SELECT `name` FROM `qiq_plan_block` WHERE `id` = 4 LIMIT 1   [ RunTime:0.0003s ]
SQL: SELECT `name` FROM `qiq_plan_block` WHERE `id` = 1 LIMIT 1   [ RunTime:0.0003s ]
SQL: SELECT `name` FROM `qiq_plan_block` WHERE `id` = 4 LIMIT 1   [ RunTime:0.0003s ]
SQL: SELECT `name` FROM `qiq_plan_block` WHERE `id` = 3 LIMIT 1   [ RunTime:0.0003s ]
SQL: SHOW COLUMNS FROM `qiq_video_block` [ RunTime:0.1679s ]
SQL: SELECT `type` FROM `qiq_video_block` WHERE `id` = 2 LIMIT 1   [ RunTime:0.0006s ]
SQL: SELECT `type` FROM `qiq_video_block` WHERE `id` = 7 LIMIT 1   [ RunTime:0.0006s ]
SQL: SELECT `type` FROM `qiq_video_block` WHERE `id` = 6 LIMIT 1   [ RunTime:0.0006s ]
SQL: SELECT `type` FROM `qiq_video_block` WHERE `id` = 7 LIMIT 1   [ RunTime:0.0003s ]
SQL: SELECT `type` FROM `qiq_video_block` WHERE `id` = 2 LIMIT 1   [ RunTime:0.0003s ]
SQL: SELECT `type` FROM `qiq_video_block` WHERE `id` = 1 LIMIT 1   [ RunTime:0.0003s ]
SQL: SELECT * FROM `qiq_plan` WHERE `plan_state` = 1 ORDER BY plan_times desc LIMIT 10   [ RunTime:0.0016s ]
SQL: SHOW COLUMNS FROM `qiq_information` [ RunTime:0.2166s ]
SQL: SELECT * FROM `qiq_information` ORDER BY news_visit desc LIMIT 5   [ RunTime:0.0018s ]
SQL: SELECT * FROM `qiq_information` ORDER BY news_visit desc LIMIT 10   [ RunTime:0.0055s ]
SQL: SHOW COLUMNS FROM `qiq_team` [ RunTime:0.3148s ]
SQL: SELECT * FROM `qiq_team` WHERE `status` = 1 ORDER BY id DESC LIMIT 8   [ RunTime:0.0006s ]
SQL: SELECT * FROM `qiq_team` WHERE `status` = 1 ORDER BY team_times DESC LIMIT 8   [ RunTime:0.0004s ]
INFO: [ view_parse ] --START--
INFO: [ template_filter ] --START--
INFO: Run Behavior\ContentReplaceBehavior [ RunTime:0.000233s ]
INFO: [ template_filter ] --END-- [ RunTime:0.000300s ]
NOTIC: [8] Undefined variable: hottem D:\ProgramFilesStudy\phpStudy\WWW\thinkphp3.2.3\Application\Runtime\Cache\Home\2a94b8bda04ff446dcedd42276fc99ee.php 第 312 行.
NOTIC: [8] Undefined variable: hottem D:\ProgramFilesStudy\phpStudy\WWW\thinkphp3.2.3\Application\Runtime\Cache\Home\2a94b8bda04ff446dcedd42276fc99ee.php 第 312 行.
NOTIC: [8] Undefined variable: hottem D:\ProgramFilesStudy\phpStudy\WWW\thinkphp3.2.3\Application\Runtime\Cache\Home\2a94b8bda04ff446dcedd42276fc99ee.php 第 312 行.
NOTIC: [8] Undefined variable: hottem D:\ProgramFilesStudy\phpStudy\WWW\thinkphp3.2.3\Application\Runtime\Cache\Home\2a94b8bda04ff446dcedd42276fc99ee.php 第 312 行.
NOTIC: [8] Undefined variable: hottem D:\ProgramFilesStudy\phpStudy\WWW\thinkphp3.2.3\Application\Runtime\Cache\Home\2a94b8bda04ff446dcedd42276fc99ee.php 第 312 行.
INFO: Run Behavior\ParseTemplateBehavior [ RunTime:0.037330s ]
INFO: [ view_parse ] --END-- [ RunTime:0.037409s ]
INFO: [ view_filter ] --START--
INFO: Run Behavior\WriteHtmlCacheBehavior [ RunTime:0.001113s ]
INFO: [ view_filter ] --END-- [ RunTime:0.001178s ]
INFO: [ app_end ] --START--
INFO: Run Behavior\ShowPageTraceBehavior [ RunTime:0.002041s ]
INFO: [ app_end ] --END-- [ RunTime:0.002144s ]

[ 2017-05-14T19:49:55+08:00 ] 127.0.0.1 /thinkphp3.2.3/index.php/Variety/index
INFO: [ app_init ] --START--
INFO: Run Behavior\BuildLiteBehavior [ RunTime:0.000019s ]
INFO: [ app_init ] --END-- [ RunTime:0.000633s ]
INFO: [ app_begin ] --START--
INFO: Run Behavior\ReadHtmlCacheBehavior [ RunTime:0.000993s ]
INFO: [ app_begin ] --END-- [ RunTime:0.001067s ]
SQL: SHOW COLUMNS FROM `qiq_user` [ RunTime:0.1259s ]
SQL: SELECT * FROM `qiq_user` WHERE `id` = null LIMIT 1   [ RunTime:0.0007s ]
SQL: SHOW COLUMNS FROM `qiq_video` [ RunTime:0.2361s ]
SQL: SELECT COUNT(*) AS tp_count FROM `qiq_video` WHERE ( video_state=1 ) LIMIT 1   [ RunTime:0.0011s ]
SQL: SELECT * FROM qiq_video v LEFT JOIN qiq_video_attributes a ON v.id=a.videoid  WHERE ( video_state=1 ) ORDER BY v.vidup_time desc LIMIT 0,8   [ RunTime:0.0031s ]
SQL: SHOW COLUMNS FROM `qiq_video_block` [ RunTime:0.1384s ]
SQL: SELECT * FROM `qiq_video_block` ORDER BY id DESC  [ RunTime:0.0007s ]
INFO: [ view_parse ] --START--
INFO: [ template_filter ] --START--
INFO: Run Behavior\ContentReplaceBehavior [ RunTime:0.000162s ]
INFO: [ template_filter ] --END-- [ RunTime:0.000227s ]
INFO: Run Behavior\ParseTemplateBehavior [ RunTime:0.033099s ]
INFO: [ view_parse ] --END-- [ RunTime:0.033234s ]
INFO: [ view_filter ] --START--
INFO: Run Behavior\WriteHtmlCacheBehavior [ RunTime:0.000780s ]
INFO: [ view_filter ] --END-- [ RunTime:0.000829s ]
INFO: [ app_end ] --START--
INFO: Run Behavior\ShowPageTraceBehavior [ RunTime:0.001184s ]
INFO: [ app_end ] --END-- [ RunTime:0.001270s ]

[ 2017-05-14T19:49:59+08:00 ] 127.0.0.1 /thinkphp3.2.3/index.php/Variety/player/id/11
INFO: [ app_init ] --START--
INFO: Run Behavior\BuildLiteBehavior [ RunTime:0.000020s ]
INFO: [ app_init ] --END-- [ RunTime:0.000767s ]
INFO: [ app_begin ] --START--
INFO: Run Behavior\ReadHtmlCacheBehavior [ RunTime:0.001232s ]
INFO: [ app_begin ] --END-- [ RunTime:0.001328s ]
SQL: SHOW COLUMNS FROM `qiq_user` [ RunTime:0.1455s ]
SQL: SELECT * FROM `qiq_user` WHERE `id` = null LIMIT 1   [ RunTime:0.0009s ]
SQL: SHOW COLUMNS FROM `qiq_video` [ RunTime:0.0756s ]
SQL: SELECT `video_route` FROM `qiq_video` WHERE `id` = 11 LIMIT 1   [ RunTime:0.0008s ]
SQL: SHOW COLUMNS FROM `qiq_app` [ RunTime:0.0129s ]
SQL: SELECT `token` FROM `qiq_app` WHERE `id` = 1 LIMIT 1   [ RunTime:0.0007s ]
SQL: SHOW COLUMNS FROM `qiq_video_attributes` [ RunTime:0.0086s ]
SQL: SELECT `width` FROM `qiq_video_attributes` WHERE `videoid` = 11 LIMIT 1   [ RunTime:0.0005s ]
SQL: SHOW COLUMNS FROM `qiq_video` [ RunTime:0.0077s ]
SQL: SHOW COLUMNS FROM `qiq_user` [ RunTime:0.0075s ]
SQL: UPDATE `qiq_video` SET `play_times`=play_times+1 WHERE `id` = 11 [ RunTime:0.0006s ]
SQL: SELECT qiq_user.id,`video_type`,`username`,`video_summary`,`video_title`,`head_pic` FROM `qiq_video` INNER JOIN qiq_user ON qiq_video.Uid = qiq_user.id  WHERE qiq_video.id = '11' LIMIT 1   [ RunTime:0.0005s ]
SQL: SELECT `video_type` FROM `qiq_video` WHERE `id` = 11 LIMIT 1   [ RunTime:0.0003s ]
SQL: SHOW COLUMNS FROM `qiq_video_block` [ RunTime:0.0053s ]
SQL: SELECT `type` FROM `qiq_video_block` WHERE `id` = 2 LIMIT 1   [ RunTime:0.0004s ]
NOTIC: [2048] Only variables should be passed by reference D:\ProgramFilesStudy\phpStudy\WWW\thinkphp3.2.3\Application\Home\Controller\VarietyController.class.php 第 154 行.
SQL: SHOW COLUMNS FROM `qiq_comment` [ RunTime:0.0050s ]
SQL: SELECT `id`,`com_time`,`uid`,`vid`,`com_content`,`pid`,`nid` FROM `qiq_comment` WHERE `pid` = 0 AND `Vid` = 11 ORDER BY id DESC  [ RunTime:0.0004s ]
SQL: SHOW COLUMNS FROM `qiq_comment` [ RunTime:0.0064s ]
SQL: SELECT COUNT(*) AS tp_count FROM `qiq_comment` WHERE `Vid` = 11 LIMIT 1   [ RunTime:0.0003s ]
INFO: [ view_parse ] --START--
INFO: [ template_filter ] --START--
INFO: Run Behavior\ContentReplaceBehavior [ RunTime:0.000436s ]
INFO: [ template_filter ] --END-- [ RunTime:0.000534s ]
NOTIC: [8] Undefined index: video_route D:\ProgramFilesStudy\phpStudy\WWW\thinkphp3.2.3\Application\Runtime\Cache\Home\ed64c10ae5014e601388a50199c6235a.php 第 179 行.
NOTIC: [8] Undefined variable: Article D:\ProgramFilesStudy\phpStudy\WWW\thinkphp3.2.3\Application\Runtime\Cache\Home\ed64c10ae5014e601388a50199c6235a.php 第 620 行.
NOTIC: [8] Undefined variable: Article D:\ProgramFilesStudy\phpStudy\WWW\thinkphp3.2.3\Application\Runtime\Cache\Home\ed64c10ae5014e601388a50199c6235a.php 第 620 行.
NOTIC: [8] Undefined variable: vo D:\ProgramFilesStudy\phpStudy\WWW\thinkphp3.2.3\Application\Runtime\Cache\Home\ed64c10ae5014e601388a50199c6235a.php 第 620 行.
INFO: Run Behavior\ParseTemplateBehavior [ RunTime:0.100678s ]
INFO: [ view_parse ] --END-- [ RunTime:0.100739s ]
INFO: [ view_filter ] --START--
INFO: Run Behavior\WriteHtmlCacheBehavior [ RunTime:0.000881s ]
INFO: [ view_filter ] --END-- [ RunTime:0.000938s ]
INFO: [ app_end ] --START--
INFO: Run Behavior\ShowPageTraceBehavior [ RunTime:0.001283s ]
INFO: [ app_end ] --END-- [ RunTime:0.001400s ]

[ 2017-05-14T19:50:02+08:00 ] 127.0.0.1 /thinkphp3.2.3/index.php/variety/play/id/11/type/normal/token/ghfghvhjvhj1494691200
INFO: [ app_init ] --START--
INFO: Run Behavior\BuildLiteBehavior [ RunTime:0.000020s ]
INFO: [ app_init ] --END-- [ RunTime:0.000706s ]
INFO: [ app_begin ] --START--
INFO: Run Behavior\ReadHtmlCacheBehavior [ RunTime:0.001001s ]
INFO: [ app_begin ] --END-- [ RunTime:0.001062s ]
SQL: SHOW COLUMNS FROM `qiq_user` [ RunTime:0.0910s ]
SQL: SELECT * FROM `qiq_user` WHERE `id` = null LIMIT 1   [ RunTime:0.0005s ]
INFO: [ view_parse ] --START--
INFO: [ template_filter ] --START--
INFO: Run Behavior\ContentReplaceBehavior [ RunTime:0.000062s ]
INFO: [ template_filter ] --END-- [ RunTime:0.000131s ]
INFO: Run Behavior\ParseTemplateBehavior [ RunTime:0.134917s ]
INFO: [ view_parse ] --END-- [ RunTime:0.135000s ]
INFO: [ view_filter ] --START--
INFO: Run Behavior\WriteHtmlCacheBehavior [ RunTime:0.000711s ]
INFO: [ view_filter ] --END-- [ RunTime:0.000786s ]

[ 2017-05-14T19:50:03+08:00 ] 127.0.0.1 /thinkphp3.2.3/index.php/Variety/updataPraise?videoId=11
INFO: [ app_init ] --START--
INFO: Run Behavior\BuildLiteBehavior [ RunTime:0.000033s ]
INFO: [ app_init ] --END-- [ RunTime:0.000841s ]
INFO: [ app_begin ] --START--
INFO: Run Behavior\ReadHtmlCacheBehavior [ RunTime:0.001760s ]
INFO: [ app_begin ] --END-- [ RunTime:0.001841s ]
SQL: SHOW COLUMNS FROM `qiq_user` [ RunTime:0.1067s ]
SQL: SELECT * FROM `qiq_user` WHERE `id` = null LIMIT 1   [ RunTime:0.0005s ]

[ 2017-05-14T19:50:03+08:00 ] 127.0.0.1 /thinkphp3.2.3/index.php/Variety/checkUpdate?videoId=11
INFO: [ app_init ] --START--
INFO: Run Behavior\BuildLiteBehavior [ RunTime:0.000035s ]
INFO: [ app_init ] --END-- [ RunTime:0.001261s ]
INFO: [ app_begin ] --START--
INFO: Run Behavior\ReadHtmlCacheBehavior [ RunTime:0.003431s ]
INFO: [ app_begin ] --END-- [ RunTime:0.003537s ]
SQL: SHOW COLUMNS FROM `qiq_user` [ RunTime:0.0063s ]
SQL: SELECT * FROM `qiq_user` WHERE `id` = null LIMIT 1   [ RunTime:0.0005s ]

[ 2017-05-14T19:50:04+08:00 ] 127.0.0.1 /thinkphp3.2.3/index.php/Team/index
INFO: [ app_init ] --START--
INFO: Run Behavior\BuildLiteBehavior [ RunTime:0.000034s ]
INFO: [ app_init ] --END-- [ RunTime:0.000889s ]
INFO: [ app_begin ] --START--
INFO: Run Behavior\ReadHtmlCacheBehavior [ RunTime:0.001023s ]
INFO: [ app_begin ] --END-- [ RunTime:0.001097s ]
SQL: SHOW COLUMNS FROM `qiq_user` [ RunTime:0.1004s ]
SQL: SELECT * FROM `qiq_user` WHERE `id` = null LIMIT 1   [ RunTime:0.0009s ]
SQL: SHOW COLUMNS FROM `qiq_team` [ RunTime:0.0062s ]
SQL: SELECT * FROM `qiq_team` WHERE `status` = 1  [ RunTime:0.0006s ]
SQL: SELECT COUNT(*) AS tp_count FROM `qiq_team` WHERE `status` = 1 LIMIT 1   [ RunTime:0.0004s ]
SQL: SELECT `id`,`Uid`,`team_name`,`team_slogan`,`team_summary`,`team_pic`,`team_times`,`status` FROM `qiq_team` WHERE `status` = 1 ORDER BY id desc LIMIT 0,3   [ RunTime:0.0008s ]
INFO: [ view_parse ] --START--
INFO: [ template_filter ] --START--
INFO: Run Behavior\ContentReplaceBehavior [ RunTime:0.000129s ]
INFO: [ template_filter ] --END-- [ RunTime:0.000193s ]
INFO: Run Behavior\ParseTemplateBehavior [ RunTime:0.075928s ]
INFO: [ view_parse ] --END-- [ RunTime:0.076020s ]
INFO: [ view_filter ] --START--
INFO: Run Behavior\WriteHtmlCacheBehavior [ RunTime:0.000837s ]
INFO: [ view_filter ] --END-- [ RunTime:0.000890s ]
INFO: [ app_end ] --START--
INFO: Run Behavior\ShowPageTraceBehavior [ RunTime:0.001678s ]
INFO: [ app_end ] --END-- [ RunTime:0.001789s ]

[ 2017-05-14T19:50:06+08:00 ] 127.0.0.1 /thinkphp3.2.3/index.php/Team/excellentTeam/id/7
INFO: [ app_init ] --START--
INFO: Run Behavior\BuildLiteBehavior [ RunTime:0.000027s ]
INFO: [ app_init ] --END-- [ RunTime:0.000887s ]
INFO: [ app_begin ] --START--
INFO: Run Behavior\ReadHtmlCacheBehavior [ RunTime:0.001050s ]
INFO: [ app_begin ] --END-- [ RunTime:0.001125s ]
SQL: SHOW COLUMNS FROM `qiq_user` [ RunTime:0.2117s ]
SQL: SELECT * FROM `qiq_user` WHERE `id` = null LIMIT 1   [ RunTime:0.0004s ]
SQL: SHOW COLUMNS FROM `qiq_team` [ RunTime:0.1723s ]
SQL: UPDATE `qiq_team` SET `team_times`=team_times+1 WHERE `id` = 7 [ RunTime:0.0005s ]
SQL: SELECT * FROM `qiq_team` WHERE `id` = 7 LIMIT 1   [ RunTime:0.0004s ]
SQL: SHOW COLUMNS FROM `qiq_teammember` [ RunTime:0.0054s ]
SQL: SELECT * FROM `qiq_teammember` WHERE `Tid` = 7 AND `member_type` = '导师'  [ RunTime:0.0004s ]
SQL: SELECT * FROM `qiq_teammember` WHERE `Tid` = 7 AND `member_type` = '成员'  [ RunTime:0.0005s ]
SQL: SHOW COLUMNS FROM `qiq_video` [ RunTime:0.0058s ]
SQL: SELECT `video_title`,`vidup_time` FROM `qiq_video` WHERE `Tid` = 7  [ RunTime:0.0004s ]
INFO: [ view_parse ] --START--
INFO: [ template_filter ] --START--
INFO: Run Behavior\ContentReplaceBehavior [ RunTime:0.000156s ]
INFO: [ template_filter ] --END-- [ RunTime:0.000227s ]
NOTIC: [8] Undefined variable: vo D:\ProgramFilesStudy\phpStudy\WWW\thinkphp3.2.3\Application\Runtime\Cache\Home\76434e2737bad959fa6849c594017bc7.php 第 146 行.
INFO: Run Behavior\ParseTemplateBehavior [ RunTime:0.036065s ]
INFO: [ view_parse ] --END-- [ RunTime:0.036143s ]
INFO: [ view_filter ] --START--
INFO: Run Behavior\WriteHtmlCacheBehavior [ RunTime:0.000706s ]
INFO: [ view_filter ] --END-- [ RunTime:0.000753s ]
INFO: [ app_end ] --START--
INFO: Run Behavior\ShowPageTraceBehavior [ RunTime:0.001432s ]
INFO: [ app_end ] --END-- [ RunTime:0.001526s ]

[ 2017-05-14T19:50:09+08:00 ] 127.0.0.1 /thinkphp3.2.3/index.php/Incubation/index
INFO: [ app_init ] --START--
INFO: Run Behavior\BuildLiteBehavior [ RunTime:0.000019s ]
INFO: [ app_init ] --END-- [ RunTime:0.000650s ]
INFO: [ app_begin ] --START--
INFO: Run Behavior\ReadHtmlCacheBehavior [ RunTime:0.001044s ]
INFO: [ app_begin ] --END-- [ RunTime:0.001116s ]
SQL: SHOW COLUMNS FROM `qiq_user` [ RunTime:0.0060s ]
SQL: SELECT * FROM `qiq_user` WHERE `id` = null LIMIT 1   [ RunTime:0.0007s ]
SQL: SHOW COLUMNS FROM `qiq_plan` [ RunTime:0.0055s ]
SQL: SELECT COUNT(*) AS tp_count FROM `qiq_plan` WHERE ( plan_state=1 ) LIMIT 1   [ RunTime:0.0008s ]
SQL: SELECT * FROM `qiq_plan` WHERE ( plan_state=1 ) ORDER BY planup_time DESC LIMIT 0,3   [ RunTime:0.0008s ]
SQL: SHOW COLUMNS FROM `qiq_user` [ RunTime:0.0066s ]
SQL: SELECT `username`,`head_pic` FROM `qiq_user` WHERE `id` = 37 LIMIT 1   [ RunTime:0.0004s ]
SQL: SHOW COLUMNS FROM `qiq_video_block` [ RunTime:0.0046s ]
SQL: SELECT `type` FROM `qiq_video_block` WHERE `id` = 2 LIMIT 1   [ RunTime:0.0004s ]
SQL: SHOW COLUMNS FROM `qiq_plan_block` [ RunTime:0.0066s ]
SQL: SELECT `name` FROM `qiq_plan_block` WHERE `id` = 1 LIMIT 1   [ RunTime:0.0003s ]
SQL: SELECT `username`,`head_pic` FROM `qiq_user` WHERE `id` = 39 LIMIT 1   [ RunTime:0.0003s ]
SQL: SHOW COLUMNS FROM `qiq_team` [ RunTime:0.0060s ]
SQL: SELECT `team_name` FROM `qiq_team` WHERE `id` = 7 LIMIT 1   [ RunTime:0.0003s ]
SQL: SELECT `type` FROM `qiq_video_block` WHERE `id` = 7 LIMIT 1   [ RunTime:0.0003s ]
SQL: SELECT `name` FROM `qiq_plan_block` WHERE `id` = 2 LIMIT 1   [ RunTime:0.0003s ]
SQL: SELECT `username`,`head_pic` FROM `qiq_user` WHERE `id` = 39 LIMIT 1   [ RunTime:0.0004s ]
SQL: SELECT `type` FROM `qiq_video_block` WHERE `id` = 6 LIMIT 1   [ RunTime:0.0003s ]
SQL: SELECT `name` FROM `qiq_plan_block` WHERE `id` = 4 LIMIT 1   [ RunTime:0.0003s ]
SQL: SELECT * FROM `qiq_video_block` ORDER BY id desc  [ RunTime:0.0003s ]
SQL: SELECT * FROM `qiq_plan_block`  [ RunTime:0.0002s ]
INFO: [ view_parse ] --START--
INFO: [ template_filter ] --START--
INFO: Run Behavior\ContentReplaceBehavior [ RunTime:0.000189s ]
INFO: [ template_filter ] --END-- [ RunTime:0.000253s ]
INFO: Run Behavior\ParseTemplateBehavior [ RunTime:0.055225s ]
INFO: [ view_parse ] --END-- [ RunTime:0.055307s ]
INFO: [ view_filter ] --START--
INFO: Run Behavior\WriteHtmlCacheBehavior [ RunTime:0.001131s ]
INFO: [ view_filter ] --END-- [ RunTime:0.001234s ]
INFO: [ app_end ] --START--
INFO: Run Behavior\ShowPageTraceBehavior [ RunTime:0.001372s ]
INFO: [ app_end ] --END-- [ RunTime:0.001511s ]

[ 2017-05-14T19:50:13+08:00 ] 127.0.0.1 /thinkphp3.2.3/index.php/Incubation/incubationDetail/id/43
INFO: [ app_init ] --START--
INFO: Run Behavior\BuildLiteBehavior [ RunTime:0.000021s ]
INFO: [ app_init ] --END-- [ RunTime:0.000693s ]
INFO: [ app_begin ] --START--
INFO: Run Behavior\ReadHtmlCacheBehavior [ RunTime:0.001023s ]
INFO: [ app_begin ] --END-- [ RunTime:0.001095s ]
SQL: SHOW COLUMNS FROM `qiq_user` [ RunTime:0.1396s ]
SQL: SELECT * FROM `qiq_user` WHERE `id` = null LIMIT 1   [ RunTime:0.0004s ]
SQL: SHOW COLUMNS FROM `qiq_plan` [ RunTime:0.0229s ]
SQL: UPDATE `qiq_plan` SET `plan_times`=plan_times+1 WHERE `id` = 43 [ RunTime:0.0006s ]
SQL: SELECT * FROM `qiq_plan` WHERE `id` = 43 LIMIT 1   [ RunTime:0.0005s ]
SQL: SHOW COLUMNS FROM `qiq_plan_block` [ RunTime:0.0122s ]
SQL: SELECT `name` FROM `qiq_plan_block` WHERE `id` = 1 LIMIT 1   [ RunTime:0.0003s ]
SQL: SHOW COLUMNS FROM `qiq_video_block` [ RunTime:0.1520s ]
SQL: SELECT `type` FROM `qiq_video_block` WHERE `id` = 2 LIMIT 1   [ RunTime:0.0004s ]
INFO: [ view_parse ] --START--
INFO: [ template_filter ] --START--
INFO: Run Behavior\ContentReplaceBehavior [ RunTime:0.000306s ]
INFO: [ template_filter ] --END-- [ RunTime:0.000405s ]
NOTIC: [8] Undefined variable: res D:\ProgramFilesStudy\phpStudy\WWW\thinkphp3.2.3\Application\Runtime\Cache\Home\24ef6119cdd77ca21e287d803ca51bf7.php 第 208 行.
INFO: Run Behavior\ParseTemplateBehavior [ RunTime:0.158541s ]
INFO: [ view_parse ] --END-- [ RunTime:0.158629s ]
INFO: [ view_filter ] --START--
INFO: Run Behavior\WriteHtmlCacheBehavior [ RunTime:0.001153s ]
INFO: [ view_filter ] --END-- [ RunTime:0.001247s ]
INFO: [ app_end ] --START--
INFO: Run Behavior\ShowPageTraceBehavior [ RunTime:0.002315s ]
INFO: [ app_end ] --END-- [ RunTime:0.002431s ]

[ 2017-05-14T19:50:13+08:00 ] 127.0.0.1 /thinkphp3.2.3/index.php/Incubation/checkUpdate?planId=43
INFO: [ app_init ] --START--
INFO: Run Behavior\BuildLiteBehavior [ RunTime:0.000040s ]
INFO: [ app_init ] --END-- [ RunTime:0.000968s ]
INFO: [ app_begin ] --START--
INFO: Run Behavior\ReadHtmlCacheBehavior [ RunTime:0.001483s ]
INFO: [ app_begin ] --END-- [ RunTime:0.001592s ]
SQL: SHOW COLUMNS FROM `qiq_user` [ RunTime:0.0799s ]
SQL: SELECT * FROM `qiq_user` WHERE `id` = null LIMIT 1   [ RunTime:0.0005s ]

[ 2017-05-14T19:50:13+08:00 ] 127.0.0.1 /thinkphp3.2.3/index.php/Incubation/updataPraise?planId=43
INFO: [ app_init ] --START--
INFO: Run Behavior\BuildLiteBehavior [ RunTime:0.000032s ]
INFO: [ app_init ] --END-- [ RunTime:0.000939s ]
INFO: [ app_begin ] --START--
INFO: Run Behavior\ReadHtmlCacheBehavior [ RunTime:0.002429s ]
INFO: [ app_begin ] --END-- [ RunTime:0.002537s ]
SQL: SHOW COLUMNS FROM `qiq_user` [ RunTime:0.1079s ]
SQL: SELECT * FROM `qiq_user` WHERE `id` = null LIMIT 1   [ RunTime:0.0004s ]

[ 2017-05-14T19:50:13+08:00 ] 127.0.0.1 /thinkphp3.2.3/index.php/Incubation/updataPraise?planId=43
INFO: [ app_init ] --START--
INFO: Run Behavior\BuildLiteBehavior [ RunTime:0.000021s ]
INFO: [ app_init ] --END-- [ RunTime:0.000627s ]
INFO: [ app_begin ] --START--
INFO: Run Behavior\ReadHtmlCacheBehavior [ RunTime:0.001618s ]
INFO: [ app_begin ] --END-- [ RunTime:0.001726s ]
SQL: SHOW COLUMNS FROM `qiq_user` [ RunTime:0.0848s ]
SQL: SELECT * FROM `qiq_user` WHERE `id` = null LIMIT 1   [ RunTime:0.0006s ]

[ 2017-05-14T19:50:17+08:00 ] 127.0.0.1 /thinkphp3.2.3/index.php/Variety/index
INFO: [ app_init ] --START--
INFO: Run Behavior\BuildLiteBehavior [ RunTime:0.000034s ]
INFO: [ app_init ] --END-- [ RunTime:0.000877s ]
INFO: [ app_begin ] --START--
INFO: Run Behavior\ReadHtmlCacheBehavior [ RunTime:0.001092s ]
INFO: [ app_begin ] --END-- [ RunTime:0.001182s ]
SQL: SHOW COLUMNS FROM `qiq_user` [ RunTime:0.1128s ]
SQL: SELECT * FROM `qiq_user` WHERE `id` = null LIMIT 1   [ RunTime:0.0036s ]
SQL: SHOW COLUMNS FROM `qiq_video` [ RunTime:0.2514s ]
SQL: SELECT COUNT(*) AS tp_count FROM `qiq_video` WHERE ( video_state=1 ) LIMIT 1   [ RunTime:0.0009s ]
SQL: SELECT * FROM qiq_video v LEFT JOIN qiq_video_attributes a ON v.id=a.videoid  WHERE ( video_state=1 ) ORDER BY v.vidup_time desc LIMIT 0,8   [ RunTime:0.0024s ]
SQL: SHOW COLUMNS FROM `qiq_video_block` [ RunTime:0.0848s ]
SQL: SELECT * FROM `qiq_video_block` ORDER BY id DESC  [ RunTime:0.0006s ]
INFO: [ view_parse ] --START--
INFO: [ template_filter ] --START--
INFO: Run Behavior\ContentReplaceBehavior [ RunTime:0.000165s ]
INFO: [ template_filter ] --END-- [ RunTime:0.000228s ]
INFO: Run Behavior\ParseTemplateBehavior [ RunTime:0.034669s ]
INFO: [ view_parse ] --END-- [ RunTime:0.034784s ]
INFO: [ view_filter ] --START--
INFO: Run Behavior\WriteHtmlCacheBehavior [ RunTime:0.000759s ]
INFO: [ view_filter ] --END-- [ RunTime:0.000821s ]
INFO: [ app_end ] --START--
INFO: Run Behavior\ShowPageTraceBehavior [ RunTime:0.001215s ]
INFO: [ app_end ] --END-- [ RunTime:0.001304s ]

[ 2017-05-14T19:50:19+08:00 ] 127.0.0.1 /thinkphp3.2.3/index.php/Variety/player/id/11
INFO: [ app_init ] --START--
INFO: Run Behavior\BuildLiteBehavior [ RunTime:0.000029s ]
INFO: [ app_init ] --END-- [ RunTime:0.000806s ]
INFO: [ app_begin ] --START--
INFO: Run Behavior\ReadHtmlCacheBehavior [ RunTime:0.001202s ]
INFO: [ app_begin ] --END-- [ RunTime:0.001321s ]
SQL: SHOW COLUMNS FROM `qiq_user` [ RunTime:0.1152s ]
SQL: SELECT * FROM `qiq_user` WHERE `id` = null LIMIT 1   [ RunTime:0.0008s ]
SQL: SHOW COLUMNS FROM `qiq_video` [ RunTime:0.0798s ]
SQL: SELECT `video_route` FROM `qiq_video` WHERE `id` = 11 LIMIT 1   [ RunTime:0.0012s ]
SQL: SHOW COLUMNS FROM `qiq_app` [ RunTime:0.0076s ]
SQL: SELECT `token` FROM `qiq_app` WHERE `id` = 1 LIMIT 1   [ RunTime:0.0004s ]
SQL: SHOW COLUMNS FROM `qiq_video_attributes` [ RunTime:0.0075s ]
SQL: SELECT `width` FROM `qiq_video_attributes` WHERE `videoid` = 11 LIMIT 1   [ RunTime:0.0005s ]
SQL: SHOW COLUMNS FROM `qiq_video` [ RunTime:0.4065s ]
SQL: SHOW COLUMNS FROM `qiq_user` [ RunTime:0.2957s ]
SQL: UPDATE `qiq_video` SET `play_times`=play_times+1 WHERE `id` = 11 [ RunTime:0.0011s ]
SQL: SELECT qiq_user.id,`video_type`,`username`,`video_summary`,`video_title`,`head_pic` FROM `qiq_video` INNER JOIN qiq_user ON qiq_video.Uid = qiq_user.id  WHERE qiq_video.id = '11' LIMIT 1   [ RunTime:0.0009s ]
SQL: SELECT `video_type` FROM `qiq_video` WHERE `id` = 11 LIMIT 1   [ RunTime:0.0006s ]
SQL: SHOW COLUMNS FROM `qiq_video_block` [ RunTime:0.0813s ]
SQL: SELECT `type` FROM `qiq_video_block` WHERE `id` = 2 LIMIT 1   [ RunTime:0.0006s ]
NOTIC: [2048] Only variables should be passed by reference D:\ProgramFilesStudy\phpStudy\WWW\thinkphp3.2.3\Application\Home\Controller\VarietyController.class.php 第 154 行.
SQL: SHOW COLUMNS FROM `qiq_comment` [ RunTime:0.1175s ]
SQL: SELECT `id`,`com_time`,`uid`,`vid`,`com_content`,`pid`,`nid` FROM `qiq_comment` WHERE `pid` = 0 AND `Vid` = 11 ORDER BY id DESC  [ RunTime:0.0005s ]
SQL: SHOW COLUMNS FROM `qiq_comment` [ RunTime:0.1368s ]
SQL: SELECT COUNT(*) AS tp_count FROM `qiq_comment` WHERE `Vid` = 11 LIMIT 1   [ RunTime:0.0005s ]
INFO: [ view_parse ] --START--
INFO: [ template_filter ] --START--
INFO: Run Behavior\ContentReplaceBehavior [ RunTime:0.000309s ]
INFO: [ template_filter ] --END-- [ RunTime:0.000392s ]
NOTIC: [8] Undefined index: video_route D:\ProgramFilesStudy\phpStudy\WWW\thinkphp3.2.3\Application\Runtime\Cache\Home\ed64c10ae5014e601388a50199c6235a.php 第 179 行.
NOTIC: [8] Undefined variable: Article D:\ProgramFilesStudy\phpStudy\WWW\thinkphp3.2.3\Application\Runtime\Cache\Home\ed64c10ae5014e601388a50199c6235a.php 第 620 行.
NOTIC: [8] Undefined variable: Article D:\ProgramFilesStudy\phpStudy\WWW\thinkphp3.2.3\Application\Runtime\Cache\Home\ed64c10ae5014e601388a50199c6235a.php 第 620 行.
NOTIC: [8] Undefined variable: vo D:\ProgramFilesStudy\phpStudy\WWW\thinkphp3.2.3\Application\Runtime\Cache\Home\ed64c10ae5014e601388a50199c6235a.php 第 620 行.
INFO: Run Behavior\ParseTemplateBehavior [ RunTime:0.234887s ]
INFO: [ view_parse ] --END-- [ RunTime:0.235019s ]
INFO: [ view_filter ] --START--
INFO: Run Behavior\WriteHtmlCacheBehavior [ RunTime:0.001572s ]
INFO: [ view_filter ] --END-- [ RunTime:0.001715s ]
INFO: [ app_end ] --START--
INFO: Run Behavior\ShowPageTraceBehavior [ RunTime:0.001242s ]
INFO: [ app_end ] --END-- [ RunTime:0.001338s ]

[ 2017-05-14T19:50:20+08:00 ] 127.0.0.1 /thinkphp3.2.3/index.php/variety/play/id/11/type/normal/token/ghfghvhjvhj1494691200
INFO: [ app_init ] --START--
INFO: Run Behavior\BuildLiteBehavior [ RunTime:0.000021s ]
INFO: [ app_init ] --END-- [ RunTime:0.000672s ]
INFO: [ app_begin ] --START--
INFO: Run Behavior\ReadHtmlCacheBehavior [ RunTime:0.001266s ]
INFO: [ app_begin ] --END-- [ RunTime:0.001369s ]
SQL: SHOW COLUMNS FROM `qiq_user` [ RunTime:0.0691s ]
SQL: SELECT * FROM `qiq_user` WHERE `id` = null LIMIT 1   [ RunTime:0.0006s ]
INFO: [ view_parse ] --START--
INFO: [ template_filter ] --START--
INFO: Run Behavior\ContentReplaceBehavior [ RunTime:0.000091s ]
INFO: [ template_filter ] --END-- [ RunTime:0.000195s ]
INFO: Run Behavior\ParseTemplateBehavior [ RunTime:0.013591s ]
INFO: [ view_parse ] --END-- [ RunTime:0.013710s ]
INFO: [ view_filter ] --START--
INFO: Run Behavior\WriteHtmlCacheBehavior [ RunTime:0.001069s ]
INFO: [ view_filter ] --END-- [ RunTime:0.001162s ]

[ 2017-05-14T19:50:20+08:00 ] 127.0.0.1 /thinkphp3.2.3/index.php/Variety/checkUpdate?videoId=11
INFO: [ app_init ] --START--
INFO: Run Behavior\BuildLiteBehavior [ RunTime:0.000034s ]
INFO: [ app_init ] --END-- [ RunTime:0.001018s ]
INFO: [ app_begin ] --START--
INFO: Run Behavior\ReadHtmlCacheBehavior [ RunTime:0.002939s ]
INFO: [ app_begin ] --END-- [ RunTime:0.003613s ]
SQL: SHOW COLUMNS FROM `qiq_user` [ RunTime:0.1488s ]
SQL: SELECT * FROM `qiq_user` WHERE `id` = null LIMIT 1   [ RunTime:0.0004s ]

[ 2017-05-14T19:50:20+08:00 ] 127.0.0.1 /thinkphp3.2.3/index.php/Variety/updataPraise?videoId=11
INFO: [ app_init ] --START--
INFO: Run Behavior\BuildLiteBehavior [ RunTime:0.000040s ]
INFO: [ app_init ] --END-- [ RunTime:0.003089s ]
INFO: [ app_begin ] --START--
INFO: Run Behavior\ReadHtmlCacheBehavior [ RunTime:0.003428s ]
INFO: [ app_begin ] --END-- [ RunTime:0.003940s ]
SQL: SHOW COLUMNS FROM `qiq_user` [ RunTime:0.0059s ]
SQL: SELECT * FROM `qiq_user` WHERE `id` = null LIMIT 1   [ RunTime:0.0005s ]

[ 2017-05-14T19:50:21+08:00 ] 127.0.0.1 /thinkphp3.2.3/index.php/Variety/addCollection?videoId=11
INFO: [ app_init ] --START--
INFO: Run Behavior\BuildLiteBehavior [ RunTime:0.000094s ]
INFO: [ app_init ] --END-- [ RunTime:0.000722s ]
INFO: [ app_begin ] --START--
INFO: Run Behavior\ReadHtmlCacheBehavior [ RunTime:0.001880s ]
INFO: [ app_begin ] --END-- [ RunTime:0.001973s ]
SQL: SHOW COLUMNS FROM `qiq_user` [ RunTime:0.2913s ]
SQL: SELECT * FROM `qiq_user` WHERE `id` = null LIMIT 1   [ RunTime:0.0021s ]

[ 2017-05-14T19:50:24+08:00 ] 127.0.0.1 /thinkphp3.2.3/index.php/Wisdom/index
INFO: [ app_init ] --START--
INFO: Run Behavior\BuildLiteBehavior [ RunTime:0.000023s ]
INFO: [ app_init ] --END-- [ RunTime:0.000869s ]
INFO: [ app_begin ] --START--
INFO: Run Behavior\ReadHtmlCacheBehavior [ RunTime:0.001903s ]
INFO: [ app_begin ] --END-- [ RunTime:0.002036s ]
SQL: SHOW COLUMNS FROM `qiq_user` [ RunTime:0.1238s ]
SQL: SELECT * FROM `qiq_user` WHERE `id` = null LIMIT 1   [ RunTime:0.0005s ]
SQL: SHOW COLUMNS FROM `qiq_video_block` [ RunTime:0.0512s ]
SQL: SELECT * FROM `qiq_video_block` WHERE `type` <> '其它'  [ RunTime:0.0009s ]
SQL: SELECT `id` FROM `qiq_video_block` WHERE `type` = '其它' LIMIT 1   [ RunTime:0.0006s ]
SQL: SHOW COLUMNS FROM `qiq_team` [ RunTime:0.1372s ]
NOTIC: [8] Undefined index: uid D:\ProgramFilesStudy\phpStudy\WWW\thinkphp3.2.3\Application\Home\Controller\WisdomController.class.php 第 30 行.
SQL: SELECT `id` FROM `qiq_team` WHERE `Uid` = null LIMIT 1   [ RunTime:0.0005s ]
INFO: [ view_parse ] --START--
INFO: [ template_filter ] --START--
INFO: Run Behavior\ContentReplaceBehavior [ RunTime:0.000265s ]
INFO: [ template_filter ] --END-- [ RunTime:0.000364s ]
INFO: Run Behavior\ParseTemplateBehavior [ RunTime:0.269889s ]
INFO: [ view_parse ] --END-- [ RunTime:0.270018s ]
INFO: [ view_filter ] --START--
INFO: Run Behavior\WriteHtmlCacheBehavior [ RunTime:0.001287s ]
INFO: [ view_filter ] --END-- [ RunTime:0.001364s ]
INFO: [ app_end ] --START--
INFO: Run Behavior\ShowPageTraceBehavior [ RunTime:0.002418s ]
INFO: [ app_end ] --END-- [ RunTime:0.002563s ]

