[ 2017-03-28T00:00:24+08:00 ] 127.0.0.1 /317/thinkphp3.2.3/index.php/Wisdom/uploadVideo
INFO: [ app_init ] --START--
INFO: Run Behavior\BuildLiteBehavior [ RunTime:0.000000s ]
INFO: [ app_init ] --END-- [ RunTime:0.001000s ]
INFO: [ app_begin ] --START--
INFO: Run Behavior\ReadHtmlCacheBehavior [ RunTime:0.012000s ]
INFO: [ app_begin ] --END-- [ RunTime:0.012000s ]
INFO: [ view_parse ] --START--
INFO: [ template_filter ] --START--
INFO: Run Behavior\ContentReplaceBehavior [ RunTime:0.000000s ]
INFO: [ template_filter ] --END-- [ RunTime:0.000000s ]
INFO: Run Behavior\ParseTemplateBehavior [ RunTime:0.060004s ]
INFO: [ view_parse ] --END-- [ RunTime:0.060004s ]
INFO: [ view_filter ] --START--
INFO: Run Behavior\WriteHtmlCacheBehavior [ RunTime:0.009000s ]
INFO: [ view_filter ] --END-- [ RunTime:0.009000s ]

[ 2017-03-28T00:03:13+08:00 ] 127.0.0.1 /317/thinkphp3.2.3/index.php/Wisdom/uploadVideo
INFO: [ app_init ] --START--
INFO: Run Behavior\BuildLiteBehavior [ RunTime:0.000000s ]
INFO: [ app_init ] --END-- [ RunTime:0.005000s ]
INFO: [ app_begin ] --START--
INFO: Run Behavior\ReadHtmlCacheBehavior [ RunTime:0.003000s ]
INFO: [ app_begin ] --END-- [ RunTime:0.004000s ]
NOTIC: [2] call_user_func() expects parameter 1 to be a valid callback, no array or string given E:\xampp\htdocs\317\thinkphp3.2.3\ThinkPHP\Library\Think\Upload.class.php 第 170 行.
SQL: SHOW COLUMNS FROM `qiq_video` [ RunTime:0.0070s ]
NOTIC: [8] Undefined index: validate E:\xampp\htdocs\317\thinkphp3.2.3\ThinkPHP\Library\Think\Model.class.php 第 1185 行.
NOTIC: [8] Undefined index: auto E:\xampp\htdocs\317\thinkphp3.2.3\ThinkPHP\Library\Think\Model.class.php 第 1128 行.
SQL: INSERT INTO `qiq_video` (`video_route`,`video_cover`,`Uid`,`video_type`,`video_title`,`video_summary`,`vidup_time`) VALUES ('/upload/Video/2017-03-28/58d93786e18a3.mkv','58d93786e18a3.jpg','1','竞技','6765','7657567','1490630575') [ RunTime:0.0010s ]
NOTIC: [8] Array to string conversion E:\xampp\htdocs\317\thinkphp3.2.3\Application\Home\Controller\WisdomController.class.php 第 152 行.
NOTIC: [8] Array to string conversion E:\xampp\htdocs\317\thinkphp3.2.3\Application\Home\Controller\WisdomController.class.php 第 154 行.
NOTIC: [8] Undefined property: stdClass::$bit_rate E:\xampp\htdocs\317\thinkphp3.2.3\Application\Home\Controller\WisdomController.class.php 第 166 行.
NOTIC: [8] Undefined property: stdClass::$bit_rate E:\xampp\htdocs\317\thinkphp3.2.3\Application\Home\Controller\WisdomController.class.php 第 169 行.
SQL: SHOW COLUMNS FROM `qiq_video_attributes` [ RunTime:0.0740s ]
NOTIC: [2] Invalid argument supplied for foreach() E:\xampp\htdocs\317\thinkphp3.2.3\ThinkPHP\Library\Think\Model.class.php 第 267 行.
NOTIC: [2] Invalid argument supplied for foreach() E:\xampp\htdocs\317\thinkphp3.2.3\ThinkPHP\Library\Think\Db\Driver.class.php 第 802 行.
SQL: INSERT INTO `qiq_video_attributes` () VALUES () [ RunTime:0.2110s ]
INFO: [ view_parse ] --START--
INFO: [ template_filter ] --START--
INFO: Run Behavior\ContentReplaceBehavior [ RunTime:0.000000s ]
INFO: [ template_filter ] --END-- [ RunTime:0.000000s ]
INFO: Run Behavior\ParseTemplateBehavior [ RunTime:0.455026s ]
INFO: [ view_parse ] --END-- [ RunTime:0.455026s ]
INFO: [ view_filter ] --START--
INFO: Run Behavior\WriteHtmlCacheBehavior [ RunTime:0.047002s ]
INFO: [ view_filter ] --END-- [ RunTime:0.047002s ]
INFO: [ app_end ] --START--
INFO: Run Behavior\ShowPageTraceBehavior [ RunTime:0.088005s ]
INFO: [ app_end ] --END-- [ RunTime:0.088005s ]

[ 2017-03-28T00:03:15+08:00 ] 127.0.0.1 /317/thinkphp3.2.3/index.php/Wisdom/index
INFO: [ app_init ] --START--
INFO: Run Behavior\BuildLiteBehavior [ RunTime:0.000000s ]
INFO: [ app_init ] --END-- [ RunTime:0.000000s ]
INFO: [ app_begin ] --START--
INFO: Run Behavior\ReadHtmlCacheBehavior [ RunTime:0.001000s ]
INFO: [ app_begin ] --END-- [ RunTime:0.001000s ]
INFO: [ view_parse ] --START--
INFO: [ template_filter ] --START--
INFO: Run Behavior\ContentReplaceBehavior [ RunTime:0.000000s ]
INFO: [ template_filter ] --END-- [ RunTime:0.000000s ]
NOTIC: [2] Illegal string offset 'username' E:\xampp\htdocs\317\thinkphp3.2.3\Application\Runtime\Cache\Home\5e6b3ec239a0fa21f36dab032d9d0249.php 第 75 行.
INFO: Run Behavior\ParseTemplateBehavior [ RunTime:0.174010s ]
INFO: [ view_parse ] --END-- [ RunTime:0.174010s ]
INFO: [ view_filter ] --START--
INFO: Run Behavior\WriteHtmlCacheBehavior [ RunTime:0.001000s ]
INFO: [ view_filter ] --END-- [ RunTime:0.001000s ]
INFO: [ app_end ] --START--
INFO: Run Behavior\ShowPageTraceBehavior [ RunTime:0.002000s ]
INFO: [ app_end ] --END-- [ RunTime:0.002000s ]

[ 2017-03-28T00:03:16+08:00 ] 127.0.0.1 /317/thinkphp3.2.3/index.php/Wisdom/image/default.jpg
INFO: [ app_init ] --START--
INFO: Run Behavior\BuildLiteBehavior [ RunTime:0.000000s ]
INFO: [ app_init ] --END-- [ RunTime:0.001000s ]

[ 2017-03-28T00:05:21+08:00 ] 127.0.0.1 /317/thinkphp3.2.3/index.php/Wisdom/index
INFO: [ app_init ] --START--
INFO: Run Behavior\BuildLiteBehavior [ RunTime:0.000000s ]
INFO: [ app_init ] --END-- [ RunTime:0.000000s ]
INFO: [ app_begin ] --START--
INFO: Run Behavior\ReadHtmlCacheBehavior [ RunTime:0.000000s ]
INFO: [ app_begin ] --END-- [ RunTime:0.000000s ]
INFO: [ view_parse ] --START--
INFO: [ template_filter ] --START--
INFO: Run Behavior\ContentReplaceBehavior [ RunTime:0.000000s ]
INFO: [ template_filter ] --END-- [ RunTime:0.000000s ]
NOTIC: [2] Illegal string offset 'username' E:\xampp\htdocs\317\thinkphp3.2.3\Application\Runtime\Cache\Home\5e6b3ec239a0fa21f36dab032d9d0249.php 第 75 行.
INFO: Run Behavior\ParseTemplateBehavior [ RunTime:0.013001s ]
INFO: [ view_parse ] --END-- [ RunTime:0.013001s ]
INFO: [ view_filter ] --START--
INFO: Run Behavior\WriteHtmlCacheBehavior [ RunTime:0.000000s ]
INFO: [ view_filter ] --END-- [ RunTime:0.000000s ]
INFO: [ app_end ] --START--
INFO: Run Behavior\ShowPageTraceBehavior [ RunTime:0.001000s ]
INFO: [ app_end ] --END-- [ RunTime:0.001000s ]

[ 2017-03-28T00:05:21+08:00 ] 127.0.0.1 /317/thinkphp3.2.3/index.php/Wisdom/image/default.jpg
INFO: [ app_init ] --START--
INFO: Run Behavior\BuildLiteBehavior [ RunTime:0.000000s ]
INFO: [ app_init ] --END-- [ RunTime:0.000000s ]

[ 2017-03-28T00:05:50+08:00 ] 127.0.0.1 /317/thinkphp3.2.3/index.php/Wisdom/uploadVideo
INFO: [ app_init ] --START--
INFO: Run Behavior\BuildLiteBehavior [ RunTime:0.000000s ]
INFO: [ app_init ] --END-- [ RunTime:0.000000s ]
INFO: [ app_begin ] --START--
INFO: Run Behavior\ReadHtmlCacheBehavior [ RunTime:0.001000s ]
INFO: [ app_begin ] --END-- [ RunTime:0.001000s ]
NOTIC: [2] call_user_func() expects parameter 1 to be a valid callback, no array or string given E:\xampp\htdocs\317\thinkphp3.2.3\ThinkPHP\Library\Think\Upload.class.php 第 170 行.
SQL: SHOW COLUMNS FROM `qiq_video` [ RunTime:0.0030s ]
NOTIC: [8] Undefined index: validate E:\xampp\htdocs\317\thinkphp3.2.3\ThinkPHP\Library\Think\Model.class.php 第 1185 行.
NOTIC: [8] Undefined index: auto E:\xampp\htdocs\317\thinkphp3.2.3\ThinkPHP\Library\Think\Model.class.php 第 1128 行.
SQL: INSERT INTO `qiq_video` (`video_route`,`video_cover`,`Uid`,`video_type`,`video_title`,`video_summary`,`vidup_time`) VALUES ('/upload/Video/2017-03-28/58d9385b53f98.mp4','58d9385b53f98.jpg','1','游戏','444','4444','1490630750') [ RunTime:0.0010s ]
INFO: [ view_parse ] --START--
INFO: [ template_filter ] --START--
INFO: Run Behavior\ContentReplaceBehavior [ RunTime:0.000000s ]
INFO: [ template_filter ] --END-- [ RunTime:0.000000s ]
INFO: Run Behavior\ParseTemplateBehavior [ RunTime:0.006000s ]
INFO: [ view_parse ] --END-- [ RunTime:0.006000s ]
INFO: [ view_filter ] --START--
INFO: Run Behavior\WriteHtmlCacheBehavior [ RunTime:0.001000s ]
INFO: [ view_filter ] --END-- [ RunTime:0.001000s ]
INFO: [ app_end ] --START--
INFO: Run Behavior\ShowPageTraceBehavior [ RunTime:0.000000s ]
INFO: [ app_end ] --END-- [ RunTime:0.000000s ]

[ 2017-03-28T00:05:51+08:00 ] 127.0.0.1 /317/thinkphp3.2.3/index.php/Wisdom/index
INFO: [ app_init ] --START--
INFO: Run Behavior\BuildLiteBehavior [ RunTime:0.000000s ]
INFO: [ app_init ] --END-- [ RunTime:0.000000s ]
INFO: [ app_begin ] --START--
INFO: Run Behavior\ReadHtmlCacheBehavior [ RunTime:0.001000s ]
INFO: [ app_begin ] --END-- [ RunTime:0.001000s ]
INFO: [ view_parse ] --START--
INFO: [ template_filter ] --START--
INFO: Run Behavior\ContentReplaceBehavior [ RunTime:0.000000s ]
INFO: [ template_filter ] --END-- [ RunTime:0.000000s ]
NOTIC: [2] Illegal string offset 'username' E:\xampp\htdocs\317\thinkphp3.2.3\Application\Runtime\Cache\Home\5e6b3ec239a0fa21f36dab032d9d0249.php 第 75 行.
INFO: Run Behavior\ParseTemplateBehavior [ RunTime:0.012001s ]
INFO: [ view_parse ] --END-- [ RunTime:0.013001s ]
INFO: [ view_filter ] --START--
INFO: Run Behavior\WriteHtmlCacheBehavior [ RunTime:0.001000s ]
INFO: [ view_filter ] --END-- [ RunTime:0.001000s ]
INFO: [ app_end ] --START--
INFO: Run Behavior\ShowPageTraceBehavior [ RunTime:0.001000s ]
INFO: [ app_end ] --END-- [ RunTime:0.001000s ]

[ 2017-03-28T00:05:51+08:00 ] 127.0.0.1 /317/thinkphp3.2.3/index.php/Wisdom/image/default.jpg
INFO: [ app_init ] --START--
INFO: Run Behavior\BuildLiteBehavior [ RunTime:0.000000s ]
INFO: [ app_init ] --END-- [ RunTime:0.000000s ]

[ 2017-03-28T00:07:30+08:00 ] 127.0.0.1 /317/thinkphp3.2.3/index.php/Wisdom/index
INFO: [ app_init ] --START--
INFO: Run Behavior\BuildLiteBehavior [ RunTime:0.000000s ]
INFO: [ app_init ] --END-- [ RunTime:0.000000s ]
INFO: [ app_begin ] --START--
INFO: Run Behavior\ReadHtmlCacheBehavior [ RunTime:0.000000s ]
INFO: [ app_begin ] --END-- [ RunTime:0.001000s ]
INFO: [ view_parse ] --START--
INFO: [ template_filter ] --START--
INFO: Run Behavior\ContentReplaceBehavior [ RunTime:0.000000s ]
INFO: [ template_filter ] --END-- [ RunTime:0.000000s ]
NOTIC: [2] Illegal string offset 'username' E:\xampp\htdocs\317\thinkphp3.2.3\Application\Runtime\Cache\Home\5e6b3ec239a0fa21f36dab032d9d0249.php 第 75 行.
INFO: Run Behavior\ParseTemplateBehavior [ RunTime:0.013001s ]
INFO: [ view_parse ] --END-- [ RunTime:0.013001s ]
INFO: [ view_filter ] --START--
INFO: Run Behavior\WriteHtmlCacheBehavior [ RunTime:0.001000s ]
INFO: [ view_filter ] --END-- [ RunTime:0.001000s ]
INFO: [ app_end ] --START--
INFO: Run Behavior\ShowPageTraceBehavior [ RunTime:0.001000s ]
INFO: [ app_end ] --END-- [ RunTime:0.001000s ]

[ 2017-03-28T00:07:30+08:00 ] 127.0.0.1 /317/thinkphp3.2.3/index.php/Wisdom/image/default.jpg
INFO: [ app_init ] --START--
INFO: Run Behavior\BuildLiteBehavior [ RunTime:0.000000s ]
INFO: [ app_init ] --END-- [ RunTime:0.001000s ]

[ 2017-03-28T00:07:50+08:00 ] 127.0.0.1 /317/thinkphp3.2.3/index.php/Wisdom/uploadVideo
INFO: [ app_init ] --START--
INFO: Run Behavior\BuildLiteBehavior [ RunTime:0.000000s ]
INFO: [ app_init ] --END-- [ RunTime:0.001001s ]
INFO: [ app_begin ] --START--
INFO: Run Behavior\ReadHtmlCacheBehavior [ RunTime:0.001000s ]
INFO: [ app_begin ] --END-- [ RunTime:0.001000s ]
NOTIC: [2] call_user_func() expects parameter 1 to be a valid callback, no array or string given E:\xampp\htdocs\317\thinkphp3.2.3\ThinkPHP\Library\Think\Upload.class.php 第 170 行.
SQL: SHOW COLUMNS FROM `qiq_video` [ RunTime:0.0220s ]
NOTIC: [8] Undefined index: validate E:\xampp\htdocs\317\thinkphp3.2.3\ThinkPHP\Library\Think\Model.class.php 第 1185 行.
NOTIC: [8] Undefined index: auto E:\xampp\htdocs\317\thinkphp3.2.3\ThinkPHP\Library\Think\Model.class.php 第 1128 行.
SQL: INSERT INTO `qiq_video` (`video_route`,`video_cover`,`Uid`,`video_type`,`video_title`,`video_summary`,`vidup_time`) VALUES ('/upload/Video/2017-03-28/58d938d4a5bf4.mp4','58d938d4a5bf4.jpg','1','游戏','999','999','1490630870') [ RunTime:0.0010s ]
NOTIC: [8] Array to string conversion E:\xampp\htdocs\317\thinkphp3.2.3\Application\Home\Controller\WisdomController.class.php 第 154 行.
INFO: [ view_parse ] --START--
INFO: [ template_filter ] --START--
INFO: Run Behavior\ContentReplaceBehavior [ RunTime:0.000000s ]
INFO: [ template_filter ] --END-- [ RunTime:0.000000s ]
INFO: Run Behavior\ParseTemplateBehavior [ RunTime:0.006001s ]
INFO: [ view_parse ] --END-- [ RunTime:0.006001s ]
INFO: [ view_filter ] --START--
INFO: Run Behavior\WriteHtmlCacheBehavior [ RunTime:0.001000s ]
INFO: [ view_filter ] --END-- [ RunTime:0.001000s ]
INFO: [ app_end ] --START--
INFO: Run Behavior\ShowPageTraceBehavior [ RunTime:0.000000s ]
INFO: [ app_end ] --END-- [ RunTime:0.000000s ]

[ 2017-03-28T00:07:51+08:00 ] 127.0.0.1 /317/thinkphp3.2.3/index.php/Wisdom/index
INFO: [ app_init ] --START--
INFO: Run Behavior\BuildLiteBehavior [ RunTime:0.000000s ]
INFO: [ app_init ] --END-- [ RunTime:0.001000s ]
INFO: [ app_begin ] --START--
INFO: Run Behavior\ReadHtmlCacheBehavior [ RunTime:0.002000s ]
INFO: [ app_begin ] --END-- [ RunTime:0.002000s ]
INFO: [ view_parse ] --START--
INFO: [ template_filter ] --START--
INFO: Run Behavior\ContentReplaceBehavior [ RunTime:0.000000s ]
INFO: [ template_filter ] --END-- [ RunTime:0.000000s ]
NOTIC: [2] Illegal string offset 'username' E:\xampp\htdocs\317\thinkphp3.2.3\Application\Runtime\Cache\Home\5e6b3ec239a0fa21f36dab032d9d0249.php 第 75 行.
INFO: Run Behavior\ParseTemplateBehavior [ RunTime:0.013001s ]
INFO: [ view_parse ] --END-- [ RunTime:0.013001s ]
INFO: [ view_filter ] --START--
INFO: Run Behavior\WriteHtmlCacheBehavior [ RunTime:0.001000s ]
INFO: [ view_filter ] --END-- [ RunTime:0.001000s ]
INFO: [ app_end ] --START--
INFO: Run Behavior\ShowPageTraceBehavior [ RunTime:0.001000s ]
INFO: [ app_end ] --END-- [ RunTime:0.001000s ]

[ 2017-03-28T00:07:51+08:00 ] 127.0.0.1 /317/thinkphp3.2.3/index.php/Wisdom/image/default.jpg
INFO: [ app_init ] --START--
INFO: Run Behavior\BuildLiteBehavior [ RunTime:0.000000s ]
INFO: [ app_init ] --END-- [ RunTime:0.001000s ]

[ 2017-03-28T00:08:42+08:00 ] 127.0.0.1 /317/thinkphp3.2.3/index.php/Wisdom/index
INFO: [ app_init ] --START--
INFO: Run Behavior\BuildLiteBehavior [ RunTime:0.000000s ]
INFO: [ app_init ] --END-- [ RunTime:0.000000s ]
INFO: [ app_begin ] --START--
INFO: Run Behavior\ReadHtmlCacheBehavior [ RunTime:0.000000s ]
INFO: [ app_begin ] --END-- [ RunTime:0.001000s ]
INFO: [ view_parse ] --START--
INFO: [ template_filter ] --START--
INFO: Run Behavior\ContentReplaceBehavior [ RunTime:0.000000s ]
INFO: [ template_filter ] --END-- [ RunTime:0.000000s ]
NOTIC: [2] Illegal string offset 'username' E:\xampp\htdocs\317\thinkphp3.2.3\Application\Runtime\Cache\Home\5e6b3ec239a0fa21f36dab032d9d0249.php 第 75 行.
INFO: Run Behavior\ParseTemplateBehavior [ RunTime:0.013001s ]
INFO: [ view_parse ] --END-- [ RunTime:0.013001s ]
INFO: [ view_filter ] --START--
INFO: Run Behavior\WriteHtmlCacheBehavior [ RunTime:0.001000s ]
INFO: [ view_filter ] --END-- [ RunTime:0.001000s ]
INFO: [ app_end ] --START--
INFO: Run Behavior\ShowPageTraceBehavior [ RunTime:0.001000s ]
INFO: [ app_end ] --END-- [ RunTime:0.001000s ]

[ 2017-03-28T00:08:42+08:00 ] 127.0.0.1 /317/thinkphp3.2.3/index.php/Wisdom/image/default.jpg
INFO: [ app_init ] --START--
INFO: Run Behavior\BuildLiteBehavior [ RunTime:0.000000s ]
INFO: [ app_init ] --END-- [ RunTime:0.001000s ]

[ 2017-03-28T00:09:09+08:00 ] 127.0.0.1 /317/thinkphp3.2.3/index.php/Wisdom/uploadVideo
INFO: [ app_init ] --START--
INFO: Run Behavior\BuildLiteBehavior [ RunTime:0.000000s ]
INFO: [ app_init ] --END-- [ RunTime:0.000000s ]
INFO: [ app_begin ] --START--
INFO: Run Behavior\ReadHtmlCacheBehavior [ RunTime:0.001000s ]
INFO: [ app_begin ] --END-- [ RunTime:0.001000s ]
NOTIC: [2] call_user_func() expects parameter 1 to be a valid callback, no array or string given E:\xampp\htdocs\317\thinkphp3.2.3\ThinkPHP\Library\Think\Upload.class.php 第 170 行.
SQL: SHOW COLUMNS FROM `qiq_video` [ RunTime:0.0030s ]
NOTIC: [8] Undefined index: validate E:\xampp\htdocs\317\thinkphp3.2.3\ThinkPHP\Library\Think\Model.class.php 第 1185 行.
NOTIC: [8] Undefined index: auto E:\xampp\htdocs\317\thinkphp3.2.3\ThinkPHP\Library\Think\Model.class.php 第 1128 行.
SQL: INSERT INTO `qiq_video` (`video_route`,`video_cover`,`Uid`,`video_type`,`video_title`,`video_summary`,`vidup_time`) VALUES ('/upload/Video/2017-03-28/58d93924ab03d.mp4','58d93924ab03d.jpg','1','游戏','6666','666','1490630949') [ RunTime:0.0000s ]
INFO: [ view_parse ] --START--
INFO: [ template_filter ] --START--
INFO: Run Behavior\ContentReplaceBehavior [ RunTime:0.000000s ]
INFO: [ template_filter ] --END-- [ RunTime:0.000000s ]
INFO: Run Behavior\ParseTemplateBehavior [ RunTime:0.006000s ]
INFO: [ view_parse ] --END-- [ RunTime:0.006000s ]
INFO: [ view_filter ] --START--
INFO: Run Behavior\WriteHtmlCacheBehavior [ RunTime:0.000000s ]
INFO: [ view_filter ] --END-- [ RunTime:0.000000s ]
INFO: [ app_end ] --START--
INFO: Run Behavior\ShowPageTraceBehavior [ RunTime:0.001000s ]
INFO: [ app_end ] --END-- [ RunTime:0.001000s ]

[ 2017-03-28T00:09:10+08:00 ] 127.0.0.1 /317/thinkphp3.2.3/index.php/Wisdom/index
INFO: [ app_init ] --START--
INFO: Run Behavior\BuildLiteBehavior [ RunTime:0.000000s ]
INFO: [ app_init ] --END-- [ RunTime:0.001000s ]
INFO: [ app_begin ] --START--
INFO: Run Behavior\ReadHtmlCacheBehavior [ RunTime:0.000000s ]
INFO: [ app_begin ] --END-- [ RunTime:0.000000s ]
INFO: [ view_parse ] --START--
INFO: [ template_filter ] --START--
INFO: Run Behavior\ContentReplaceBehavior [ RunTime:0.000000s ]
INFO: [ template_filter ] --END-- [ RunTime:0.000000s ]
NOTIC: [2] Illegal string offset 'username' E:\xampp\htdocs\317\thinkphp3.2.3\Application\Runtime\Cache\Home\5e6b3ec239a0fa21f36dab032d9d0249.php 第 75 行.
INFO: Run Behavior\ParseTemplateBehavior [ RunTime:0.012000s ]
INFO: [ view_parse ] --END-- [ RunTime:0.013000s ]
INFO: [ view_filter ] --START--
INFO: Run Behavior\WriteHtmlCacheBehavior [ RunTime:0.000000s ]
INFO: [ view_filter ] --END-- [ RunTime:0.000000s ]
INFO: [ app_end ] --START--
INFO: Run Behavior\ShowPageTraceBehavior [ RunTime:0.000000s ]
INFO: [ app_end ] --END-- [ RunTime:0.000000s ]

[ 2017-03-28T00:09:10+08:00 ] 127.0.0.1 /317/thinkphp3.2.3/index.php/Wisdom/image/default.jpg
INFO: [ app_init ] --START--
INFO: Run Behavior\BuildLiteBehavior [ RunTime:0.000000s ]
INFO: [ app_init ] --END-- [ RunTime:0.001000s ]

[ 2017-03-28T00:09:57+08:00 ] 127.0.0.1 /317/thinkphp3.2.3/index.php/Wisdom/index
INFO: [ app_init ] --START--
INFO: Run Behavior\BuildLiteBehavior [ RunTime:0.000000s ]
INFO: [ app_init ] --END-- [ RunTime:0.001000s ]
INFO: [ app_begin ] --START--
INFO: Run Behavior\ReadHtmlCacheBehavior [ RunTime:0.001000s ]
INFO: [ app_begin ] --END-- [ RunTime:0.001000s ]
INFO: [ view_parse ] --START--
INFO: [ template_filter ] --START--
INFO: Run Behavior\ContentReplaceBehavior [ RunTime:0.001000s ]
INFO: [ template_filter ] --END-- [ RunTime:0.001000s ]
NOTIC: [2] Illegal string offset 'username' E:\xampp\htdocs\317\thinkphp3.2.3\Application\Runtime\Cache\Home\5e6b3ec239a0fa21f36dab032d9d0249.php 第 75 行.
INFO: Run Behavior\ParseTemplateBehavior [ RunTime:0.017001s ]
INFO: [ view_parse ] --END-- [ RunTime:0.018001s ]
INFO: [ view_filter ] --START--
INFO: Run Behavior\WriteHtmlCacheBehavior [ RunTime:0.001000s ]
INFO: [ view_filter ] --END-- [ RunTime:0.001000s ]
INFO: [ app_end ] --START--
INFO: Run Behavior\ShowPageTraceBehavior [ RunTime:0.001000s ]
INFO: [ app_end ] --END-- [ RunTime:0.001000s ]

[ 2017-03-28T00:09:57+08:00 ] 127.0.0.1 /317/thinkphp3.2.3/index.php/Wisdom/image/default.jpg
INFO: [ app_init ] --START--
INFO: Run Behavior\BuildLiteBehavior [ RunTime:0.000000s ]
INFO: [ app_init ] --END-- [ RunTime:0.001000s ]

[ 2017-03-28T00:10:48+08:00 ] 127.0.0.1 /317/thinkphp3.2.3/index.php/Wisdom/uploadVideo
INFO: [ app_init ] --START--
INFO: Run Behavior\BuildLiteBehavior [ RunTime:0.000000s ]
INFO: [ app_init ] --END-- [ RunTime:0.000000s ]
INFO: [ app_begin ] --START--
INFO: Run Behavior\ReadHtmlCacheBehavior [ RunTime:0.001000s ]
INFO: [ app_begin ] --END-- [ RunTime:0.001000s ]
NOTIC: [2] call_user_func() expects parameter 1 to be a valid callback, no array or string given E:\xampp\htdocs\317\thinkphp3.2.3\ThinkPHP\Library\Think\Upload.class.php 第 170 行.
SQL: SHOW COLUMNS FROM `qiq_video` [ RunTime:0.0510s ]
NOTIC: [8] Undefined index: validate E:\xampp\htdocs\317\thinkphp3.2.3\ThinkPHP\Library\Think\Model.class.php 第 1185 行.
NOTIC: [8] Undefined index: auto E:\xampp\htdocs\317\thinkphp3.2.3\ThinkPHP\Library\Think\Model.class.php 第 1128 行.
SQL: INSERT INTO `qiq_video` (`video_route`,`video_cover`,`Uid`,`video_type`,`video_title`,`video_summary`,`vidup_time`) VALUES ('/upload/Video/2017-03-28/58d9396e361f3.mp4','58d9396e361f3.jpg','1','游戏','7777','7777','1490631023') [ RunTime:0.0000s ]
NOTIC: [8] Array to string conversion E:\xampp\htdocs\317\thinkphp3.2.3\Application\Home\Controller\WisdomController.class.php 第 158 行.
NOTIC: [8] Undefined property: stdClass::$bit_rate E:\xampp\htdocs\317\thinkphp3.2.3\Application\Home\Controller\WisdomController.class.php 第 170 行.
NOTIC: [8] Undefined property: stdClass::$bit_rate E:\xampp\htdocs\317\thinkphp3.2.3\Application\Home\Controller\WisdomController.class.php 第 173 行.
SQL: SHOW COLUMNS FROM `qiq_video_attributes` [ RunTime:0.0030s ]
NOTIC: [2] Invalid argument supplied for foreach() E:\xampp\htdocs\317\thinkphp3.2.3\ThinkPHP\Library\Think\Model.class.php 第 267 行.
NOTIC: [2] Invalid argument supplied for foreach() E:\xampp\htdocs\317\thinkphp3.2.3\ThinkPHP\Library\Think\Db\Driver.class.php 第 802 行.
ERR: 1062:Duplicate entry '0' for key 'PRIMARY'
 [ SQL语句 ] : INSERT INTO `qiq_video_attributes` () VALUES ()
ERR: 1062:Duplicate entry '0' for key 'PRIMARY'
 [ SQL语句 ] : INSERT INTO `qiq_video_attributes` () VALUES ()

[ 2017-03-28T00:12:21+08:00 ] 127.0.0.1 /317/thinkphp3.2.3/index.php/Wisdom/index
INFO: [ app_init ] --START--
INFO: Run Behavior\BuildLiteBehavior [ RunTime:0.000000s ]
INFO: [ app_init ] --END-- [ RunTime:0.001000s ]
INFO: [ app_begin ] --START--
INFO: Run Behavior\ReadHtmlCacheBehavior [ RunTime:0.001000s ]
INFO: [ app_begin ] --END-- [ RunTime:0.001000s ]
INFO: [ view_parse ] --START--
INFO: [ template_filter ] --START--
INFO: Run Behavior\ContentReplaceBehavior [ RunTime:0.000000s ]
INFO: [ template_filter ] --END-- [ RunTime:0.000000s ]
NOTIC: [2] Illegal string offset 'username' E:\xampp\htdocs\317\thinkphp3.2.3\Application\Runtime\Cache\Home\5e6b3ec239a0fa21f36dab032d9d0249.php 第 75 行.
INFO: Run Behavior\ParseTemplateBehavior [ RunTime:0.012001s ]
INFO: [ view_parse ] --END-- [ RunTime:0.012001s ]
INFO: [ view_filter ] --START--
INFO: Run Behavior\WriteHtmlCacheBehavior [ RunTime:0.001000s ]
INFO: [ view_filter ] --END-- [ RunTime:0.001000s ]
INFO: [ app_end ] --START--
INFO: Run Behavior\ShowPageTraceBehavior [ RunTime:0.001000s ]
INFO: [ app_end ] --END-- [ RunTime:0.001000s ]

[ 2017-03-28T00:12:21+08:00 ] 127.0.0.1 /317/thinkphp3.2.3/index.php/Wisdom/image/default.jpg
INFO: [ app_init ] --START--
INFO: Run Behavior\BuildLiteBehavior [ RunTime:0.000000s ]
INFO: [ app_init ] --END-- [ RunTime:0.000000s ]

[ 2017-03-28T00:12:49+08:00 ] 127.0.0.1 /317/thinkphp3.2.3/index.php/Wisdom/uploadVideo
INFO: [ app_init ] --START--
INFO: Run Behavior\BuildLiteBehavior [ RunTime:0.000000s ]
INFO: [ app_init ] --END-- [ RunTime:0.001000s ]
INFO: [ app_begin ] --START--
INFO: Run Behavior\ReadHtmlCacheBehavior [ RunTime:0.001000s ]
INFO: [ app_begin ] --END-- [ RunTime:0.002000s ]
NOTIC: [2] call_user_func() expects parameter 1 to be a valid callback, no array or string given E:\xampp\htdocs\317\thinkphp3.2.3\ThinkPHP\Library\Think\Upload.class.php 第 170 行.
SQL: SHOW COLUMNS FROM `qiq_video` [ RunTime:0.0030s ]
NOTIC: [8] Undefined index: validate E:\xampp\htdocs\317\thinkphp3.2.3\ThinkPHP\Library\Think\Model.class.php 第 1185 行.
NOTIC: [8] Undefined index: auto E:\xampp\htdocs\317\thinkphp3.2.3\ThinkPHP\Library\Think\Model.class.php 第 1128 行.
SQL: INSERT INTO `qiq_video` (`video_route`,`video_cover`,`Uid`,`video_type`,`video_title`,`video_summary`,`vidup_time`) VALUES ('/upload/Video/2017-03-28/58d939fd6931a.mp4','58d939fd6931a.jpg','1','游戏','0000','0000','1490631168') [ RunTime:0.0010s ]
NOTIC: [8] Array to string conversion E:\xampp\htdocs\317\thinkphp3.2.3\Application\Home\Controller\WisdomController.class.php 第 158 行.
NOTIC: [8] Undefined property: stdClass::$bit_rate E:\xampp\htdocs\317\thinkphp3.2.3\Application\Home\Controller\WisdomController.class.php 第 170 行.
NOTIC: [8] Undefined property: stdClass::$bit_rate E:\xampp\htdocs\317\thinkphp3.2.3\Application\Home\Controller\WisdomController.class.php 第 173 行.
SQL: SHOW COLUMNS FROM `qiq_video_attributes` [ RunTime:0.0290s ]
SQL: INSERT INTO `qiq_video_attributes` (`videoid`,`channels`,`abit_rate`,`acodec_name`,`vcodec_name`,`vbit_rate`,`avg_frame_rate`,`width`,`height`,`duration`,`size`) VALUES ('19','2','0','AAC (Advanced Audio Coding)','RealVideo 4.0','0','25/1','1280','720','1','1.3467650925741GB') [ RunTime:0.1100s ]
INFO: [ view_parse ] --START--
INFO: [ template_filter ] --START--
INFO: Run Behavior\ContentReplaceBehavior [ RunTime:0.000000s ]
INFO: [ template_filter ] --END-- [ RunTime:0.000000s ]
INFO: Run Behavior\ParseTemplateBehavior [ RunTime:0.015001s ]
INFO: [ view_parse ] --END-- [ RunTime:0.015001s ]
INFO: [ view_filter ] --START--
INFO: Run Behavior\WriteHtmlCacheBehavior [ RunTime:0.001000s ]
INFO: [ view_filter ] --END-- [ RunTime:0.001000s ]
INFO: [ app_end ] --START--
INFO: Run Behavior\ShowPageTraceBehavior [ RunTime:0.001000s ]
INFO: [ app_end ] --END-- [ RunTime:0.002000s ]

[ 2017-03-28T00:12:50+08:00 ] 127.0.0.1 /317/thinkphp3.2.3/index.php/Wisdom/index
INFO: [ app_init ] --START--
INFO: Run Behavior\BuildLiteBehavior [ RunTime:0.000000s ]
INFO: [ app_init ] --END-- [ RunTime:0.000000s ]
INFO: [ app_begin ] --START--
INFO: Run Behavior\ReadHtmlCacheBehavior [ RunTime:0.001000s ]
INFO: [ app_begin ] --END-- [ RunTime:0.001000s ]
INFO: [ view_parse ] --START--
INFO: [ template_filter ] --START--
INFO: Run Behavior\ContentReplaceBehavior [ RunTime:0.000000s ]
INFO: [ template_filter ] --END-- [ RunTime:0.000000s ]
NOTIC: [2] Illegal string offset 'username' E:\xampp\htdocs\317\thinkphp3.2.3\Application\Runtime\Cache\Home\5e6b3ec239a0fa21f36dab032d9d0249.php 第 75 行.
INFO: Run Behavior\ParseTemplateBehavior [ RunTime:0.019001s ]
INFO: [ view_parse ] --END-- [ RunTime:0.019001s ]
INFO: [ view_filter ] --START--
INFO: Run Behavior\WriteHtmlCacheBehavior [ RunTime:0.001000s ]
INFO: [ view_filter ] --END-- [ RunTime:0.001000s ]
INFO: [ app_end ] --START--
INFO: Run Behavior\ShowPageTraceBehavior [ RunTime:0.001000s ]
INFO: [ app_end ] --END-- [ RunTime:0.001000s ]

[ 2017-03-28T00:12:50+08:00 ] 127.0.0.1 /317/thinkphp3.2.3/index.php/Wisdom/image/default.jpg
INFO: [ app_init ] --START--
INFO: Run Behavior\BuildLiteBehavior [ RunTime:0.000000s ]
INFO: [ app_init ] --END-- [ RunTime:0.001000s ]

[ 2017-03-28T00:21:47+08:00 ] 127.0.0.1 /317/thinkphp3.2.3/index.php/Wisdom/index
INFO: [ app_init ] --START--
INFO: Run Behavior\BuildLiteBehavior [ RunTime:0.000000s ]
INFO: [ app_init ] --END-- [ RunTime:0.001000s ]
INFO: [ app_begin ] --START--
INFO: Run Behavior\ReadHtmlCacheBehavior [ RunTime:0.001000s ]
INFO: [ app_begin ] --END-- [ RunTime:0.001000s ]
INFO: [ view_parse ] --START--
INFO: [ template_filter ] --START--
INFO: Run Behavior\ContentReplaceBehavior [ RunTime:0.001000s ]
INFO: [ template_filter ] --END-- [ RunTime:0.001000s ]
NOTIC: [2] Illegal string offset 'username' E:\xampp\htdocs\317\thinkphp3.2.3\Application\Runtime\Cache\Home\5e6b3ec239a0fa21f36dab032d9d0249.php 第 75 行.
INFO: Run Behavior\ParseTemplateBehavior [ RunTime:0.013000s ]
INFO: [ view_parse ] --END-- [ RunTime:0.013000s ]
INFO: [ view_filter ] --START--
INFO: Run Behavior\WriteHtmlCacheBehavior [ RunTime:0.001000s ]
INFO: [ view_filter ] --END-- [ RunTime:0.001000s ]
INFO: [ app_end ] --START--
INFO: Run Behavior\ShowPageTraceBehavior [ RunTime:0.001000s ]
INFO: [ app_end ] --END-- [ RunTime:0.001000s ]

[ 2017-03-28T00:21:47+08:00 ] 127.0.0.1 /317/thinkphp3.2.3/index.php/Wisdom/image/default.jpg
INFO: [ app_init ] --START--
INFO: Run Behavior\BuildLiteBehavior [ RunTime:0.000000s ]
INFO: [ app_init ] --END-- [ RunTime:0.000000s ]

[ 2017-03-28T00:22:18+08:00 ] 127.0.0.1 /317/thinkphp3.2.3/index.php/Wisdom/uploadVideo
INFO: [ app_init ] --START--
INFO: Run Behavior\BuildLiteBehavior [ RunTime:0.000000s ]
INFO: [ app_init ] --END-- [ RunTime:0.001000s ]
INFO: [ app_begin ] --START--
INFO: Run Behavior\ReadHtmlCacheBehavior [ RunTime:0.001000s ]
INFO: [ app_begin ] --END-- [ RunTime:0.001000s ]
NOTIC: [2] call_user_func() expects parameter 1 to be a valid callback, no array or string given E:\xampp\htdocs\317\thinkphp3.2.3\ThinkPHP\Library\Think\Upload.class.php 第 170 行.
SQL: SHOW COLUMNS FROM `qiq_video` [ RunTime:0.0020s ]
NOTIC: [8] Undefined index: validate E:\xampp\htdocs\317\thinkphp3.2.3\ThinkPHP\Library\Think\Model.class.php 第 1185 行.
NOTIC: [8] Undefined index: auto E:\xampp\htdocs\317\thinkphp3.2.3\ThinkPHP\Library\Think\Model.class.php 第 1128 行.
SQL: INSERT INTO `qiq_video` (`video_route`,`video_cover`,`Uid`,`video_type`,`video_title`,`video_summary`,`vidup_time`) VALUES ('/upload/Video/2017-03-28/58d93c3786653.mp4','58d93c3786653.jpg','1','游戏','00','000','1490631736') [ RunTime:0.0000s ]
NOTIC: [8] Array to string conversion E:\xampp\htdocs\317\thinkphp3.2.3\Application\Home\Controller\WisdomController.class.php 第 158 行.
NOTIC: [8] Undefined property: stdClass::$bit_rate E:\xampp\htdocs\317\thinkphp3.2.3\Application\Home\Controller\WisdomController.class.php 第 170 行.
NOTIC: [8] Undefined property: stdClass::$bit_rate E:\xampp\htdocs\317\thinkphp3.2.3\Application\Home\Controller\WisdomController.class.php 第 173 行.
SQL: SHOW COLUMNS FROM `qiq_video_attributes` [ RunTime:0.0030s ]
SQL: INSERT INTO `qiq_video_attributes` (`videoid`,`channels`,`abit_rate`,`acodec_name`,`vcodec_name`,`vbit_rate`,`avg_frame_rate`,`width`,`height`,`duration`,`size`) VALUES ('20','2','0','AAC (Advanced Audio Coding)','RealVideo 4.0','0','25/1','1280','720','1小时55分12秒','1.35GB') [ RunTime:0.3440s ]
INFO: [ view_parse ] --START--
INFO: [ template_filter ] --START--
INFO: Run Behavior\ContentReplaceBehavior [ RunTime:0.000000s ]
INFO: [ template_filter ] --END-- [ RunTime:0.000000s ]
INFO: Run Behavior\ParseTemplateBehavior [ RunTime:0.012000s ]
INFO: [ view_parse ] --END-- [ RunTime:0.012000s ]
INFO: [ view_filter ] --START--
INFO: Run Behavior\WriteHtmlCacheBehavior [ RunTime:0.001000s ]
INFO: [ view_filter ] --END-- [ RunTime:0.001000s ]
INFO: [ app_end ] --START--
INFO: Run Behavior\ShowPageTraceBehavior [ RunTime:0.002000s ]
INFO: [ app_end ] --END-- [ RunTime:0.002000s ]

[ 2017-03-28T00:22:19+08:00 ] 127.0.0.1 /317/thinkphp3.2.3/index.php/Wisdom/index
INFO: [ app_init ] --START--
INFO: Run Behavior\BuildLiteBehavior [ RunTime:0.000000s ]
INFO: [ app_init ] --END-- [ RunTime:0.001000s ]
INFO: [ app_begin ] --START--
INFO: Run Behavior\ReadHtmlCacheBehavior [ RunTime:0.001000s ]
INFO: [ app_begin ] --END-- [ RunTime:0.001000s ]
INFO: [ view_parse ] --START--
INFO: [ template_filter ] --START--
INFO: Run Behavior\ContentReplaceBehavior [ RunTime:0.001000s ]
INFO: [ template_filter ] --END-- [ RunTime:0.001000s ]
NOTIC: [2] Illegal string offset 'username' E:\xampp\htdocs\317\thinkphp3.2.3\Application\Runtime\Cache\Home\5e6b3ec239a0fa21f36dab032d9d0249.php 第 75 行.
INFO: Run Behavior\ParseTemplateBehavior [ RunTime:0.018001s ]
INFO: [ view_parse ] --END-- [ RunTime:0.018001s ]
INFO: [ view_filter ] --START--
INFO: Run Behavior\WriteHtmlCacheBehavior [ RunTime:0.001000s ]
INFO: [ view_filter ] --END-- [ RunTime:0.001000s ]
INFO: [ app_end ] --START--
INFO: Run Behavior\ShowPageTraceBehavior [ RunTime:0.001000s ]
INFO: [ app_end ] --END-- [ RunTime:0.001000s ]

[ 2017-03-28T00:22:19+08:00 ] 127.0.0.1 /317/thinkphp3.2.3/index.php/Wisdom/image/default.jpg
INFO: [ app_init ] --START--
INFO: Run Behavior\BuildLiteBehavior [ RunTime:0.000000s ]
INFO: [ app_init ] --END-- [ RunTime:0.000000s ]

[ 2017-03-28T00:25:37+08:00 ] 127.0.0.1 /317/thinkphp3.2.3/index.php/Wisdom/index
INFO: [ app_init ] --START--
INFO: Run Behavior\BuildLiteBehavior [ RunTime:0.000000s ]
INFO: [ app_init ] --END-- [ RunTime:0.001000s ]
INFO: [ app_begin ] --START--
INFO: Run Behavior\ReadHtmlCacheBehavior [ RunTime:0.001000s ]
INFO: [ app_begin ] --END-- [ RunTime:0.001000s ]
INFO: [ view_parse ] --START--
INFO: [ template_filter ] --START--
INFO: Run Behavior\ContentReplaceBehavior [ RunTime:0.000000s ]
INFO: [ template_filter ] --END-- [ RunTime:0.000000s ]
NOTIC: [2] Illegal string offset 'username' E:\xampp\htdocs\317\thinkphp3.2.3\Application\Runtime\Cache\Home\5e6b3ec239a0fa21f36dab032d9d0249.php 第 75 行.
INFO: Run Behavior\ParseTemplateBehavior [ RunTime:0.014001s ]
INFO: [ view_parse ] --END-- [ RunTime:0.014001s ]
INFO: [ view_filter ] --START--
INFO: Run Behavior\WriteHtmlCacheBehavior [ RunTime:0.000000s ]
INFO: [ view_filter ] --END-- [ RunTime:0.000000s ]
INFO: [ app_end ] --START--
INFO: Run Behavior\ShowPageTraceBehavior [ RunTime:0.000000s ]
INFO: [ app_end ] --END-- [ RunTime:0.000000s ]

[ 2017-03-28T00:25:37+08:00 ] 127.0.0.1 /317/thinkphp3.2.3/index.php/Wisdom/image/default.jpg
INFO: [ app_init ] --START--
INFO: Run Behavior\BuildLiteBehavior [ RunTime:0.000000s ]
INFO: [ app_init ] --END-- [ RunTime:0.001000s ]

[ 2017-03-28T00:26:07+08:00 ] 127.0.0.1 /317/thinkphp3.2.3/index.php/Wisdom/uploadVideo
INFO: [ app_init ] --START--
INFO: Run Behavior\BuildLiteBehavior [ RunTime:0.000000s ]
INFO: [ app_init ] --END-- [ RunTime:0.000000s ]
INFO: [ app_begin ] --START--
INFO: Run Behavior\ReadHtmlCacheBehavior [ RunTime:0.000000s ]
INFO: [ app_begin ] --END-- [ RunTime:0.000000s ]
NOTIC: [2] call_user_func() expects parameter 1 to be a valid callback, no array or string given E:\xampp\htdocs\317\thinkphp3.2.3\ThinkPHP\Library\Think\Upload.class.php 第 170 行.
SQL: SHOW COLUMNS FROM `qiq_video` [ RunTime:0.0030s ]
NOTIC: [8] Undefined index: validate E:\xampp\htdocs\317\thinkphp3.2.3\ThinkPHP\Library\Think\Model.class.php 第 1185 行.
NOTIC: [8] Undefined index: auto E:\xampp\htdocs\317\thinkphp3.2.3\ThinkPHP\Library\Think\Model.class.php 第 1128 行.
SQL: INSERT INTO `qiq_video` (`video_route`,`video_cover`,`Uid`,`video_type`,`video_title`,`video_summary`,`vidup_time`) VALUES ('/upload/Video/2017-03-28/58d93d1d847ad.mp4','58d93d1d847ad.jpg','1','游戏','444','4444','1490631966') [ RunTime:0.0010s ]
SQL: SHOW COLUMNS FROM `qiq_video_attributes` [ RunTime:0.0220s ]
SQL: INSERT INTO `qiq_video_attributes` (`videoid`,`channels`,`abit_rate`,`acodec_name`,`vcodec_name`,`vbit_rate`,`avg_frame_rate`,`width`,`height`,`duration`,`size`) VALUES ('21','2','128000','AAC (Advanced Audio Coding)','H.264 / AVC / MPEG-4 AVC / MPEG-4 part 10','1372569','24000/1001','1280','720','0小时53分35秒','576.79MB') [ RunTime:0.0950s ]
INFO: [ view_parse ] --START--
INFO: [ template_filter ] --START--
INFO: Run Behavior\ContentReplaceBehavior [ RunTime:0.000000s ]
INFO: [ template_filter ] --END-- [ RunTime:0.000000s ]
INFO: Run Behavior\ParseTemplateBehavior [ RunTime:0.010000s ]
INFO: [ view_parse ] --END-- [ RunTime:0.010000s ]
INFO: [ view_filter ] --START--
INFO: Run Behavior\WriteHtmlCacheBehavior [ RunTime:0.001000s ]
INFO: [ view_filter ] --END-- [ RunTime:0.001000s ]
INFO: [ app_end ] --START--
INFO: Run Behavior\ShowPageTraceBehavior [ RunTime:0.001000s ]
INFO: [ app_end ] --END-- [ RunTime:0.001000s ]

[ 2017-03-28T00:26:08+08:00 ] 127.0.0.1 /317/thinkphp3.2.3/index.php/Wisdom/index
INFO: [ app_init ] --START--
INFO: Run Behavior\BuildLiteBehavior [ RunTime:0.000000s ]
INFO: [ app_init ] --END-- [ RunTime:0.001000s ]
INFO: [ app_begin ] --START--
INFO: Run Behavior\ReadHtmlCacheBehavior [ RunTime:0.001000s ]
INFO: [ app_begin ] --END-- [ RunTime:0.001000s ]
INFO: [ view_parse ] --START--
INFO: [ template_filter ] --START--
INFO: Run Behavior\ContentReplaceBehavior [ RunTime:0.000000s ]
INFO: [ template_filter ] --END-- [ RunTime:0.000000s ]
NOTIC: [2] Illegal string offset 'username' E:\xampp\htdocs\317\thinkphp3.2.3\Application\Runtime\Cache\Home\5e6b3ec239a0fa21f36dab032d9d0249.php 第 75 行.
INFO: Run Behavior\ParseTemplateBehavior [ RunTime:0.014001s ]
INFO: [ view_parse ] --END-- [ RunTime:0.014001s ]
INFO: [ view_filter ] --START--
INFO: Run Behavior\WriteHtmlCacheBehavior [ RunTime:0.001000s ]
INFO: [ view_filter ] --END-- [ RunTime:0.001000s ]
INFO: [ app_end ] --START--
INFO: Run Behavior\ShowPageTraceBehavior [ RunTime:0.001000s ]
INFO: [ app_end ] --END-- [ RunTime:0.001000s ]

[ 2017-03-28T00:26:08+08:00 ] 127.0.0.1 /317/thinkphp3.2.3/index.php/Wisdom/image/default.jpg
INFO: [ app_init ] --START--
INFO: Run Behavior\BuildLiteBehavior [ RunTime:0.000000s ]
INFO: [ app_init ] --END-- [ RunTime:0.000000s ]

