[ 2017-05-19T01:26:54+08:00 ] 127.0.0.1 /thinkphp3.2.3/index.php/Index/index
INFO: [ app_init ] --START--
INFO: Run Behavior\BuildLiteBehavior [ RunTime:0.000022s ]
INFO: [ app_init ] --END-- [ RunTime:0.000816s ]
INFO: [ app_begin ] --START--
INFO: Run Behavior\ReadHtmlCacheBehavior [ RunTime:0.003192s ]
INFO: [ app_begin ] --END-- [ RunTime:0.003396s ]
SQL: SHOW COLUMNS FROM `qiq_user` [ RunTime:0.0519s ]
SQL: SELECT * FROM `qiq_user` WHERE `id` = 12 LIMIT 1   [ RunTime:0.0013s ]
SQL: SHOW COLUMNS FROM `qiq_user` [ RunTime:0.0171s ]
SQL: SHOW COLUMNS FROM `qiq_video` [ RunTime:0.0333s ]
SQL: SELECT * FROM `qiq_video` WHERE `video_state` = 1 ORDER BY play_times desc LIMIT 5   [ RunTime:0.0432s ]
SQL: SELECT * FROM `qiq_video` WHERE `video_state` = 1 ORDER BY vidup_time desc LIMIT 9   [ RunTime:0.0023s ]
SQL: SELECT * FROM `qiq_video` WHERE `video_state` = 1 ORDER BY play_times desc LIMIT 10   [ RunTime:0.0022s ]
SQL: SHOW COLUMNS FROM `qiq_plan` [ RunTime:0.0203s ]
SQL: SELECT * FROM `qiq_plan` WHERE `plan_state` = 1 ORDER BY planup_time desc LIMIT 6   [ RunTime:0.1538s ]
SQL: SHOW COLUMNS FROM `qiq_plan_block` [ RunTime:0.0561s ]
SQL: SELECT `name` FROM `qiq_plan_block` WHERE `id` = 2 LIMIT 1   [ RunTime:0.0012s ]
SQL: SELECT `name` FROM `qiq_plan_block` WHERE `id` = 4 LIMIT 1   [ RunTime:0.0010s ]
SQL: SELECT `name` FROM `qiq_plan_block` WHERE `id` = 1 LIMIT 1   [ RunTime:0.0009s ]
SQL: SELECT `name` FROM `qiq_plan_block` WHERE `id` = 4 LIMIT 1   [ RunTime:0.0010s ]
SQL: SELECT `name` FROM `qiq_plan_block` WHERE `id` = 3 LIMIT 1   [ RunTime:0.0011s ]
SQL: SELECT `name` FROM `qiq_plan_block` WHERE `id` = 1 LIMIT 1   [ RunTime:0.0013s ]
SQL: SHOW COLUMNS FROM `qiq_video_block` [ RunTime:0.0350s ]
SQL: SELECT `type` FROM `qiq_video_block` WHERE `id` = 7 LIMIT 1   [ RunTime:0.0013s ]
SQL: SELECT `type` FROM `qiq_video_block` WHERE `id` = 6 LIMIT 1   [ RunTime:0.0011s ]
SQL: SELECT `type` FROM `qiq_video_block` WHERE `id` = 7 LIMIT 1   [ RunTime:0.0012s ]
SQL: SELECT `type` FROM `qiq_video_block` WHERE `id` = 2 LIMIT 1   [ RunTime:0.0012s ]
SQL: SELECT `type` FROM `qiq_video_block` WHERE `id` = 1 LIMIT 1   [ RunTime:0.0010s ]
SQL: SELECT `type` FROM `qiq_video_block` WHERE `id` = 1 LIMIT 1   [ RunTime:0.0012s ]
SQL: SELECT * FROM `qiq_plan` WHERE `plan_state` = 1 ORDER BY plan_times desc LIMIT 10   [ RunTime:0.0036s ]
SQL: SHOW COLUMNS FROM `qiq_information` [ RunTime:0.0500s ]
SQL: SELECT * FROM `qiq_information` ORDER BY news_visit desc LIMIT 5   [ RunTime:0.2550s ]
SQL: SELECT * FROM `qiq_information` ORDER BY news_visit desc LIMIT 10   [ RunTime:0.0107s ]
SQL: SHOW COLUMNS FROM `qiq_team` [ RunTime:0.0884s ]
SQL: SELECT * FROM `qiq_team` WHERE `status` = 1 ORDER BY id DESC LIMIT 8   [ RunTime:0.0416s ]
SQL: SELECT * FROM `qiq_team` WHERE `status` = 1 ORDER BY team_times DESC LIMIT 8   [ RunTime:0.0007s ]
INFO: [ view_parse ] --START--
INFO: [ template_filter ] --START--
INFO: Run Behavior\ContentReplaceBehavior [ RunTime:0.000344s ]
INFO: [ template_filter ] --END-- [ RunTime:0.000446s ]
NOTIC: [8] Undefined variable: hottem D:\ProgramFilesStudy\phpStudy\WWW\thinkphp3.2.3\Application\Runtime\Cache\Home\2a94b8bda04ff446dcedd42276fc99ee.php 第 312 行.
NOTIC: [8] Undefined variable: hottem D:\ProgramFilesStudy\phpStudy\WWW\thinkphp3.2.3\Application\Runtime\Cache\Home\2a94b8bda04ff446dcedd42276fc99ee.php 第 312 行.
NOTIC: [8] Undefined variable: hottem D:\ProgramFilesStudy\phpStudy\WWW\thinkphp3.2.3\Application\Runtime\Cache\Home\2a94b8bda04ff446dcedd42276fc99ee.php 第 312 行.
NOTIC: [8] Undefined variable: hottem D:\ProgramFilesStudy\phpStudy\WWW\thinkphp3.2.3\Application\Runtime\Cache\Home\2a94b8bda04ff446dcedd42276fc99ee.php 第 312 行.
NOTIC: [8] Undefined variable: hottem D:\ProgramFilesStudy\phpStudy\WWW\thinkphp3.2.3\Application\Runtime\Cache\Home\2a94b8bda04ff446dcedd42276fc99ee.php 第 312 行.
INFO: Run Behavior\ParseTemplateBehavior [ RunTime:0.149783s ]
INFO: [ view_parse ] --END-- [ RunTime:0.149900s ]
INFO: [ view_filter ] --START--
INFO: Run Behavior\WriteHtmlCacheBehavior [ RunTime:0.026310s ]
INFO: [ view_filter ] --END-- [ RunTime:0.026405s ]
INFO: [ app_end ] --START--
INFO: Run Behavior\ShowPageTraceBehavior [ RunTime:0.002658s ]
INFO: [ app_end ] --END-- [ RunTime:0.002867s ]

[ 2017-05-19T01:32:24+08:00 ] 127.0.0.1 /thinkphp3.2.3/index.php/Wisdom/index
INFO: [ app_init ] --START--
INFO: Run Behavior\BuildLiteBehavior [ RunTime:0.000019s ]
INFO: [ app_init ] --END-- [ RunTime:0.000599s ]
INFO: [ app_begin ] --START--
INFO: Run Behavior\ReadHtmlCacheBehavior [ RunTime:0.001016s ]
INFO: [ app_begin ] --END-- [ RunTime:0.001077s ]
SQL: SHOW COLUMNS FROM `qiq_user` [ RunTime:0.0087s ]
SQL: SELECT * FROM `qiq_user` WHERE `id` = 12 LIMIT 1   [ RunTime:0.0007s ]
SQL: SHOW COLUMNS FROM `qiq_video_block` [ RunTime:0.0077s ]
SQL: SELECT * FROM `qiq_video_block` WHERE `type` <> '其它'  [ RunTime:0.0006s ]
SQL: SELECT `id` FROM `qiq_video_block` WHERE `type` = '其它' LIMIT 1   [ RunTime:0.0004s ]
SQL: SHOW COLUMNS FROM `qiq_team` [ RunTime:0.0064s ]
SQL: SELECT `id` FROM `qiq_team` WHERE `Uid` = 12 LIMIT 1   [ RunTime:0.0004s ]
INFO: [ view_parse ] --START--
INFO: [ template_filter ] --START--
INFO: Run Behavior\ContentReplaceBehavior [ RunTime:0.000260s ]
INFO: [ template_filter ] --END-- [ RunTime:0.000347s ]
INFO: Run Behavior\ParseTemplateBehavior [ RunTime:0.079376s ]
INFO: [ view_parse ] --END-- [ RunTime:0.079452s ]
INFO: [ view_filter ] --START--
INFO: Run Behavior\WriteHtmlCacheBehavior [ RunTime:0.001024s ]
INFO: [ view_filter ] --END-- [ RunTime:0.001077s ]
INFO: [ app_end ] --START--
INFO: Run Behavior\ShowPageTraceBehavior [ RunTime:0.001328s ]
INFO: [ app_end ] --END-- [ RunTime:0.001421s ]

[ 2017-05-19T01:32:26+08:00 ] 127.0.0.1 /thinkphp3.2.3/index.php/Index/index
INFO: [ app_init ] --START--
INFO: Run Behavior\BuildLiteBehavior [ RunTime:0.000020s ]
INFO: [ app_init ] --END-- [ RunTime:0.000685s ]
INFO: [ app_begin ] --START--
INFO: Run Behavior\ReadHtmlCacheBehavior [ RunTime:0.001551s ]
INFO: [ app_begin ] --END-- [ RunTime:0.001647s ]
SQL: SHOW COLUMNS FROM `qiq_user` [ RunTime:0.0694s ]
SQL: SELECT * FROM `qiq_user` WHERE `id` = 12 LIMIT 1   [ RunTime:0.0010s ]
SQL: SHOW COLUMNS FROM `qiq_user` [ RunTime:0.0153s ]
SQL: SHOW COLUMNS FROM `qiq_video` [ RunTime:0.0123s ]
SQL: SELECT * FROM `qiq_video` WHERE `video_state` = 1 ORDER BY play_times desc LIMIT 5   [ RunTime:0.0009s ]
SQL: SELECT * FROM `qiq_video` WHERE `video_state` = 1 ORDER BY vidup_time desc LIMIT 9   [ RunTime:0.0009s ]
SQL: SELECT * FROM `qiq_video` WHERE `video_state` = 1 ORDER BY play_times desc LIMIT 10   [ RunTime:0.0013s ]
SQL: SHOW COLUMNS FROM `qiq_plan` [ RunTime:0.0086s ]
SQL: SELECT * FROM `qiq_plan` WHERE `plan_state` = 1 ORDER BY planup_time desc LIMIT 6   [ RunTime:0.0014s ]
SQL: SHOW COLUMNS FROM `qiq_plan_block` [ RunTime:0.0076s ]
SQL: SELECT `name` FROM `qiq_plan_block` WHERE `id` = 2 LIMIT 1   [ RunTime:0.0005s ]
SQL: SELECT `name` FROM `qiq_plan_block` WHERE `id` = 4 LIMIT 1   [ RunTime:0.0005s ]
SQL: SELECT `name` FROM `qiq_plan_block` WHERE `id` = 1 LIMIT 1   [ RunTime:0.0004s ]
SQL: SELECT `name` FROM `qiq_plan_block` WHERE `id` = 4 LIMIT 1   [ RunTime:0.0004s ]
SQL: SELECT `name` FROM `qiq_plan_block` WHERE `id` = 3 LIMIT 1   [ RunTime:0.0004s ]
SQL: SELECT `name` FROM `qiq_plan_block` WHERE `id` = 1 LIMIT 1   [ RunTime:0.0005s ]
SQL: SHOW COLUMNS FROM `qiq_video_block` [ RunTime:0.0088s ]
SQL: SELECT `type` FROM `qiq_video_block` WHERE `id` = 7 LIMIT 1   [ RunTime:0.0007s ]
SQL: SELECT `type` FROM `qiq_video_block` WHERE `id` = 6 LIMIT 1   [ RunTime:0.0006s ]
SQL: SELECT `type` FROM `qiq_video_block` WHERE `id` = 7 LIMIT 1   [ RunTime:0.0007s ]
SQL: SELECT `type` FROM `qiq_video_block` WHERE `id` = 2 LIMIT 1   [ RunTime:0.0004s ]
SQL: SELECT `type` FROM `qiq_video_block` WHERE `id` = 1 LIMIT 1   [ RunTime:0.0003s ]
SQL: SELECT `type` FROM `qiq_video_block` WHERE `id` = 1 LIMIT 1   [ RunTime:0.0003s ]
SQL: SELECT * FROM `qiq_plan` WHERE `plan_state` = 1 ORDER BY plan_times desc LIMIT 10   [ RunTime:0.0017s ]
SQL: SHOW COLUMNS FROM `qiq_information` [ RunTime:0.0071s ]
SQL: SELECT * FROM `qiq_information` ORDER BY news_visit desc LIMIT 5   [ RunTime:0.0014s ]
SQL: SELECT * FROM `qiq_information` ORDER BY news_visit desc LIMIT 10   [ RunTime:0.0029s ]
SQL: SHOW COLUMNS FROM `qiq_team` [ RunTime:0.0051s ]
SQL: SELECT * FROM `qiq_team` WHERE `status` = 1 ORDER BY id DESC LIMIT 8   [ RunTime:0.0004s ]
SQL: SELECT * FROM `qiq_team` WHERE `status` = 1 ORDER BY team_times DESC LIMIT 8   [ RunTime:0.0004s ]
INFO: [ view_parse ] --START--
INFO: [ template_filter ] --START--
INFO: Run Behavior\ContentReplaceBehavior [ RunTime:0.000217s ]
INFO: [ template_filter ] --END-- [ RunTime:0.000279s ]
NOTIC: [8] Undefined variable: hottem D:\ProgramFilesStudy\phpStudy\WWW\thinkphp3.2.3\Application\Runtime\Cache\Home\2a94b8bda04ff446dcedd42276fc99ee.php 第 312 行.
NOTIC: [8] Undefined variable: hottem D:\ProgramFilesStudy\phpStudy\WWW\thinkphp3.2.3\Application\Runtime\Cache\Home\2a94b8bda04ff446dcedd42276fc99ee.php 第 312 行.
NOTIC: [8] Undefined variable: hottem D:\ProgramFilesStudy\phpStudy\WWW\thinkphp3.2.3\Application\Runtime\Cache\Home\2a94b8bda04ff446dcedd42276fc99ee.php 第 312 行.
NOTIC: [8] Undefined variable: hottem D:\ProgramFilesStudy\phpStudy\WWW\thinkphp3.2.3\Application\Runtime\Cache\Home\2a94b8bda04ff446dcedd42276fc99ee.php 第 312 行.
NOTIC: [8] Undefined variable: hottem D:\ProgramFilesStudy\phpStudy\WWW\thinkphp3.2.3\Application\Runtime\Cache\Home\2a94b8bda04ff446dcedd42276fc99ee.php 第 312 行.
INFO: Run Behavior\ParseTemplateBehavior [ RunTime:0.032296s ]
INFO: [ view_parse ] --END-- [ RunTime:0.032389s ]
INFO: [ view_filter ] --START--
INFO: Run Behavior\WriteHtmlCacheBehavior [ RunTime:0.000971s ]
INFO: [ view_filter ] --END-- [ RunTime:0.001026s ]
INFO: [ app_end ] --START--
INFO: Run Behavior\ShowPageTraceBehavior [ RunTime:0.001501s ]
INFO: [ app_end ] --END-- [ RunTime:0.001609s ]

[ 2017-05-19T01:32:32+08:00 ] 127.0.0.1 /thinkphp3.2.3/index.php/Variety/index
INFO: [ app_init ] --START--
INFO: Run Behavior\BuildLiteBehavior [ RunTime:0.000023s ]
INFO: [ app_init ] --END-- [ RunTime:0.001047s ]
INFO: [ app_begin ] --START--
INFO: Run Behavior\ReadHtmlCacheBehavior [ RunTime:0.001141s ]
INFO: [ app_begin ] --END-- [ RunTime:0.001214s ]
SQL: SHOW COLUMNS FROM `qiq_user` [ RunTime:0.0070s ]
SQL: SELECT * FROM `qiq_user` WHERE `id` = 12 LIMIT 1   [ RunTime:0.0005s ]
SQL: SHOW COLUMNS FROM `qiq_video` [ RunTime:0.0056s ]
SQL: SELECT COUNT(*) AS tp_count FROM `qiq_video` WHERE ( video_state=1 ) LIMIT 1   [ RunTime:0.0004s ]
SQL: SELECT * FROM qiq_video v LEFT JOIN qiq_video_attributes a ON v.id=a.videoid  WHERE ( video_state=1 ) ORDER BY v.vidup_time desc LIMIT 0,8   [ RunTime:0.0953s ]
SQL: SHOW COLUMNS FROM `qiq_video_block` [ RunTime:0.0154s ]
SQL: SELECT * FROM `qiq_video_block` ORDER BY id DESC  [ RunTime:0.0010s ]
INFO: [ view_parse ] --START--
INFO: [ template_filter ] --START--
INFO: Run Behavior\ContentReplaceBehavior [ RunTime:0.000152s ]
INFO: [ template_filter ] --END-- [ RunTime:0.000215s ]
INFO: Run Behavior\ParseTemplateBehavior [ RunTime:0.063780s ]
INFO: [ view_parse ] --END-- [ RunTime:0.063924s ]
INFO: [ view_filter ] --START--
INFO: Run Behavior\WriteHtmlCacheBehavior [ RunTime:0.000996s ]
INFO: [ view_filter ] --END-- [ RunTime:0.001101s ]
INFO: [ app_end ] --START--
INFO: Run Behavior\ShowPageTraceBehavior [ RunTime:0.001572s ]
INFO: [ app_end ] --END-- [ RunTime:0.001678s ]

[ 2017-05-19T01:32:34+08:00 ] 127.0.0.1 /thinkphp3.2.3/index.php/Information/index
INFO: [ app_init ] --START--
INFO: Run Behavior\BuildLiteBehavior [ RunTime:0.000020s ]
INFO: [ app_init ] --END-- [ RunTime:0.000596s ]
INFO: [ app_begin ] --START--
INFO: Run Behavior\ReadHtmlCacheBehavior [ RunTime:0.001017s ]
INFO: [ app_begin ] --END-- [ RunTime:0.001081s ]
SQL: SHOW COLUMNS FROM `qiq_user` [ RunTime:0.0062s ]
SQL: SELECT * FROM `qiq_user` WHERE `id` = 12 LIMIT 1   [ RunTime:0.0005s ]
SQL: SHOW COLUMNS FROM `qiq_block` [ RunTime:0.0399s ]
SQL: SELECT * FROM `qiq_block`  [ RunTime:0.0010s ]
SQL: SHOW COLUMNS FROM `qiq_information` [ RunTime:0.0126s ]
SQL: SELECT COUNT(*) AS tp_count FROM `qiq_information` WHERE `is_send` = 1 LIMIT 1   [ RunTime:0.0011s ]
SQL: SELECT * FROM `qiq_information` WHERE `is_send` = 1 ORDER BY news_time desc LIMIT 0,5   [ RunTime:0.0021s ]
SQL: SELECT `id`,`news_title` FROM `qiq_information` WHERE `news_time` > 1495042354 AND `is_send` = 1 ORDER BY news_visit DESC LIMIT 10   [ RunTime:0.0010s ]
SQL: SELECT `id`,`news_title` FROM `qiq_information` WHERE `news_time` >= 1494523954 AND `blockid` = 4 AND `is_send` = 1 ORDER BY news_visit DESC LIMIT 10   [ RunTime:0.0011s ]
INFO: [ view_parse ] --START--
INFO: [ template_filter ] --START--
INFO: Run Behavior\ContentReplaceBehavior [ RunTime:0.000330s ]
INFO: [ template_filter ] --END-- [ RunTime:0.000461s ]
INFO: Run Behavior\ParseTemplateBehavior [ RunTime:0.090687s ]
INFO: [ view_parse ] --END-- [ RunTime:0.090831s ]
INFO: [ view_filter ] --START--
INFO: Run Behavior\WriteHtmlCacheBehavior [ RunTime:0.000886s ]
INFO: [ view_filter ] --END-- [ RunTime:0.000935s ]
INFO: [ app_end ] --START--
INFO: Run Behavior\ShowPageTraceBehavior [ RunTime:0.002803s ]
INFO: [ app_end ] --END-- [ RunTime:0.003435s ]

[ 2017-05-19T01:32:45+08:00 ] 127.0.0.1 /thinkphp3.2.3/index.php/Incubation/index
INFO: [ app_init ] --START--
INFO: Run Behavior\BuildLiteBehavior [ RunTime:0.000018s ]
INFO: [ app_init ] --END-- [ RunTime:0.000689s ]
INFO: [ app_begin ] --START--
INFO: Run Behavior\ReadHtmlCacheBehavior [ RunTime:0.000972s ]
INFO: [ app_begin ] --END-- [ RunTime:0.001029s ]
SQL: SHOW COLUMNS FROM `qiq_user` [ RunTime:0.0174s ]
SQL: SELECT * FROM `qiq_user` WHERE `id` = 12 LIMIT 1   [ RunTime:0.0017s ]
SQL: SHOW COLUMNS FROM `qiq_plan` [ RunTime:0.0140s ]
SQL: SELECT COUNT(*) AS tp_count FROM `qiq_plan` WHERE ( plan_state=1 ) LIMIT 1   [ RunTime:0.0008s ]
SQL: SELECT * FROM `qiq_plan` WHERE ( plan_state=1 ) ORDER BY planup_time DESC LIMIT 0,3   [ RunTime:0.0013s ]
SQL: SHOW COLUMNS FROM `qiq_user` [ RunTime:0.0095s ]
SQL: SELECT `username`,`head_pic` FROM `qiq_user` WHERE `id` = 39 LIMIT 1   [ RunTime:0.0277s ]
SQL: SHOW COLUMNS FROM `qiq_team` [ RunTime:0.0106s ]
SQL: SELECT `team_name` FROM `qiq_team` WHERE `id` = 7 LIMIT 1   [ RunTime:0.0006s ]
SQL: SHOW COLUMNS FROM `qiq_video_block` [ RunTime:0.0089s ]
SQL: SELECT `type` FROM `qiq_video_block` WHERE `id` = 7 LIMIT 1   [ RunTime:0.0005s ]
SQL: SHOW COLUMNS FROM `qiq_plan_block` [ RunTime:0.0104s ]
SQL: SELECT `name` FROM `qiq_plan_block` WHERE `id` = 2 LIMIT 1   [ RunTime:0.0006s ]
SQL: SELECT `username`,`head_pic` FROM `qiq_user` WHERE `id` = 39 LIMIT 1   [ RunTime:0.0006s ]
SQL: SELECT `type` FROM `qiq_video_block` WHERE `id` = 6 LIMIT 1   [ RunTime:0.0004s ]
SQL: SELECT `name` FROM `qiq_plan_block` WHERE `id` = 4 LIMIT 1   [ RunTime:0.0005s ]
SQL: SELECT `username`,`head_pic` FROM `qiq_user` WHERE `id` = 67 LIMIT 1   [ RunTime:0.0005s ]
SQL: SELECT `type` FROM `qiq_video_block` WHERE `id` = 7 LIMIT 1   [ RunTime:0.0005s ]
SQL: SELECT `name` FROM `qiq_plan_block` WHERE `id` = 1 LIMIT 1   [ RunTime:0.0005s ]
SQL: SELECT * FROM `qiq_video_block` ORDER BY id desc  [ RunTime:0.0005s ]
SQL: SELECT * FROM `qiq_plan_block`  [ RunTime:0.0004s ]
INFO: [ view_parse ] --START--
INFO: [ template_filter ] --START--
INFO: Run Behavior\ContentReplaceBehavior [ RunTime:0.000176s ]
INFO: [ template_filter ] --END-- [ RunTime:0.000236s ]
INFO: Run Behavior\ParseTemplateBehavior [ RunTime:0.038403s ]
INFO: [ view_parse ] --END-- [ RunTime:0.038475s ]
INFO: [ view_filter ] --START--
INFO: Run Behavior\WriteHtmlCacheBehavior [ RunTime:0.001060s ]
INFO: [ view_filter ] --END-- [ RunTime:0.001121s ]
INFO: [ app_end ] --START--
INFO: Run Behavior\ShowPageTraceBehavior [ RunTime:0.001349s ]
INFO: [ app_end ] --END-- [ RunTime:0.001496s ]

[ 2017-05-19T01:32:48+08:00 ] 127.0.0.1 /thinkphp3.2.3/index.php/Team/index
INFO: [ app_init ] --START--
INFO: Run Behavior\BuildLiteBehavior [ RunTime:0.000019s ]
INFO: [ app_init ] --END-- [ RunTime:0.000673s ]
INFO: [ app_begin ] --START--
INFO: Run Behavior\ReadHtmlCacheBehavior [ RunTime:0.002018s ]
INFO: [ app_begin ] --END-- [ RunTime:0.002113s ]
SQL: SHOW COLUMNS FROM `qiq_user` [ RunTime:0.0060s ]
SQL: SELECT * FROM `qiq_user` WHERE `id` = 12 LIMIT 1   [ RunTime:0.0005s ]
SQL: SHOW COLUMNS FROM `qiq_team` [ RunTime:0.0055s ]
SQL: SELECT * FROM `qiq_team` WHERE `status` = 1  [ RunTime:0.0005s ]
SQL: SELECT COUNT(*) AS tp_count FROM `qiq_team` WHERE `status` = 1 LIMIT 1   [ RunTime:0.0003s ]
SQL: SELECT `id`,`Uid`,`team_name`,`team_slogan`,`team_summary`,`team_pic`,`team_times`,`status` FROM `qiq_team` WHERE `status` = 1 ORDER BY id desc LIMIT 0,3   [ RunTime:0.0007s ]
INFO: [ view_parse ] --START--
INFO: [ template_filter ] --START--
INFO: Run Behavior\ContentReplaceBehavior [ RunTime:0.000120s ]
INFO: [ template_filter ] --END-- [ RunTime:0.000182s ]
INFO: Run Behavior\ParseTemplateBehavior [ RunTime:0.056920s ]
INFO: [ view_parse ] --END-- [ RunTime:0.057032s ]
INFO: [ view_filter ] --START--
INFO: Run Behavior\WriteHtmlCacheBehavior [ RunTime:0.001188s ]
INFO: [ view_filter ] --END-- [ RunTime:0.001253s ]
INFO: [ app_end ] --START--
INFO: Run Behavior\ShowPageTraceBehavior [ RunTime:0.001592s ]
INFO: [ app_end ] --END-- [ RunTime:0.001707s ]

[ 2017-05-19T01:32:50+08:00 ] 127.0.0.1 /thinkphp3.2.3/index.php/User/myProject
INFO: [ app_init ] --START--
INFO: Run Behavior\BuildLiteBehavior [ RunTime:0.000033s ]
INFO: [ app_init ] --END-- [ RunTime:0.000928s ]
INFO: [ app_begin ] --START--
INFO: Run Behavior\ReadHtmlCacheBehavior [ RunTime:0.001140s ]
INFO: [ app_begin ] --END-- [ RunTime:0.001219s ]
SQL: SHOW COLUMNS FROM `qiq_user` [ RunTime:0.0054s ]
SQL: SELECT * FROM `qiq_user` WHERE `id` = 12 LIMIT 1   [ RunTime:0.0005s ]
INFO: [ view_parse ] --START--
INFO: [ template_filter ] --START--
INFO: Run Behavior\ContentReplaceBehavior [ RunTime:0.000071s ]
INFO: [ template_filter ] --END-- [ RunTime:0.000134s ]
INFO: Run Behavior\ParseTemplateBehavior [ RunTime:0.092613s ]
INFO: [ view_parse ] --END-- [ RunTime:0.092703s ]
INFO: [ view_filter ] --START--
INFO: Run Behavior\WriteHtmlCacheBehavior [ RunTime:0.000796s ]
INFO: [ view_filter ] --END-- [ RunTime:0.000849s ]

[ 2017-05-19T01:32:52+08:00 ] 127.0.0.1 /thinkphp3.2.3/index.php/User/login
INFO: [ app_init ] --START--
INFO: Run Behavior\BuildLiteBehavior [ RunTime:0.000018s ]
INFO: [ app_init ] --END-- [ RunTime:0.000584s ]
INFO: [ app_begin ] --START--
INFO: Run Behavior\ReadHtmlCacheBehavior [ RunTime:0.001287s ]
INFO: [ app_begin ] --END-- [ RunTime:0.001428s ]
SQL: SHOW COLUMNS FROM `qiq_user` [ RunTime:0.0056s ]
SQL: SELECT * FROM `qiq_user` WHERE `id` = 12 LIMIT 1   [ RunTime:0.0004s ]
INFO: [ view_parse ] --START--
INFO: [ template_filter ] --START--
INFO: Run Behavior\ContentReplaceBehavior [ RunTime:0.000195s ]
INFO: [ template_filter ] --END-- [ RunTime:0.000266s ]
INFO: Run Behavior\ParseTemplateBehavior [ RunTime:0.025884s ]
INFO: [ view_parse ] --END-- [ RunTime:0.025965s ]
INFO: [ view_filter ] --START--
INFO: Run Behavior\WriteHtmlCacheBehavior [ RunTime:0.000878s ]
INFO: [ view_filter ] --END-- [ RunTime:0.000930s ]
INFO: [ app_end ] --START--
INFO: Run Behavior\ShowPageTraceBehavior [ RunTime:0.001539s ]
INFO: [ app_end ] --END-- [ RunTime:0.001629s ]

[ 2017-05-19T01:32:59+08:00 ] 127.0.0.1 /thinkphp3.2.3/index.php/User/login
INFO: [ app_init ] --START--
INFO: Run Behavior\BuildLiteBehavior [ RunTime:0.000030s ]
INFO: [ app_init ] --END-- [ RunTime:0.000721s ]
INFO: [ app_begin ] --START--
INFO: Run Behavior\ReadHtmlCacheBehavior [ RunTime:0.001179s ]
INFO: [ app_begin ] --END-- [ RunTime:0.001260s ]
SQL: SHOW COLUMNS FROM `qiq_user` [ RunTime:0.3595s ]
SQL: SELECT * FROM `qiq_user` WHERE `id` = 12 LIMIT 1   [ RunTime:0.0013s ]
SQL: SHOW COLUMNS FROM `qiq_user` [ RunTime:0.1034s ]
SQL: SELECT `id`,`password`,`username` FROM `qiq_user` WHERE `phone` = '15818390061' OR `email` = '15818390061' LIMIT 1   [ RunTime:0.0013s ]
SQL: UPDATE `qiq_user` SET `reg_time`='2017-05-19 01:32:59' WHERE `id` = 37 [ RunTime:0.0015s ]

[ 2017-05-19T01:32:59+08:00 ] 127.0.0.1 /thinkphp3.2.3/index.php/Index/index
INFO: [ app_init ] --START--
INFO: Run Behavior\BuildLiteBehavior [ RunTime:0.000019s ]
INFO: [ app_init ] --END-- [ RunTime:0.000689s ]
INFO: [ app_begin ] --START--
INFO: Run Behavior\ReadHtmlCacheBehavior [ RunTime:0.001132s ]
INFO: [ app_begin ] --END-- [ RunTime:0.001205s ]
SQL: SHOW COLUMNS FROM `qiq_user` [ RunTime:0.0056s ]
SQL: SELECT * FROM `qiq_user` WHERE `id` = 37 LIMIT 1   [ RunTime:0.0005s ]
SQL: SHOW COLUMNS FROM `qiq_user` [ RunTime:0.0052s ]
SQL: SHOW COLUMNS FROM `qiq_video` [ RunTime:0.0053s ]
SQL: SELECT * FROM `qiq_video` WHERE `video_state` = 1 ORDER BY play_times desc LIMIT 5   [ RunTime:0.0006s ]
SQL: SELECT * FROM `qiq_video` WHERE `video_state` = 1 ORDER BY vidup_time desc LIMIT 9   [ RunTime:0.0006s ]
SQL: SELECT * FROM `qiq_video` WHERE `video_state` = 1 ORDER BY play_times desc LIMIT 10   [ RunTime:0.0007s ]
SQL: SHOW COLUMNS FROM `qiq_plan` [ RunTime:0.0053s ]
SQL: SELECT * FROM `qiq_plan` WHERE `plan_state` = 1 ORDER BY planup_time desc LIMIT 6   [ RunTime:0.0009s ]
SQL: SHOW COLUMNS FROM `qiq_plan_block` [ RunTime:0.0045s ]
SQL: SELECT `name` FROM `qiq_plan_block` WHERE `id` = 2 LIMIT 1   [ RunTime:0.0003s ]
SQL: SELECT `name` FROM `qiq_plan_block` WHERE `id` = 4 LIMIT 1   [ RunTime:0.0002s ]
SQL: SELECT `name` FROM `qiq_plan_block` WHERE `id` = 1 LIMIT 1   [ RunTime:0.0002s ]
SQL: SELECT `name` FROM `qiq_plan_block` WHERE `id` = 4 LIMIT 1   [ RunTime:0.0002s ]
SQL: SELECT `name` FROM `qiq_plan_block` WHERE `id` = 3 LIMIT 1   [ RunTime:0.0003s ]
SQL: SELECT `name` FROM `qiq_plan_block` WHERE `id` = 1 LIMIT 1   [ RunTime:0.0003s ]
SQL: SHOW COLUMNS FROM `qiq_video_block` [ RunTime:0.0049s ]
SQL: SELECT `type` FROM `qiq_video_block` WHERE `id` = 7 LIMIT 1   [ RunTime:0.0004s ]
SQL: SELECT `type` FROM `qiq_video_block` WHERE `id` = 6 LIMIT 1   [ RunTime:0.0003s ]
SQL: SELECT `type` FROM `qiq_video_block` WHERE `id` = 7 LIMIT 1   [ RunTime:0.0003s ]
SQL: SELECT `type` FROM `qiq_video_block` WHERE `id` = 2 LIMIT 1   [ RunTime:0.0003s ]
SQL: SELECT `type` FROM `qiq_video_block` WHERE `id` = 1 LIMIT 1   [ RunTime:0.0003s ]
SQL: SELECT `type` FROM `qiq_video_block` WHERE `id` = 1 LIMIT 1   [ RunTime:0.0003s ]
SQL: SELECT * FROM `qiq_plan` WHERE `plan_state` = 1 ORDER BY plan_times desc LIMIT 10   [ RunTime:0.0011s ]
SQL: SHOW COLUMNS FROM `qiq_information` [ RunTime:0.0053s ]
SQL: SELECT * FROM `qiq_information` ORDER BY news_visit desc LIMIT 5   [ RunTime:0.0010s ]
SQL: SELECT * FROM `qiq_information` ORDER BY news_visit desc LIMIT 10   [ RunTime:0.0028s ]
SQL: SHOW COLUMNS FROM `qiq_team` [ RunTime:0.0052s ]
SQL: SELECT * FROM `qiq_team` WHERE `status` = 1 ORDER BY id DESC LIMIT 8   [ RunTime:0.0004s ]
SQL: SELECT * FROM `qiq_team` WHERE `status` = 1 ORDER BY team_times DESC LIMIT 8   [ RunTime:0.0004s ]
INFO: [ view_parse ] --START--
INFO: [ template_filter ] --START--
INFO: Run Behavior\ContentReplaceBehavior [ RunTime:0.000348s ]
INFO: [ template_filter ] --END-- [ RunTime:0.000489s ]
NOTIC: [8] Undefined variable: hottem D:\ProgramFilesStudy\phpStudy\WWW\thinkphp3.2.3\Application\Runtime\Cache\Home\2a94b8bda04ff446dcedd42276fc99ee.php 第 312 行.
NOTIC: [8] Undefined variable: hottem D:\ProgramFilesStudy\phpStudy\WWW\thinkphp3.2.3\Application\Runtime\Cache\Home\2a94b8bda04ff446dcedd42276fc99ee.php 第 312 行.
NOTIC: [8] Undefined variable: hottem D:\ProgramFilesStudy\phpStudy\WWW\thinkphp3.2.3\Application\Runtime\Cache\Home\2a94b8bda04ff446dcedd42276fc99ee.php 第 312 行.
NOTIC: [8] Undefined variable: hottem D:\ProgramFilesStudy\phpStudy\WWW\thinkphp3.2.3\Application\Runtime\Cache\Home\2a94b8bda04ff446dcedd42276fc99ee.php 第 312 行.
NOTIC: [8] Undefined variable: hottem D:\ProgramFilesStudy\phpStudy\WWW\thinkphp3.2.3\Application\Runtime\Cache\Home\2a94b8bda04ff446dcedd42276fc99ee.php 第 312 行.
INFO: Run Behavior\ParseTemplateBehavior [ RunTime:0.030794s ]
INFO: [ view_parse ] --END-- [ RunTime:0.030855s ]
INFO: [ view_filter ] --START--
INFO: Run Behavior\WriteHtmlCacheBehavior [ RunTime:0.000881s ]
INFO: [ view_filter ] --END-- [ RunTime:0.000926s ]
INFO: [ app_end ] --START--
INFO: Run Behavior\ShowPageTraceBehavior [ RunTime:0.001216s ]
INFO: [ app_end ] --END-- [ RunTime:0.001306s ]

[ 2017-05-19T01:33:02+08:00 ] 127.0.0.1 /thinkphp3.2.3/index.php/User/myProject
INFO: [ app_init ] --START--
INFO: Run Behavior\BuildLiteBehavior [ RunTime:0.000034s ]
INFO: [ app_init ] --END-- [ RunTime:0.000826s ]
INFO: [ app_begin ] --START--
INFO: Run Behavior\ReadHtmlCacheBehavior [ RunTime:0.001153s ]
INFO: [ app_begin ] --END-- [ RunTime:0.001229s ]
SQL: SHOW COLUMNS FROM `qiq_user` [ RunTime:0.0054s ]
SQL: SELECT * FROM `qiq_user` WHERE `id` = 37 LIMIT 1   [ RunTime:0.0005s ]
SQL: SHOW COLUMNS FROM `qiq_plan` [ RunTime:0.0054s ]
SQL: SHOW COLUMNS FROM `qiq_video` [ RunTime:0.0049s ]
SQL: SELECT * FROM `qiq_plan` WHERE `Uid` = 37  [ RunTime:0.0005s ]
SQL: SELECT * FROM `qiq_video` WHERE `Uid` = 37  [ RunTime:0.0003s ]
SQL: SHOW COLUMNS FROM `qiq_plan_block` [ RunTime:0.0050s ]
SQL: SELECT `name` FROM `qiq_plan_block` WHERE `id` = 4 LIMIT 1   [ RunTime:0.0003s ]
SQL: SELECT `name` FROM `qiq_plan_block` WHERE `id` = 2 LIMIT 1   [ RunTime:0.0002s ]
SQL: SELECT `name` FROM `qiq_plan_block` WHERE `id` = 1 LIMIT 1   [ RunTime:0.0002s ]
INFO: [ view_parse ] --START--
INFO: [ template_filter ] --START--
INFO: Run Behavior\ContentReplaceBehavior [ RunTime:0.000219s ]
INFO: [ template_filter ] --END-- [ RunTime:0.000317s ]
INFO: Run Behavior\ParseTemplateBehavior [ RunTime:0.079612s ]
INFO: [ view_parse ] --END-- [ RunTime:0.079747s ]
INFO: [ view_filter ] --START--
INFO: Run Behavior\WriteHtmlCacheBehavior [ RunTime:0.001756s ]
INFO: [ view_filter ] --END-- [ RunTime:0.001862s ]
INFO: [ app_end ] --START--
INFO: Run Behavior\ShowPageTraceBehavior [ RunTime:0.002604s ]
INFO: [ app_end ] --END-- [ RunTime:0.002704s ]

[ 2017-05-19T01:33:04+08:00 ] 127.0.0.1 /thinkphp3.2.3/index.php/User/myConcern
INFO: [ app_init ] --START--
INFO: Run Behavior\BuildLiteBehavior [ RunTime:0.000032s ]
INFO: [ app_init ] --END-- [ RunTime:0.001059s ]
INFO: [ app_begin ] --START--
INFO: Run Behavior\ReadHtmlCacheBehavior [ RunTime:0.001571s ]
INFO: [ app_begin ] --END-- [ RunTime:0.001668s ]
SQL: SHOW COLUMNS FROM `qiq_user` [ RunTime:0.0060s ]
SQL: SELECT * FROM `qiq_user` WHERE `id` = 37 LIMIT 1   [ RunTime:0.0005s ]
SQL: SHOW COLUMNS FROM `qiq_collection` [ RunTime:0.0456s ]
SQL: SELECT * FROM `qiq_collection` INNER JOIN qiq_video ON qiq_collection.vid = qiq_video.id  WHERE qiq_collection.uid = '37'  [ RunTime:0.0016s ]
SQL: SHOW COLUMNS FROM `qiq_video_block` [ RunTime:0.0151s ]
SQL: SELECT `type` FROM `qiq_video_block` WHERE `id` = 1 LIMIT 1   [ RunTime:0.0006s ]
SQL: SELECT * FROM `qiq_collection` INNER JOIN qiq_plan ON qiq_collection.pid = qiq_plan.id  WHERE qiq_collection.uid = '37'  [ RunTime:0.0010s ]
SQL: SELECT `type` FROM `qiq_video_block` WHERE `id` = 4 LIMIT 1   [ RunTime:0.0005s ]
SQL: SHOW COLUMNS FROM `qiq_plan_block` [ RunTime:0.0089s ]
SQL: SELECT `name` FROM `qiq_plan_block` WHERE `id` = 4 LIMIT 1   [ RunTime:0.0006s ]
SQL: SELECT `type` FROM `qiq_video_block` WHERE `id` = 3 LIMIT 1   [ RunTime:0.0005s ]
SQL: SELECT `name` FROM `qiq_plan_block` WHERE `id` = 2 LIMIT 1   [ RunTime:0.0005s ]
SQL: SELECT `type` FROM `qiq_video_block` WHERE `id` = 3 LIMIT 1   [ RunTime:0.0005s ]
SQL: SELECT `name` FROM `qiq_plan_block` WHERE `id` = 1 LIMIT 1   [ RunTime:0.0005s ]
SQL: SELECT `type` FROM `qiq_video_block` WHERE `id` = 7 LIMIT 1   [ RunTime:0.0005s ]
SQL: SELECT `name` FROM `qiq_plan_block` WHERE `id` = 2 LIMIT 1   [ RunTime:0.0005s ]
INFO: [ view_parse ] --START--
INFO: [ template_filter ] --START--
INFO: Run Behavior\ContentReplaceBehavior [ RunTime:0.000253s ]
INFO: [ template_filter ] --END-- [ RunTime:0.000344s ]
INFO: Run Behavior\ParseTemplateBehavior [ RunTime:0.081337s ]
INFO: [ view_parse ] --END-- [ RunTime:0.081447s ]
INFO: [ view_filter ] --START--
INFO: Run Behavior\WriteHtmlCacheBehavior [ RunTime:0.001715s ]
INFO: [ view_filter ] --END-- [ RunTime:0.001829s ]
INFO: [ app_end ] --START--
INFO: Run Behavior\ShowPageTraceBehavior [ RunTime:0.002150s ]
INFO: [ app_end ] --END-- [ RunTime:0.002487s ]

[ 2017-05-19T01:33:06+08:00 ] 127.0.0.1 /thinkphp3.2.3/index.php/User/myMessage
INFO: [ app_init ] --START--
INFO: Run Behavior\BuildLiteBehavior [ RunTime:0.000022s ]
INFO: [ app_init ] --END-- [ RunTime:0.000910s ]
INFO: [ app_begin ] --START--
INFO: Run Behavior\ReadHtmlCacheBehavior [ RunTime:0.001324s ]
INFO: [ app_begin ] --END-- [ RunTime:0.001433s ]
SQL: SHOW COLUMNS FROM `qiq_user` [ RunTime:0.0052s ]
SQL: SELECT * FROM `qiq_user` WHERE `id` = 37 LIMIT 1   [ RunTime:0.0005s ]
SQL: SHOW COLUMNS FROM `qiq_private_letter` [ RunTime:0.0266s ]
SQL: SELECT * FROM `qiq_private_letter` WHERE `Toid` = 37 AND `letter_state` = 0 ORDER BY letter_state asc,letter_time desc  [ RunTime:0.0005s ]
SQL: SHOW COLUMNS FROM `qiq_message` [ RunTime:0.0531s ]
SQL: SELECT * FROM `qiq_message` WHERE `user_id` = 37 AND `is_used` = 1  [ RunTime:0.0004s ]
INFO: [ view_parse ] --START--
INFO: [ template_filter ] --START--
INFO: Run Behavior\ContentReplaceBehavior [ RunTime:0.000146s ]
INFO: [ template_filter ] --END-- [ RunTime:0.000205s ]
NOTIC: [8] Undefined variable: levo D:\ProgramFilesStudy\phpStudy\WWW\thinkphp3.2.3\Application\Runtime\Cache\Home\78a35f201f82fe022771453c384a0053.php 第 248 行.
INFO: Run Behavior\ParseTemplateBehavior [ RunTime:0.072934s ]
INFO: [ view_parse ] --END-- [ RunTime:0.072996s ]
INFO: [ view_filter ] --START--
INFO: Run Behavior\WriteHtmlCacheBehavior [ RunTime:0.000796s ]
INFO: [ view_filter ] --END-- [ RunTime:0.000845s ]
INFO: [ app_end ] --START--
INFO: Run Behavior\ShowPageTraceBehavior [ RunTime:0.001826s ]
INFO: [ app_end ] --END-- [ RunTime:0.001919s ]

[ 2017-05-19T01:33:07+08:00 ] 127.0.0.1 /thinkphp3.2.3/index.php/User/myTeam
INFO: [ app_init ] --START--
INFO: Run Behavior\BuildLiteBehavior [ RunTime:0.000020s ]
INFO: [ app_init ] --END-- [ RunTime:0.000683s ]
INFO: [ app_begin ] --START--
INFO: Run Behavior\ReadHtmlCacheBehavior [ RunTime:0.001431s ]
INFO: [ app_begin ] --END-- [ RunTime:0.001577s ]
SQL: SHOW COLUMNS FROM `qiq_user` [ RunTime:0.0067s ]
SQL: SELECT * FROM `qiq_user` WHERE `id` = 37 LIMIT 1   [ RunTime:0.0005s ]
SQL: SHOW COLUMNS FROM `qiq_team` [ RunTime:0.0445s ]
SQL: SELECT * FROM `qiq_team` WHERE `Uid` = 37 LIMIT 1   [ RunTime:0.0011s ]
SQL: SHOW COLUMNS FROM `qiq_teammember` [ RunTime:0.1136s ]
SQL: SELECT * FROM `qiq_teammember` WHERE `Tid` = 1 AND `member_type` = '导师'  [ RunTime:0.0273s ]
SQL: SELECT * FROM `qiq_teammember` WHERE `Tid` = 1 AND `member_type` = '成员'  [ RunTime:0.0010s ]
INFO: [ view_parse ] --START--
INFO: [ template_filter ] --START--
INFO: Run Behavior\ContentReplaceBehavior [ RunTime:0.000247s ]
INFO: [ template_filter ] --END-- [ RunTime:0.000310s ]
INFO: Run Behavior\ParseTemplateBehavior [ RunTime:0.096060s ]
INFO: [ view_parse ] --END-- [ RunTime:0.096173s ]
INFO: [ view_filter ] --START--
INFO: Run Behavior\WriteHtmlCacheBehavior [ RunTime:0.000880s ]
INFO: [ view_filter ] --END-- [ RunTime:0.000934s ]
INFO: [ app_end ] --START--
INFO: Run Behavior\ShowPageTraceBehavior [ RunTime:0.001228s ]
INFO: [ app_end ] --END-- [ RunTime:0.001322s ]

[ 2017-05-19T01:33:09+08:00 ] 127.0.0.1 /thinkphp3.2.3/index.php/User/myData
INFO: [ app_init ] --START--
INFO: Run Behavior\BuildLiteBehavior [ RunTime:0.000021s ]
INFO: [ app_init ] --END-- [ RunTime:0.000922s ]
INFO: [ app_begin ] --START--
INFO: Run Behavior\ReadHtmlCacheBehavior [ RunTime:0.001590s ]
INFO: [ app_begin ] --END-- [ RunTime:0.001684s ]
SQL: SHOW COLUMNS FROM `qiq_user` [ RunTime:0.0054s ]
SQL: SELECT * FROM `qiq_user` WHERE `id` = 37 LIMIT 1   [ RunTime:0.0006s ]
SQL: SHOW COLUMNS FROM `qiq_user` [ RunTime:0.0051s ]
SQL: SELECT * FROM `qiq_user` WHERE `id` = 37 LIMIT 1   [ RunTime:0.0005s ]
INFO: [ view_parse ] --START--
INFO: [ template_filter ] --START--
INFO: Run Behavior\ContentReplaceBehavior [ RunTime:0.000529s ]
INFO: [ template_filter ] --END-- [ RunTime:0.000642s ]
INFO: Run Behavior\ParseTemplateBehavior [ RunTime:0.092673s ]
INFO: [ view_parse ] --END-- [ RunTime:0.092794s ]
INFO: [ view_filter ] --START--
INFO: Run Behavior\WriteHtmlCacheBehavior [ RunTime:0.001939s ]
INFO: [ view_filter ] --END-- [ RunTime:0.002075s ]
INFO: [ app_end ] --START--
INFO: Run Behavior\ShowPageTraceBehavior [ RunTime:0.002321s ]
INFO: [ app_end ] --END-- [ RunTime:0.002489s ]

[ 2017-05-19T01:33:10+08:00 ] 127.0.0.1 /thinkphp3.2.3/index.php/User/myAccount
INFO: [ app_init ] --START--
INFO: Run Behavior\BuildLiteBehavior [ RunTime:0.000018s ]
INFO: [ app_init ] --END-- [ RunTime:0.000632s ]
INFO: [ app_begin ] --START--
INFO: Run Behavior\ReadHtmlCacheBehavior [ RunTime:0.001315s ]
INFO: [ app_begin ] --END-- [ RunTime:0.001411s ]
SQL: SHOW COLUMNS FROM `qiq_user` [ RunTime:0.0055s ]
SQL: SELECT * FROM `qiq_user` WHERE `id` = 37 LIMIT 1   [ RunTime:0.0005s ]
SQL: SELECT * FROM `qiq_user` WHERE `id` = 37 LIMIT 1   [ RunTime:0.0003s ]
INFO: [ view_parse ] --START--
INFO: [ template_filter ] --START--
INFO: Run Behavior\ContentReplaceBehavior [ RunTime:0.000328s ]
INFO: [ template_filter ] --END-- [ RunTime:0.000390s ]
INFO: Run Behavior\ParseTemplateBehavior [ RunTime:0.055883s ]
INFO: [ view_parse ] --END-- [ RunTime:0.055950s ]
INFO: [ view_filter ] --START--
INFO: Run Behavior\WriteHtmlCacheBehavior [ RunTime:0.000889s ]
INFO: [ view_filter ] --END-- [ RunTime:0.000955s ]
INFO: [ app_end ] --START--
INFO: Run Behavior\ShowPageTraceBehavior [ RunTime:0.001573s ]
INFO: [ app_end ] --END-- [ RunTime:0.001677s ]

[ 2017-05-19T01:33:13+08:00 ] 127.0.0.1 /thinkphp3.2.3/index.php/User/myData
INFO: [ app_init ] --START--
INFO: Run Behavior\BuildLiteBehavior [ RunTime:0.000021s ]
INFO: [ app_init ] --END-- [ RunTime:0.000694s ]
INFO: [ app_begin ] --START--
INFO: Run Behavior\ReadHtmlCacheBehavior [ RunTime:0.001563s ]
INFO: [ app_begin ] --END-- [ RunTime:0.001670s ]
SQL: SHOW COLUMNS FROM `qiq_user` [ RunTime:0.0220s ]
SQL: SELECT * FROM `qiq_user` WHERE `id` = 37 LIMIT 1   [ RunTime:0.0005s ]
SQL: SHOW COLUMNS FROM `qiq_user` [ RunTime:0.0059s ]
SQL: SELECT * FROM `qiq_user` WHERE `id` = 37 LIMIT 1   [ RunTime:0.0004s ]
INFO: [ view_parse ] --START--
INFO: [ template_filter ] --START--
INFO: Run Behavior\ContentReplaceBehavior [ RunTime:0.000282s ]
INFO: [ template_filter ] --END-- [ RunTime:0.000346s ]
INFO: Run Behavior\ParseTemplateBehavior [ RunTime:0.020122s ]
INFO: [ view_parse ] --END-- [ RunTime:0.020187s ]
INFO: [ view_filter ] --START--
INFO: Run Behavior\WriteHtmlCacheBehavior [ RunTime:0.000842s ]
INFO: [ view_filter ] --END-- [ RunTime:0.000898s ]
INFO: [ app_end ] --START--
INFO: Run Behavior\ShowPageTraceBehavior [ RunTime:0.001347s ]
INFO: [ app_end ] --END-- [ RunTime:0.001461s ]

[ 2017-05-19T01:33:29+08:00 ] 127.0.0.1 /thinkphp3.2.3/index.php/Index/index
INFO: [ app_init ] --START--
INFO: Run Behavior\BuildLiteBehavior [ RunTime:0.000021s ]
INFO: [ app_init ] --END-- [ RunTime:0.000753s ]
INFO: [ app_begin ] --START--
INFO: Run Behavior\ReadHtmlCacheBehavior [ RunTime:0.001118s ]
INFO: [ app_begin ] --END-- [ RunTime:0.001215s ]
SQL: SHOW COLUMNS FROM `qiq_user` [ RunTime:0.0220s ]
SQL: SELECT * FROM `qiq_user` WHERE `id` = 37 LIMIT 1   [ RunTime:0.0006s ]
SQL: SHOW COLUMNS FROM `qiq_user` [ RunTime:0.0057s ]
SQL: SHOW COLUMNS FROM `qiq_video` [ RunTime:0.0052s ]
SQL: SELECT * FROM `qiq_video` WHERE `video_state` = 1 ORDER BY play_times desc LIMIT 5   [ RunTime:0.0006s ]
SQL: SELECT * FROM `qiq_video` WHERE `video_state` = 1 ORDER BY vidup_time desc LIMIT 9   [ RunTime:0.0006s ]
SQL: SELECT * FROM `qiq_video` WHERE `video_state` = 1 ORDER BY play_times desc LIMIT 10   [ RunTime:0.0006s ]
SQL: SHOW COLUMNS FROM `qiq_plan` [ RunTime:0.0065s ]
SQL: SELECT * FROM `qiq_plan` WHERE `plan_state` = 1 ORDER BY planup_time desc LIMIT 6   [ RunTime:0.0010s ]
SQL: SHOW COLUMNS FROM `qiq_plan_block` [ RunTime:0.0046s ]
SQL: SELECT `name` FROM `qiq_plan_block` WHERE `id` = 2 LIMIT 1   [ RunTime:0.0004s ]
SQL: SELECT `name` FROM `qiq_plan_block` WHERE `id` = 4 LIMIT 1   [ RunTime:0.0003s ]
SQL: SELECT `name` FROM `qiq_plan_block` WHERE `id` = 1 LIMIT 1   [ RunTime:0.0003s ]
SQL: SELECT `name` FROM `qiq_plan_block` WHERE `id` = 4 LIMIT 1   [ RunTime:0.0002s ]
SQL: SELECT `name` FROM `qiq_plan_block` WHERE `id` = 3 LIMIT 1   [ RunTime:0.0002s ]
SQL: SELECT `name` FROM `qiq_plan_block` WHERE `id` = 1 LIMIT 1   [ RunTime:0.0002s ]
SQL: SHOW COLUMNS FROM `qiq_video_block` [ RunTime:0.0052s ]
SQL: SELECT `type` FROM `qiq_video_block` WHERE `id` = 7 LIMIT 1   [ RunTime:0.0004s ]
SQL: SELECT `type` FROM `qiq_video_block` WHERE `id` = 6 LIMIT 1   [ RunTime:0.0004s ]
SQL: SELECT `type` FROM `qiq_video_block` WHERE `id` = 7 LIMIT 1   [ RunTime:0.0003s ]
SQL: SELECT `type` FROM `qiq_video_block` WHERE `id` = 2 LIMIT 1   [ RunTime:0.0002s ]
SQL: SELECT `type` FROM `qiq_video_block` WHERE `id` = 1 LIMIT 1   [ RunTime:0.0002s ]
SQL: SELECT `type` FROM `qiq_video_block` WHERE `id` = 1 LIMIT 1   [ RunTime:0.0002s ]
SQL: SELECT * FROM `qiq_plan` WHERE `plan_state` = 1 ORDER BY plan_times desc LIMIT 10   [ RunTime:0.0010s ]
SQL: SHOW COLUMNS FROM `qiq_information` [ RunTime:0.0051s ]
SQL: SELECT * FROM `qiq_information` ORDER BY news_visit desc LIMIT 5   [ RunTime:0.0008s ]
SQL: SELECT * FROM `qiq_information` ORDER BY news_visit desc LIMIT 10   [ RunTime:0.0025s ]
SQL: SHOW COLUMNS FROM `qiq_team` [ RunTime:0.0056s ]
SQL: SELECT * FROM `qiq_team` WHERE `status` = 1 ORDER BY id DESC LIMIT 8   [ RunTime:0.0005s ]
SQL: SELECT * FROM `qiq_team` WHERE `status` = 1 ORDER BY team_times DESC LIMIT 8   [ RunTime:0.0004s ]
INFO: [ view_parse ] --START--
INFO: [ template_filter ] --START--
INFO: Run Behavior\ContentReplaceBehavior [ RunTime:0.000384s ]
INFO: [ template_filter ] --END-- [ RunTime:0.000503s ]
NOTIC: [8] Undefined variable: hottem D:\ProgramFilesStudy\phpStudy\WWW\thinkphp3.2.3\Application\Runtime\Cache\Home\2a94b8bda04ff446dcedd42276fc99ee.php 第 312 行.
NOTIC: [8] Undefined variable: hottem D:\ProgramFilesStudy\phpStudy\WWW\thinkphp3.2.3\Application\Runtime\Cache\Home\2a94b8bda04ff446dcedd42276fc99ee.php 第 312 行.
NOTIC: [8] Undefined variable: hottem D:\ProgramFilesStudy\phpStudy\WWW\thinkphp3.2.3\Application\Runtime\Cache\Home\2a94b8bda04ff446dcedd42276fc99ee.php 第 312 行.
NOTIC: [8] Undefined variable: hottem D:\ProgramFilesStudy\phpStudy\WWW\thinkphp3.2.3\Application\Runtime\Cache\Home\2a94b8bda04ff446dcedd42276fc99ee.php 第 312 行.
NOTIC: [8] Undefined variable: hottem D:\ProgramFilesStudy\phpStudy\WWW\thinkphp3.2.3\Application\Runtime\Cache\Home\2a94b8bda04ff446dcedd42276fc99ee.php 第 312 行.
INFO: Run Behavior\ParseTemplateBehavior [ RunTime:0.032765s ]
INFO: [ view_parse ] --END-- [ RunTime:0.032829s ]
INFO: [ view_filter ] --START--
INFO: Run Behavior\WriteHtmlCacheBehavior [ RunTime:0.000941s ]
INFO: [ view_filter ] --END-- [ RunTime:0.000987s ]
INFO: [ app_end ] --START--
INFO: Run Behavior\ShowPageTraceBehavior [ RunTime:0.001464s ]
INFO: [ app_end ] --END-- [ RunTime:0.001568s ]

[ 2017-05-19T01:33:34+08:00 ] 127.0.0.1 /thinkphp3.2.3/index.php/Information/index
INFO: [ app_init ] --START--
INFO: Run Behavior\BuildLiteBehavior [ RunTime:0.000032s ]
INFO: [ app_init ] --END-- [ RunTime:0.000874s ]
INFO: [ app_begin ] --START--
INFO: Run Behavior\ReadHtmlCacheBehavior [ RunTime:0.001092s ]
INFO: [ app_begin ] --END-- [ RunTime:0.001167s ]
SQL: SHOW COLUMNS FROM `qiq_user` [ RunTime:0.0054s ]
SQL: SELECT * FROM `qiq_user` WHERE `id` = 37 LIMIT 1   [ RunTime:0.0005s ]
SQL: SHOW COLUMNS FROM `qiq_block` [ RunTime:0.0386s ]
SQL: SELECT * FROM `qiq_block`  [ RunTime:0.0004s ]
SQL: SHOW COLUMNS FROM `qiq_information` [ RunTime:0.0298s ]
SQL: SELECT COUNT(*) AS tp_count FROM `qiq_information` WHERE `is_send` = 1 LIMIT 1   [ RunTime:0.0006s ]
SQL: SELECT * FROM `qiq_information` WHERE `is_send` = 1 ORDER BY news_time desc LIMIT 0,5   [ RunTime:0.0010s ]
SQL: SELECT `id`,`news_title` FROM `qiq_information` WHERE `news_time` > 1495042414 AND `is_send` = 1 ORDER BY news_visit DESC LIMIT 10   [ RunTime:0.0004s ]
SQL: SELECT `id`,`news_title` FROM `qiq_information` WHERE `news_time` >= 1494524014 AND `blockid` = 4 AND `is_send` = 1 ORDER BY news_visit DESC LIMIT 10   [ RunTime:0.0004s ]
INFO: [ view_parse ] --START--
INFO: [ template_filter ] --START--
INFO: Run Behavior\ContentReplaceBehavior [ RunTime:0.000150s ]
INFO: [ template_filter ] --END-- [ RunTime:0.000211s ]
INFO: Run Behavior\ParseTemplateBehavior [ RunTime:0.019230s ]
INFO: [ view_parse ] --END-- [ RunTime:0.019294s ]
INFO: [ view_filter ] --START--
INFO: Run Behavior\WriteHtmlCacheBehavior [ RunTime:0.000799s ]
INFO: [ view_filter ] --END-- [ RunTime:0.000842s ]
INFO: [ app_end ] --START--
INFO: Run Behavior\ShowPageTraceBehavior [ RunTime:0.001204s ]
INFO: [ app_end ] --END-- [ RunTime:0.001284s ]

[ 2017-05-19T01:35:58+08:00 ] 127.0.0.1 /thinkphp3.2.3/index.php/Index/index
INFO: [ app_init ] --START--
INFO: Run Behavior\BuildLiteBehavior [ RunTime:0.000019s ]
INFO: [ app_init ] --END-- [ RunTime:0.000601s ]
INFO: [ app_begin ] --START--
INFO: Run Behavior\ReadHtmlCacheBehavior [ RunTime:0.000998s ]
INFO: [ app_begin ] --END-- [ RunTime:0.001059s ]
SQL: SHOW COLUMNS FROM `qiq_user` [ RunTime:0.0057s ]
SQL: SELECT * FROM `qiq_user` WHERE `id` = 37 LIMIT 1   [ RunTime:0.0004s ]
SQL: SHOW COLUMNS FROM `qiq_user` [ RunTime:0.0570s ]
SQL: SHOW COLUMNS FROM `qiq_video` [ RunTime:0.0057s ]
SQL: SELECT * FROM `qiq_video` WHERE `video_state` = 1 ORDER BY play_times desc LIMIT 5   [ RunTime:0.0007s ]
SQL: SELECT * FROM `qiq_video` WHERE `video_state` = 1 ORDER BY vidup_time desc LIMIT 9   [ RunTime:0.0006s ]
SQL: SELECT * FROM `qiq_video` WHERE `video_state` = 1 ORDER BY play_times desc LIMIT 10   [ RunTime:0.0006s ]
SQL: SHOW COLUMNS FROM `qiq_plan` [ RunTime:0.0053s ]
SQL: SELECT * FROM `qiq_plan` WHERE `plan_state` = 1 ORDER BY planup_time desc LIMIT 6   [ RunTime:0.0010s ]
SQL: SHOW COLUMNS FROM `qiq_plan_block` [ RunTime:0.0047s ]
SQL: SELECT `name` FROM `qiq_plan_block` WHERE `id` = 2 LIMIT 1   [ RunTime:0.0004s ]
SQL: SELECT `name` FROM `qiq_plan_block` WHERE `id` = 4 LIMIT 1   [ RunTime:0.0003s ]
SQL: SELECT `name` FROM `qiq_plan_block` WHERE `id` = 1 LIMIT 1   [ RunTime:0.0003s ]
SQL: SELECT `name` FROM `qiq_plan_block` WHERE `id` = 4 LIMIT 1   [ RunTime:0.0003s ]
SQL: SELECT `name` FROM `qiq_plan_block` WHERE `id` = 3 LIMIT 1   [ RunTime:0.0003s ]
SQL: SELECT `name` FROM `qiq_plan_block` WHERE `id` = 1 LIMIT 1   [ RunTime:0.0003s ]
SQL: SHOW COLUMNS FROM `qiq_video_block` [ RunTime:0.0048s ]
SQL: SELECT `type` FROM `qiq_video_block` WHERE `id` = 7 LIMIT 1   [ RunTime:0.0003s ]
SQL: SELECT `type` FROM `qiq_video_block` WHERE `id` = 6 LIMIT 1   [ RunTime:0.0003s ]
SQL: SELECT `type` FROM `qiq_video_block` WHERE `id` = 7 LIMIT 1   [ RunTime:0.0002s ]
SQL: SELECT `type` FROM `qiq_video_block` WHERE `id` = 2 LIMIT 1   [ RunTime:0.0002s ]
SQL: SELECT `type` FROM `qiq_video_block` WHERE `id` = 1 LIMIT 1   [ RunTime:0.0002s ]
SQL: SELECT `type` FROM `qiq_video_block` WHERE `id` = 1 LIMIT 1   [ RunTime:0.0002s ]
SQL: SELECT * FROM `qiq_plan` WHERE `plan_state` = 1 ORDER BY plan_times desc LIMIT 10   [ RunTime:0.0010s ]
SQL: SHOW COLUMNS FROM `qiq_information` [ RunTime:0.0057s ]
SQL: SELECT * FROM `qiq_information` ORDER BY news_visit desc LIMIT 5   [ RunTime:0.0011s ]
SQL: SELECT * FROM `qiq_information` ORDER BY news_visit desc LIMIT 10   [ RunTime:0.0024s ]
SQL: SHOW COLUMNS FROM `qiq_team` [ RunTime:0.0048s ]
SQL: SELECT * FROM `qiq_team` WHERE `status` = 1 ORDER BY id DESC LIMIT 8   [ RunTime:0.0005s ]
SQL: SELECT * FROM `qiq_team` WHERE `status` = 1 ORDER BY team_times DESC LIMIT 8   [ RunTime:0.0004s ]
INFO: [ view_parse ] --START--
INFO: [ template_filter ] --START--
INFO: Run Behavior\ContentReplaceBehavior [ RunTime:0.000258s ]
INFO: [ template_filter ] --END-- [ RunTime:0.000335s ]
NOTIC: [8] Undefined variable: hottem D:\ProgramFilesStudy\phpStudy\WWW\thinkphp3.2.3\Application\Runtime\Cache\Home\2a94b8bda04ff446dcedd42276fc99ee.php 第 312 行.
NOTIC: [8] Undefined variable: hottem D:\ProgramFilesStudy\phpStudy\WWW\thinkphp3.2.3\Application\Runtime\Cache\Home\2a94b8bda04ff446dcedd42276fc99ee.php 第 312 行.
NOTIC: [8] Undefined variable: hottem D:\ProgramFilesStudy\phpStudy\WWW\thinkphp3.2.3\Application\Runtime\Cache\Home\2a94b8bda04ff446dcedd42276fc99ee.php 第 312 行.
NOTIC: [8] Undefined variable: hottem D:\ProgramFilesStudy\phpStudy\WWW\thinkphp3.2.3\Application\Runtime\Cache\Home\2a94b8bda04ff446dcedd42276fc99ee.php 第 312 行.
NOTIC: [8] Undefined variable: hottem D:\ProgramFilesStudy\phpStudy\WWW\thinkphp3.2.3\Application\Runtime\Cache\Home\2a94b8bda04ff446dcedd42276fc99ee.php 第 312 行.
INFO: Run Behavior\ParseTemplateBehavior [ RunTime:0.031258s ]
INFO: [ view_parse ] --END-- [ RunTime:0.031335s ]
INFO: [ view_filter ] --START--
INFO: Run Behavior\WriteHtmlCacheBehavior [ RunTime:0.000934s ]
INFO: [ view_filter ] --END-- [ RunTime:0.000985s ]
INFO: [ app_end ] --START--
INFO: Run Behavior\ShowPageTraceBehavior [ RunTime:0.001415s ]
INFO: [ app_end ] --END-- [ RunTime:0.001503s ]

[ 2017-05-19T01:40:09+08:00 ] 127.0.0.1 /thinkphp3.2.3/index.php/Information/index
INFO: [ app_init ] --START--
INFO: Run Behavior\BuildLiteBehavior [ RunTime:0.000020s ]
INFO: [ app_init ] --END-- [ RunTime:0.000678s ]
INFO: [ app_begin ] --START--
INFO: Run Behavior\ReadHtmlCacheBehavior [ RunTime:0.001050s ]
INFO: [ app_begin ] --END-- [ RunTime:0.001110s ]
SQL: SHOW COLUMNS FROM `qiq_user` [ RunTime:0.1380s ]
SQL: SELECT * FROM `qiq_user` WHERE `id` = 37 LIMIT 1   [ RunTime:0.0005s ]
SQL: SHOW COLUMNS FROM `qiq_block` [ RunTime:0.0046s ]
SQL: SELECT * FROM `qiq_block`  [ RunTime:0.0004s ]
SQL: SHOW COLUMNS FROM `qiq_information` [ RunTime:0.0057s ]
SQL: SELECT COUNT(*) AS tp_count FROM `qiq_information` WHERE `is_send` = 1 LIMIT 1   [ RunTime:0.0005s ]
SQL: SELECT * FROM `qiq_information` WHERE `is_send` = 1 ORDER BY news_time desc LIMIT 0,5   [ RunTime:0.0014s ]
SQL: SELECT `id`,`news_title` FROM `qiq_information` WHERE `news_time` > 1495042809 AND `is_send` = 1 ORDER BY news_visit DESC LIMIT 10   [ RunTime:0.0005s ]
SQL: SELECT `id`,`news_title` FROM `qiq_information` WHERE `news_time` >= 1494524409 AND `blockid` = 4 AND `is_send` = 1 ORDER BY news_visit DESC LIMIT 10   [ RunTime:0.0005s ]
INFO: [ view_parse ] --START--
INFO: [ template_filter ] --START--
INFO: Run Behavior\ContentReplaceBehavior [ RunTime:0.000174s ]
INFO: [ template_filter ] --END-- [ RunTime:0.000260s ]
INFO: Run Behavior\ParseTemplateBehavior [ RunTime:0.020529s ]
INFO: [ view_parse ] --END-- [ RunTime:0.020597s ]
INFO: [ view_filter ] --START--
INFO: Run Behavior\WriteHtmlCacheBehavior [ RunTime:0.000778s ]
INFO: [ view_filter ] --END-- [ RunTime:0.000821s ]
INFO: [ app_end ] --START--
INFO: Run Behavior\ShowPageTraceBehavior [ RunTime:0.001523s ]
INFO: [ app_end ] --END-- [ RunTime:0.001616s ]

[ 2017-05-19T01:42:17+08:00 ] 127.0.0.1 /thinkphp3.2.3/index.php/Variety/index
INFO: [ app_init ] --START--
INFO: Run Behavior\BuildLiteBehavior [ RunTime:0.000022s ]
INFO: [ app_init ] --END-- [ RunTime:0.000738s ]
INFO: [ app_begin ] --START--
INFO: Run Behavior\ReadHtmlCacheBehavior [ RunTime:0.001129s ]
INFO: [ app_begin ] --END-- [ RunTime:0.001200s ]
SQL: SHOW COLUMNS FROM `qiq_user` [ RunTime:0.0054s ]
SQL: SELECT * FROM `qiq_user` WHERE `id` = 37 LIMIT 1   [ RunTime:0.0005s ]
SQL: SHOW COLUMNS FROM `qiq_video` [ RunTime:0.0744s ]
SQL: SELECT COUNT(*) AS tp_count FROM `qiq_video` WHERE ( video_state=1 ) LIMIT 1   [ RunTime:0.0011s ]
SQL: SELECT * FROM qiq_video v LEFT JOIN qiq_video_attributes a ON v.id=a.videoid  WHERE ( video_state=1 ) ORDER BY v.vidup_time desc LIMIT 0,8   [ RunTime:0.0028s ]
SQL: SHOW COLUMNS FROM `qiq_video_block` [ RunTime:0.0137s ]
SQL: SELECT * FROM `qiq_video_block` ORDER BY id DESC  [ RunTime:0.0010s ]
INFO: [ view_parse ] --START--
INFO: [ template_filter ] --START--
INFO: Run Behavior\ContentReplaceBehavior [ RunTime:0.000380s ]
INFO: [ template_filter ] --END-- [ RunTime:0.000548s ]
INFO: Run Behavior\ParseTemplateBehavior [ RunTime:0.047427s ]
INFO: [ view_parse ] --END-- [ RunTime:0.047573s ]
INFO: [ view_filter ] --START--
INFO: Run Behavior\WriteHtmlCacheBehavior [ RunTime:0.001778s ]
INFO: [ view_filter ] --END-- [ RunTime:0.001873s ]
INFO: [ app_end ] --START--
INFO: Run Behavior\ShowPageTraceBehavior [ RunTime:0.002050s ]
INFO: [ app_end ] --END-- [ RunTime:0.002208s ]

[ 2017-05-19T01:42:18+08:00 ] 127.0.0.1 /thinkphp3.2.3/index.php/Team/index
INFO: [ app_init ] --START--
INFO: Run Behavior\BuildLiteBehavior [ RunTime:0.000025s ]
INFO: [ app_init ] --END-- [ RunTime:0.000653s ]
INFO: [ app_begin ] --START--
INFO: Run Behavior\ReadHtmlCacheBehavior [ RunTime:0.001098s ]
INFO: [ app_begin ] --END-- [ RunTime:0.001162s ]
SQL: SHOW COLUMNS FROM `qiq_user` [ RunTime:0.0054s ]
SQL: SELECT * FROM `qiq_user` WHERE `id` = 37 LIMIT 1   [ RunTime:0.0005s ]
SQL: SHOW COLUMNS FROM `qiq_team` [ RunTime:0.0063s ]
SQL: SELECT * FROM `qiq_team` WHERE `status` = 1  [ RunTime:0.0004s ]
SQL: SELECT COUNT(*) AS tp_count FROM `qiq_team` WHERE `status` = 1 LIMIT 1   [ RunTime:0.0003s ]
SQL: SELECT `id`,`Uid`,`team_name`,`team_slogan`,`team_summary`,`team_pic`,`team_times`,`status` FROM `qiq_team` WHERE `status` = 1 ORDER BY id desc LIMIT 0,3   [ RunTime:0.0004s ]
INFO: [ view_parse ] --START--
INFO: [ template_filter ] --START--
INFO: Run Behavior\ContentReplaceBehavior [ RunTime:0.000139s ]
INFO: [ template_filter ] --END-- [ RunTime:0.000202s ]
INFO: Run Behavior\ParseTemplateBehavior [ RunTime:0.016412s ]
INFO: [ view_parse ] --END-- [ RunTime:0.016504s ]
INFO: [ view_filter ] --START--
INFO: Run Behavior\WriteHtmlCacheBehavior [ RunTime:0.000853s ]
INFO: [ view_filter ] --END-- [ RunTime:0.000906s ]
INFO: [ app_end ] --START--
INFO: Run Behavior\ShowPageTraceBehavior [ RunTime:0.001402s ]
INFO: [ app_end ] --END-- [ RunTime:0.001490s ]

[ 2017-05-19T01:42:19+08:00 ] 127.0.0.1 /thinkphp3.2.3/index.php/Incubation/index
INFO: [ app_init ] --START--
INFO: Run Behavior\BuildLiteBehavior [ RunTime:0.000020s ]
INFO: [ app_init ] --END-- [ RunTime:0.000706s ]
INFO: [ app_begin ] --START--
INFO: Run Behavior\ReadHtmlCacheBehavior [ RunTime:0.001481s ]
INFO: [ app_begin ] --END-- [ RunTime:0.001585s ]
SQL: SHOW COLUMNS FROM `qiq_user` [ RunTime:0.0051s ]
SQL: SELECT * FROM `qiq_user` WHERE `id` = 37 LIMIT 1   [ RunTime:0.0006s ]
SQL: SHOW COLUMNS FROM `qiq_plan` [ RunTime:0.0048s ]
SQL: SELECT COUNT(*) AS tp_count FROM `qiq_plan` WHERE ( plan_state=1 ) LIMIT 1   [ RunTime:0.0004s ]
SQL: SELECT * FROM `qiq_plan` WHERE ( plan_state=1 ) ORDER BY planup_time DESC LIMIT 0,3   [ RunTime:0.0008s ]
SQL: SHOW COLUMNS FROM `qiq_user` [ RunTime:0.0053s ]
SQL: SELECT `username`,`head_pic` FROM `qiq_user` WHERE `id` = 39 LIMIT 1   [ RunTime:0.0003s ]
SQL: SHOW COLUMNS FROM `qiq_team` [ RunTime:0.0052s ]
SQL: SELECT `team_name` FROM `qiq_team` WHERE `id` = 7 LIMIT 1   [ RunTime:0.0003s ]
SQL: SHOW COLUMNS FROM `qiq_video_block` [ RunTime:0.0048s ]
SQL: SELECT `type` FROM `qiq_video_block` WHERE `id` = 7 LIMIT 1   [ RunTime:0.0003s ]
SQL: SHOW COLUMNS FROM `qiq_plan_block` [ RunTime:0.0044s ]
SQL: SELECT `name` FROM `qiq_plan_block` WHERE `id` = 2 LIMIT 1   [ RunTime:0.0003s ]
SQL: SELECT `username`,`head_pic` FROM `qiq_user` WHERE `id` = 39 LIMIT 1   [ RunTime:0.0003s ]
SQL: SELECT `type` FROM `qiq_video_block` WHERE `id` = 6 LIMIT 1   [ RunTime:0.0002s ]
SQL: SELECT `name` FROM `qiq_plan_block` WHERE `id` = 4 LIMIT 1   [ RunTime:0.0003s ]
SQL: SELECT `username`,`head_pic` FROM `qiq_user` WHERE `id` = 67 LIMIT 1   [ RunTime:0.0003s ]
SQL: SELECT `type` FROM `qiq_video_block` WHERE `id` = 7 LIMIT 1   [ RunTime:0.0003s ]
SQL: SELECT `name` FROM `qiq_plan_block` WHERE `id` = 1 LIMIT 1   [ RunTime:0.0002s ]
SQL: SELECT * FROM `qiq_video_block` ORDER BY id desc  [ RunTime:0.0003s ]
SQL: SELECT * FROM `qiq_plan_block`  [ RunTime:0.0002s ]
INFO: [ view_parse ] --START--
INFO: [ template_filter ] --START--
INFO: Run Behavior\ContentReplaceBehavior [ RunTime:0.000188s ]
INFO: [ template_filter ] --END-- [ RunTime:0.000258s ]
INFO: Run Behavior\ParseTemplateBehavior [ RunTime:0.022818s ]
INFO: [ view_parse ] --END-- [ RunTime:0.022886s ]
INFO: [ view_filter ] --START--
INFO: Run Behavior\WriteHtmlCacheBehavior [ RunTime:0.000930s ]
INFO: [ view_filter ] --END-- [ RunTime:0.000986s ]
INFO: [ app_end ] --START--
INFO: Run Behavior\ShowPageTraceBehavior [ RunTime:0.001274s ]
INFO: [ app_end ] --END-- [ RunTime:0.001361s ]

[ 2017-05-19T01:42:47+08:00 ] 127.0.0.1 /thinkphp3.2.3/index.php/Wisdom/index
INFO: [ app_init ] --START--
INFO: Run Behavior\BuildLiteBehavior [ RunTime:0.000021s ]
INFO: [ app_init ] --END-- [ RunTime:0.000637s ]
INFO: [ app_begin ] --START--
INFO: Run Behavior\ReadHtmlCacheBehavior [ RunTime:0.001127s ]
INFO: [ app_begin ] --END-- [ RunTime:0.001203s ]
SQL: SHOW COLUMNS FROM `qiq_user` [ RunTime:0.0053s ]
SQL: SELECT * FROM `qiq_user` WHERE `id` = 37 LIMIT 1   [ RunTime:0.0005s ]
SQL: SHOW COLUMNS FROM `qiq_video_block` [ RunTime:0.0373s ]
SQL: SELECT * FROM `qiq_video_block` WHERE `type` <> '其它'  [ RunTime:0.0003s ]
SQL: SELECT `id` FROM `qiq_video_block` WHERE `type` = '其它' LIMIT 1   [ RunTime:0.0003s ]
SQL: SHOW COLUMNS FROM `qiq_team` [ RunTime:0.0047s ]
SQL: SELECT `id` FROM `qiq_team` WHERE `Uid` = 37 LIMIT 1   [ RunTime:0.0004s ]
INFO: [ view_parse ] --START--
INFO: [ template_filter ] --START--
INFO: Run Behavior\ContentReplaceBehavior [ RunTime:0.000159s ]
INFO: [ template_filter ] --END-- [ RunTime:0.000217s ]
INFO: Run Behavior\ParseTemplateBehavior [ RunTime:0.017041s ]
INFO: [ view_parse ] --END-- [ RunTime:0.017108s ]
INFO: [ view_filter ] --START--
INFO: Run Behavior\WriteHtmlCacheBehavior [ RunTime:0.000763s ]
INFO: [ view_filter ] --END-- [ RunTime:0.000808s ]
INFO: [ app_end ] --START--
INFO: Run Behavior\ShowPageTraceBehavior [ RunTime:0.001160s ]
INFO: [ app_end ] --END-- [ RunTime:0.001245s ]

[ 2017-05-19T01:44:15+08:00 ] 127.0.0.1 /thinkphp3.2.3/index.php/Incubation/index
INFO: [ app_init ] --START--
INFO: Run Behavior\BuildLiteBehavior [ RunTime:0.000022s ]
INFO: [ app_init ] --END-- [ RunTime:0.000894s ]
INFO: [ app_begin ] --START--
INFO: Run Behavior\ReadHtmlCacheBehavior [ RunTime:0.001239s ]
INFO: [ app_begin ] --END-- [ RunTime:0.001318s ]
SQL: SHOW COLUMNS FROM `qiq_user` [ RunTime:0.0053s ]
SQL: SELECT * FROM `qiq_user` WHERE `id` = 37 LIMIT 1   [ RunTime:0.0005s ]
SQL: SHOW COLUMNS FROM `qiq_plan` [ RunTime:0.0053s ]
SQL: SELECT COUNT(*) AS tp_count FROM `qiq_plan` WHERE ( plan_state=1 ) LIMIT 1   [ RunTime:0.0004s ]
SQL: SELECT * FROM `qiq_plan` WHERE ( plan_state=1 ) ORDER BY planup_time DESC LIMIT 0,3   [ RunTime:0.0008s ]
SQL: SHOW COLUMNS FROM `qiq_user` [ RunTime:0.0049s ]
SQL: SELECT `username`,`head_pic` FROM `qiq_user` WHERE `id` = 39 LIMIT 1   [ RunTime:0.0003s ]
SQL: SHOW COLUMNS FROM `qiq_team` [ RunTime:0.0046s ]
SQL: SELECT `team_name` FROM `qiq_team` WHERE `id` = 7 LIMIT 1   [ RunTime:0.0003s ]
SQL: SHOW COLUMNS FROM `qiq_video_block` [ RunTime:0.0046s ]
SQL: SELECT `type` FROM `qiq_video_block` WHERE `id` = 7 LIMIT 1   [ RunTime:0.0003s ]
SQL: SHOW COLUMNS FROM `qiq_plan_block` [ RunTime:0.0043s ]
SQL: SELECT `name` FROM `qiq_plan_block` WHERE `id` = 2 LIMIT 1   [ RunTime:0.0003s ]
SQL: SELECT `username`,`head_pic` FROM `qiq_user` WHERE `id` = 39 LIMIT 1   [ RunTime:0.0002s ]
SQL: SELECT `type` FROM `qiq_video_block` WHERE `id` = 6 LIMIT 1   [ RunTime:0.0002s ]
SQL: SELECT `name` FROM `qiq_plan_block` WHERE `id` = 4 LIMIT 1   [ RunTime:0.0003s ]
SQL: SELECT `username`,`head_pic` FROM `qiq_user` WHERE `id` = 67 LIMIT 1   [ RunTime:0.0003s ]
SQL: SELECT `type` FROM `qiq_video_block` WHERE `id` = 7 LIMIT 1   [ RunTime:0.0003s ]
SQL: SELECT `name` FROM `qiq_plan_block` WHERE `id` = 1 LIMIT 1   [ RunTime:0.0003s ]
SQL: SELECT * FROM `qiq_video_block` ORDER BY id desc  [ RunTime:0.0003s ]
SQL: SELECT * FROM `qiq_plan_block`  [ RunTime:0.0002s ]
INFO: [ view_parse ] --START--
INFO: [ template_filter ] --START--
INFO: Run Behavior\ContentReplaceBehavior [ RunTime:0.000198s ]
INFO: [ template_filter ] --END-- [ RunTime:0.000270s ]
INFO: Run Behavior\ParseTemplateBehavior [ RunTime:0.021731s ]
INFO: [ view_parse ] --END-- [ RunTime:0.021794s ]
INFO: [ view_filter ] --START--
INFO: Run Behavior\WriteHtmlCacheBehavior [ RunTime:0.000819s ]
INFO: [ view_filter ] --END-- [ RunTime:0.000888s ]
INFO: [ app_end ] --START--
INFO: Run Behavior\ShowPageTraceBehavior [ RunTime:0.001305s ]
INFO: [ app_end ] --END-- [ RunTime:0.001387s ]

