[ 2017-03-29T09:39:18+08:00 ] 127.0.0.1 /317/thinkphp3.2.3/index.php/Home/Index/index
INFO: [ app_init ] --START--
INFO: Run Behavior\BuildLiteBehavior [ RunTime:0.000000s ]
INFO: [ app_init ] --END-- [ RunTime:0.000000s ]
INFO: [ app_begin ] --START--
INFO: Run Behavior\ReadHtmlCacheBehavior [ RunTime:0.002000s ]
INFO: [ app_begin ] --END-- [ RunTime:0.002000s ]
SQL: SHOW COLUMNS FROM `qiq_user` [ RunTime:0.0410s ]
SQL: SHOW COLUMNS FROM `qiq_video` [ RunTime:0.0090s ]
SQL: SELECT * FROM `qiq_video` ORDER BY play_times desc LIMIT 6   [ RunTime:0.0010s ]
SQL: SELECT * FROM `qiq_video` ORDER BY vidup_time desc LIMIT 6   [ RunTime:0.0010s ]
SQL: SHOW COLUMNS FROM `qiq_information` [ RunTime:0.0460s ]
SQL: SELECT * FROM `qiq_information` ORDER BY news_visit desc LIMIT 5   [ RunTime:0.0020s ]
SQL: SHOW COLUMNS FROM `qiq_team` [ RunTime:0.0050s ]
SQL: SELECT * FROM `qiq_team` LIMIT 5   [ RunTime:0.0000s ]
INFO: [ view_parse ] --START--
INFO: [ template_filter ] --START--
INFO: Run Behavior\ContentReplaceBehavior [ RunTime:0.000000s ]
INFO: [ template_filter ] --END-- [ RunTime:0.000000s ]
NOTIC: [8] Use of undefined constant id - assumed 'id' E:\xampp\htdocs\317\thinkphp3.2.3\Application\Runtime\Cache\Home\2a94b8bda04ff446dcedd42276fc99ee.php 第 400 行.
NOTIC: [8] Array to string conversion E:\xampp\htdocs\317\thinkphp3.2.3\Application\Runtime\Cache\Home\2a94b8bda04ff446dcedd42276fc99ee.php 第 400 行.
NOTIC: [8] Use of undefined constant id - assumed 'id' E:\xampp\htdocs\317\thinkphp3.2.3\Application\Runtime\Cache\Home\2a94b8bda04ff446dcedd42276fc99ee.php 第 403 行.
NOTIC: [8] Array to string conversion E:\xampp\htdocs\317\thinkphp3.2.3\Application\Runtime\Cache\Home\2a94b8bda04ff446dcedd42276fc99ee.php 第 403 行.
NOTIC: [8] Use of undefined constant id - assumed 'id' E:\xampp\htdocs\317\thinkphp3.2.3\Application\Runtime\Cache\Home\2a94b8bda04ff446dcedd42276fc99ee.php 第 400 行.
NOTIC: [8] Array to string conversion E:\xampp\htdocs\317\thinkphp3.2.3\Application\Runtime\Cache\Home\2a94b8bda04ff446dcedd42276fc99ee.php 第 400 行.
NOTIC: [8] Use of undefined constant id - assumed 'id' E:\xampp\htdocs\317\thinkphp3.2.3\Application\Runtime\Cache\Home\2a94b8bda04ff446dcedd42276fc99ee.php 第 403 行.
NOTIC: [8] Array to string conversion E:\xampp\htdocs\317\thinkphp3.2.3\Application\Runtime\Cache\Home\2a94b8bda04ff446dcedd42276fc99ee.php 第 403 行.
INFO: Run Behavior\ParseTemplateBehavior [ RunTime:0.039002s ]
INFO: [ view_parse ] --END-- [ RunTime:0.039002s ]
INFO: [ view_filter ] --START--
INFO: Run Behavior\WriteHtmlCacheBehavior [ RunTime:0.002001s ]
INFO: [ view_filter ] --END-- [ RunTime:0.002001s ]
INFO: [ app_end ] --START--
INFO: Run Behavior\ShowPageTraceBehavior [ RunTime:0.001000s ]
INFO: [ app_end ] --END-- [ RunTime:0.001000s ]

[ 2017-03-29T11:27:34+08:00 ] 127.0.0.1 /317/thinkphp3.2.3/index.php/Wisdom/index
INFO: [ app_init ] --START--
INFO: Run Behavior\BuildLiteBehavior [ RunTime:0.000000s ]
INFO: [ app_init ] --END-- [ RunTime:0.000000s ]
INFO: [ app_begin ] --START--
INFO: Run Behavior\ReadHtmlCacheBehavior [ RunTime:0.001000s ]
INFO: [ app_begin ] --END-- [ RunTime:0.001000s ]
INFO: [ view_parse ] --START--
INFO: [ template_filter ] --START--
INFO: Run Behavior\ContentReplaceBehavior [ RunTime:0.001000s ]
INFO: [ template_filter ] --END-- [ RunTime:0.001000s ]
NOTIC: [2] Illegal string offset 'username' E:\xampp\htdocs\317\thinkphp3.2.3\Application\Runtime\Cache\Home\5e6b3ec239a0fa21f36dab032d9d0249.php 第 75 行.
INFO: Run Behavior\ParseTemplateBehavior [ RunTime:0.019001s ]
INFO: [ view_parse ] --END-- [ RunTime:0.019001s ]
INFO: [ view_filter ] --START--
INFO: Run Behavior\WriteHtmlCacheBehavior [ RunTime:0.000000s ]
INFO: [ view_filter ] --END-- [ RunTime:0.000000s ]
INFO: [ app_end ] --START--
INFO: Run Behavior\ShowPageTraceBehavior [ RunTime:0.001000s ]
INFO: [ app_end ] --END-- [ RunTime:0.001000s ]

[ 2017-03-29T11:27:34+08:00 ] 127.0.0.1 /317/thinkphp3.2.3/index.php/Wisdom/image/default.jpg
INFO: [ app_init ] --START--
INFO: Run Behavior\BuildLiteBehavior [ RunTime:0.000000s ]
INFO: [ app_init ] --END-- [ RunTime:0.000000s ]

[ 2017-03-29T11:27:35+08:00 ] 127.0.0.1 /317/thinkphp3.2.3/index.php/Incubation/index
INFO: [ app_init ] --START--
INFO: Run Behavior\BuildLiteBehavior [ RunTime:0.000000s ]
INFO: [ app_init ] --END-- [ RunTime:0.000000s ]
INFO: [ app_begin ] --START--
INFO: Run Behavior\ReadHtmlCacheBehavior [ RunTime:0.001000s ]
INFO: [ app_begin ] --END-- [ RunTime:0.001000s ]
SQL: SHOW COLUMNS FROM `qiq_plan` [ RunTime:0.0030s ]
SQL: SELECT * FROM `qiq_plan` WHERE ( plan_state=1 ) ORDER BY planup_time desc  [ RunTime:0.0010s ]
INFO: [ view_parse ] --START--
INFO: [ template_filter ] --START--
INFO: Run Behavior\ContentReplaceBehavior [ RunTime:0.001000s ]
INFO: [ template_filter ] --END-- [ RunTime:0.001000s ]
NOTIC: [2] Illegal string offset 'username' E:\xampp\htdocs\317\thinkphp3.2.3\Application\Runtime\Cache\Home\2628730880f2fb21027f8316f6358d44.php 第 75 行.
NOTIC: [8] Undefined index: plan_teamname E:\xampp\htdocs\317\thinkphp3.2.3\Application\Runtime\Cache\Home\2628730880f2fb21027f8316f6358d44.php 第 227 行.
NOTIC: [8] Undefined index: plan_team E:\xampp\htdocs\317\thinkphp3.2.3\Application\Runtime\Cache\Home\2628730880f2fb21027f8316f6358d44.php 第 228 行.
NOTIC: [8] Undefined index: plan_teamname E:\xampp\htdocs\317\thinkphp3.2.3\Application\Runtime\Cache\Home\2628730880f2fb21027f8316f6358d44.php 第 227 行.
NOTIC: [8] Undefined index: plan_team E:\xampp\htdocs\317\thinkphp3.2.3\Application\Runtime\Cache\Home\2628730880f2fb21027f8316f6358d44.php 第 228 行.
INFO: Run Behavior\ParseTemplateBehavior [ RunTime:0.015001s ]
INFO: [ view_parse ] --END-- [ RunTime:0.015001s ]
INFO: [ view_filter ] --START--
INFO: Run Behavior\WriteHtmlCacheBehavior [ RunTime:0.000000s ]
INFO: [ view_filter ] --END-- [ RunTime:0.000000s ]
INFO: [ app_end ] --START--
INFO: Run Behavior\ShowPageTraceBehavior [ RunTime:0.000000s ]
INFO: [ app_end ] --END-- [ RunTime:0.000000s ]

[ 2017-03-29T11:27:35+08:00 ] 127.0.0.1 /317/thinkphp3.2.3/index.php/Incubation/image/default.jpg
INFO: [ app_init ] --START--
INFO: Run Behavior\BuildLiteBehavior [ RunTime:0.000000s ]
INFO: [ app_init ] --END-- [ RunTime:0.000000s ]

[ 2017-03-29T11:27:35+08:00 ] 127.0.0.1 /317/thinkphp3.2.3/index.php/Wisdom/index
INFO: [ app_init ] --START--
INFO: Run Behavior\BuildLiteBehavior [ RunTime:0.000000s ]
INFO: [ app_init ] --END-- [ RunTime:0.001000s ]
INFO: [ app_begin ] --START--
INFO: Run Behavior\ReadHtmlCacheBehavior [ RunTime:0.000000s ]
INFO: [ app_begin ] --END-- [ RunTime:0.000000s ]
INFO: [ view_parse ] --START--
INFO: [ template_filter ] --START--
INFO: Run Behavior\ContentReplaceBehavior [ RunTime:0.001000s ]
INFO: [ template_filter ] --END-- [ RunTime:0.001000s ]
NOTIC: [2] Illegal string offset 'username' E:\xampp\htdocs\317\thinkphp3.2.3\Application\Runtime\Cache\Home\5e6b3ec239a0fa21f36dab032d9d0249.php 第 75 行.
INFO: Run Behavior\ParseTemplateBehavior [ RunTime:0.016001s ]
INFO: [ view_parse ] --END-- [ RunTime:0.016001s ]
INFO: [ view_filter ] --START--
INFO: Run Behavior\WriteHtmlCacheBehavior [ RunTime:0.001000s ]
INFO: [ view_filter ] --END-- [ RunTime:0.001000s ]
INFO: [ app_end ] --START--
INFO: Run Behavior\ShowPageTraceBehavior [ RunTime:0.001000s ]
INFO: [ app_end ] --END-- [ RunTime:0.001000s ]

[ 2017-03-29T11:27:35+08:00 ] 127.0.0.1 /317/thinkphp3.2.3/index.php/Wisdom/image/default.jpg
INFO: [ app_init ] --START--
INFO: Run Behavior\BuildLiteBehavior [ RunTime:0.000000s ]
INFO: [ app_init ] --END-- [ RunTime:0.001000s ]

[ 2017-03-29T11:28:14+08:00 ] 127.0.0.1 /317/thinkphp3.2.3/index.php/Wisdom/uploadVideo
INFO: [ app_init ] --START--
INFO: Run Behavior\BuildLiteBehavior [ RunTime:0.000000s ]
INFO: [ app_init ] --END-- [ RunTime:0.000000s ]
INFO: [ app_begin ] --START--
INFO: Run Behavior\ReadHtmlCacheBehavior [ RunTime:0.000000s ]
INFO: [ app_begin ] --END-- [ RunTime:0.000000s ]
NOTIC: [2] call_user_func() expects parameter 1 to be a valid callback, no array or string given E:\xampp\htdocs\317\thinkphp3.2.3\ThinkPHP\Library\Think\Upload.class.php 第 170 行.
SQL: SHOW COLUMNS FROM `qiq_video` [ RunTime:0.0020s ]
NOTIC: [8] Undefined index: validate E:\xampp\htdocs\317\thinkphp3.2.3\ThinkPHP\Library\Think\Model.class.php 第 1185 行.
NOTIC: [8] Undefined index: auto E:\xampp\htdocs\317\thinkphp3.2.3\ThinkPHP\Library\Think\Model.class.php 第 1128 行.
SQL: INSERT INTO `qiq_video` (`video_route`,`video_cover`,`Uid`,`video_type`,`video_title`,`video_summary`,`vidup_time`) VALUES ('/upload/Video/2017-03-29/58db29cc5a00a.mp4','58db29cc5a00a.jpg','1','音乐','大群','群啊群啊','1490758093') [ RunTime:0.0000s ]
SQL: SHOW COLUMNS FROM `qiq_video_attributes` [ RunTime:0.0200s ]
SQL: INSERT INTO `qiq_video_attributes` (`videoid`,`channels`,`abit_rate`,`acodec_name`,`vcodec_name`,`vbit_rate`,`avg_frame_rate`,`width`,`height`,`duration`,`size`) VALUES ('22','2','128000','aac','h264','1352980','24000/1001','1280','720','0小时49分51秒','529.53MB') [ RunTime:0.1350s ]
INFO: [ view_parse ] --START--
INFO: [ template_filter ] --START--
INFO: Run Behavior\ContentReplaceBehavior [ RunTime:0.000000s ]
INFO: [ template_filter ] --END-- [ RunTime:0.000000s ]
INFO: Run Behavior\ParseTemplateBehavior [ RunTime:0.020001s ]
INFO: [ view_parse ] --END-- [ RunTime:0.020001s ]
INFO: [ view_filter ] --START--
INFO: Run Behavior\WriteHtmlCacheBehavior [ RunTime:0.003001s ]
INFO: [ view_filter ] --END-- [ RunTime:0.003001s ]
INFO: [ app_end ] --START--
INFO: Run Behavior\ShowPageTraceBehavior [ RunTime:0.004000s ]
INFO: [ app_end ] --END-- [ RunTime:0.004000s ]

[ 2017-03-29T11:28:15+08:00 ] 127.0.0.1 /317/thinkphp3.2.3/index.php/Wisdom/index
INFO: [ app_init ] --START--
INFO: Run Behavior\BuildLiteBehavior [ RunTime:0.000000s ]
INFO: [ app_init ] --END-- [ RunTime:0.001000s ]
INFO: [ app_begin ] --START--
INFO: Run Behavior\ReadHtmlCacheBehavior [ RunTime:0.002001s ]
INFO: [ app_begin ] --END-- [ RunTime:0.002001s ]
INFO: [ view_parse ] --START--
INFO: [ template_filter ] --START--
INFO: Run Behavior\ContentReplaceBehavior [ RunTime:0.000000s ]
INFO: [ template_filter ] --END-- [ RunTime:0.000000s ]
NOTIC: [2] Illegal string offset 'username' E:\xampp\htdocs\317\thinkphp3.2.3\Application\Runtime\Cache\Home\5e6b3ec239a0fa21f36dab032d9d0249.php 第 75 行.
INFO: Run Behavior\ParseTemplateBehavior [ RunTime:0.015001s ]
INFO: [ view_parse ] --END-- [ RunTime:0.015001s ]
INFO: [ view_filter ] --START--
INFO: Run Behavior\WriteHtmlCacheBehavior [ RunTime:0.002000s ]
INFO: [ view_filter ] --END-- [ RunTime:0.002000s ]
INFO: [ app_end ] --START--
INFO: Run Behavior\ShowPageTraceBehavior [ RunTime:0.002000s ]
INFO: [ app_end ] --END-- [ RunTime:0.002000s ]

[ 2017-03-29T11:28:15+08:00 ] 127.0.0.1 /317/thinkphp3.2.3/index.php/Wisdom/image/default.jpg
INFO: [ app_init ] --START--
INFO: Run Behavior\BuildLiteBehavior [ RunTime:0.000000s ]
INFO: [ app_init ] --END-- [ RunTime:0.001000s ]

[ 2017-03-29T21:01:10+08:00 ] 127.0.0.1 /317/thinkphp3.2.3/index.php/Variety/index
INFO: [ app_init ] --START--
INFO: Run Behavior\BuildLiteBehavior [ RunTime:0.000000s ]
INFO: [ app_init ] --END-- [ RunTime:0.001001s ]
INFO: [ app_begin ] --START--
INFO: Run Behavior\ReadHtmlCacheBehavior [ RunTime:0.001000s ]
INFO: [ app_begin ] --END-- [ RunTime:0.001000s ]
SQL: SHOW COLUMNS FROM `qiq_video` [ RunTime:0.0020s ]
SQL: SELECT * FROM `qiq_video` WHERE ( video_state=1 ) ORDER BY vidup_time desc  [ RunTime:0.0000s ]
INFO: [ view_parse ] --START--
INFO: [ template_filter ] --START--
INFO: Run Behavior\ContentReplaceBehavior [ RunTime:0.000000s ]
INFO: [ template_filter ] --END-- [ RunTime:0.000000s ]
NOTIC: [2] Illegal string offset 'username' E:\xampp\htdocs\317\thinkphp3.2.3\Application\Runtime\Cache\Home\3cbd4d464185b92d3cfa2d8f44c43aa7.php 第 75 行.
NOTIC: [8] Undefined index: Uid E:\xampp\htdocs\317\thinkphp3.2.3\Application\Runtime\Cache\Home\3cbd4d464185b92d3cfa2d8f44c43aa7.php 第 240 行.
NOTIC: [8] Undefined index: Uid E:\xampp\htdocs\317\thinkphp3.2.3\Application\Runtime\Cache\Home\3cbd4d464185b92d3cfa2d8f44c43aa7.php 第 240 行.
NOTIC: [8] Undefined index: Uid E:\xampp\htdocs\317\thinkphp3.2.3\Application\Runtime\Cache\Home\3cbd4d464185b92d3cfa2d8f44c43aa7.php 第 240 行.
NOTIC: [8] Undefined index: Uid E:\xampp\htdocs\317\thinkphp3.2.3\Application\Runtime\Cache\Home\3cbd4d464185b92d3cfa2d8f44c43aa7.php 第 240 行.
NOTIC: [8] Undefined index: Uid E:\xampp\htdocs\317\thinkphp3.2.3\Application\Runtime\Cache\Home\3cbd4d464185b92d3cfa2d8f44c43aa7.php 第 240 行.
NOTIC: [8] Undefined index: Uid E:\xampp\htdocs\317\thinkphp3.2.3\Application\Runtime\Cache\Home\3cbd4d464185b92d3cfa2d8f44c43aa7.php 第 240 行.
INFO: Run Behavior\ParseTemplateBehavior [ RunTime:0.038002s ]
INFO: [ view_parse ] --END-- [ RunTime:0.038002s ]
INFO: [ view_filter ] --START--
INFO: Run Behavior\WriteHtmlCacheBehavior [ RunTime:0.001000s ]
INFO: [ view_filter ] --END-- [ RunTime:0.001000s ]
INFO: [ app_end ] --START--
INFO: Run Behavior\ShowPageTraceBehavior [ RunTime:0.001001s ]
INFO: [ app_end ] --END-- [ RunTime:0.001001s ]

[ 2017-03-29T21:01:10+08:00 ] 127.0.0.1 /317/thinkphp3.2.3/index.php/Variety/image/default.jpg
INFO: [ app_init ] --START--
INFO: Run Behavior\BuildLiteBehavior [ RunTime:0.000000s ]
INFO: [ app_init ] --END-- [ RunTime:0.001000s ]

[ 2017-03-29T21:01:10+08:00 ] 127.0.0.1 /317/thinkphp3.2.3/index.php/Variety/image/default.jpg
INFO: [ app_init ] --START--
INFO: Run Behavior\BuildLiteBehavior [ RunTime:0.000000s ]
INFO: [ app_init ] --END-- [ RunTime:0.000000s ]

[ 2017-03-29T21:01:10+08:00 ] 127.0.0.1 /317/thinkphp3.2.3/index.php/Team/index
INFO: [ app_init ] --START--
INFO: Run Behavior\BuildLiteBehavior [ RunTime:0.000000s ]
INFO: [ app_init ] --END-- [ RunTime:0.000000s ]
INFO: [ app_begin ] --START--
INFO: Run Behavior\ReadHtmlCacheBehavior [ RunTime:0.001000s ]
INFO: [ app_begin ] --END-- [ RunTime:0.001000s ]
SQL: SHOW COLUMNS FROM `qiq_team` [ RunTime:0.0020s ]
SQL: SELECT * FROM `qiq_team`  [ RunTime:0.0010s ]
INFO: [ view_parse ] --START--
INFO: [ template_filter ] --START--
INFO: Run Behavior\ContentReplaceBehavior [ RunTime:0.000000s ]
INFO: [ template_filter ] --END-- [ RunTime:0.000000s ]
NOTIC: [8] Undefined variable: title E:\xampp\htdocs\317\thinkphp3.2.3\Application\Runtime\Cache\Home\2fd0026c83b3cc36b646dc3acf375674.php 第 8 行.
NOTIC: [8] Undefined variable: session_id E:\xampp\htdocs\317\thinkphp3.2.3\Application\Runtime\Cache\Home\2fd0026c83b3cc36b646dc3acf375674.php 第 75 行.
INFO: Run Behavior\ParseTemplateBehavior [ RunTime:0.024001s ]
INFO: [ view_parse ] --END-- [ RunTime:0.024001s ]
INFO: [ view_filter ] --START--
INFO: Run Behavior\WriteHtmlCacheBehavior [ RunTime:0.000000s ]
INFO: [ view_filter ] --END-- [ RunTime:0.001000s ]
INFO: [ app_end ] --START--
INFO: Run Behavior\ShowPageTraceBehavior [ RunTime:0.001000s ]
INFO: [ app_end ] --END-- [ RunTime:0.001000s ]

[ 2017-03-29T21:01:10+08:00 ] 127.0.0.1 /317/thinkphp3.2.3/index.php/Team/image/default.jpg
INFO: [ app_init ] --START--
INFO: Run Behavior\BuildLiteBehavior [ RunTime:0.000000s ]
INFO: [ app_init ] --END-- [ RunTime:0.001000s ]

[ 2017-03-29T21:01:11+08:00 ] 127.0.0.1 /317/thinkphp3.2.3/index.php/Variety/index
INFO: [ app_init ] --START--
INFO: Run Behavior\BuildLiteBehavior [ RunTime:0.000000s ]
INFO: [ app_init ] --END-- [ RunTime:0.000000s ]
INFO: [ app_begin ] --START--
INFO: Run Behavior\ReadHtmlCacheBehavior [ RunTime:0.001001s ]
INFO: [ app_begin ] --END-- [ RunTime:0.001001s ]
SQL: SHOW COLUMNS FROM `qiq_video` [ RunTime:0.0030s ]
SQL: SELECT * FROM `qiq_video` WHERE ( video_state=1 ) ORDER BY vidup_time desc  [ RunTime:0.0010s ]
INFO: [ view_parse ] --START--
INFO: [ template_filter ] --START--
INFO: Run Behavior\ContentReplaceBehavior [ RunTime:0.001000s ]
INFO: [ template_filter ] --END-- [ RunTime:0.001000s ]
NOTIC: [2] Illegal string offset 'username' E:\xampp\htdocs\317\thinkphp3.2.3\Application\Runtime\Cache\Home\3cbd4d464185b92d3cfa2d8f44c43aa7.php 第 75 行.
NOTIC: [8] Undefined index: Uid E:\xampp\htdocs\317\thinkphp3.2.3\Application\Runtime\Cache\Home\3cbd4d464185b92d3cfa2d8f44c43aa7.php 第 240 行.
NOTIC: [8] Undefined index: Uid E:\xampp\htdocs\317\thinkphp3.2.3\Application\Runtime\Cache\Home\3cbd4d464185b92d3cfa2d8f44c43aa7.php 第 240 行.
NOTIC: [8] Undefined index: Uid E:\xampp\htdocs\317\thinkphp3.2.3\Application\Runtime\Cache\Home\3cbd4d464185b92d3cfa2d8f44c43aa7.php 第 240 行.
NOTIC: [8] Undefined index: Uid E:\xampp\htdocs\317\thinkphp3.2.3\Application\Runtime\Cache\Home\3cbd4d464185b92d3cfa2d8f44c43aa7.php 第 240 行.
NOTIC: [8] Undefined index: Uid E:\xampp\htdocs\317\thinkphp3.2.3\Application\Runtime\Cache\Home\3cbd4d464185b92d3cfa2d8f44c43aa7.php 第 240 行.
NOTIC: [8] Undefined index: Uid E:\xampp\htdocs\317\thinkphp3.2.3\Application\Runtime\Cache\Home\3cbd4d464185b92d3cfa2d8f44c43aa7.php 第 240 行.
INFO: Run Behavior\ParseTemplateBehavior [ RunTime:0.015001s ]
INFO: [ view_parse ] --END-- [ RunTime:0.015001s ]
INFO: [ view_filter ] --START--
INFO: Run Behavior\WriteHtmlCacheBehavior [ RunTime:0.001000s ]
INFO: [ view_filter ] --END-- [ RunTime:0.001000s ]
INFO: [ app_end ] --START--
INFO: Run Behavior\ShowPageTraceBehavior [ RunTime:0.001000s ]
INFO: [ app_end ] --END-- [ RunTime:0.001000s ]

[ 2017-03-29T21:01:11+08:00 ] 127.0.0.1 /317/thinkphp3.2.3/index.php/Variety/image/default.jpg
INFO: [ app_init ] --START--
INFO: Run Behavior\BuildLiteBehavior [ RunTime:0.000000s ]
INFO: [ app_init ] --END-- [ RunTime:0.000000s ]

[ 2017-03-29T21:01:12+08:00 ] 127.0.0.1 /317/thinkphp3.2.3/index.php/Variety/player/id/8
INFO: [ app_init ] --START--
INFO: Run Behavior\BuildLiteBehavior [ RunTime:0.000000s ]
INFO: [ app_init ] --END-- [ RunTime:0.001000s ]
INFO: [ app_begin ] --START--
INFO: Run Behavior\ReadHtmlCacheBehavior [ RunTime:0.000000s ]
INFO: [ app_begin ] --END-- [ RunTime:0.001000s ]
SQL: SHOW COLUMNS FROM `qiq_video` [ RunTime:0.0030s ]
SQL: SHOW COLUMNS FROM `qiq_user` [ RunTime:0.0020s ]
SQL: UPDATE `qiq_video` SET `play_times`=play_times+1 WHERE `id` = 8 [ RunTime:0.0000s ]
SQL: SELECT * FROM `qiq_user` WHERE `id` = 1 LIMIT 1   [ RunTime:0.0010s ]
SQL: SELECT * FROM `qiq_video` WHERE `id` = 8 LIMIT 1   [ RunTime:0.0000s ]
INFO: [ view_parse ] --START--
INFO: [ template_filter ] --START--
INFO: Run Behavior\ContentReplaceBehavior [ RunTime:0.000000s ]
INFO: [ template_filter ] --END-- [ RunTime:0.000000s ]
NOTIC: [2] Illegal string offset 'username' E:\xampp\htdocs\317\thinkphp3.2.3\Application\Runtime\Cache\Home\ed64c10ae5014e601388a50199c6235a.php 第 75 行.
INFO: Run Behavior\ParseTemplateBehavior [ RunTime:0.035002s ]
INFO: [ view_parse ] --END-- [ RunTime:0.036002s ]
INFO: [ view_filter ] --START--
INFO: Run Behavior\WriteHtmlCacheBehavior [ RunTime:0.000000s ]
INFO: [ view_filter ] --END-- [ RunTime:0.000000s ]
INFO: [ app_end ] --START--
INFO: Run Behavior\ShowPageTraceBehavior [ RunTime:0.000000s ]
INFO: [ app_end ] --END-- [ RunTime:0.000000s ]

[ 2017-03-29T21:01:12+08:00 ] 127.0.0.1 /317/thinkphp3.2.3/index.php/Variety/player/id/image/default.jpg
INFO: [ app_init ] --START--
INFO: Run Behavior\BuildLiteBehavior [ RunTime:0.000000s ]
INFO: [ app_init ] --END-- [ RunTime:0.000000s ]

[ 2017-03-29T21:01:12+08:00 ] 127.0.0.1 /317/thinkphp3.2.3/index.php/Variety/player/id/img/test.jpg
INFO: [ app_init ] --START--
INFO: Run Behavior\BuildLiteBehavior [ RunTime:0.000000s ]
INFO: [ app_init ] --END-- [ RunTime:0.001000s ]

[ 2017-03-29T21:01:12+08:00 ] 127.0.0.1 /317/thinkphp3.2.3/index.php/Variety/player/id/movie.ogg
INFO: [ app_init ] --START--
INFO: Run Behavior\BuildLiteBehavior [ RunTime:0.000000s ]
INFO: [ app_init ] --END-- [ RunTime:0.001000s ]
INFO: [ app_begin ] --START--
INFO: Run Behavior\ReadHtmlCacheBehavior [ RunTime:0.001000s ]
INFO: [ app_begin ] --END-- [ RunTime:0.001000s ]
SQL: SHOW COLUMNS FROM `qiq_video` [ RunTime:0.0050s ]
SQL: SHOW COLUMNS FROM `qiq_user` [ RunTime:0.0040s ]
SQL: UPDATE `qiq_video` SET `play_times`=play_times+1 WHERE `id` = 0 [ RunTime:0.0000s ]
SQL: SELECT * FROM `qiq_user` WHERE `id` = 1 LIMIT 1   [ RunTime:0.0000s ]
SQL: SELECT * FROM `qiq_video` WHERE `id` = 0 LIMIT 1   [ RunTime:0.0000s ]
INFO: [ view_parse ] --START--
INFO: [ template_filter ] --START--
INFO: Run Behavior\ContentReplaceBehavior [ RunTime:0.001000s ]
INFO: [ template_filter ] --END-- [ RunTime:0.001000s ]
INFO: Run Behavior\ParseTemplateBehavior [ RunTime:0.007000s ]
INFO: [ view_parse ] --END-- [ RunTime:0.007000s ]
INFO: [ view_filter ] --START--
INFO: Run Behavior\WriteHtmlCacheBehavior [ RunTime:0.000000s ]
INFO: [ view_filter ] --END-- [ RunTime:0.000000s ]

[ 2017-03-29T21:03:51+08:00 ] 127.0.0.1 /317/thinkphp3.2.3/index.php/Variety/player/id/8
INFO: [ app_init ] --START--
INFO: Run Behavior\BuildLiteBehavior [ RunTime:0.001000s ]
INFO: [ app_init ] --END-- [ RunTime:0.001000s ]
INFO: [ app_begin ] --START--
INFO: Run Behavior\ReadHtmlCacheBehavior [ RunTime:0.001000s ]
INFO: [ app_begin ] --END-- [ RunTime:0.001000s ]
SQL: SHOW COLUMNS FROM `qiq_video` [ RunTime:0.0030s ]
SQL: SHOW COLUMNS FROM `qiq_user` [ RunTime:0.0020s ]
SQL: UPDATE `qiq_video` SET `play_times`=play_times+1 WHERE `id` = 8 [ RunTime:0.0000s ]
SQL: SELECT * FROM `qiq_user` WHERE `id` = 1 LIMIT 1   [ RunTime:0.0000s ]
SQL: SELECT * FROM `qiq_video` WHERE `id` = 8 LIMIT 1   [ RunTime:0.0010s ]
INFO: [ view_parse ] --START--
INFO: [ template_filter ] --START--
INFO: Run Behavior\ContentReplaceBehavior [ RunTime:0.000000s ]
INFO: [ template_filter ] --END-- [ RunTime:0.000000s ]
NOTIC: [2] Illegal string offset 'username' E:\xampp\htdocs\317\thinkphp3.2.3\Application\Runtime\Cache\Home\ed64c10ae5014e601388a50199c6235a.php 第 75 行.
INFO: Run Behavior\ParseTemplateBehavior [ RunTime:0.012001s ]
INFO: [ view_parse ] --END-- [ RunTime:0.012001s ]
INFO: [ view_filter ] --START--
INFO: Run Behavior\WriteHtmlCacheBehavior [ RunTime:0.001000s ]
INFO: [ view_filter ] --END-- [ RunTime:0.001000s ]
INFO: [ app_end ] --START--
INFO: Run Behavior\ShowPageTraceBehavior [ RunTime:0.001000s ]
INFO: [ app_end ] --END-- [ RunTime:0.001000s ]

[ 2017-03-29T21:03:51+08:00 ] 127.0.0.1 /317/thinkphp3.2.3/index.php/Variety/player/id/image/default.jpg
INFO: [ app_init ] --START--
INFO: Run Behavior\BuildLiteBehavior [ RunTime:0.000000s ]
INFO: [ app_init ] --END-- [ RunTime:0.000000s ]

[ 2017-03-29T21:03:51+08:00 ] 127.0.0.1 /317/thinkphp3.2.3/index.php/Variety/player/id/img/test.jpg
INFO: [ app_init ] --START--
INFO: Run Behavior\BuildLiteBehavior [ RunTime:0.000000s ]
INFO: [ app_init ] --END-- [ RunTime:0.001000s ]

[ 2017-03-29T21:03:51+08:00 ] 127.0.0.1 /317/thinkphp3.2.3/index.php/Variety/player/id/img/test.jpg
INFO: [ app_init ] --START--
INFO: Run Behavior\BuildLiteBehavior [ RunTime:0.000000s ]
INFO: [ app_init ] --END-- [ RunTime:0.000000s ]

[ 2017-03-29T21:05:17+08:00 ] 127.0.0.1 /317/thinkphp3.2.3/index.php/Variety/player/id/8
INFO: [ app_init ] --START--
INFO: Run Behavior\BuildLiteBehavior [ RunTime:0.000000s ]
INFO: [ app_init ] --END-- [ RunTime:0.000000s ]
INFO: [ app_begin ] --START--
INFO: Run Behavior\ReadHtmlCacheBehavior [ RunTime:0.000000s ]
INFO: [ app_begin ] --END-- [ RunTime:0.000000s ]
SQL: SHOW COLUMNS FROM `qiq_video` [ RunTime:0.0030s ]
SQL: SHOW COLUMNS FROM `qiq_user` [ RunTime:0.0030s ]
SQL: UPDATE `qiq_video` SET `play_times`=play_times+1 WHERE `id` = 8 [ RunTime:0.0000s ]
SQL: SELECT * FROM `qiq_user` WHERE `id` = 1 LIMIT 1   [ RunTime:0.0010s ]
SQL: SELECT * FROM `qiq_video` WHERE `id` = 8 LIMIT 1   [ RunTime:0.0000s ]
INFO: [ view_parse ] --START--
INFO: [ template_filter ] --START--
INFO: Run Behavior\ContentReplaceBehavior [ RunTime:0.001000s ]
INFO: [ template_filter ] --END-- [ RunTime:0.001000s ]
NOTIC: [2] Illegal string offset 'username' E:\xampp\htdocs\317\thinkphp3.2.3\Application\Runtime\Cache\Home\ed64c10ae5014e601388a50199c6235a.php 第 75 行.
INFO: Run Behavior\ParseTemplateBehavior [ RunTime:0.012001s ]
INFO: [ view_parse ] --END-- [ RunTime:0.012001s ]
INFO: [ view_filter ] --START--
INFO: Run Behavior\WriteHtmlCacheBehavior [ RunTime:0.001000s ]
INFO: [ view_filter ] --END-- [ RunTime:0.001000s ]
INFO: [ app_end ] --START--
INFO: Run Behavior\ShowPageTraceBehavior [ RunTime:0.001000s ]
INFO: [ app_end ] --END-- [ RunTime:0.001000s ]

[ 2017-03-29T21:05:17+08:00 ] 127.0.0.1 /317/thinkphp3.2.3/index.php/Variety/player/id/image/default.jpg
INFO: [ app_init ] --START--
INFO: Run Behavior\BuildLiteBehavior [ RunTime:0.000000s ]
INFO: [ app_init ] --END-- [ RunTime:0.000000s ]

[ 2017-03-29T21:05:17+08:00 ] 127.0.0.1 /317/thinkphp3.2.3/index.php/Variety/player/id/img/test.jpg
INFO: [ app_init ] --START--
INFO: Run Behavior\BuildLiteBehavior [ RunTime:0.000000s ]
INFO: [ app_init ] --END-- [ RunTime:0.000000s ]

[ 2017-03-29T21:05:17+08:00 ] 127.0.0.1 /317/thinkphp3.2.3/index.php/Variety/player/id/img/test.jpg
INFO: [ app_init ] --START--
INFO: Run Behavior\BuildLiteBehavior [ RunTime:0.000000s ]
INFO: [ app_init ] --END-- [ RunTime:0.000000s ]

[ 2017-03-29T21:05:18+08:00 ] 127.0.0.1 /317/thinkphp3.2.3/index.php/Variety/player/id/movie.ogg
INFO: [ app_init ] --START--
INFO: Run Behavior\BuildLiteBehavior [ RunTime:0.000000s ]
INFO: [ app_init ] --END-- [ RunTime:0.001000s ]
INFO: [ app_begin ] --START--
INFO: Run Behavior\ReadHtmlCacheBehavior [ RunTime:0.002000s ]
INFO: [ app_begin ] --END-- [ RunTime:0.002000s ]
SQL: SHOW COLUMNS FROM `qiq_video` [ RunTime:0.0040s ]
SQL: SHOW COLUMNS FROM `qiq_user` [ RunTime:0.0020s ]
SQL: UPDATE `qiq_video` SET `play_times`=play_times+1 WHERE `id` = 0 [ RunTime:0.0010s ]
SQL: SELECT * FROM `qiq_user` WHERE `id` = 1 LIMIT 1   [ RunTime:0.0000s ]
SQL: SELECT * FROM `qiq_video` WHERE `id` = 0 LIMIT 1   [ RunTime:0.0000s ]
INFO: [ view_parse ] --START--
INFO: [ template_filter ] --START--
INFO: Run Behavior\ContentReplaceBehavior [ RunTime:0.000000s ]
INFO: [ template_filter ] --END-- [ RunTime:0.000000s ]
INFO: Run Behavior\ParseTemplateBehavior [ RunTime:0.005001s ]
INFO: [ view_parse ] --END-- [ RunTime:0.005001s ]
INFO: [ view_filter ] --START--
INFO: Run Behavior\WriteHtmlCacheBehavior [ RunTime:0.001000s ]
INFO: [ view_filter ] --END-- [ RunTime:0.001000s ]

[ 2017-03-29T21:06:13+08:00 ] 127.0.0.1 /317/thinkphp3.2.3/index.php/Variety/player/id/8
INFO: [ app_init ] --START--
INFO: Run Behavior\BuildLiteBehavior [ RunTime:0.000000s ]
INFO: [ app_init ] --END-- [ RunTime:0.001000s ]
INFO: [ app_begin ] --START--
INFO: Run Behavior\ReadHtmlCacheBehavior [ RunTime:0.000000s ]
INFO: [ app_begin ] --END-- [ RunTime:0.000000s ]
SQL: SHOW COLUMNS FROM `qiq_video` [ RunTime:0.0030s ]
SQL: SHOW COLUMNS FROM `qiq_user` [ RunTime:0.0020s ]
SQL: UPDATE `qiq_video` SET `play_times`=play_times+1 WHERE `id` = 8 [ RunTime:0.0000s ]
SQL: SELECT * FROM `qiq_user` WHERE `id` = 1 LIMIT 1   [ RunTime:0.0010s ]
SQL: SELECT * FROM `qiq_video` WHERE `id` = 8 LIMIT 1   [ RunTime:0.0000s ]
INFO: [ view_parse ] --START--
INFO: [ template_filter ] --START--
INFO: Run Behavior\ContentReplaceBehavior [ RunTime:0.000000s ]
INFO: [ template_filter ] --END-- [ RunTime:0.000000s ]
NOTIC: [2] Illegal string offset 'username' E:\xampp\htdocs\317\thinkphp3.2.3\Application\Runtime\Cache\Home\ed64c10ae5014e601388a50199c6235a.php 第 75 行.
INFO: Run Behavior\ParseTemplateBehavior [ RunTime:0.012000s ]
INFO: [ view_parse ] --END-- [ RunTime:0.012000s ]
INFO: [ view_filter ] --START--
INFO: Run Behavior\WriteHtmlCacheBehavior [ RunTime:0.000000s ]
INFO: [ view_filter ] --END-- [ RunTime:0.000000s ]
INFO: [ app_end ] --START--
INFO: Run Behavior\ShowPageTraceBehavior [ RunTime:0.001000s ]
INFO: [ app_end ] --END-- [ RunTime:0.001000s ]

[ 2017-03-29T21:06:13+08:00 ] 127.0.0.1 /317/thinkphp3.2.3/index.php/Variety/player/id/image/default.jpg
INFO: [ app_init ] --START--
INFO: Run Behavior\BuildLiteBehavior [ RunTime:0.000000s ]
INFO: [ app_init ] --END-- [ RunTime:0.000000s ]

[ 2017-03-29T21:06:13+08:00 ] 127.0.0.1 /317/thinkphp3.2.3/index.php/Variety/player/id/img/test.jpg
INFO: [ app_init ] --START--
INFO: Run Behavior\BuildLiteBehavior [ RunTime:0.000000s ]
INFO: [ app_init ] --END-- [ RunTime:0.001000s ]

[ 2017-03-29T21:06:13+08:00 ] 127.0.0.1 /317/thinkphp3.2.3/index.php/Variety/player/id/img/test.jpg
INFO: [ app_init ] --START--
INFO: Run Behavior\BuildLiteBehavior [ RunTime:0.000000s ]
INFO: [ app_init ] --END-- [ RunTime:0.001000s ]

[ 2017-03-29T21:06:48+08:00 ] 127.0.0.1 /317/thinkphp3.2.3/index.php/Variety/player/id/8
INFO: [ app_init ] --START--
INFO: Run Behavior\BuildLiteBehavior [ RunTime:0.000000s ]
INFO: [ app_init ] --END-- [ RunTime:0.000000s ]
INFO: [ app_begin ] --START--
INFO: Run Behavior\ReadHtmlCacheBehavior [ RunTime:0.000000s ]
INFO: [ app_begin ] --END-- [ RunTime:0.000000s ]
SQL: SHOW COLUMNS FROM `qiq_video` [ RunTime:0.0030s ]
SQL: SHOW COLUMNS FROM `qiq_user` [ RunTime:0.0020s ]
SQL: UPDATE `qiq_video` SET `play_times`=play_times+1 WHERE `id` = 8 [ RunTime:0.0010s ]
SQL: SELECT * FROM `qiq_user` WHERE `id` = 1 LIMIT 1   [ RunTime:0.0000s ]
SQL: SELECT * FROM `qiq_video` WHERE `id` = 8 LIMIT 1   [ RunTime:0.0010s ]
INFO: [ view_parse ] --START--
INFO: [ template_filter ] --START--
INFO: Run Behavior\ContentReplaceBehavior [ RunTime:0.000000s ]
INFO: [ template_filter ] --END-- [ RunTime:0.000000s ]
NOTIC: [2] Illegal string offset 'username' E:\xampp\htdocs\317\thinkphp3.2.3\Application\Runtime\Cache\Home\ed64c10ae5014e601388a50199c6235a.php 第 75 行.
INFO: Run Behavior\ParseTemplateBehavior [ RunTime:0.012001s ]
INFO: [ view_parse ] --END-- [ RunTime:0.012001s ]
INFO: [ view_filter ] --START--
INFO: Run Behavior\WriteHtmlCacheBehavior [ RunTime:0.001000s ]
INFO: [ view_filter ] --END-- [ RunTime:0.001000s ]
INFO: [ app_end ] --START--
INFO: Run Behavior\ShowPageTraceBehavior [ RunTime:0.001000s ]
INFO: [ app_end ] --END-- [ RunTime:0.001000s ]

[ 2017-03-29T21:06:48+08:00 ] 127.0.0.1 /317/thinkphp3.2.3/index.php/Variety/player/id/image/default.jpg
INFO: [ app_init ] --START--
INFO: Run Behavior\BuildLiteBehavior [ RunTime:0.000000s ]
INFO: [ app_init ] --END-- [ RunTime:0.000000s ]

[ 2017-03-29T21:06:48+08:00 ] 127.0.0.1 /317/thinkphp3.2.3/index.php/Variety/player/id/img/test.jpg
INFO: [ app_init ] --START--
INFO: Run Behavior\BuildLiteBehavior [ RunTime:0.000000s ]
INFO: [ app_init ] --END-- [ RunTime:0.001000s ]

[ 2017-03-29T21:07:37+08:00 ] 127.0.0.1 /317/thinkphp3.2.3/index.php/Variety/player/id/8
INFO: [ app_init ] --START--
INFO: Run Behavior\BuildLiteBehavior [ RunTime:0.000000s ]
INFO: [ app_init ] --END-- [ RunTime:0.001000s ]
INFO: [ app_begin ] --START--
INFO: Run Behavior\ReadHtmlCacheBehavior [ RunTime:0.001000s ]
INFO: [ app_begin ] --END-- [ RunTime:0.001000s ]
SQL: SHOW COLUMNS FROM `qiq_video` [ RunTime:0.0030s ]
SQL: SHOW COLUMNS FROM `qiq_user` [ RunTime:0.0020s ]
SQL: UPDATE `qiq_video` SET `play_times`=play_times+1 WHERE `id` = 8 [ RunTime:0.0000s ]
SQL: SELECT * FROM `qiq_user` WHERE `id` = 1 LIMIT 1   [ RunTime:0.0000s ]
SQL: SELECT * FROM `qiq_video` WHERE `id` = 8 LIMIT 1   [ RunTime:0.0000s ]
INFO: [ view_parse ] --START--
INFO: [ template_filter ] --START--
INFO: Run Behavior\ContentReplaceBehavior [ RunTime:0.001000s ]
INFO: [ template_filter ] --END-- [ RunTime:0.001000s ]
NOTIC: [2] Illegal string offset 'username' E:\xampp\htdocs\317\thinkphp3.2.3\Application\Runtime\Cache\Home\ed64c10ae5014e601388a50199c6235a.php 第 75 行.
INFO: Run Behavior\ParseTemplateBehavior [ RunTime:0.012001s ]
INFO: [ view_parse ] --END-- [ RunTime:0.012001s ]
INFO: [ view_filter ] --START--
INFO: Run Behavior\WriteHtmlCacheBehavior [ RunTime:0.000000s ]
INFO: [ view_filter ] --END-- [ RunTime:0.001000s ]
INFO: [ app_end ] --START--
INFO: Run Behavior\ShowPageTraceBehavior [ RunTime:0.001000s ]
INFO: [ app_end ] --END-- [ RunTime:0.001000s ]

[ 2017-03-29T21:07:37+08:00 ] 127.0.0.1 /317/thinkphp3.2.3/index.php/Variety/player/id/image/default.jpg
INFO: [ app_init ] --START--
INFO: Run Behavior\BuildLiteBehavior [ RunTime:0.000000s ]
INFO: [ app_init ] --END-- [ RunTime:0.001000s ]

[ 2017-03-29T21:07:37+08:00 ] 127.0.0.1 /317/thinkphp3.2.3/index.php/Variety/player/id/img/test.jpg
INFO: [ app_init ] --START--
INFO: Run Behavior\BuildLiteBehavior [ RunTime:0.000000s ]
INFO: [ app_init ] --END-- [ RunTime:0.000000s ]

[ 2017-03-29T21:07:47+08:00 ] 127.0.0.1 /317/thinkphp3.2.3/index.php/Variety/player/id/8
INFO: [ app_init ] --START--
INFO: Run Behavior\BuildLiteBehavior [ RunTime:0.000000s ]
INFO: [ app_init ] --END-- [ RunTime:0.000000s ]
INFO: [ app_begin ] --START--
INFO: Run Behavior\ReadHtmlCacheBehavior [ RunTime:0.001000s ]
INFO: [ app_begin ] --END-- [ RunTime:0.001000s ]
SQL: SHOW COLUMNS FROM `qiq_video` [ RunTime:0.0030s ]
SQL: SHOW COLUMNS FROM `qiq_user` [ RunTime:0.0030s ]
SQL: UPDATE `qiq_video` SET `play_times`=play_times+1 WHERE `id` = 8 [ RunTime:0.0000s ]
SQL: SELECT * FROM `qiq_user` WHERE `id` = 1 LIMIT 1   [ RunTime:0.0000s ]
SQL: SELECT * FROM `qiq_video` WHERE `id` = 8 LIMIT 1   [ RunTime:0.0000s ]
INFO: [ view_parse ] --START--
INFO: [ template_filter ] --START--
INFO: Run Behavior\ContentReplaceBehavior [ RunTime:0.000000s ]
INFO: [ template_filter ] --END-- [ RunTime:0.000000s ]
NOTIC: [2] Illegal string offset 'username' E:\xampp\htdocs\317\thinkphp3.2.3\Application\Runtime\Cache\Home\ed64c10ae5014e601388a50199c6235a.php 第 75 行.
INFO: Run Behavior\ParseTemplateBehavior [ RunTime:0.011001s ]
INFO: [ view_parse ] --END-- [ RunTime:0.011001s ]
INFO: [ view_filter ] --START--
INFO: Run Behavior\WriteHtmlCacheBehavior [ RunTime:0.001000s ]
INFO: [ view_filter ] --END-- [ RunTime:0.001000s ]
INFO: [ app_end ] --START--
INFO: Run Behavior\ShowPageTraceBehavior [ RunTime:0.001000s ]
INFO: [ app_end ] --END-- [ RunTime:0.001000s ]

[ 2017-03-29T21:07:47+08:00 ] 127.0.0.1 /317/thinkphp3.2.3/index.php/Variety/player/id/image/default.jpg
INFO: [ app_init ] --START--
INFO: Run Behavior\BuildLiteBehavior [ RunTime:0.000000s ]
INFO: [ app_init ] --END-- [ RunTime:0.000000s ]

[ 2017-03-29T21:07:47+08:00 ] 127.0.0.1 /317/thinkphp3.2.3/index.php/Variety/player/id/img/test.jpg
INFO: [ app_init ] --START--
INFO: Run Behavior\BuildLiteBehavior [ RunTime:0.000000s ]
INFO: [ app_init ] --END-- [ RunTime:0.001001s ]

[ 2017-03-29T21:08:38+08:00 ] 127.0.0.1 /317/thinkphp3.2.3/index.php/Variety/player/id/8
INFO: [ app_init ] --START--
INFO: Run Behavior\BuildLiteBehavior [ RunTime:0.000000s ]
INFO: [ app_init ] --END-- [ RunTime:0.000000s ]
INFO: [ app_begin ] --START--
INFO: Run Behavior\ReadHtmlCacheBehavior [ RunTime:0.001000s ]
INFO: [ app_begin ] --END-- [ RunTime:0.001000s ]
SQL: SHOW COLUMNS FROM `qiq_video` [ RunTime:0.0030s ]
SQL: SHOW COLUMNS FROM `qiq_user` [ RunTime:0.0030s ]
SQL: UPDATE `qiq_video` SET `play_times`=play_times+1 WHERE `id` = 8 [ RunTime:0.0010s ]
SQL: SELECT * FROM `qiq_user` WHERE `id` = 1 LIMIT 1   [ RunTime:0.0000s ]
SQL: SELECT * FROM `qiq_video` WHERE `id` = 8 LIMIT 1   [ RunTime:0.0010s ]
INFO: [ view_parse ] --START--
INFO: [ template_filter ] --START--
INFO: Run Behavior\ContentReplaceBehavior [ RunTime:0.000000s ]
INFO: [ template_filter ] --END-- [ RunTime:0.001000s ]
NOTIC: [2] Illegal string offset 'username' E:\xampp\htdocs\317\thinkphp3.2.3\Application\Runtime\Cache\Home\ed64c10ae5014e601388a50199c6235a.php 第 75 行.
INFO: Run Behavior\ParseTemplateBehavior [ RunTime:0.012001s ]
INFO: [ view_parse ] --END-- [ RunTime:0.012001s ]
INFO: [ view_filter ] --START--
INFO: Run Behavior\WriteHtmlCacheBehavior [ RunTime:0.001000s ]
INFO: [ view_filter ] --END-- [ RunTime:0.001000s ]
INFO: [ app_end ] --START--
INFO: Run Behavior\ShowPageTraceBehavior [ RunTime:0.000000s ]
INFO: [ app_end ] --END-- [ RunTime:0.001000s ]

[ 2017-03-29T21:08:38+08:00 ] 127.0.0.1 /317/thinkphp3.2.3/index.php/Variety/player/id/img/test.jpg
INFO: [ app_init ] --START--
INFO: Run Behavior\BuildLiteBehavior [ RunTime:0.000000s ]
INFO: [ app_init ] --END-- [ RunTime:0.001000s ]

[ 2017-03-29T21:08:38+08:00 ] 127.0.0.1 /317/thinkphp3.2.3/index.php/Variety/player/id/image/default.jpg
INFO: [ app_init ] --START--
INFO: Run Behavior\BuildLiteBehavior [ RunTime:0.000000s ]
INFO: [ app_init ] --END-- [ RunTime:0.000000s ]

[ 2017-03-29T21:08:38+08:00 ] 127.0.0.1 /317/thinkphp3.2.3/index.php/Variety/player/id/img/test.jpg
INFO: [ app_init ] --START--
INFO: Run Behavior\BuildLiteBehavior [ RunTime:0.000000s ]
INFO: [ app_init ] --END-- [ RunTime:0.001000s ]

