[ 2017-05-15T23:44:51+08:00 ] 127.0.0.1 /thinkphp3.2.3/index.php/Index/index
INFO: [ app_init ] --START--
INFO: Run Behavior\BuildLiteBehavior [ RunTime:0.000026s ]
INFO: [ app_init ] --END-- [ RunTime:0.000794s ]
INFO: [ app_begin ] --START--
INFO: Run Behavior\ReadHtmlCacheBehavior [ RunTime:0.000907s ]
INFO: [ app_begin ] --END-- [ RunTime:0.000970s ]
SQL: SHOW COLUMNS FROM `qiq_user` [ RunTime:0.0440s ]
SQL: SELECT * FROM `qiq_user` WHERE `id` = null LIMIT 1   [ RunTime:0.0006s ]
SQL: SHOW COLUMNS FROM `qiq_user` [ RunTime:0.0123s ]
SQL: SHOW COLUMNS FROM `qiq_video` [ RunTime:0.0134s ]
SQL: SELECT * FROM `qiq_video` WHERE `video_state` = 1 ORDER BY play_times desc LIMIT 5   [ RunTime:0.0007s ]
SQL: SELECT * FROM `qiq_video` WHERE `video_state` = 1 ORDER BY vidup_time desc LIMIT 9   [ RunTime:0.0006s ]
SQL: SELECT * FROM `qiq_video` WHERE `video_state` = 1 ORDER BY play_times desc LIMIT 10   [ RunTime:0.0006s ]
SQL: SHOW COLUMNS FROM `qiq_plan` [ RunTime:0.0118s ]
SQL: SELECT * FROM `qiq_plan` WHERE `plan_state` = 1 ORDER BY planup_time desc LIMIT 6   [ RunTime:0.0014s ]
SQL: SHOW COLUMNS FROM `qiq_plan_block` [ RunTime:0.0169s ]
SQL: SELECT `name` FROM `qiq_plan_block` WHERE `id` = 1 LIMIT 1   [ RunTime:0.0005s ]
SQL: SELECT `name` FROM `qiq_plan_block` WHERE `id` = 2 LIMIT 1   [ RunTime:0.0004s ]
SQL: SELECT `name` FROM `qiq_plan_block` WHERE `id` = 4 LIMIT 1   [ RunTime:0.0004s ]
SQL: SELECT `name` FROM `qiq_plan_block` WHERE `id` = 1 LIMIT 1   [ RunTime:0.0003s ]
SQL: SELECT `name` FROM `qiq_plan_block` WHERE `id` = 4 LIMIT 1   [ RunTime:0.0003s ]
SQL: SELECT `name` FROM `qiq_plan_block` WHERE `id` = 3 LIMIT 1   [ RunTime:0.0002s ]
SQL: SHOW COLUMNS FROM `qiq_video_block` [ RunTime:0.0110s ]
SQL: SELECT `type` FROM `qiq_video_block` WHERE `id` = 2 LIMIT 1   [ RunTime:0.0004s ]
SQL: SELECT `type` FROM `qiq_video_block` WHERE `id` = 7 LIMIT 1   [ RunTime:0.0002s ]
SQL: SELECT `type` FROM `qiq_video_block` WHERE `id` = 6 LIMIT 1   [ RunTime:0.0002s ]
SQL: SELECT `type` FROM `qiq_video_block` WHERE `id` = 7 LIMIT 1   [ RunTime:0.0003s ]
SQL: SELECT `type` FROM `qiq_video_block` WHERE `id` = 2 LIMIT 1   [ RunTime:0.0003s ]
SQL: SELECT `type` FROM `qiq_video_block` WHERE `id` = 1 LIMIT 1   [ RunTime:0.0004s ]
SQL: SELECT * FROM `qiq_plan` WHERE `plan_state` = 1 ORDER BY plan_times desc LIMIT 10   [ RunTime:0.0012s ]
SQL: SHOW COLUMNS FROM `qiq_information` [ RunTime:0.0466s ]
SQL: SELECT * FROM `qiq_information` ORDER BY news_visit desc LIMIT 5   [ RunTime:0.0020s ]
SQL: SELECT * FROM `qiq_information` ORDER BY news_visit desc LIMIT 10   [ RunTime:0.0044s ]
SQL: SHOW COLUMNS FROM `qiq_team` [ RunTime:0.0563s ]
SQL: SELECT * FROM `qiq_team` WHERE `status` = 1 ORDER BY id DESC LIMIT 8   [ RunTime:0.0008s ]
SQL: SELECT * FROM `qiq_team` WHERE `status` = 1 ORDER BY team_times DESC LIMIT 8   [ RunTime:0.0005s ]
INFO: [ view_parse ] --START--
INFO: [ template_filter ] --START--
INFO: Run Behavior\ContentReplaceBehavior [ RunTime:0.000287s ]
INFO: [ template_filter ] --END-- [ RunTime:0.000352s ]
NOTIC: [8] Undefined variable: hottem D:\ProgramFilesStudy\phpStudy\WWW\thinkphp3.2.3\Application\Runtime\Cache\Home\2a94b8bda04ff446dcedd42276fc99ee.php 第 312 行.
NOTIC: [8] Undefined variable: hottem D:\ProgramFilesStudy\phpStudy\WWW\thinkphp3.2.3\Application\Runtime\Cache\Home\2a94b8bda04ff446dcedd42276fc99ee.php 第 312 行.
NOTIC: [8] Undefined variable: hottem D:\ProgramFilesStudy\phpStudy\WWW\thinkphp3.2.3\Application\Runtime\Cache\Home\2a94b8bda04ff446dcedd42276fc99ee.php 第 312 行.
NOTIC: [8] Undefined variable: hottem D:\ProgramFilesStudy\phpStudy\WWW\thinkphp3.2.3\Application\Runtime\Cache\Home\2a94b8bda04ff446dcedd42276fc99ee.php 第 312 行.
NOTIC: [8] Undefined variable: hottem D:\ProgramFilesStudy\phpStudy\WWW\thinkphp3.2.3\Application\Runtime\Cache\Home\2a94b8bda04ff446dcedd42276fc99ee.php 第 312 行.
INFO: Run Behavior\ParseTemplateBehavior [ RunTime:0.037490s ]
INFO: [ view_parse ] --END-- [ RunTime:0.037555s ]
INFO: [ view_filter ] --START--
INFO: Run Behavior\WriteHtmlCacheBehavior [ RunTime:0.000902s ]
INFO: [ view_filter ] --END-- [ RunTime:0.000952s ]
INFO: [ app_end ] --START--
INFO: Run Behavior\ShowPageTraceBehavior [ RunTime:0.001395s ]
INFO: [ app_end ] --END-- [ RunTime:0.001485s ]

[ 2017-05-15T23:46:31+08:00 ] 127.0.0.1 /thinkphp3.2.3/index.php/Information/index
INFO: [ app_init ] --START--
INFO: Run Behavior\BuildLiteBehavior [ RunTime:0.000021s ]
INFO: [ app_init ] --END-- [ RunTime:0.000826s ]
INFO: [ app_begin ] --START--
INFO: Run Behavior\ReadHtmlCacheBehavior [ RunTime:0.000962s ]
INFO: [ app_begin ] --END-- [ RunTime:0.001062s ]
SQL: SHOW COLUMNS FROM `qiq_user` [ RunTime:0.0105s ]
SQL: SELECT * FROM `qiq_user` WHERE `id` = null LIMIT 1   [ RunTime:0.0006s ]
SQL: SHOW COLUMNS FROM `qiq_block` [ RunTime:0.1779s ]
SQL: SELECT * FROM `qiq_block`  [ RunTime:0.0004s ]
SQL: SHOW COLUMNS FROM `qiq_information` [ RunTime:0.0108s ]
SQL: SELECT COUNT(*) AS tp_count FROM `qiq_information` WHERE `is_send` = 1 LIMIT 1   [ RunTime:0.0008s ]
SQL: SELECT * FROM `qiq_information` WHERE `is_send` = 1 ORDER BY news_time desc LIMIT 0,5   [ RunTime:0.0011s ]
SQL: SELECT `id`,`news_title` FROM `qiq_information` WHERE `news_time` > 1494776791 AND `is_send` = 1 ORDER BY news_visit DESC LIMIT 10   [ RunTime:0.0004s ]
SQL: SELECT `id`,`news_title` FROM `qiq_information` WHERE `news_time` >= 1494258391 AND `blockid` = 4 AND `is_send` = 1 ORDER BY news_visit DESC LIMIT 10   [ RunTime:0.0004s ]
INFO: [ view_parse ] --START--
INFO: [ template_filter ] --START--
INFO: Run Behavior\ContentReplaceBehavior [ RunTime:0.000274s ]
INFO: [ template_filter ] --END-- [ RunTime:0.000409s ]
INFO: Run Behavior\ParseTemplateBehavior [ RunTime:0.023128s ]
INFO: [ view_parse ] --END-- [ RunTime:0.023215s ]
INFO: [ view_filter ] --START--
INFO: Run Behavior\WriteHtmlCacheBehavior [ RunTime:0.000775s ]
INFO: [ view_filter ] --END-- [ RunTime:0.000843s ]
INFO: [ app_end ] --START--
INFO: Run Behavior\ShowPageTraceBehavior [ RunTime:0.001552s ]
INFO: [ app_end ] --END-- [ RunTime:0.001666s ]

[ 2017-05-15T23:46:48+08:00 ] 127.0.0.1 /thinkphp3.2.3/index.php/Variety/index
INFO: [ app_init ] --START--
INFO: Run Behavior\BuildLiteBehavior [ RunTime:0.000032s ]
INFO: [ app_init ] --END-- [ RunTime:0.000770s ]
INFO: [ app_begin ] --START--
INFO: Run Behavior\ReadHtmlCacheBehavior [ RunTime:0.000895s ]
INFO: [ app_begin ] --END-- [ RunTime:0.000972s ]
SQL: SHOW COLUMNS FROM `qiq_user` [ RunTime:0.0104s ]
SQL: SELECT * FROM `qiq_user` WHERE `id` = null LIMIT 1   [ RunTime:0.0006s ]
SQL: SHOW COLUMNS FROM `qiq_video` [ RunTime:0.0096s ]
SQL: SELECT COUNT(*) AS tp_count FROM `qiq_video` WHERE ( video_state=1 ) LIMIT 1   [ RunTime:0.0005s ]
SQL: SELECT * FROM qiq_video v LEFT JOIN qiq_video_attributes a ON v.id=a.videoid  WHERE ( video_state=1 ) ORDER BY v.vidup_time desc LIMIT 0,8   [ RunTime:0.0392s ]
SQL: SHOW COLUMNS FROM `qiq_video_block` [ RunTime:0.0096s ]
SQL: SELECT * FROM `qiq_video_block` ORDER BY id DESC  [ RunTime:0.0005s ]
INFO: [ view_parse ] --START--
INFO: [ template_filter ] --START--
INFO: Run Behavior\ContentReplaceBehavior [ RunTime:0.000194s ]
INFO: [ template_filter ] --END-- [ RunTime:0.000261s ]
INFO: Run Behavior\ParseTemplateBehavior [ RunTime:0.021642s ]
INFO: [ view_parse ] --END-- [ RunTime:0.021712s ]
INFO: [ view_filter ] --START--
INFO: Run Behavior\WriteHtmlCacheBehavior [ RunTime:0.000661s ]
INFO: [ view_filter ] --END-- [ RunTime:0.000709s ]
INFO: [ app_end ] --START--
INFO: Run Behavior\ShowPageTraceBehavior [ RunTime:0.001094s ]
INFO: [ app_end ] --END-- [ RunTime:0.001164s ]

[ 2017-05-15T23:53:30+08:00 ] 127.0.0.1 /thinkphp3.2.3/index.php/Team/index
INFO: [ app_init ] --START--
INFO: Run Behavior\BuildLiteBehavior [ RunTime:0.000021s ]
INFO: [ app_init ] --END-- [ RunTime:0.000627s ]
INFO: [ app_begin ] --START--
INFO: Run Behavior\ReadHtmlCacheBehavior [ RunTime:0.001323s ]
INFO: [ app_begin ] --END-- [ RunTime:0.001436s ]
SQL: SHOW COLUMNS FROM `qiq_user` [ RunTime:0.0119s ]
SQL: SELECT * FROM `qiq_user` WHERE `id` = null LIMIT 1   [ RunTime:0.0004s ]
SQL: SHOW COLUMNS FROM `qiq_team` [ RunTime:0.1187s ]
SQL: SELECT * FROM `qiq_team` WHERE `status` = 1  [ RunTime:0.0015s ]
SQL: SELECT COUNT(*) AS tp_count FROM `qiq_team` WHERE `status` = 1 LIMIT 1   [ RunTime:0.0009s ]
SQL: SELECT `id`,`Uid`,`team_name`,`team_slogan`,`team_summary`,`team_pic`,`team_times`,`status` FROM `qiq_team` WHERE `status` = 1 ORDER BY id desc LIMIT 0,3   [ RunTime:0.0013s ]
INFO: [ view_parse ] --START--
INFO: [ template_filter ] --START--
INFO: Run Behavior\ContentReplaceBehavior [ RunTime:0.000354s ]
INFO: [ template_filter ] --END-- [ RunTime:0.000549s ]
INFO: Run Behavior\ParseTemplateBehavior [ RunTime:0.049460s ]
INFO: [ view_parse ] --END-- [ RunTime:0.049666s ]
INFO: [ view_filter ] --START--
INFO: Run Behavior\WriteHtmlCacheBehavior [ RunTime:0.001834s ]
INFO: [ view_filter ] --END-- [ RunTime:0.001966s ]
INFO: [ app_end ] --START--
INFO: Run Behavior\ShowPageTraceBehavior [ RunTime:0.002960s ]
INFO: [ app_end ] --END-- [ RunTime:0.003388s ]

[ 2017-05-15T23:53:30+08:00 ] 127.0.0.1 /thinkphp3.2.3/index.php/Incubation/index
INFO: [ app_init ] --START--
INFO: Run Behavior\BuildLiteBehavior [ RunTime:0.000027s ]
INFO: [ app_init ] --END-- [ RunTime:0.000618s ]
INFO: [ app_begin ] --START--
INFO: Run Behavior\ReadHtmlCacheBehavior [ RunTime:0.000784s ]
INFO: [ app_begin ] --END-- [ RunTime:0.000859s ]
SQL: SHOW COLUMNS FROM `qiq_user` [ RunTime:0.0098s ]
SQL: SELECT * FROM `qiq_user` WHERE `id` = null LIMIT 1   [ RunTime:0.0004s ]
SQL: SHOW COLUMNS FROM `qiq_plan` [ RunTime:0.0119s ]
SQL: SELECT COUNT(*) AS tp_count FROM `qiq_plan` WHERE ( plan_state=1 ) LIMIT 1   [ RunTime:0.0004s ]
SQL: SELECT * FROM `qiq_plan` WHERE ( plan_state=1 ) ORDER BY planup_time DESC LIMIT 0,3   [ RunTime:0.0007s ]
SQL: SHOW COLUMNS FROM `qiq_user` [ RunTime:0.0117s ]
SQL: SELECT `username`,`head_pic` FROM `qiq_user` WHERE `id` = 37 LIMIT 1   [ RunTime:0.0004s ]
SQL: SHOW COLUMNS FROM `qiq_video_block` [ RunTime:0.0090s ]
SQL: SELECT `type` FROM `qiq_video_block` WHERE `id` = 2 LIMIT 1   [ RunTime:0.0004s ]
SQL: SHOW COLUMNS FROM `qiq_plan_block` [ RunTime:0.0091s ]
SQL: SELECT `name` FROM `qiq_plan_block` WHERE `id` = 1 LIMIT 1   [ RunTime:0.0003s ]
SQL: SELECT `username`,`head_pic` FROM `qiq_user` WHERE `id` = 39 LIMIT 1   [ RunTime:0.0002s ]
SQL: SHOW COLUMNS FROM `qiq_team` [ RunTime:0.0116s ]
SQL: SELECT `team_name` FROM `qiq_team` WHERE `id` = 7 LIMIT 1   [ RunTime:0.0004s ]
SQL: SELECT `type` FROM `qiq_video_block` WHERE `id` = 7 LIMIT 1   [ RunTime:0.0003s ]
SQL: SELECT `name` FROM `qiq_plan_block` WHERE `id` = 2 LIMIT 1   [ RunTime:0.0003s ]
SQL: SELECT `username`,`head_pic` FROM `qiq_user` WHERE `id` = 39 LIMIT 1   [ RunTime:0.0003s ]
SQL: SELECT `type` FROM `qiq_video_block` WHERE `id` = 6 LIMIT 1   [ RunTime:0.0002s ]
SQL: SELECT `name` FROM `qiq_plan_block` WHERE `id` = 4 LIMIT 1   [ RunTime:0.0002s ]
SQL: SELECT * FROM `qiq_video_block` ORDER BY id desc  [ RunTime:0.0003s ]
SQL: SELECT * FROM `qiq_plan_block`  [ RunTime:0.0002s ]
INFO: [ view_parse ] --START--
INFO: [ template_filter ] --START--
INFO: Run Behavior\ContentReplaceBehavior [ RunTime:0.000191s ]
INFO: [ template_filter ] --END-- [ RunTime:0.000255s ]
INFO: Run Behavior\ParseTemplateBehavior [ RunTime:0.024728s ]
INFO: [ view_parse ] --END-- [ RunTime:0.024794s ]
INFO: [ view_filter ] --START--
INFO: Run Behavior\WriteHtmlCacheBehavior [ RunTime:0.000766s ]
INFO: [ view_filter ] --END-- [ RunTime:0.000835s ]
INFO: [ app_end ] --START--
INFO: Run Behavior\ShowPageTraceBehavior [ RunTime:0.001090s ]
INFO: [ app_end ] --END-- [ RunTime:0.001194s ]

[ 2017-05-15T23:54:11+08:00 ] 127.0.0.1 /thinkphp3.2.3/index.php/Incubation/index
INFO: [ app_init ] --START--
INFO: Run Behavior\BuildLiteBehavior [ RunTime:0.000031s ]
INFO: [ app_init ] --END-- [ RunTime:0.000961s ]
INFO: [ app_begin ] --START--
INFO: Run Behavior\ReadHtmlCacheBehavior [ RunTime:0.001630s ]
INFO: [ app_begin ] --END-- [ RunTime:0.001750s ]
SQL: SHOW COLUMNS FROM `qiq_user` [ RunTime:0.0111s ]
SQL: SELECT * FROM `qiq_user` WHERE `id` = null LIMIT 1   [ RunTime:0.0006s ]
SQL: SHOW COLUMNS FROM `qiq_plan` [ RunTime:0.0108s ]
SQL: SELECT COUNT(*) AS tp_count FROM `qiq_plan` WHERE ( plan_state=1 ) LIMIT 1   [ RunTime:0.0004s ]
SQL: SELECT * FROM `qiq_plan` WHERE ( plan_state=1 ) ORDER BY planup_time DESC LIMIT 0,3   [ RunTime:0.0008s ]
SQL: SHOW COLUMNS FROM `qiq_user` [ RunTime:0.0130s ]
SQL: SELECT `username`,`head_pic` FROM `qiq_user` WHERE `id` = 39 LIMIT 1   [ RunTime:0.0005s ]
SQL: SHOW COLUMNS FROM `qiq_team` [ RunTime:0.0123s ]
SQL: SELECT `team_name` FROM `qiq_team` WHERE `id` = 7 LIMIT 1   [ RunTime:0.0003s ]
SQL: SHOW COLUMNS FROM `qiq_video_block` [ RunTime:0.0119s ]
SQL: SELECT `type` FROM `qiq_video_block` WHERE `id` = 7 LIMIT 1   [ RunTime:0.0003s ]
SQL: SHOW COLUMNS FROM `qiq_plan_block` [ RunTime:0.0090s ]
SQL: SELECT `name` FROM `qiq_plan_block` WHERE `id` = 2 LIMIT 1   [ RunTime:0.0008s ]
SQL: SELECT `username`,`head_pic` FROM `qiq_user` WHERE `id` = 39 LIMIT 1   [ RunTime:0.0007s ]
SQL: SELECT `type` FROM `qiq_video_block` WHERE `id` = 6 LIMIT 1   [ RunTime:0.0003s ]
SQL: SELECT `name` FROM `qiq_plan_block` WHERE `id` = 4 LIMIT 1   [ RunTime:0.0003s ]
SQL: SELECT `username`,`head_pic` FROM `qiq_user` WHERE `id` = 67 LIMIT 1   [ RunTime:0.0003s ]
SQL: SELECT `type` FROM `qiq_video_block` WHERE `id` = 7 LIMIT 1   [ RunTime:0.0002s ]
SQL: SELECT `name` FROM `qiq_plan_block` WHERE `id` = 1 LIMIT 1   [ RunTime:0.0002s ]
SQL: SELECT * FROM `qiq_video_block` ORDER BY id desc  [ RunTime:0.0003s ]
SQL: SELECT * FROM `qiq_plan_block`  [ RunTime:0.0002s ]
INFO: [ view_parse ] --START--
INFO: [ template_filter ] --START--
INFO: Run Behavior\ContentReplaceBehavior [ RunTime:0.000203s ]
INFO: [ template_filter ] --END-- [ RunTime:0.000279s ]
INFO: Run Behavior\ParseTemplateBehavior [ RunTime:0.025646s ]
INFO: [ view_parse ] --END-- [ RunTime:0.025720s ]
INFO: [ view_filter ] --START--
INFO: Run Behavior\WriteHtmlCacheBehavior [ RunTime:0.000654s ]
INFO: [ view_filter ] --END-- [ RunTime:0.000705s ]
INFO: [ app_end ] --START--
INFO: Run Behavior\ShowPageTraceBehavior [ RunTime:0.001611s ]
INFO: [ app_end ] --END-- [ RunTime:0.001702s ]

