[ 2017-04-10T19:14:55+08:00 ] 127.0.0.1 /thinkphp3.2.3/index.php/Home/Index
INFO: [ app_init ] --START--
INFO: Run Behavior\BuildLiteBehavior [ RunTime:0.000013s ]
INFO: [ app_init ] --END-- [ RunTime:0.000591s ]
INFO: [ app_begin ] --START--
INFO: Run Behavior\ReadHtmlCacheBehavior [ RunTime:0.001171s ]
INFO: [ app_begin ] --END-- [ RunTime:0.001216s ]
SQL: SHOW COLUMNS FROM `qiq_user` [ RunTime:0.0309s ]
SQL: SHOW COLUMNS FROM `qiq_video` [ RunTime:0.0064s ]
SQL: SELECT * FROM `qiq_video` ORDER BY play_times desc LIMIT 6   [ RunTime:0.0012s ]
SQL: SELECT * FROM `qiq_video` ORDER BY vidup_time desc LIMIT 6   [ RunTime:0.0010s ]
SQL: SHOW COLUMNS FROM `qiq_information` [ RunTime:0.0432s ]
SQL: SELECT * FROM `qiq_information` ORDER BY news_visit desc LIMIT 5   [ RunTime:0.0022s ]
SQL: SHOW COLUMNS FROM `qiq_team` [ RunTime:0.0067s ]
SQL: SELECT * FROM `qiq_team` WHERE `status` = 1 LIMIT 5   [ RunTime:0.0008s ]
INFO: [ view_parse ] --START--
INFO: [ template_filter ] --START--
INFO: Run Behavior\ContentReplaceBehavior [ RunTime:0.000260s ]
INFO: [ template_filter ] --END-- [ RunTime:0.000337s ]
NOTIC: [8] Undefined variable: session_id D:\xampp\htdocs\thinkphp3.2.3\Application\Runtime\Cache\Home\2a94b8bda04ff446dcedd42276fc99ee.php 第 75 行.
INFO: Run Behavior\ParseTemplateBehavior [ RunTime:0.106798s ]
INFO: [ view_parse ] --END-- [ RunTime:0.106901s ]
INFO: [ view_filter ] --START--
INFO: Run Behavior\WriteHtmlCacheBehavior [ RunTime:0.001799s ]
INFO: [ view_filter ] --END-- [ RunTime:0.001868s ]
INFO: [ app_end ] --START--
INFO: Run Behavior\ShowPageTraceBehavior [ RunTime:0.002123s ]
INFO: [ app_end ] --END-- [ RunTime:0.002199s ]

[ 2017-04-10T19:14:55+08:00 ] 127.0.0.1 /thinkphp3.2.3/index.php/Home/image/default.jpg
INFO: [ app_init ] --START--
INFO: Run Behavior\BuildLiteBehavior [ RunTime:0.000013s ]
INFO: [ app_init ] --END-- [ RunTime:0.000623s ]

[ 2017-04-10T19:14:57+08:00 ] 127.0.0.1 /thinkphp3.2.3/index.php/Incubation/index
INFO: [ app_init ] --START--
INFO: Run Behavior\BuildLiteBehavior [ RunTime:0.000017s ]
INFO: [ app_init ] --END-- [ RunTime:0.000794s ]
INFO: [ app_begin ] --START--
INFO: Run Behavior\ReadHtmlCacheBehavior [ RunTime:0.001176s ]
INFO: [ app_begin ] --END-- [ RunTime:0.001222s ]
SQL: SHOW COLUMNS FROM `qiq_plan` [ RunTime:0.0310s ]
SQL: SELECT * FROM `qiq_plan` WHERE ( plan_state=1 ) ORDER BY planup_time desc  [ RunTime:0.0009s ]
INFO: [ view_parse ] --START--
INFO: [ template_filter ] --START--
INFO: Run Behavior\ContentReplaceBehavior [ RunTime:0.000255s ]
INFO: [ template_filter ] --END-- [ RunTime:0.000355s ]
NOTIC: [2] Illegal string offset 'username' D:\xampp\htdocs\thinkphp3.2.3\Application\Runtime\Cache\Home\2628730880f2fb21027f8316f6358d44.php 第 75 行.
NOTIC: [8] Undefined index: plan_teamname D:\xampp\htdocs\thinkphp3.2.3\Application\Runtime\Cache\Home\2628730880f2fb21027f8316f6358d44.php 第 227 行.
NOTIC: [8] Undefined index: plan_team D:\xampp\htdocs\thinkphp3.2.3\Application\Runtime\Cache\Home\2628730880f2fb21027f8316f6358d44.php 第 228 行.
NOTIC: [8] Undefined index: plan_teamname D:\xampp\htdocs\thinkphp3.2.3\Application\Runtime\Cache\Home\2628730880f2fb21027f8316f6358d44.php 第 227 行.
NOTIC: [8] Undefined index: plan_team D:\xampp\htdocs\thinkphp3.2.3\Application\Runtime\Cache\Home\2628730880f2fb21027f8316f6358d44.php 第 228 行.
INFO: Run Behavior\ParseTemplateBehavior [ RunTime:0.043196s ]
INFO: [ view_parse ] --END-- [ RunTime:0.043274s ]
INFO: [ view_filter ] --START--
INFO: Run Behavior\WriteHtmlCacheBehavior [ RunTime:0.001201s ]
INFO: [ view_filter ] --END-- [ RunTime:0.001238s ]
INFO: [ app_end ] --START--
INFO: Run Behavior\ShowPageTraceBehavior [ RunTime:0.001363s ]
INFO: [ app_end ] --END-- [ RunTime:0.001411s ]

[ 2017-04-10T19:14:58+08:00 ] 127.0.0.1 /thinkphp3.2.3/index.php/Incubation/image/default.jpg
INFO: [ app_init ] --START--
INFO: Run Behavior\BuildLiteBehavior [ RunTime:0.000025s ]
INFO: [ app_init ] --END-- [ RunTime:0.000854s ]

[ 2017-04-10T19:14:59+08:00 ] 127.0.0.1 /thinkphp3.2.3/index.php/Incubation/incubationDetail/id/24
INFO: [ app_init ] --START--
INFO: Run Behavior\BuildLiteBehavior [ RunTime:0.000014s ]
INFO: [ app_init ] --END-- [ RunTime:0.000615s ]
INFO: [ app_begin ] --START--
INFO: Run Behavior\ReadHtmlCacheBehavior [ RunTime:0.001500s ]
INFO: [ app_begin ] --END-- [ RunTime:0.001578s ]
SQL: SHOW COLUMNS FROM `qiq_plan` [ RunTime:0.0028s ]
SQL: SHOW COLUMNS FROM `qiq_user` [ RunTime:0.0025s ]
SQL: UPDATE `qiq_plan` SET `plan_times`=plan_times+1 WHERE `id` = 24 [ RunTime:0.0004s ]
SQL: SELECT * FROM `qiq_user` WHERE `id` = 1 LIMIT 1   [ RunTime:0.0003s ]
SQL: SELECT * FROM `qiq_plan` WHERE `id` = 24 LIMIT 1   [ RunTime:0.0003s ]
NOTIC: [8] Undefined variable: reuser D:\xampp\htdocs\thinkphp3.2.3\Application\Home\Controller\IncubationController.class.php 第 46 行.
INFO: [ view_parse ] --START--
INFO: [ template_filter ] --START--
INFO: Run Behavior\ContentReplaceBehavior [ RunTime:0.000128s ]
INFO: [ template_filter ] --END-- [ RunTime:0.000180s ]
NOTIC: [2] Illegal string offset 'username' D:\xampp\htdocs\thinkphp3.2.3\Application\Runtime\Cache\Home\24ef6119cdd77ca21e287d803ca51bf7.php 第 75 行.
NOTIC: [8] Undefined index: Tid D:\xampp\htdocs\thinkphp3.2.3\Application\Runtime\Cache\Home\24ef6119cdd77ca21e287d803ca51bf7.php 第 190 行.
INFO: Run Behavior\ParseTemplateBehavior [ RunTime:0.013838s ]
INFO: [ view_parse ] --END-- [ RunTime:0.013883s ]
INFO: [ view_filter ] --START--
INFO: Run Behavior\WriteHtmlCacheBehavior [ RunTime:0.001089s ]
INFO: [ view_filter ] --END-- [ RunTime:0.001128s ]
INFO: [ app_end ] --START--
INFO: Run Behavior\ShowPageTraceBehavior [ RunTime:0.001368s ]
INFO: [ app_end ] --END-- [ RunTime:0.001420s ]

[ 2017-04-10T19:14:59+08:00 ] 127.0.0.1 /thinkphp3.2.3/index.php/Incubation/incubationDetail/id/image/default.jpg
INFO: [ app_init ] --START--
INFO: Run Behavior\BuildLiteBehavior [ RunTime:0.000014s ]
INFO: [ app_init ] --END-- [ RunTime:0.000601s ]

[ 2017-04-10T19:16:22+08:00 ] 127.0.0.1 /thinkphp3.2.3/index.php/Wisdom/index
INFO: [ app_init ] --START--
INFO: Run Behavior\BuildLiteBehavior [ RunTime:0.000015s ]
INFO: [ app_init ] --END-- [ RunTime:0.000630s ]
INFO: [ app_begin ] --START--
INFO: Run Behavior\ReadHtmlCacheBehavior [ RunTime:0.001243s ]
INFO: [ app_begin ] --END-- [ RunTime:0.001301s ]
SQL: SHOW COLUMNS FROM `qiq_video_block` [ RunTime:0.0598s ]
SQL: SELECT * FROM `qiq_video_block` WHERE `type` <> '其它'  [ RunTime:0.0009s ]
SQL: SELECT `id` FROM `qiq_video_block` WHERE `type` = '其它' LIMIT 1   [ RunTime:0.0007s ]
INFO: [ view_parse ] --START--
INFO: [ template_filter ] --START--
INFO: Run Behavior\ContentReplaceBehavior [ RunTime:0.000381s ]
INFO: [ template_filter ] --END-- [ RunTime:0.000495s ]
NOTIC: [2] Illegal string offset 'username' D:\xampp\htdocs\thinkphp3.2.3\Application\Runtime\Cache\Home\5e6b3ec239a0fa21f36dab032d9d0249.php 第 75 行.
INFO: Run Behavior\ParseTemplateBehavior [ RunTime:0.061634s ]
INFO: [ view_parse ] --END-- [ RunTime:0.061721s ]
INFO: [ view_filter ] --START--
INFO: Run Behavior\WriteHtmlCacheBehavior [ RunTime:0.001502s ]
INFO: [ view_filter ] --END-- [ RunTime:0.001554s ]
INFO: [ app_end ] --START--
INFO: Run Behavior\ShowPageTraceBehavior [ RunTime:0.001840s ]
INFO: [ app_end ] --END-- [ RunTime:0.001926s ]

[ 2017-04-10T19:16:22+08:00 ] 127.0.0.1 /thinkphp3.2.3/index.php/Wisdom/image/default.jpg
INFO: [ app_init ] --START--
INFO: Run Behavior\BuildLiteBehavior [ RunTime:0.000014s ]
INFO: [ app_init ] --END-- [ RunTime:0.000499s ]

[ 2017-04-10T19:46:33+08:00 ] 127.0.0.1 /thinkphp3.2.3/index.php/Wisdom/index
INFO: [ app_init ] --START--
INFO: Run Behavior\BuildLiteBehavior [ RunTime:0.000015s ]
INFO: [ app_init ] --END-- [ RunTime:0.000588s ]
INFO: [ app_begin ] --START--
INFO: Run Behavior\ReadHtmlCacheBehavior [ RunTime:0.001008s ]
INFO: [ app_begin ] --END-- [ RunTime:0.001067s ]
SQL: SHOW COLUMNS FROM `qiq_video_block` [ RunTime:0.0027s ]
SQL: SELECT * FROM `qiq_video_block` WHERE `type` <> '其它'  [ RunTime:0.0003s ]
SQL: SELECT `id` FROM `qiq_video_block` WHERE `type` = '其它' LIMIT 1   [ RunTime:0.0002s ]
INFO: [ view_parse ] --START--
INFO: [ template_filter ] --START--
INFO: Run Behavior\ContentReplaceBehavior [ RunTime:0.000166s ]
INFO: [ template_filter ] --END-- [ RunTime:0.000236s ]
NOTIC: [2] Illegal string offset 'username' D:\xampp\htdocs\thinkphp3.2.3\Application\Runtime\Cache\Home\5e6b3ec239a0fa21f36dab032d9d0249.php 第 75 行.
INFO: Run Behavior\ParseTemplateBehavior [ RunTime:0.013126s ]
INFO: [ view_parse ] --END-- [ RunTime:0.013168s ]
INFO: [ view_filter ] --START--
INFO: Run Behavior\WriteHtmlCacheBehavior [ RunTime:0.000558s ]
INFO: [ view_filter ] --END-- [ RunTime:0.000591s ]
INFO: [ app_end ] --START--
INFO: Run Behavior\ShowPageTraceBehavior [ RunTime:0.000734s ]
INFO: [ app_end ] --END-- [ RunTime:0.000775s ]

[ 2017-04-10T19:46:33+08:00 ] 127.0.0.1 /thinkphp3.2.3/index.php/Wisdom/image/default.jpg
INFO: [ app_init ] --START--
INFO: Run Behavior\BuildLiteBehavior [ RunTime:0.000014s ]
INFO: [ app_init ] --END-- [ RunTime:0.000457s ]

[ 2017-04-10T19:46:36+08:00 ] 127.0.0.1 /thinkphp3.2.3/index.php/User/logout
INFO: [ app_init ] --START--
INFO: Run Behavior\BuildLiteBehavior [ RunTime:0.000016s ]
INFO: [ app_init ] --END-- [ RunTime:0.000631s ]
INFO: [ app_begin ] --START--
INFO: Run Behavior\ReadHtmlCacheBehavior [ RunTime:0.000893s ]
INFO: [ app_begin ] --END-- [ RunTime:0.000953s ]

[ 2017-04-10T19:46:36+08:00 ] 127.0.0.1 /thinkphp3.2.3/index.php/User/login
INFO: [ app_init ] --START--
INFO: Run Behavior\BuildLiteBehavior [ RunTime:0.000020s ]
INFO: [ app_init ] --END-- [ RunTime:0.000760s ]
INFO: [ app_begin ] --START--
INFO: Run Behavior\ReadHtmlCacheBehavior [ RunTime:0.001130s ]
INFO: [ app_begin ] --END-- [ RunTime:0.001205s ]
INFO: [ view_parse ] --START--
INFO: [ template_filter ] --START--
INFO: Run Behavior\ContentReplaceBehavior [ RunTime:0.000232s ]
INFO: [ template_filter ] --END-- [ RunTime:0.000316s ]
INFO: Run Behavior\ParseTemplateBehavior [ RunTime:0.036572s ]
INFO: [ view_parse ] --END-- [ RunTime:0.036657s ]
INFO: [ view_filter ] --START--
INFO: Run Behavior\WriteHtmlCacheBehavior [ RunTime:0.000971s ]
INFO: [ view_filter ] --END-- [ RunTime:0.001032s ]
INFO: [ app_end ] --START--
INFO: Run Behavior\ShowPageTraceBehavior [ RunTime:0.001260s ]
INFO: [ app_end ] --END-- [ RunTime:0.001330s ]

[ 2017-04-10T19:46:42+08:00 ] 127.0.0.1 /thinkphp3.2.3/index.php/User/login
INFO: [ app_init ] --START--
INFO: Run Behavior\BuildLiteBehavior [ RunTime:0.000018s ]
INFO: [ app_init ] --END-- [ RunTime:0.000618s ]
INFO: [ app_begin ] --START--
INFO: Run Behavior\ReadHtmlCacheBehavior [ RunTime:0.001004s ]
INFO: [ app_begin ] --END-- [ RunTime:0.001088s ]
SQL: SHOW COLUMNS FROM `qiq_user` [ RunTime:0.0169s ]
NOTIC: [8] Undefined index: validate D:\xampp\htdocs\thinkphp3.2.3\ThinkPHP\Library\Think\Model.class.php 第 1185 行.
NOTIC: [8] Undefined index: auto D:\xampp\htdocs\thinkphp3.2.3\ThinkPHP\Library\Think\Model.class.php 第 1128 行.
NOTIC: [2] date() expects at least 1 parameter, 0 given D:\xampp\htdocs\thinkphp3.2.3\ThinkPHP\Library\Think\Model.class.php 第 1154 行.
SQL: SELECT `id`,`password`,`username` FROM `qiq_user` WHERE `phone` = '15818334685' LIMIT 1   [ RunTime:0.0005s ]

[ 2017-04-10T19:46:42+08:00 ] 127.0.0.1 /thinkphp3.2.3/index.php/Index/index
INFO: [ app_init ] --START--
INFO: Run Behavior\BuildLiteBehavior [ RunTime:0.000030s ]
INFO: [ app_init ] --END-- [ RunTime:0.001159s ]
INFO: [ app_begin ] --START--
INFO: Run Behavior\ReadHtmlCacheBehavior [ RunTime:0.001753s ]
INFO: [ app_begin ] --END-- [ RunTime:0.001863s ]
SQL: SHOW COLUMNS FROM `qiq_user` [ RunTime:0.0031s ]
SQL: SHOW COLUMNS FROM `qiq_video` [ RunTime:0.0028s ]
SQL: SELECT * FROM `qiq_video` ORDER BY play_times desc LIMIT 6   [ RunTime:0.0005s ]
SQL: SELECT * FROM `qiq_video` ORDER BY vidup_time desc LIMIT 6   [ RunTime:0.0004s ]
SQL: SHOW COLUMNS FROM `qiq_information` [ RunTime:0.0024s ]
SQL: SELECT * FROM `qiq_information` ORDER BY news_visit desc LIMIT 5   [ RunTime:0.0008s ]
SQL: SHOW COLUMNS FROM `qiq_team` [ RunTime:0.0024s ]
SQL: SELECT * FROM `qiq_team` WHERE `status` = 1 LIMIT 5   [ RunTime:0.0003s ]
INFO: [ view_parse ] --START--
INFO: [ template_filter ] --START--
INFO: Run Behavior\ContentReplaceBehavior [ RunTime:0.000168s ]
INFO: [ template_filter ] --END-- [ RunTime:0.000216s ]
NOTIC: [8] Undefined variable: session_id D:\xampp\htdocs\thinkphp3.2.3\Application\Runtime\Cache\Home\2a94b8bda04ff446dcedd42276fc99ee.php 第 75 行.
INFO: Run Behavior\ParseTemplateBehavior [ RunTime:0.017769s ]
INFO: [ view_parse ] --END-- [ RunTime:0.017813s ]
INFO: [ view_filter ] --START--
INFO: Run Behavior\WriteHtmlCacheBehavior [ RunTime:0.000558s ]
INFO: [ view_filter ] --END-- [ RunTime:0.000592s ]
INFO: [ app_end ] --START--
INFO: Run Behavior\ShowPageTraceBehavior [ RunTime:0.000762s ]
INFO: [ app_end ] --END-- [ RunTime:0.000804s ]

[ 2017-04-10T19:46:42+08:00 ] 127.0.0.1 /thinkphp3.2.3/index.php/Index/image/default.jpg
INFO: [ app_init ] --START--
INFO: Run Behavior\BuildLiteBehavior [ RunTime:0.000014s ]
INFO: [ app_init ] --END-- [ RunTime:0.000435s ]

[ 2017-04-10T19:46:44+08:00 ] 127.0.0.1 /thinkphp3.2.3/index.php/Wisdom/index
INFO: [ app_init ] --START--
INFO: Run Behavior\BuildLiteBehavior [ RunTime:0.000016s ]
INFO: [ app_init ] --END-- [ RunTime:0.000641s ]
INFO: [ app_begin ] --START--
INFO: Run Behavior\ReadHtmlCacheBehavior [ RunTime:0.000922s ]
INFO: [ app_begin ] --END-- [ RunTime:0.000983s ]
SQL: SHOW COLUMNS FROM `qiq_video_block` [ RunTime:0.0028s ]
SQL: SELECT * FROM `qiq_video_block` WHERE `type` <> '其它'  [ RunTime:0.0003s ]
SQL: SELECT `id` FROM `qiq_video_block` WHERE `type` = '其它' LIMIT 1   [ RunTime:0.0002s ]
INFO: [ view_parse ] --START--
INFO: [ template_filter ] --START--
INFO: Run Behavior\ContentReplaceBehavior [ RunTime:0.000131s ]
INFO: [ template_filter ] --END-- [ RunTime:0.000178s ]
NOTIC: [2] Illegal string offset 'username' D:\xampp\htdocs\thinkphp3.2.3\Application\Runtime\Cache\Home\5e6b3ec239a0fa21f36dab032d9d0249.php 第 75 行.
INFO: Run Behavior\ParseTemplateBehavior [ RunTime:0.013104s ]
INFO: [ view_parse ] --END-- [ RunTime:0.013149s ]
INFO: [ view_filter ] --START--
INFO: Run Behavior\WriteHtmlCacheBehavior [ RunTime:0.000471s ]
INFO: [ view_filter ] --END-- [ RunTime:0.000507s ]
INFO: [ app_end ] --START--
INFO: Run Behavior\ShowPageTraceBehavior [ RunTime:0.000641s ]
INFO: [ app_end ] --END-- [ RunTime:0.000681s ]

[ 2017-04-10T19:46:44+08:00 ] 127.0.0.1 /thinkphp3.2.3/index.php/Wisdom/image/default.jpg
INFO: [ app_init ] --START--
INFO: Run Behavior\BuildLiteBehavior [ RunTime:0.000013s ]
INFO: [ app_init ] --END-- [ RunTime:0.000464s ]

[ 2017-04-10T19:46:45+08:00 ] 127.0.0.1 /thinkphp3.2.3/index.php/Incubation/index
INFO: [ app_init ] --START--
INFO: Run Behavior\BuildLiteBehavior [ RunTime:0.000014s ]
INFO: [ app_init ] --END-- [ RunTime:0.000625s ]
INFO: [ app_begin ] --START--
INFO: Run Behavior\ReadHtmlCacheBehavior [ RunTime:0.000851s ]
INFO: [ app_begin ] --END-- [ RunTime:0.000913s ]
SQL: SHOW COLUMNS FROM `qiq_plan` [ RunTime:0.0030s ]
SQL: SELECT * FROM `qiq_plan` WHERE ( plan_state=1 ) ORDER BY planup_time desc  [ RunTime:0.0004s ]
INFO: [ view_parse ] --START--
INFO: [ template_filter ] --START--
INFO: Run Behavior\ContentReplaceBehavior [ RunTime:0.000114s ]
INFO: [ template_filter ] --END-- [ RunTime:0.000156s ]
NOTIC: [2] Illegal string offset 'username' D:\xampp\htdocs\thinkphp3.2.3\Application\Runtime\Cache\Home\2628730880f2fb21027f8316f6358d44.php 第 75 行.
NOTIC: [8] Undefined index: plan_teamname D:\xampp\htdocs\thinkphp3.2.3\Application\Runtime\Cache\Home\2628730880f2fb21027f8316f6358d44.php 第 227 行.
NOTIC: [8] Undefined index: plan_team D:\xampp\htdocs\thinkphp3.2.3\Application\Runtime\Cache\Home\2628730880f2fb21027f8316f6358d44.php 第 228 行.
NOTIC: [8] Undefined index: plan_teamname D:\xampp\htdocs\thinkphp3.2.3\Application\Runtime\Cache\Home\2628730880f2fb21027f8316f6358d44.php 第 227 行.
NOTIC: [8] Undefined index: plan_team D:\xampp\htdocs\thinkphp3.2.3\Application\Runtime\Cache\Home\2628730880f2fb21027f8316f6358d44.php 第 228 行.
INFO: Run Behavior\ParseTemplateBehavior [ RunTime:0.012889s ]
INFO: [ view_parse ] --END-- [ RunTime:0.012940s ]
INFO: [ view_filter ] --START--
INFO: Run Behavior\WriteHtmlCacheBehavior [ RunTime:0.000415s ]
INFO: [ view_filter ] --END-- [ RunTime:0.000446s ]
INFO: [ app_end ] --START--
INFO: Run Behavior\ShowPageTraceBehavior [ RunTime:0.000691s ]
INFO: [ app_end ] --END-- [ RunTime:0.000729s ]

[ 2017-04-10T19:46:45+08:00 ] 127.0.0.1 /thinkphp3.2.3/index.php/Incubation/image/default.jpg
INFO: [ app_init ] --START--
INFO: Run Behavior\BuildLiteBehavior [ RunTime:0.000018s ]
INFO: [ app_init ] --END-- [ RunTime:0.000626s ]

[ 2017-04-10T19:46:46+08:00 ] 127.0.0.1 /thinkphp3.2.3/index.php/Wisdom/index
INFO: [ app_init ] --START--
INFO: Run Behavior\BuildLiteBehavior [ RunTime:0.000013s ]
INFO: [ app_init ] --END-- [ RunTime:0.000475s ]
INFO: [ app_begin ] --START--
INFO: Run Behavior\ReadHtmlCacheBehavior [ RunTime:0.000652s ]
INFO: [ app_begin ] --END-- [ RunTime:0.000698s ]
SQL: SHOW COLUMNS FROM `qiq_video_block` [ RunTime:0.0029s ]
SQL: SELECT * FROM `qiq_video_block` WHERE `type` <> '其它'  [ RunTime:0.0004s ]
SQL: SELECT `id` FROM `qiq_video_block` WHERE `type` = '其它' LIMIT 1   [ RunTime:0.0003s ]
INFO: [ view_parse ] --START--
INFO: [ template_filter ] --START--
INFO: Run Behavior\ContentReplaceBehavior [ RunTime:0.000123s ]
INFO: [ template_filter ] --END-- [ RunTime:0.000169s ]
NOTIC: [2] Illegal string offset 'username' D:\xampp\htdocs\thinkphp3.2.3\Application\Runtime\Cache\Home\5e6b3ec239a0fa21f36dab032d9d0249.php 第 75 行.
INFO: Run Behavior\ParseTemplateBehavior [ RunTime:0.012970s ]
INFO: [ view_parse ] --END-- [ RunTime:0.013013s ]
INFO: [ view_filter ] --START--
INFO: Run Behavior\WriteHtmlCacheBehavior [ RunTime:0.000444s ]
INFO: [ view_filter ] --END-- [ RunTime:0.000478s ]
INFO: [ app_end ] --START--
INFO: Run Behavior\ShowPageTraceBehavior [ RunTime:0.000632s ]
INFO: [ app_end ] --END-- [ RunTime:0.000671s ]

[ 2017-04-10T19:46:46+08:00 ] 127.0.0.1 /thinkphp3.2.3/index.php/Wisdom/image/default.jpg
INFO: [ app_init ] --START--
INFO: Run Behavior\BuildLiteBehavior [ RunTime:0.000014s ]
INFO: [ app_init ] --END-- [ RunTime:0.000434s ]

[ 2017-04-10T20:46:01+08:00 ] 127.0.0.1 /thinkphp3.2.3/index.php/Incubation/index
INFO: [ app_init ] --START--
INFO: Run Behavior\BuildLiteBehavior [ RunTime:0.000016s ]
INFO: [ app_init ] --END-- [ RunTime:0.000605s ]
INFO: [ app_begin ] --START--
INFO: Run Behavior\ReadHtmlCacheBehavior [ RunTime:0.000881s ]
INFO: [ app_begin ] --END-- [ RunTime:0.000940s ]
SQL: SHOW COLUMNS FROM `qiq_plan` [ RunTime:0.0037s ]
SQL: SELECT * FROM `qiq_plan` WHERE ( plan_state=1 ) ORDER BY planup_time desc  [ RunTime:0.0006s ]
INFO: [ view_parse ] --START--
INFO: [ template_filter ] --START--
INFO: Run Behavior\ContentReplaceBehavior [ RunTime:0.000155s ]
INFO: [ template_filter ] --END-- [ RunTime:0.000217s ]
NOTIC: [2] Illegal string offset 'username' D:\xampp\htdocs\thinkphp3.2.3\Application\Runtime\Cache\Home\2628730880f2fb21027f8316f6358d44.php 第 75 行.
NOTIC: [8] Undefined index: plan_teamname D:\xampp\htdocs\thinkphp3.2.3\Application\Runtime\Cache\Home\2628730880f2fb21027f8316f6358d44.php 第 227 行.
NOTIC: [8] Undefined index: plan_team D:\xampp\htdocs\thinkphp3.2.3\Application\Runtime\Cache\Home\2628730880f2fb21027f8316f6358d44.php 第 228 行.
NOTIC: [8] Undefined index: plan_teamname D:\xampp\htdocs\thinkphp3.2.3\Application\Runtime\Cache\Home\2628730880f2fb21027f8316f6358d44.php 第 227 行.
NOTIC: [8] Undefined index: plan_team D:\xampp\htdocs\thinkphp3.2.3\Application\Runtime\Cache\Home\2628730880f2fb21027f8316f6358d44.php 第 228 行.
INFO: Run Behavior\ParseTemplateBehavior [ RunTime:0.018194s ]
INFO: [ view_parse ] --END-- [ RunTime:0.018255s ]
INFO: [ view_filter ] --START--
INFO: Run Behavior\WriteHtmlCacheBehavior [ RunTime:0.000707s ]
INFO: [ view_filter ] --END-- [ RunTime:0.000769s ]
INFO: [ app_end ] --START--
INFO: Run Behavior\ShowPageTraceBehavior [ RunTime:0.000961s ]
INFO: [ app_end ] --END-- [ RunTime:0.001019s ]

[ 2017-04-10T20:46:01+08:00 ] 127.0.0.1 /thinkphp3.2.3/index.php/Incubation/image/default.jpg
INFO: [ app_init ] --START--
INFO: Run Behavior\BuildLiteBehavior [ RunTime:0.000016s ]
INFO: [ app_init ] --END-- [ RunTime:0.000645s ]

[ 2017-04-10T20:59:38+08:00 ] 127.0.0.1 /thinkphp3.2.3/index.php/Incubation/incubationDetail/id/24
INFO: [ app_init ] --START--
INFO: Run Behavior\BuildLiteBehavior [ RunTime:0.000016s ]
INFO: [ app_init ] --END-- [ RunTime:0.000649s ]
INFO: [ app_begin ] --START--
INFO: Run Behavior\ReadHtmlCacheBehavior [ RunTime:0.000848s ]
INFO: [ app_begin ] --END-- [ RunTime:0.000917s ]
SQL: SHOW COLUMNS FROM `qiq_plan` [ RunTime:0.0027s ]
SQL: SHOW COLUMNS FROM `qiq_user` [ RunTime:0.0025s ]
SQL: UPDATE `qiq_plan` SET `plan_times`=plan_times+1 WHERE `id` = 24 [ RunTime:0.0003s ]
SQL: SELECT * FROM `qiq_user` WHERE `id` = 61 LIMIT 1   [ RunTime:0.0004s ]
SQL: SELECT * FROM `qiq_plan` WHERE `id` = 24 LIMIT 1   [ RunTime:0.0002s ]
NOTIC: [8] Undefined variable: reuser D:\xampp\htdocs\thinkphp3.2.3\Application\Home\Controller\IncubationController.class.php 第 46 行.
INFO: [ view_parse ] --START--
INFO: [ template_filter ] --START--
INFO: Run Behavior\ContentReplaceBehavior [ RunTime:0.000112s ]
INFO: [ template_filter ] --END-- [ RunTime:0.000150s ]
NOTIC: [2] Illegal string offset 'username' D:\xampp\htdocs\thinkphp3.2.3\Application\Runtime\Cache\Home\24ef6119cdd77ca21e287d803ca51bf7.php 第 75 行.
NOTIC: [8] Undefined index: Tid D:\xampp\htdocs\thinkphp3.2.3\Application\Runtime\Cache\Home\24ef6119cdd77ca21e287d803ca51bf7.php 第 190 行.
INFO: Run Behavior\ParseTemplateBehavior [ RunTime:0.011141s ]
INFO: [ view_parse ] --END-- [ RunTime:0.011180s ]
INFO: [ view_filter ] --START--
INFO: Run Behavior\WriteHtmlCacheBehavior [ RunTime:0.000463s ]
INFO: [ view_filter ] --END-- [ RunTime:0.000493s ]
INFO: [ app_end ] --START--
INFO: Run Behavior\ShowPageTraceBehavior [ RunTime:0.000704s ]
INFO: [ app_end ] --END-- [ RunTime:0.000741s ]

[ 2017-04-10T20:59:38+08:00 ] 127.0.0.1 /thinkphp3.2.3/index.php/Incubation/incubationDetail/id/image/default.jpg
INFO: [ app_init ] --START--
INFO: Run Behavior\BuildLiteBehavior [ RunTime:0.000012s ]
INFO: [ app_init ] --END-- [ RunTime:0.000439s ]

[ 2017-04-10T20:59:49+08:00 ] 127.0.0.1 /thinkphp3.2.3/index.php/Incubation/incubationDetail/id/24
INFO: [ app_init ] --START--
INFO: Run Behavior\BuildLiteBehavior [ RunTime:0.000012s ]
INFO: [ app_init ] --END-- [ RunTime:0.000564s ]
INFO: [ app_begin ] --START--
INFO: Run Behavior\ReadHtmlCacheBehavior [ RunTime:0.000630s ]
INFO: [ app_begin ] --END-- [ RunTime:0.000674s ]
SQL: SHOW COLUMNS FROM `qiq_plan` [ RunTime:0.0030s ]
SQL: SHOW COLUMNS FROM `qiq_user` [ RunTime:0.0060s ]
SQL: UPDATE `qiq_plan` SET `plan_times`=plan_times+1 WHERE `id` = 24 [ RunTime:0.0003s ]
SQL: SELECT * FROM `qiq_user` WHERE `id` = 61 LIMIT 1   [ RunTime:0.0004s ]
SQL: SELECT * FROM `qiq_plan` WHERE `id` = 24 LIMIT 1   [ RunTime:0.0003s ]
NOTIC: [8] Undefined variable: reuser D:\xampp\htdocs\thinkphp3.2.3\Application\Home\Controller\IncubationController.class.php 第 46 行.
INFO: [ view_parse ] --START--
INFO: [ template_filter ] --START--
INFO: Run Behavior\ContentReplaceBehavior [ RunTime:0.000116s ]
INFO: [ template_filter ] --END-- [ RunTime:0.000158s ]
NOTIC: [2] Illegal string offset 'username' D:\xampp\htdocs\thinkphp3.2.3\Application\Runtime\Cache\Home\24ef6119cdd77ca21e287d803ca51bf7.php 第 75 行.
NOTIC: [8] Undefined index: Tid D:\xampp\htdocs\thinkphp3.2.3\Application\Runtime\Cache\Home\24ef6119cdd77ca21e287d803ca51bf7.php 第 190 行.
INFO: Run Behavior\ParseTemplateBehavior [ RunTime:0.011479s ]
INFO: [ view_parse ] --END-- [ RunTime:0.011519s ]
INFO: [ view_filter ] --START--
INFO: Run Behavior\WriteHtmlCacheBehavior [ RunTime:0.000562s ]
INFO: [ view_filter ] --END-- [ RunTime:0.000594s ]
INFO: [ app_end ] --START--
INFO: Run Behavior\ShowPageTraceBehavior [ RunTime:0.000755s ]
INFO: [ app_end ] --END-- [ RunTime:0.000794s ]

[ 2017-04-10T20:59:49+08:00 ] 127.0.0.1 /thinkphp3.2.3/index.php/Incubation/incubationDetail/id/image/default.jpg
INFO: [ app_init ] --START--
INFO: Run Behavior\BuildLiteBehavior [ RunTime:0.000012s ]
INFO: [ app_init ] --END-- [ RunTime:0.000434s ]

[ 2017-04-10T21:03:28+08:00 ] 127.0.0.1 /thinkphp3.2.3/index.php/Wisdom/index
INFO: [ app_init ] --START--
INFO: Run Behavior\BuildLiteBehavior [ RunTime:0.000014s ]
INFO: [ app_init ] --END-- [ RunTime:0.000545s ]
INFO: [ app_begin ] --START--
INFO: Run Behavior\ReadHtmlCacheBehavior [ RunTime:0.000863s ]
INFO: [ app_begin ] --END-- [ RunTime:0.000924s ]
SQL: SHOW COLUMNS FROM `qiq_video_block` [ RunTime:0.0069s ]
SQL: SELECT * FROM `qiq_video_block` WHERE `type` <> '其它'  [ RunTime:0.0008s ]
SQL: SELECT `id` FROM `qiq_video_block` WHERE `type` = '其它' LIMIT 1   [ RunTime:0.0006s ]
INFO: [ view_parse ] --START--
INFO: [ template_filter ] --START--
INFO: Run Behavior\ContentReplaceBehavior [ RunTime:0.000131s ]
INFO: [ template_filter ] --END-- [ RunTime:0.000182s ]
NOTIC: [2] Illegal string offset 'username' D:\xampp\htdocs\thinkphp3.2.3\Application\Runtime\Cache\Home\5e6b3ec239a0fa21f36dab032d9d0249.php 第 75 行.
INFO: Run Behavior\ParseTemplateBehavior [ RunTime:0.029374s ]
INFO: [ view_parse ] --END-- [ RunTime:0.029452s ]
INFO: [ view_filter ] --START--
INFO: Run Behavior\WriteHtmlCacheBehavior [ RunTime:0.000503s ]
INFO: [ view_filter ] --END-- [ RunTime:0.000538s ]
INFO: [ app_end ] --START--
INFO: Run Behavior\ShowPageTraceBehavior [ RunTime:0.000664s ]
INFO: [ app_end ] --END-- [ RunTime:0.000703s ]

[ 2017-04-10T21:03:28+08:00 ] 127.0.0.1 /thinkphp3.2.3/index.php/Wisdom/image/default.jpg
INFO: [ app_init ] --START--
INFO: Run Behavior\BuildLiteBehavior [ RunTime:0.000015s ]
INFO: [ app_init ] --END-- [ RunTime:0.000513s ]

[ 2017-04-10T21:05:51+08:00 ] 127.0.0.1 /thinkphp3.2.3/index.php/Team/index
INFO: [ app_init ] --START--
INFO: Run Behavior\BuildLiteBehavior [ RunTime:0.000014s ]
INFO: [ app_init ] --END-- [ RunTime:0.000582s ]
INFO: [ app_begin ] --START--
INFO: Run Behavior\ReadHtmlCacheBehavior [ RunTime:0.000857s ]
INFO: [ app_begin ] --END-- [ RunTime:0.000916s ]
SQL: SHOW COLUMNS FROM `qiq_team` [ RunTime:0.0072s ]
SQL: SELECT * FROM `qiq_team` WHERE `status` = 1  [ RunTime:0.0008s ]
INFO: [ view_parse ] --START--
INFO: [ template_filter ] --START--
INFO: Run Behavior\ContentReplaceBehavior [ RunTime:0.000249s ]
INFO: [ template_filter ] --END-- [ RunTime:0.000398s ]
NOTIC: [8] Undefined variable: title D:\xampp\htdocs\thinkphp3.2.3\Application\Runtime\Cache\Home\2fd0026c83b3cc36b646dc3acf375674.php 第 8 行.
NOTIC: [8] Undefined variable: session_id D:\xampp\htdocs\thinkphp3.2.3\Application\Runtime\Cache\Home\2fd0026c83b3cc36b646dc3acf375674.php 第 75 行.
INFO: Run Behavior\ParseTemplateBehavior [ RunTime:0.041202s ]
INFO: [ view_parse ] --END-- [ RunTime:0.041318s ]
INFO: [ view_filter ] --START--
INFO: Run Behavior\WriteHtmlCacheBehavior [ RunTime:0.001381s ]
INFO: [ view_filter ] --END-- [ RunTime:0.001483s ]
INFO: [ app_end ] --START--
INFO: Run Behavior\ShowPageTraceBehavior [ RunTime:0.001825s ]
INFO: [ app_end ] --END-- [ RunTime:0.001947s ]

[ 2017-04-10T21:05:51+08:00 ] 127.0.0.1 /thinkphp3.2.3/index.php/Team/image/default.jpg
INFO: [ app_init ] --START--
INFO: Run Behavior\BuildLiteBehavior [ RunTime:0.000014s ]
INFO: [ app_init ] --END-- [ RunTime:0.000473s ]

[ 2017-04-10T21:05:52+08:00 ] 127.0.0.1 /thinkphp3.2.3/index.php/Variety/index
INFO: [ app_init ] --START--
INFO: Run Behavior\BuildLiteBehavior [ RunTime:0.000013s ]
INFO: [ app_init ] --END-- [ RunTime:0.000435s ]
INFO: [ app_begin ] --START--
INFO: Run Behavior\ReadHtmlCacheBehavior [ RunTime:0.000614s ]
INFO: [ app_begin ] --END-- [ RunTime:0.000657s ]
SQL: SHOW COLUMNS FROM `qiq_video` [ RunTime:0.0028s ]
NOTIC: [8] Undefined variable: condition D:\xampp\htdocs\thinkphp3.2.3\Application\Home\Controller\VarietyController.class.php 第 36 行.
SQL: SELECT * FROM qiq_video v LEFT JOIN qiq_video_attributes a ON v.id=a.videoid  ORDER BY v.vidup_time desc  [ RunTime:0.0009s ]
SQL: SHOW COLUMNS FROM `qiq_video_block` [ RunTime:0.0026s ]
SQL: SELECT * FROM `qiq_video_block`  [ RunTime:0.0002s ]
INFO: [ view_parse ] --START--
INFO: [ template_filter ] --START--
INFO: Run Behavior\ContentReplaceBehavior [ RunTime:0.000120s ]
INFO: [ template_filter ] --END-- [ RunTime:0.000168s ]
NOTIC: [2] Illegal string offset 'username' D:\xampp\htdocs\thinkphp3.2.3\Application\Runtime\Cache\Home\3cbd4d464185b92d3cfa2d8f44c43aa7.php 第 75 行.
NOTIC: [8] Undefined index: Uid D:\xampp\htdocs\thinkphp3.2.3\Application\Runtime\Cache\Home\3cbd4d464185b92d3cfa2d8f44c43aa7.php 第 235 行.
NOTIC: [8] Undefined index: Uid D:\xampp\htdocs\thinkphp3.2.3\Application\Runtime\Cache\Home\3cbd4d464185b92d3cfa2d8f44c43aa7.php 第 235 行.
NOTIC: [8] Undefined index: Uid D:\xampp\htdocs\thinkphp3.2.3\Application\Runtime\Cache\Home\3cbd4d464185b92d3cfa2d8f44c43aa7.php 第 235 行.
NOTIC: [8] Undefined index: Uid D:\xampp\htdocs\thinkphp3.2.3\Application\Runtime\Cache\Home\3cbd4d464185b92d3cfa2d8f44c43aa7.php 第 235 行.
NOTIC: [8] Undefined index: Uid D:\xampp\htdocs\thinkphp3.2.3\Application\Runtime\Cache\Home\3cbd4d464185b92d3cfa2d8f44c43aa7.php 第 235 行.
NOTIC: [8] Undefined index: Uid D:\xampp\htdocs\thinkphp3.2.3\Application\Runtime\Cache\Home\3cbd4d464185b92d3cfa2d8f44c43aa7.php 第 235 行.
NOTIC: [8] Undefined index: Uid D:\xampp\htdocs\thinkphp3.2.3\Application\Runtime\Cache\Home\3cbd4d464185b92d3cfa2d8f44c43aa7.php 第 235 行.
NOTIC: [8] Undefined index: Uid D:\xampp\htdocs\thinkphp3.2.3\Application\Runtime\Cache\Home\3cbd4d464185b92d3cfa2d8f44c43aa7.php 第 235 行.
NOTIC: [8] Undefined index: Uid D:\xampp\htdocs\thinkphp3.2.3\Application\Runtime\Cache\Home\3cbd4d464185b92d3cfa2d8f44c43aa7.php 第 235 行.
NOTIC: [8] Undefined index: Uid D:\xampp\htdocs\thinkphp3.2.3\Application\Runtime\Cache\Home\3cbd4d464185b92d3cfa2d8f44c43aa7.php 第 235 行.
NOTIC: [8] Undefined index: Uid D:\xampp\htdocs\thinkphp3.2.3\Application\Runtime\Cache\Home\3cbd4d464185b92d3cfa2d8f44c43aa7.php 第 235 行.
NOTIC: [8] Undefined index: Uid D:\xampp\htdocs\thinkphp3.2.3\Application\Runtime\Cache\Home\3cbd4d464185b92d3cfa2d8f44c43aa7.php 第 235 行.
NOTIC: [8] Undefined index: Uid D:\xampp\htdocs\thinkphp3.2.3\Application\Runtime\Cache\Home\3cbd4d464185b92d3cfa2d8f44c43aa7.php 第 235 行.
NOTIC: [8] Undefined index: Uid D:\xampp\htdocs\thinkphp3.2.3\Application\Runtime\Cache\Home\3cbd4d464185b92d3cfa2d8f44c43aa7.php 第 235 行.
INFO: Run Behavior\ParseTemplateBehavior [ RunTime:0.015047s ]
INFO: [ view_parse ] --END-- [ RunTime:0.015092s ]
INFO: [ view_filter ] --START--
INFO: Run Behavior\WriteHtmlCacheBehavior [ RunTime:0.000491s ]
INFO: [ view_filter ] --END-- [ RunTime:0.000526s ]
INFO: [ app_end ] --START--
INFO: Run Behavior\ShowPageTraceBehavior [ RunTime:0.000759s ]
INFO: [ app_end ] --END-- [ RunTime:0.000812s ]

[ 2017-04-10T21:05:52+08:00 ] 127.0.0.1 /thinkphp3.2.3/index.php/Variety/image/default.jpg
INFO: [ app_init ] --START--
INFO: Run Behavior\BuildLiteBehavior [ RunTime:0.000013s ]
INFO: [ app_init ] --END-- [ RunTime:0.000437s ]

[ 2017-04-10T21:05:53+08:00 ] 127.0.0.1 /thinkphp3.2.3/index.php/Team/index
INFO: [ app_init ] --START--
INFO: Run Behavior\BuildLiteBehavior [ RunTime:0.000015s ]
INFO: [ app_init ] --END-- [ RunTime:0.000579s ]
INFO: [ app_begin ] --START--
INFO: Run Behavior\ReadHtmlCacheBehavior [ RunTime:0.000820s ]
INFO: [ app_begin ] --END-- [ RunTime:0.000890s ]
SQL: SHOW COLUMNS FROM `qiq_team` [ RunTime:0.0039s ]
SQL: SELECT * FROM `qiq_team` WHERE `status` = 1  [ RunTime:0.0004s ]
INFO: [ view_parse ] --START--
INFO: [ template_filter ] --START--
INFO: Run Behavior\ContentReplaceBehavior [ RunTime:0.000122s ]
INFO: [ template_filter ] --END-- [ RunTime:0.000190s ]
NOTIC: [8] Undefined variable: title D:\xampp\htdocs\thinkphp3.2.3\Application\Runtime\Cache\Home\2fd0026c83b3cc36b646dc3acf375674.php 第 8 行.
NOTIC: [8] Undefined variable: session_id D:\xampp\htdocs\thinkphp3.2.3\Application\Runtime\Cache\Home\2fd0026c83b3cc36b646dc3acf375674.php 第 75 行.
INFO: Run Behavior\ParseTemplateBehavior [ RunTime:0.014326s ]
INFO: [ view_parse ] --END-- [ RunTime:0.014390s ]
INFO: [ view_filter ] --START--
INFO: Run Behavior\WriteHtmlCacheBehavior [ RunTime:0.000607s ]
INFO: [ view_filter ] --END-- [ RunTime:0.000659s ]
INFO: [ app_end ] --START--
INFO: Run Behavior\ShowPageTraceBehavior [ RunTime:0.000856s ]
INFO: [ app_end ] --END-- [ RunTime:0.000914s ]

[ 2017-04-10T21:05:54+08:00 ] 127.0.0.1 /thinkphp3.2.3/index.php/Team/image/default.jpg
INFO: [ app_init ] --START--
INFO: Run Behavior\BuildLiteBehavior [ RunTime:0.000018s ]
INFO: [ app_init ] --END-- [ RunTime:0.000673s ]

[ 2017-04-10T21:05:56+08:00 ] 127.0.0.1 /thinkphp3.2.3/index.php/Team/excellentTeam/id/1
INFO: [ app_init ] --START--
INFO: Run Behavior\BuildLiteBehavior [ RunTime:0.000030s ]
INFO: [ app_init ] --END-- [ RunTime:0.001138s ]
INFO: [ app_begin ] --START--
INFO: Run Behavior\ReadHtmlCacheBehavior [ RunTime:0.001255s ]
INFO: [ app_begin ] --END-- [ RunTime:0.001371s ]
SQL: SHOW COLUMNS FROM `qiq_team` [ RunTime:0.0029s ]
SQL: SELECT * FROM `qiq_team` WHERE `id` = 1 LIMIT 1   [ RunTime:0.0003s ]
SQL: SHOW COLUMNS FROM `qiq_teammember` [ RunTime:0.0024s ]
SQL: SELECT * FROM `qiq_teammember` WHERE `Tid` = 1 AND `member_type` = '导师'  [ RunTime:0.0003s ]
SQL: SELECT * FROM `qiq_teammember` WHERE `Tid` = 1 AND `member_type` = '成员'  [ RunTime:0.0003s ]
SQL: SHOW COLUMNS FROM `qiq_video` [ RunTime:0.0025s ]
SQL: SELECT `video_title`,`vidup_time` FROM `qiq_video` WHERE `Tid` = 1  [ RunTime:0.0003s ]
INFO: [ view_parse ] --START--
INFO: [ template_filter ] --START--
INFO: Run Behavior\ContentReplaceBehavior [ RunTime:0.000117s ]
INFO: [ template_filter ] --END-- [ RunTime:0.000164s ]
NOTIC: [8] Undefined variable: title D:\xampp\htdocs\thinkphp3.2.3\Application\Runtime\Cache\Home\76434e2737bad959fa6849c594017bc7.php 第 8 行.
NOTIC: [8] Undefined variable: session_id D:\xampp\htdocs\thinkphp3.2.3\Application\Runtime\Cache\Home\76434e2737bad959fa6849c594017bc7.php 第 75 行.
INFO: Run Behavior\ParseTemplateBehavior [ RunTime:0.050832s ]
INFO: [ view_parse ] --END-- [ RunTime:0.050884s ]
INFO: [ view_filter ] --START--
INFO: Run Behavior\WriteHtmlCacheBehavior [ RunTime:0.000317s ]
INFO: [ view_filter ] --END-- [ RunTime:0.000351s ]
INFO: [ app_end ] --START--
INFO: Run Behavior\ShowPageTraceBehavior [ RunTime:0.000491s ]
INFO: [ app_end ] --END-- [ RunTime:0.000534s ]

[ 2017-04-10T21:05:56+08:00 ] 127.0.0.1 /thinkphp3.2.3/index.php/Team/excellentTeam/id/image/default.jpg
INFO: [ app_init ] --START--
INFO: Run Behavior\BuildLiteBehavior [ RunTime:0.000014s ]
INFO: [ app_init ] --END-- [ RunTime:0.000436s ]

[ 2017-04-10T21:06:16+08:00 ] 127.0.0.1 /thinkphp3.2.3/index.php/Team/index
INFO: [ app_init ] --START--
INFO: Run Behavior\BuildLiteBehavior [ RunTime:0.000013s ]
INFO: [ app_init ] --END-- [ RunTime:0.000490s ]
INFO: [ app_begin ] --START--
INFO: Run Behavior\ReadHtmlCacheBehavior [ RunTime:0.000713s ]
INFO: [ app_begin ] --END-- [ RunTime:0.000759s ]
SQL: SHOW COLUMNS FROM `qiq_team` [ RunTime:0.0033s ]
SQL: SELECT * FROM `qiq_team` WHERE `status` = 1  [ RunTime:0.0004s ]
INFO: [ view_parse ] --START--
INFO: [ template_filter ] --START--
INFO: Run Behavior\ContentReplaceBehavior [ RunTime:0.000093s ]
INFO: [ template_filter ] --END-- [ RunTime:0.000134s ]
NOTIC: [8] Undefined variable: title D:\xampp\htdocs\thinkphp3.2.3\Application\Runtime\Cache\Home\2fd0026c83b3cc36b646dc3acf375674.php 第 8 行.
NOTIC: [8] Undefined variable: session_id D:\xampp\htdocs\thinkphp3.2.3\Application\Runtime\Cache\Home\2fd0026c83b3cc36b646dc3acf375674.php 第 75 行.
INFO: Run Behavior\ParseTemplateBehavior [ RunTime:0.011367s ]
INFO: [ view_parse ] --END-- [ RunTime:0.011411s ]
INFO: [ view_filter ] --START--
INFO: Run Behavior\WriteHtmlCacheBehavior [ RunTime:0.000635s ]
INFO: [ view_filter ] --END-- [ RunTime:0.000672s ]
INFO: [ app_end ] --START--
INFO: Run Behavior\ShowPageTraceBehavior [ RunTime:0.000935s ]
INFO: [ app_end ] --END-- [ RunTime:0.000979s ]

[ 2017-04-10T21:06:16+08:00 ] 127.0.0.1 /thinkphp3.2.3/index.php/Team/image/default.jpg
INFO: [ app_init ] --START--
INFO: Run Behavior\BuildLiteBehavior [ RunTime:0.000014s ]
INFO: [ app_init ] --END-- [ RunTime:0.000486s ]

[ 2017-04-10T21:06:17+08:00 ] 127.0.0.1 /thinkphp3.2.3/index.php/Incubation/index
INFO: [ app_init ] --START--
INFO: Run Behavior\BuildLiteBehavior [ RunTime:0.000012s ]
INFO: [ app_init ] --END-- [ RunTime:0.000449s ]
INFO: [ app_begin ] --START--
INFO: Run Behavior\ReadHtmlCacheBehavior [ RunTime:0.000712s ]
INFO: [ app_begin ] --END-- [ RunTime:0.000760s ]
SQL: SHOW COLUMNS FROM `qiq_plan` [ RunTime:0.0032s ]
SQL: SELECT * FROM `qiq_plan` WHERE ( plan_state=1 ) ORDER BY planup_time desc  [ RunTime:0.0004s ]
INFO: [ view_parse ] --START--
INFO: [ template_filter ] --START--
INFO: Run Behavior\ContentReplaceBehavior [ RunTime:0.000114s ]
INFO: [ template_filter ] --END-- [ RunTime:0.000160s ]
NOTIC: [2] Illegal string offset 'username' D:\xampp\htdocs\thinkphp3.2.3\Application\Runtime\Cache\Home\2628730880f2fb21027f8316f6358d44.php 第 75 行.
NOTIC: [8] Undefined index: plan_teamname D:\xampp\htdocs\thinkphp3.2.3\Application\Runtime\Cache\Home\2628730880f2fb21027f8316f6358d44.php 第 227 行.
NOTIC: [8] Undefined index: plan_team D:\xampp\htdocs\thinkphp3.2.3\Application\Runtime\Cache\Home\2628730880f2fb21027f8316f6358d44.php 第 228 行.
INFO: Run Behavior\ParseTemplateBehavior [ RunTime:0.012335s ]
INFO: [ view_parse ] --END-- [ RunTime:0.012378s ]
INFO: [ view_filter ] --START--
INFO: Run Behavior\WriteHtmlCacheBehavior [ RunTime:0.000579s ]
INFO: [ view_filter ] --END-- [ RunTime:0.000615s ]
INFO: [ app_end ] --START--
INFO: Run Behavior\ShowPageTraceBehavior [ RunTime:0.000724s ]
INFO: [ app_end ] --END-- [ RunTime:0.000766s ]

[ 2017-04-10T21:06:17+08:00 ] 127.0.0.1 /thinkphp3.2.3/index.php/Incubation/image/default.jpg
INFO: [ app_init ] --START--
INFO: Run Behavior\BuildLiteBehavior [ RunTime:0.000015s ]
INFO: [ app_init ] --END-- [ RunTime:0.000620s ]

[ 2017-04-10T21:06:19+08:00 ] 127.0.0.1 /thinkphp3.2.3/index.php/Incubation/incubationDetail/id/24
INFO: [ app_init ] --START--
INFO: Run Behavior\BuildLiteBehavior [ RunTime:0.000018s ]
INFO: [ app_init ] --END-- [ RunTime:0.000619s ]
INFO: [ app_begin ] --START--
INFO: Run Behavior\ReadHtmlCacheBehavior [ RunTime:0.000931s ]
INFO: [ app_begin ] --END-- [ RunTime:0.000991s ]
SQL: SHOW COLUMNS FROM `qiq_plan` [ RunTime:0.0028s ]
SQL: SHOW COLUMNS FROM `qiq_user` [ RunTime:0.0027s ]
SQL: UPDATE `qiq_plan` SET `plan_times`=plan_times+1 WHERE `id` = 24 [ RunTime:0.0003s ]
SQL: SELECT * FROM `qiq_user` WHERE `id` = 61 LIMIT 1   [ RunTime:0.0004s ]
SQL: SELECT * FROM `qiq_plan` WHERE `id` = 24 LIMIT 1   [ RunTime:0.0003s ]
NOTIC: [8] Undefined variable: reuser D:\xampp\htdocs\thinkphp3.2.3\Application\Home\Controller\IncubationController.class.php 第 46 行.
INFO: [ view_parse ] --START--
INFO: [ template_filter ] --START--
INFO: Run Behavior\ContentReplaceBehavior [ RunTime:0.000122s ]
INFO: [ template_filter ] --END-- [ RunTime:0.000171s ]
NOTIC: [2] Illegal string offset 'username' D:\xampp\htdocs\thinkphp3.2.3\Application\Runtime\Cache\Home\24ef6119cdd77ca21e287d803ca51bf7.php 第 75 行.
NOTIC: [8] Undefined index: Tid D:\xampp\htdocs\thinkphp3.2.3\Application\Runtime\Cache\Home\24ef6119cdd77ca21e287d803ca51bf7.php 第 190 行.
INFO: Run Behavior\ParseTemplateBehavior [ RunTime:0.011609s ]
INFO: [ view_parse ] --END-- [ RunTime:0.011655s ]
INFO: [ view_filter ] --START--
INFO: Run Behavior\WriteHtmlCacheBehavior [ RunTime:0.000567s ]
INFO: [ view_filter ] --END-- [ RunTime:0.000600s ]
INFO: [ app_end ] --START--
INFO: Run Behavior\ShowPageTraceBehavior [ RunTime:0.000745s ]
INFO: [ app_end ] --END-- [ RunTime:0.000789s ]

[ 2017-04-10T21:06:19+08:00 ] 127.0.0.1 /thinkphp3.2.3/index.php/Incubation/incubationDetail/id/image/default.jpg
INFO: [ app_init ] --START--
INFO: Run Behavior\BuildLiteBehavior [ RunTime:0.000013s ]
INFO: [ app_init ] --END-- [ RunTime:0.000493s ]

[ 2017-04-10T21:06:20+08:00 ] 127.0.0.1 /thinkphp3.2.3/index.php/Incubation/index
INFO: [ app_init ] --START--
INFO: Run Behavior\BuildLiteBehavior [ RunTime:0.000013s ]
INFO: [ app_init ] --END-- [ RunTime:0.000455s ]
INFO: [ app_begin ] --START--
INFO: Run Behavior\ReadHtmlCacheBehavior [ RunTime:0.000691s ]
INFO: [ app_begin ] --END-- [ RunTime:0.000738s ]
SQL: SHOW COLUMNS FROM `qiq_plan` [ RunTime:0.0030s ]
SQL: SELECT * FROM `qiq_plan` WHERE ( plan_state=1 ) ORDER BY planup_time desc  [ RunTime:0.0004s ]
INFO: [ view_parse ] --START--
INFO: [ template_filter ] --START--
INFO: Run Behavior\ContentReplaceBehavior [ RunTime:0.000115s ]
INFO: [ template_filter ] --END-- [ RunTime:0.000167s ]
NOTIC: [2] Illegal string offset 'username' D:\xampp\htdocs\thinkphp3.2.3\Application\Runtime\Cache\Home\2628730880f2fb21027f8316f6358d44.php 第 75 行.
NOTIC: [8] Undefined index: plan_teamname D:\xampp\htdocs\thinkphp3.2.3\Application\Runtime\Cache\Home\2628730880f2fb21027f8316f6358d44.php 第 227 行.
NOTIC: [8] Undefined index: plan_team D:\xampp\htdocs\thinkphp3.2.3\Application\Runtime\Cache\Home\2628730880f2fb21027f8316f6358d44.php 第 228 行.
INFO: Run Behavior\ParseTemplateBehavior [ RunTime:0.012781s ]
INFO: [ view_parse ] --END-- [ RunTime:0.012823s ]
INFO: [ view_filter ] --START--
INFO: Run Behavior\WriteHtmlCacheBehavior [ RunTime:0.000631s ]
INFO: [ view_filter ] --END-- [ RunTime:0.000669s ]
INFO: [ app_end ] --START--
INFO: Run Behavior\ShowPageTraceBehavior [ RunTime:0.000881s ]
INFO: [ app_end ] --END-- [ RunTime:0.000931s ]

[ 2017-04-10T21:06:20+08:00 ] 127.0.0.1 /thinkphp3.2.3/index.php/Incubation/image/default.jpg
INFO: [ app_init ] --START--
INFO: Run Behavior\BuildLiteBehavior [ RunTime:0.000013s ]
INFO: [ app_init ] --END-- [ RunTime:0.000490s ]

[ 2017-04-10T21:07:54+08:00 ] 127.0.0.1 /thinkphp3.2.3/index.php/Incubation/index
INFO: [ app_init ] --START--
INFO: Run Behavior\BuildLiteBehavior [ RunTime:0.000026s ]
INFO: [ app_init ] --END-- [ RunTime:0.000613s ]
INFO: [ app_begin ] --START--
INFO: Run Behavior\ReadHtmlCacheBehavior [ RunTime:0.000939s ]
INFO: [ app_begin ] --END-- [ RunTime:0.000997s ]
SQL: SHOW COLUMNS FROM `qiq_plan` [ RunTime:0.0031s ]
SQL: SELECT * FROM `qiq_plan` WHERE ( plan_state=1 ) ORDER BY planup_time desc  [ RunTime:0.0004s ]
INFO: [ view_parse ] --START--
INFO: [ template_filter ] --START--
INFO: Run Behavior\ContentReplaceBehavior [ RunTime:0.000116s ]
INFO: [ template_filter ] --END-- [ RunTime:0.000163s ]
NOTIC: [2] Illegal string offset 'username' D:\xampp\htdocs\thinkphp3.2.3\Application\Runtime\Cache\Home\2628730880f2fb21027f8316f6358d44.php 第 75 行.
NOTIC: [8] Undefined index: plan_teamname D:\xampp\htdocs\thinkphp3.2.3\Application\Runtime\Cache\Home\2628730880f2fb21027f8316f6358d44.php 第 227 行.
NOTIC: [8] Undefined index: plan_team D:\xampp\htdocs\thinkphp3.2.3\Application\Runtime\Cache\Home\2628730880f2fb21027f8316f6358d44.php 第 228 行.
INFO: Run Behavior\ParseTemplateBehavior [ RunTime:0.012513s ]
INFO: [ view_parse ] --END-- [ RunTime:0.012557s ]
INFO: [ view_filter ] --START--
INFO: Run Behavior\WriteHtmlCacheBehavior [ RunTime:0.000622s ]
INFO: [ view_filter ] --END-- [ RunTime:0.000657s ]
INFO: [ app_end ] --START--
INFO: Run Behavior\ShowPageTraceBehavior [ RunTime:0.000844s ]
INFO: [ app_end ] --END-- [ RunTime:0.000886s ]

[ 2017-04-10T21:07:54+08:00 ] 127.0.0.1 /thinkphp3.2.3/index.php/Incubation/image/default.jpg
INFO: [ app_init ] --START--
INFO: Run Behavior\BuildLiteBehavior [ RunTime:0.000012s ]
INFO: [ app_init ] --END-- [ RunTime:0.000497s ]

[ 2017-04-10T21:07:55+08:00 ] 127.0.0.1 /thinkphp3.2.3/index.php/Incubation/index
INFO: [ app_init ] --START--
INFO: Run Behavior\BuildLiteBehavior [ RunTime:0.000014s ]
INFO: [ app_init ] --END-- [ RunTime:0.000579s ]
INFO: [ app_begin ] --START--
INFO: Run Behavior\ReadHtmlCacheBehavior [ RunTime:0.000934s ]
INFO: [ app_begin ] --END-- [ RunTime:0.000993s ]
SQL: SHOW COLUMNS FROM `qiq_plan` [ RunTime:0.0030s ]
SQL: SELECT * FROM `qiq_plan` WHERE ( plan_state=1 ) ORDER BY planup_time desc  [ RunTime:0.0004s ]
INFO: [ view_parse ] --START--
INFO: [ template_filter ] --START--
INFO: Run Behavior\ContentReplaceBehavior [ RunTime:0.000112s ]
INFO: [ template_filter ] --END-- [ RunTime:0.000156s ]
NOTIC: [2] Illegal string offset 'username' D:\xampp\htdocs\thinkphp3.2.3\Application\Runtime\Cache\Home\2628730880f2fb21027f8316f6358d44.php 第 75 行.
NOTIC: [8] Undefined index: plan_teamname D:\xampp\htdocs\thinkphp3.2.3\Application\Runtime\Cache\Home\2628730880f2fb21027f8316f6358d44.php 第 227 行.
NOTIC: [8] Undefined index: plan_team D:\xampp\htdocs\thinkphp3.2.3\Application\Runtime\Cache\Home\2628730880f2fb21027f8316f6358d44.php 第 228 行.
INFO: Run Behavior\ParseTemplateBehavior [ RunTime:0.012354s ]
INFO: [ view_parse ] --END-- [ RunTime:0.012397s ]
INFO: [ view_filter ] --START--
INFO: Run Behavior\WriteHtmlCacheBehavior [ RunTime:0.000609s ]
INFO: [ view_filter ] --END-- [ RunTime:0.000643s ]
INFO: [ app_end ] --START--
INFO: Run Behavior\ShowPageTraceBehavior [ RunTime:0.000858s ]
INFO: [ app_end ] --END-- [ RunTime:0.000896s ]

[ 2017-04-10T21:07:55+08:00 ] 127.0.0.1 /thinkphp3.2.3/index.php/Incubation/image/default.jpg
INFO: [ app_init ] --START--
INFO: Run Behavior\BuildLiteBehavior [ RunTime:0.000030s ]
INFO: [ app_init ] --END-- [ RunTime:0.001099s ]

[ 2017-04-10T21:07:56+08:00 ] 127.0.0.1 /thinkphp3.2.3/index.php/Incubation/incubationDetail/id/24
INFO: [ app_init ] --START--
INFO: Run Behavior\BuildLiteBehavior [ RunTime:0.000016s ]
INFO: [ app_init ] --END-- [ RunTime:0.000595s ]
INFO: [ app_begin ] --START--
INFO: Run Behavior\ReadHtmlCacheBehavior [ RunTime:0.000996s ]
INFO: [ app_begin ] --END-- [ RunTime:0.001066s ]
SQL: SHOW COLUMNS FROM `qiq_plan` [ RunTime:0.0040s ]
SQL: SHOW COLUMNS FROM `qiq_user` [ RunTime:0.0034s ]
SQL: UPDATE `qiq_plan` SET `plan_times`=plan_times+1 WHERE `id` = 24 [ RunTime:0.0004s ]
SQL: SELECT * FROM `qiq_user` WHERE `id` = 61 LIMIT 1   [ RunTime:0.0004s ]
SQL: SELECT * FROM `qiq_plan` WHERE `id` = 24 LIMIT 1   [ RunTime:0.0004s ]
NOTIC: [8] Undefined variable: reuser D:\xampp\htdocs\thinkphp3.2.3\Application\Home\Controller\IncubationController.class.php 第 46 行.
INFO: [ view_parse ] --START--
INFO: [ template_filter ] --START--
INFO: Run Behavior\ContentReplaceBehavior [ RunTime:0.000204s ]
INFO: [ template_filter ] --END-- [ RunTime:0.000276s ]
NOTIC: [2] Illegal string offset 'username' D:\xampp\htdocs\thinkphp3.2.3\Application\Runtime\Cache\Home\24ef6119cdd77ca21e287d803ca51bf7.php 第 75 行.
NOTIC: [8] Undefined index: Tid D:\xampp\htdocs\thinkphp3.2.3\Application\Runtime\Cache\Home\24ef6119cdd77ca21e287d803ca51bf7.php 第 190 行.
INFO: Run Behavior\ParseTemplateBehavior [ RunTime:0.015330s ]
INFO: [ view_parse ] --END-- [ RunTime:0.015385s ]
INFO: [ view_filter ] --START--
INFO: Run Behavior\WriteHtmlCacheBehavior [ RunTime:0.000720s ]
INFO: [ view_filter ] --END-- [ RunTime:0.000768s ]
INFO: [ app_end ] --START--
INFO: Run Behavior\ShowPageTraceBehavior [ RunTime:0.001018s ]
INFO: [ app_end ] --END-- [ RunTime:0.001073s ]

[ 2017-04-10T21:07:56+08:00 ] 127.0.0.1 /thinkphp3.2.3/index.php/Incubation/incubationDetail/id/image/default.jpg
INFO: [ app_init ] --START--
INFO: Run Behavior\BuildLiteBehavior [ RunTime:0.000018s ]
INFO: [ app_init ] --END-- [ RunTime:0.000606s ]

[ 2017-04-10T21:11:50+08:00 ] 127.0.0.1 /thinkphp3.2.3/index.php/Incubation/incubationDetail/id/24
INFO: [ app_init ] --START--
INFO: Run Behavior\BuildLiteBehavior [ RunTime:0.000016s ]
INFO: [ app_init ] --END-- [ RunTime:0.000537s ]
INFO: [ app_begin ] --START--
INFO: Run Behavior\ReadHtmlCacheBehavior [ RunTime:0.000639s ]
INFO: [ app_begin ] --END-- [ RunTime:0.000699s ]
SQL: SHOW COLUMNS FROM `qiq_plan` [ RunTime:0.0036s ]
SQL: SHOW COLUMNS FROM `qiq_user` [ RunTime:0.0045s ]
SQL: UPDATE `qiq_plan` SET `plan_times`=plan_times+1 WHERE `id` = 24 [ RunTime:0.0004s ]
SQL: SELECT * FROM `qiq_user` WHERE `id` = 61 LIMIT 1   [ RunTime:0.0005s ]
SQL: SELECT * FROM `qiq_plan` WHERE `id` = 24 LIMIT 1   [ RunTime:0.0004s ]
NOTIC: [8] Undefined variable: reuser D:\xampp\htdocs\thinkphp3.2.3\Application\Home\Controller\IncubationController.class.php 第 46 行.
INFO: [ view_parse ] --START--
INFO: [ template_filter ] --START--
INFO: Run Behavior\ContentReplaceBehavior [ RunTime:0.000162s ]
INFO: [ template_filter ] --END-- [ RunTime:0.000222s ]
NOTIC: [2] Illegal string offset 'username' D:\xampp\htdocs\thinkphp3.2.3\Application\Runtime\Cache\Home\24ef6119cdd77ca21e287d803ca51bf7.php 第 75 行.
NOTIC: [8] Undefined index: Tid D:\xampp\htdocs\thinkphp3.2.3\Application\Runtime\Cache\Home\24ef6119cdd77ca21e287d803ca51bf7.php 第 190 行.
INFO: Run Behavior\ParseTemplateBehavior [ RunTime:0.014168s ]
INFO: [ view_parse ] --END-- [ RunTime:0.014225s ]
INFO: [ view_filter ] --START--
INFO: Run Behavior\WriteHtmlCacheBehavior [ RunTime:0.000428s ]
INFO: [ view_filter ] --END-- [ RunTime:0.000474s ]
INFO: [ app_end ] --START--
INFO: Run Behavior\ShowPageTraceBehavior [ RunTime:0.000654s ]
INFO: [ app_end ] --END-- [ RunTime:0.000705s ]

[ 2017-04-10T21:11:50+08:00 ] 127.0.0.1 /thinkphp3.2.3/index.php/Incubation/incubationDetail/id/image/default.jpg
INFO: [ app_init ] --START--
INFO: Run Behavior\BuildLiteBehavior [ RunTime:0.000012s ]
INFO: [ app_init ] --END-- [ RunTime:0.000415s ]

[ 2017-04-10T21:11:54+08:00 ] 127.0.0.1 /thinkphp3.2.3/index.php/Incubation/incubationDetail/id/24
INFO: [ app_init ] --START--
INFO: Run Behavior\BuildLiteBehavior [ RunTime:0.000016s ]
INFO: [ app_init ] --END-- [ RunTime:0.000552s ]
INFO: [ app_begin ] --START--
INFO: Run Behavior\ReadHtmlCacheBehavior [ RunTime:0.000646s ]
INFO: [ app_begin ] --END-- [ RunTime:0.000706s ]
SQL: SHOW COLUMNS FROM `qiq_plan` [ RunTime:0.0030s ]
SQL: SHOW COLUMNS FROM `qiq_user` [ RunTime:0.0024s ]
SQL: UPDATE `qiq_plan` SET `plan_times`=plan_times+1 WHERE `id` = 24 [ RunTime:0.0003s ]
SQL: SELECT * FROM `qiq_user` WHERE `id` = 61 LIMIT 1   [ RunTime:0.0003s ]
SQL: SELECT * FROM `qiq_plan` WHERE `id` = 24 LIMIT 1   [ RunTime:0.0003s ]
NOTIC: [8] Undefined variable: reuser D:\xampp\htdocs\thinkphp3.2.3\Application\Home\Controller\IncubationController.class.php 第 46 行.
INFO: [ view_parse ] --START--
INFO: [ template_filter ] --START--
INFO: Run Behavior\ContentReplaceBehavior [ RunTime:0.000118s ]
INFO: [ template_filter ] --END-- [ RunTime:0.000156s ]
NOTIC: [2] Illegal string offset 'username' D:\xampp\htdocs\thinkphp3.2.3\Application\Runtime\Cache\Home\24ef6119cdd77ca21e287d803ca51bf7.php 第 75 行.
NOTIC: [8] Undefined index: Tid D:\xampp\htdocs\thinkphp3.2.3\Application\Runtime\Cache\Home\24ef6119cdd77ca21e287d803ca51bf7.php 第 190 行.
INFO: Run Behavior\ParseTemplateBehavior [ RunTime:0.010437s ]
INFO: [ view_parse ] --END-- [ RunTime:0.010505s ]
INFO: [ view_filter ] --START--
INFO: Run Behavior\WriteHtmlCacheBehavior [ RunTime:0.000427s ]
INFO: [ view_filter ] --END-- [ RunTime:0.000472s ]
INFO: [ app_end ] --START--
INFO: Run Behavior\ShowPageTraceBehavior [ RunTime:0.000496s ]
INFO: [ app_end ] --END-- [ RunTime:0.000537s ]

[ 2017-04-10T21:11:54+08:00 ] 127.0.0.1 /thinkphp3.2.3/index.php/Incubation/incubationDetail/id/image/default.jpg
INFO: [ app_init ] --START--
INFO: Run Behavior\BuildLiteBehavior [ RunTime:0.000014s ]
INFO: [ app_init ] --END-- [ RunTime:0.000432s ]

[ 2017-04-10T21:17:51+08:00 ] 127.0.0.1 /thinkphp3.2.3/index.php/Incubation/index
INFO: [ app_init ] --START--
INFO: Run Behavior\BuildLiteBehavior [ RunTime:0.000014s ]
INFO: [ app_init ] --END-- [ RunTime:0.000582s ]
INFO: [ app_begin ] --START--
INFO: Run Behavior\ReadHtmlCacheBehavior [ RunTime:0.000771s ]
INFO: [ app_begin ] --END-- [ RunTime:0.000829s ]
SQL: SHOW COLUMNS FROM `qiq_plan` [ RunTime:0.0063s ]
SQL: SELECT * FROM `qiq_plan` WHERE ( plan_state=1 ) ORDER BY planup_time desc  [ RunTime:0.0006s ]
INFO: [ view_parse ] --START--
INFO: [ template_filter ] --START--
INFO: Run Behavior\ContentReplaceBehavior [ RunTime:0.000307s ]
INFO: [ template_filter ] --END-- [ RunTime:0.000425s ]
NOTIC: [2] Illegal string offset 'username' D:\xampp\htdocs\thinkphp3.2.3\Application\Runtime\Cache\Home\2628730880f2fb21027f8316f6358d44.php 第 75 行.
NOTIC: [8] Undefined index: plan_teamname D:\xampp\htdocs\thinkphp3.2.3\Application\Runtime\Cache\Home\2628730880f2fb21027f8316f6358d44.php 第 227 行.
NOTIC: [8] Undefined index: plan_team D:\xampp\htdocs\thinkphp3.2.3\Application\Runtime\Cache\Home\2628730880f2fb21027f8316f6358d44.php 第 228 行.
INFO: Run Behavior\ParseTemplateBehavior [ RunTime:0.081141s ]
INFO: [ view_parse ] --END-- [ RunTime:0.081240s ]
INFO: [ view_filter ] --START--
INFO: Run Behavior\WriteHtmlCacheBehavior [ RunTime:0.068688s ]
INFO: [ view_filter ] --END-- [ RunTime:0.068818s ]
INFO: [ app_end ] --START--
INFO: Run Behavior\ShowPageTraceBehavior [ RunTime:0.014612s ]
INFO: [ app_end ] --END-- [ RunTime:0.014831s ]

[ 2017-04-10T21:17:51+08:00 ] 127.0.0.1 /thinkphp3.2.3/index.php/Incubation/image/default.jpg
INFO: [ app_init ] --START--
INFO: Run Behavior\BuildLiteBehavior [ RunTime:0.000015s ]
INFO: [ app_init ] --END-- [ RunTime:0.000521s ]

[ 2017-04-10T21:17:55+08:00 ] 127.0.0.1 /thinkphp3.2.3/index.php/Incubation/incubationDetail/id/24
INFO: [ app_init ] --START--
INFO: Run Behavior\BuildLiteBehavior [ RunTime:0.000018s ]
INFO: [ app_init ] --END-- [ RunTime:0.000710s ]
INFO: [ app_begin ] --START--
INFO: Run Behavior\ReadHtmlCacheBehavior [ RunTime:0.000996s ]
INFO: [ app_begin ] --END-- [ RunTime:0.001056s ]
SQL: SHOW COLUMNS FROM `qiq_plan` [ RunTime:0.0037s ]
SQL: SHOW COLUMNS FROM `qiq_user` [ RunTime:0.0047s ]
SQL: UPDATE `qiq_plan` SET `plan_times`=plan_times+1 WHERE `id` = 24 [ RunTime:0.0004s ]
SQL: SELECT * FROM `qiq_user` WHERE `id` = 61 LIMIT 1   [ RunTime:0.0005s ]
SQL: SELECT * FROM `qiq_plan` WHERE `id` = 24 LIMIT 1   [ RunTime:0.0004s ]
NOTIC: [8] Undefined variable: reuser D:\xampp\htdocs\thinkphp3.2.3\Application\Home\Controller\IncubationController.class.php 第 46 行.
INFO: [ view_parse ] --START--
INFO: [ template_filter ] --START--
INFO: Run Behavior\ContentReplaceBehavior [ RunTime:0.000157s ]
INFO: [ template_filter ] --END-- [ RunTime:0.000214s ]
NOTIC: [2] Illegal string offset 'username' D:\xampp\htdocs\thinkphp3.2.3\Application\Runtime\Cache\Home\24ef6119cdd77ca21e287d803ca51bf7.php 第 75 行.
NOTIC: [8] Undefined index: Tid D:\xampp\htdocs\thinkphp3.2.3\Application\Runtime\Cache\Home\24ef6119cdd77ca21e287d803ca51bf7.php 第 190 行.
INFO: Run Behavior\ParseTemplateBehavior [ RunTime:0.015462s ]
INFO: [ view_parse ] --END-- [ RunTime:0.015518s ]
INFO: [ view_filter ] --START--
INFO: Run Behavior\WriteHtmlCacheBehavior [ RunTime:0.000744s ]
INFO: [ view_filter ] --END-- [ RunTime:0.000788s ]
INFO: [ app_end ] --START--
INFO: Run Behavior\ShowPageTraceBehavior [ RunTime:0.000973s ]
INFO: [ app_end ] --END-- [ RunTime:0.001025s ]

[ 2017-04-10T21:17:55+08:00 ] 127.0.0.1 /thinkphp3.2.3/index.php/Incubation/incubationDetail/id/image/default.jpg
INFO: [ app_init ] --START--
INFO: Run Behavior\BuildLiteBehavior [ RunTime:0.000017s ]
INFO: [ app_init ] --END-- [ RunTime:0.000526s ]

