[ 2017-04-13T18:25:26+08:00 ] 127.0.0.1 /thinkphp3.2.3/index.php/Incubation/index
INFO: [ app_init ] --START--
INFO: Run Behavior\BuildLiteBehavior [ RunTime:0.000012s ]
INFO: [ app_init ] --END-- [ RunTime:0.000639s ]
INFO: [ app_begin ] --START--
INFO: Run Behavior\ReadHtmlCacheBehavior [ RunTime:0.001317s ]
INFO: [ app_begin ] --END-- [ RunTime:0.001365s ]
SQL: select * from qiq_plan where plan_state=1 [ RunTime:0.0412s ]
SQL: SHOW COLUMNS FROM `qiq_user` [ RunTime:0.0186s ]
SQL: SELECT `username`,`head_pic` FROM `qiq_user` WHERE `id` = 37 LIMIT 1   [ RunTime:0.0003s ]
SQL: SHOW COLUMNS FROM `qiq_team` [ RunTime:0.0305s ]
SQL: SELECT `team_name` FROM `qiq_team` WHERE `id` = 1 LIMIT 1   [ RunTime:0.0004s ]
SQL: SHOW COLUMNS FROM `qiq_video_block` [ RunTime:0.0227s ]
SQL: SELECT `type` FROM `qiq_video_block` WHERE `id` = 4 LIMIT 1   [ RunTime:0.0003s ]
SQL: SELECT `username`,`head_pic` FROM `qiq_user` WHERE `id` = 37 LIMIT 1   [ RunTime:0.0002s ]
SQL: SELECT `type` FROM `qiq_video_block` WHERE `id` = 5 LIMIT 1   [ RunTime:0.0002s ]
SQL: SELECT `username`,`head_pic` FROM `qiq_user` WHERE `id` = 61 LIMIT 1   [ RunTime:0.0002s ]
SQL: SELECT `team_name` FROM `qiq_team` WHERE `id` = 3 LIMIT 1   [ RunTime:0.0002s ]
SQL: SELECT `type` FROM `qiq_video_block` WHERE `id` = 3 LIMIT 1   [ RunTime:0.0002s ]
SQL: SELECT `username`,`head_pic` FROM `qiq_user` WHERE `id` = 61 LIMIT 1   [ RunTime:0.0002s ]
SQL: SELECT `type` FROM `qiq_video_block` WHERE `id` = 5 LIMIT 1   [ RunTime:0.0002s ]
SQL: SELECT * FROM `qiq_video_block`  [ RunTime:0.0002s ]
SQL: SHOW COLUMNS FROM `qiq_plan_block` [ RunTime:0.0461s ]
SQL: SELECT * FROM `qiq_plan_block`  [ RunTime:0.0003s ]
INFO: [ view_parse ] --START--
INFO: [ template_filter ] --START--
INFO: Run Behavior\ContentReplaceBehavior [ RunTime:0.000204s ]
INFO: [ template_filter ] --END-- [ RunTime:0.000260s ]
INFO: Run Behavior\ParseTemplateBehavior [ RunTime:0.018044s ]
INFO: [ view_parse ] --END-- [ RunTime:0.018091s ]
INFO: [ view_filter ] --START--
INFO: Run Behavior\WriteHtmlCacheBehavior [ RunTime:0.001152s ]
INFO: [ view_filter ] --END-- [ RunTime:0.001189s ]
INFO: [ app_end ] --START--
INFO: Run Behavior\ShowPageTraceBehavior [ RunTime:0.001388s ]
INFO: [ app_end ] --END-- [ RunTime:0.001442s ]

[ 2017-04-13T18:56:31+08:00 ] 127.0.0.1 /thinkphp3.2.3/index.php/Index/index
INFO: [ app_init ] --START--
INFO: Run Behavior\BuildLiteBehavior [ RunTime:0.000018s ]
INFO: [ app_init ] --END-- [ RunTime:0.000593s ]
INFO: [ app_begin ] --START--
INFO: Run Behavior\ReadHtmlCacheBehavior [ RunTime:0.000960s ]
INFO: [ app_begin ] --END-- [ RunTime:0.001035s ]
SQL: SHOW COLUMNS FROM `qiq_user` [ RunTime:0.0032s ]
SQL: SHOW COLUMNS FROM `qiq_video` [ RunTime:0.0027s ]
SQL: SELECT * FROM `qiq_video` ORDER BY play_times desc LIMIT 6   [ RunTime:0.0005s ]
SQL: SELECT * FROM `qiq_video` ORDER BY vidup_time desc LIMIT 6   [ RunTime:0.0004s ]
SQL: SHOW COLUMNS FROM `qiq_information` [ RunTime:0.0026s ]
SQL: SELECT * FROM `qiq_information` ORDER BY news_visit desc LIMIT 5   [ RunTime:0.0122s ]
SQL: SHOW COLUMNS FROM `qiq_team` [ RunTime:0.0029s ]
SQL: SELECT * FROM `qiq_team` WHERE `status` = 1 LIMIT 5   [ RunTime:0.0004s ]
INFO: [ view_parse ] --START--
INFO: [ template_filter ] --START--
INFO: Run Behavior\ContentReplaceBehavior [ RunTime:0.000222s ]
INFO: [ template_filter ] --END-- [ RunTime:0.000287s ]
NOTIC: [8] Undefined variable: session_id D:\xampp\htdocs\thinkphp3.2.3\Application\Runtime\Cache\Home\2a94b8bda04ff446dcedd42276fc99ee.php 第 75 行.
INFO: Run Behavior\ParseTemplateBehavior [ RunTime:0.039705s ]
INFO: [ view_parse ] --END-- [ RunTime:0.039762s ]
INFO: [ view_filter ] --START--
INFO: Run Behavior\WriteHtmlCacheBehavior [ RunTime:0.000702s ]
INFO: [ view_filter ] --END-- [ RunTime:0.000753s ]
INFO: [ app_end ] --START--
INFO: Run Behavior\ShowPageTraceBehavior [ RunTime:0.000931s ]
INFO: [ app_end ] --END-- [ RunTime:0.000989s ]

[ 2017-04-13T18:56:31+08:00 ] 127.0.0.1 /thinkphp3.2.3/index.php/Index/image/default.jpg
INFO: [ app_init ] --START--
INFO: Run Behavior\BuildLiteBehavior [ RunTime:0.000013s ]
INFO: [ app_init ] --END-- [ RunTime:0.000457s ]

[ 2017-04-13T18:56:34+08:00 ] 127.0.0.1 /thinkphp3.2.3/index.php/Variety/player/id/27
INFO: [ app_init ] --START--
INFO: Run Behavior\BuildLiteBehavior [ RunTime:0.000013s ]
INFO: [ app_init ] --END-- [ RunTime:0.000460s ]
INFO: [ app_begin ] --START--
INFO: Run Behavior\ReadHtmlCacheBehavior [ RunTime:0.000644s ]
INFO: [ app_begin ] --END-- [ RunTime:0.000688s ]
SQL: SHOW COLUMNS FROM `qiq_video` [ RunTime:0.0029s ]
SQL: SHOW COLUMNS FROM `qiq_user` [ RunTime:0.0026s ]
SQL: UPDATE `qiq_video` SET `play_times`=play_times+1 WHERE `id` = 27 [ RunTime:0.0004s ]
SQL: SELECT * FROM `qiq_user` WHERE `id` = 1 LIMIT 1   [ RunTime:0.0004s ]
SQL: SELECT * FROM `qiq_video` WHERE `id` = 27 LIMIT 1   [ RunTime:0.0004s ]
INFO: [ view_parse ] --START--
INFO: [ template_filter ] --START--
INFO: Run Behavior\ContentReplaceBehavior [ RunTime:0.000202s ]
INFO: [ template_filter ] --END-- [ RunTime:0.000267s ]
NOTIC: [2] Illegal string offset 'username' D:\xampp\htdocs\thinkphp3.2.3\Application\Runtime\Cache\Home\ed64c10ae5014e601388a50199c6235a.php 第 75 行.
INFO: Run Behavior\ParseTemplateBehavior [ RunTime:0.027208s ]
INFO: [ view_parse ] --END-- [ RunTime:0.027269s ]
INFO: [ view_filter ] --START--
INFO: Run Behavior\WriteHtmlCacheBehavior [ RunTime:0.000674s ]
INFO: [ view_filter ] --END-- [ RunTime:0.000729s ]
INFO: [ app_end ] --START--
INFO: Run Behavior\ShowPageTraceBehavior [ RunTime:0.001024s ]
INFO: [ app_end ] --END-- [ RunTime:0.001094s ]

[ 2017-04-13T18:56:34+08:00 ] 127.0.0.1 /thinkphp3.2.3/index.php/Variety/player/id/image/default.jpg
INFO: [ app_init ] --START--
INFO: Run Behavior\BuildLiteBehavior [ RunTime:0.000015s ]
INFO: [ app_init ] --END-- [ RunTime:0.000478s ]

[ 2017-04-13T18:56:34+08:00 ] 127.0.0.1 /thinkphp3.2.3/index.php/Variety/player/id/img/test.jpg
INFO: [ app_init ] --START--
INFO: Run Behavior\BuildLiteBehavior [ RunTime:0.000013s ]
INFO: [ app_init ] --END-- [ RunTime:0.000473s ]

[ 2017-04-13T18:56:34+08:00 ] 127.0.0.1 /thinkphp3.2.3/index.php/Handle/action
INFO: [ app_init ] --START--
INFO: Run Behavior\BuildLiteBehavior [ RunTime:0.000014s ]
INFO: [ app_init ] --END-- [ RunTime:0.000465s ]
INFO: [ app_begin ] --START--
INFO: Run Behavior\ReadHtmlCacheBehavior [ RunTime:0.000690s ]
INFO: [ app_begin ] --END-- [ RunTime:0.000732s ]

