[ 2017-04-01T10:58:49+08:00 ] 127.0.0.1 /317/thinkphp3.2.3/index.php/Qiqiao/Index/restore
INFO: [ app_init ] --START--
INFO: Run Behavior\BuildLiteBehavior [ RunTime:0.000000s ]
INFO: [ app_init ] --END-- [ RunTime:0.001000s ]
INFO: [ app_begin ] --START--
INFO: Run Behavior\ReadHtmlCacheBehavior [ RunTime:0.001000s ]
INFO: [ app_begin ] --END-- [ RunTime:0.001000s ]

[ 2017-04-01T10:58:49+08:00 ] 127.0.0.1 /317/thinkphp3.2.3/index.php/Qiqiao/Public/login
INFO: [ app_init ] --START--
INFO: Run Behavior\BuildLiteBehavior [ RunTime:0.000000s ]
INFO: [ app_init ] --END-- [ RunTime:0.001001s ]
INFO: [ app_begin ] --START--
INFO: Run Behavior\ReadHtmlCacheBehavior [ RunTime:0.000000s ]
INFO: [ app_begin ] --END-- [ RunTime:0.000000s ]
INFO: [ view_parse ] --START--
INFO: [ template_filter ] --START--
INFO: Run Behavior\ContentReplaceBehavior [ RunTime:0.000000s ]
INFO: [ template_filter ] --END-- [ RunTime:0.000000s ]
INFO: Run Behavior\ParseTemplateBehavior [ RunTime:0.015001s ]
INFO: [ view_parse ] --END-- [ RunTime:0.015001s ]
INFO: [ view_filter ] --START--
INFO: Run Behavior\WriteHtmlCacheBehavior [ RunTime:0.000000s ]
INFO: [ view_filter ] --END-- [ RunTime:0.000000s ]
INFO: [ app_end ] --START--
INFO: Run Behavior\ShowPageTraceBehavior [ RunTime:0.000000s ]
INFO: [ app_end ] --END-- [ RunTime:0.000000s ]

[ 2017-04-01T10:58:50+08:00 ] 127.0.0.1 /317/thinkphp3.2.3/index.php/Qiqiao/Public/verifyImg
INFO: [ app_init ] --START--
INFO: Run Behavior\BuildLiteBehavior [ RunTime:0.000000s ]
INFO: [ app_init ] --END-- [ RunTime:0.001000s ]
INFO: [ app_begin ] --START--
INFO: Run Behavior\ReadHtmlCacheBehavior [ RunTime:0.000000s ]
INFO: [ app_begin ] --END-- [ RunTime:0.001000s ]
INFO: [ app_end ] --START--
INFO: Run Behavior\ShowPageTraceBehavior [ RunTime:0.001000s ]
INFO: [ app_end ] --END-- [ RunTime:0.001000s ]

[ 2017-04-01T10:58:50+08:00 ] 127.0.0.1 /317/thinkphp3.2.3/index.php/Qiqiao/Public/login
INFO: [ app_init ] --START--
INFO: Run Behavior\BuildLiteBehavior [ RunTime:0.000000s ]
INFO: [ app_init ] --END-- [ RunTime:0.000000s ]
INFO: [ app_begin ] --START--
INFO: Run Behavior\ReadHtmlCacheBehavior [ RunTime:0.001000s ]
INFO: [ app_begin ] --END-- [ RunTime:0.001000s ]
INFO: [ view_parse ] --START--
INFO: [ template_filter ] --START--
INFO: Run Behavior\ContentReplaceBehavior [ RunTime:0.000000s ]
INFO: [ template_filter ] --END-- [ RunTime:0.000000s ]
INFO: Run Behavior\ParseTemplateBehavior [ RunTime:0.006000s ]
INFO: [ view_parse ] --END-- [ RunTime:0.006000s ]
INFO: [ view_filter ] --START--
INFO: Run Behavior\WriteHtmlCacheBehavior [ RunTime:0.000000s ]
INFO: [ view_filter ] --END-- [ RunTime:0.000000s ]
INFO: [ app_end ] --START--
INFO: Run Behavior\ShowPageTraceBehavior [ RunTime:0.001000s ]
INFO: [ app_end ] --END-- [ RunTime:0.001000s ]

[ 2017-04-01T10:59:09+08:00 ] 127.0.0.1 /317/thinkphp3.2.3/index.php/Qiqiao/Public/login
INFO: [ app_init ] --START--
INFO: Run Behavior\BuildLiteBehavior [ RunTime:0.000000s ]
INFO: [ app_init ] --END-- [ RunTime:0.001000s ]
INFO: [ app_begin ] --START--
INFO: Run Behavior\ReadHtmlCacheBehavior [ RunTime:0.001000s ]
INFO: [ app_begin ] --END-- [ RunTime:0.001000s ]
INFO: [ view_parse ] --START--
INFO: [ template_filter ] --START--
INFO: Run Behavior\ContentReplaceBehavior [ RunTime:0.000000s ]
INFO: [ template_filter ] --END-- [ RunTime:0.000000s ]
INFO: Run Behavior\ParseTemplateBehavior [ RunTime:0.005000s ]
INFO: [ view_parse ] --END-- [ RunTime:0.005000s ]
INFO: [ view_filter ] --START--
INFO: Run Behavior\WriteHtmlCacheBehavior [ RunTime:0.000000s ]
INFO: [ view_filter ] --END-- [ RunTime:0.000000s ]
SQL: SHOW COLUMNS FROM `qiq_admin` [ RunTime:0.1850s ]
SQL: SELECT * FROM `qiq_admin` WHERE `name` = 'admin' LIMIT 1   [ RunTime:0.0010s ]
SQL: SELECT `real_name` FROM `qiq_admin` WHERE `id` = 1 LIMIT 1   [ RunTime:0.0000s ]
SQL: SHOW COLUMNS FROM `qiq_log` [ RunTime:0.0460s ]
SQL: INSERT INTO `qiq_log` (`user`,`name`,`time`,`ip`,`action`) VALUES ('陈荣辉','登录','2017-04-01 10:59:09','127.0.0.1','陈荣辉登录后台系统') [ RunTime:0.2290s ]
INFO: [ view_parse ] --START--
INFO: [ template_filter ] --START--
INFO: Run Behavior\ContentReplaceBehavior [ RunTime:0.000000s ]
INFO: [ template_filter ] --END-- [ RunTime:-0.538031s ]
INFO: Run Behavior\ParseTemplateBehavior [ RunTime:0.039002s ]
INFO: [ view_parse ] --END-- [ RunTime:-0.501029s ]
INFO: [ view_filter ] --START--
INFO: Run Behavior\WriteHtmlCacheBehavior [ RunTime:0.000000s ]
INFO: [ view_filter ] --END-- [ RunTime:-0.540031s ]
INFO: [ app_end ] --START--
INFO: Run Behavior\ShowPageTraceBehavior [ RunTime:0.002000s ]
INFO: [ app_end ] --END-- [ RunTime:0.002000s ]

[ 2017-04-01T10:59:11+08:00 ] 127.0.0.1 /317/thinkphp3.2.3/index.php/Qiqiao/Index/index
INFO: [ app_init ] --START--
INFO: Run Behavior\BuildLiteBehavior [ RunTime:0.000000s ]
INFO: [ app_init ] --END-- [ RunTime:0.001000s ]
INFO: [ app_begin ] --START--
INFO: Run Behavior\ReadHtmlCacheBehavior [ RunTime:0.001000s ]
INFO: [ app_begin ] --END-- [ RunTime:0.001000s ]
SQL: SHOW COLUMNS FROM `qiq_video_attributes` [ RunTime:0.0310s ]
SQL: SELECT COUNT(*) AS tp_count FROM `qiq_video_attributes` LIMIT 1   [ RunTime:0.0000s ]
SQL: SHOW COLUMNS FROM `qiq_video` [ RunTime:0.1400s ]
SQL: SELECT COUNT(*) AS tp_count FROM `qiq_video` LIMIT 1   [ RunTime:0.0000s ]
SQL: SHOW COLUMNS FROM `qiq_user` [ RunTime:0.1110s ]
SQL: SELECT COUNT(*) AS tp_count FROM `qiq_user` LIMIT 1   [ RunTime:0.0000s ]
INFO: [ view_parse ] --START--
INFO: [ template_filter ] --START--
INFO: Run Behavior\ContentReplaceBehavior [ RunTime:0.000000s ]
INFO: [ template_filter ] --END-- [ RunTime:0.000000s ]
SQL: select version() as v; [ RunTime:0.0010s ]
INFO: Run Behavior\ParseTemplateBehavior [ RunTime:0.043002s ]
INFO: [ view_parse ] --END-- [ RunTime:0.043002s ]
INFO: [ view_filter ] --START--
INFO: Run Behavior\WriteHtmlCacheBehavior [ RunTime:0.000000s ]
INFO: [ view_filter ] --END-- [ RunTime:0.000000s ]
INFO: [ app_end ] --START--
INFO: Run Behavior\ShowPageTraceBehavior [ RunTime:0.000000s ]
INFO: [ app_end ] --END-- [ RunTime:0.001000s ]

[ 2017-04-01T10:59:11+08:00 ] 127.0.0.1 /317/thinkphp3.2.3/index.php/Qiqiao/Index/index
INFO: [ app_init ] --START--
INFO: Run Behavior\BuildLiteBehavior [ RunTime:0.000000s ]
INFO: [ app_init ] --END-- [ RunTime:0.000000s ]
INFO: [ app_begin ] --START--
INFO: Run Behavior\ReadHtmlCacheBehavior [ RunTime:0.000000s ]
INFO: [ app_begin ] --END-- [ RunTime:0.000000s ]
SQL: SHOW COLUMNS FROM `qiq_video_attributes` [ RunTime:0.0010s ]
SQL: SELECT COUNT(*) AS tp_count FROM `qiq_video_attributes` LIMIT 1   [ RunTime:0.0000s ]
SQL: SHOW COLUMNS FROM `qiq_video` [ RunTime:0.0020s ]
SQL: SELECT COUNT(*) AS tp_count FROM `qiq_video` LIMIT 1   [ RunTime:0.0000s ]
SQL: SHOW COLUMNS FROM `qiq_user` [ RunTime:0.0030s ]
SQL: SELECT COUNT(*) AS tp_count FROM `qiq_user` LIMIT 1   [ RunTime:0.0000s ]
INFO: [ view_parse ] --START--
INFO: [ template_filter ] --START--
INFO: Run Behavior\ContentReplaceBehavior [ RunTime:0.000000s ]
INFO: [ template_filter ] --END-- [ RunTime:0.000000s ]
SQL: select version() as v; [ RunTime:0.0000s ]
INFO: Run Behavior\ParseTemplateBehavior [ RunTime:0.012001s ]
INFO: [ view_parse ] --END-- [ RunTime:0.012001s ]
INFO: [ view_filter ] --START--
INFO: Run Behavior\WriteHtmlCacheBehavior [ RunTime:0.000000s ]
INFO: [ view_filter ] --END-- [ RunTime:0.000000s ]
INFO: [ app_end ] --START--
INFO: Run Behavior\ShowPageTraceBehavior [ RunTime:0.001000s ]
INFO: [ app_end ] --END-- [ RunTime:0.001000s ]

[ 2017-04-01T10:59:13+08:00 ] 127.0.0.1 /317/thinkphp3.2.3/index.php/Qiqiao/Video/attributes
INFO: [ app_init ] --START--
INFO: Run Behavior\BuildLiteBehavior [ RunTime:0.000000s ]
INFO: [ app_init ] --END-- [ RunTime:0.001000s ]
INFO: [ app_begin ] --START--
INFO: Run Behavior\ReadHtmlCacheBehavior [ RunTime:0.001000s ]
INFO: [ app_begin ] --END-- [ RunTime:0.001000s ]
SQL: select u.username,v.id,v.video_title,v.video_summary,v.video_cover,v.vidup_time,v.uid,a.channels,a.abit_rate,a.width,a.height,a.vbit_rate,a.duration,a.size,a.id as aid,a.acodec_name,a.vcodec_name,a.avg_frame_rate from qiq_video v LEFT JOIN qiq_video_attributes a ON v.id=a.videoid LEFT JOIN qiq_user u ON u.id=v.Uid  where  v.video_state=0  [ RunTime:0.0010s ]
INFO: [ view_parse ] --START--
INFO: [ template_filter ] --START--
INFO: Run Behavior\ContentReplaceBehavior [ RunTime:0.001001s ]
INFO: [ template_filter ] --END-- [ RunTime:0.001001s ]
NOTIC: [8] Undefined variable: meta_title E:\xampp\htdocs\317\thinkphp3.2.3\Application\Runtime\Cache\Qiqiao\361d1d324291314eacefc6b047413e7a.php 第 10 行.
INFO: Run Behavior\ParseTemplateBehavior [ RunTime:0.024002s ]
INFO: [ view_parse ] --END-- [ RunTime:0.024002s ]
INFO: [ view_filter ] --START--
INFO: Run Behavior\WriteHtmlCacheBehavior [ RunTime:0.000000s ]
INFO: [ view_filter ] --END-- [ RunTime:0.000000s ]
INFO: [ app_end ] --START--
INFO: Run Behavior\ShowPageTraceBehavior [ RunTime:0.000000s ]
INFO: [ app_end ] --END-- [ RunTime:0.000000s ]

[ 2017-04-01T10:59:16+08:00 ] 127.0.0.1 /317/thinkphp3.2.3/index.php/Qiqiao/Video/attributes
INFO: [ app_init ] --START--
INFO: Run Behavior\BuildLiteBehavior [ RunTime:0.000000s ]
INFO: [ app_init ] --END-- [ RunTime:0.001000s ]
INFO: [ app_begin ] --START--
INFO: Run Behavior\ReadHtmlCacheBehavior [ RunTime:0.001000s ]
INFO: [ app_begin ] --END-- [ RunTime:0.001000s ]
SQL: select u.username,v.id,v.video_title,v.video_summary,v.video_cover,v.vidup_time,v.uid,a.channels,a.abit_rate,a.width,a.height,a.vbit_rate,a.duration,a.size,a.id as aid,a.acodec_name,a.vcodec_name,a.avg_frame_rate from qiq_video v LEFT JOIN qiq_video_attributes a ON v.id=a.videoid LEFT JOIN qiq_user u ON u.id=v.Uid  where  v.video_state=0  [ RunTime:0.0010s ]
INFO: [ view_parse ] --START--
INFO: [ template_filter ] --START--
INFO: Run Behavior\ContentReplaceBehavior [ RunTime:0.000000s ]
INFO: [ template_filter ] --END-- [ RunTime:0.000000s ]
NOTIC: [8] Undefined variable: meta_title E:\xampp\htdocs\317\thinkphp3.2.3\Application\Runtime\Cache\Qiqiao\361d1d324291314eacefc6b047413e7a.php 第 10 行.
INFO: Run Behavior\ParseTemplateBehavior [ RunTime:0.014001s ]
INFO: [ view_parse ] --END-- [ RunTime:0.014001s ]
INFO: [ view_filter ] --START--
INFO: Run Behavior\WriteHtmlCacheBehavior [ RunTime:0.001000s ]
INFO: [ view_filter ] --END-- [ RunTime:0.001000s ]
INFO: [ app_end ] --START--
INFO: Run Behavior\ShowPageTraceBehavior [ RunTime:0.001000s ]
INFO: [ app_end ] --END-- [ RunTime:0.001000s ]

[ 2017-04-01T11:00:56+08:00 ] 127.0.0.1 /317/thinkphp3.2.3/index.php/Qiqiao/Video/attributes
INFO: [ app_init ] --START--
INFO: Run Behavior\BuildLiteBehavior [ RunTime:0.000000s ]
INFO: [ app_init ] --END-- [ RunTime:0.001000s ]
INFO: [ app_begin ] --START--
INFO: Run Behavior\ReadHtmlCacheBehavior [ RunTime:0.001000s ]
INFO: [ app_begin ] --END-- [ RunTime:0.001000s ]
SQL: select u.username,v.id,v.video_title,v.video_summary,v.video_cover,v.vidup_time,v.uid,a.channels,a.abit_rate,a.width,a.height,a.vbit_rate,a.duration,a.size,a.id as aid,a.acodec_name,a.vcodec_name,a.avg_frame_rate from qiq_video v LEFT JOIN qiq_video_attributes a ON v.id=a.videoid LEFT JOIN qiq_user u ON u.id=v.Uid  where  v.video_state=0  [ RunTime:0.0010s ]
INFO: [ view_parse ] --START--
INFO: [ template_filter ] --START--
INFO: Run Behavior\ContentReplaceBehavior [ RunTime:0.001000s ]
INFO: [ template_filter ] --END-- [ RunTime:0.001000s ]
NOTIC: [8] Undefined variable: meta_title E:\xampp\htdocs\317\thinkphp3.2.3\Application\Runtime\Cache\Qiqiao\361d1d324291314eacefc6b047413e7a.php 第 10 行.
INFO: Run Behavior\ParseTemplateBehavior [ RunTime:0.021002s ]
INFO: [ view_parse ] --END-- [ RunTime:0.021002s ]
INFO: [ view_filter ] --START--
INFO: Run Behavior\WriteHtmlCacheBehavior [ RunTime:0.000000s ]
INFO: [ view_filter ] --END-- [ RunTime:0.000000s ]
INFO: [ app_end ] --START--
INFO: Run Behavior\ShowPageTraceBehavior [ RunTime:0.001000s ]
INFO: [ app_end ] --END-- [ RunTime:0.001000s ]

[ 2017-04-01T11:00:56+08:00 ] 127.0.0.1 /317/thinkphp3.2.3/index.php/Qiqiao/Video/attributes
INFO: [ app_init ] --START--
INFO: Run Behavior\BuildLiteBehavior [ RunTime:0.000000s ]
INFO: [ app_init ] --END-- [ RunTime:0.001000s ]
INFO: [ app_begin ] --START--
INFO: Run Behavior\ReadHtmlCacheBehavior [ RunTime:0.000000s ]
INFO: [ app_begin ] --END-- [ RunTime:0.000000s ]
SQL: select u.username,v.id,v.video_title,v.video_summary,v.video_cover,v.vidup_time,v.uid,a.channels,a.abit_rate,a.width,a.height,a.vbit_rate,a.duration,a.size,a.id as aid,a.acodec_name,a.vcodec_name,a.avg_frame_rate from qiq_video v LEFT JOIN qiq_video_attributes a ON v.id=a.videoid LEFT JOIN qiq_user u ON u.id=v.Uid  where  v.video_state=0  [ RunTime:0.0010s ]
INFO: [ view_parse ] --START--
INFO: [ template_filter ] --START--
INFO: Run Behavior\ContentReplaceBehavior [ RunTime:0.001001s ]
INFO: [ template_filter ] --END-- [ RunTime:0.001001s ]
NOTIC: [8] Undefined variable: meta_title E:\xampp\htdocs\317\thinkphp3.2.3\Application\Runtime\Cache\Qiqiao\361d1d324291314eacefc6b047413e7a.php 第 10 行.
INFO: Run Behavior\ParseTemplateBehavior [ RunTime:0.015001s ]
INFO: [ view_parse ] --END-- [ RunTime:0.015001s ]
INFO: [ view_filter ] --START--
INFO: Run Behavior\WriteHtmlCacheBehavior [ RunTime:0.000000s ]
INFO: [ view_filter ] --END-- [ RunTime:0.000000s ]
INFO: [ app_end ] --START--
INFO: Run Behavior\ShowPageTraceBehavior [ RunTime:0.001000s ]
INFO: [ app_end ] --END-- [ RunTime:0.001000s ]

[ 2017-04-01T11:02:59+08:00 ] 127.0.0.1 /317/thinkphp3.2.3/index.php/Qiqiao/Video/change
INFO: [ app_init ] --START--
INFO: Run Behavior\BuildLiteBehavior [ RunTime:0.000000s ]
INFO: [ app_init ] --END-- [ RunTime:0.000000s ]
INFO: [ app_begin ] --START--
INFO: Run Behavior\ReadHtmlCacheBehavior [ RunTime:0.001000s ]
INFO: [ app_begin ] --END-- [ RunTime:0.001000s ]
SQL: SHOW COLUMNS FROM `qiq_video` [ RunTime:0.0030s ]
SQL: SELECT `video_route` FROM `qiq_video` WHERE `id` = 22 LIMIT 1   [ RunTime:0.0000s ]
INFO: [ app_end ] --START--
INFO: Run Behavior\ShowPageTraceBehavior [ RunTime:0.001000s ]
INFO: [ app_end ] --END-- [ RunTime:0.001000s ]

[ 2017-04-01T11:02:59+08:00 ] 127.0.0.1 /317/thinkphp3.2.3/index.php/Qiqiao/Video/attributes
INFO: [ app_init ] --START--
INFO: Run Behavior\BuildLiteBehavior [ RunTime:0.000000s ]
INFO: [ app_init ] --END-- [ RunTime:0.000000s ]
INFO: [ app_begin ] --START--
INFO: Run Behavior\ReadHtmlCacheBehavior [ RunTime:0.000000s ]
INFO: [ app_begin ] --END-- [ RunTime:0.001000s ]
SQL: select u.username,v.id,v.video_title,v.video_summary,v.video_cover,v.vidup_time,v.uid,a.channels,a.abit_rate,a.width,a.height,a.vbit_rate,a.duration,a.size,a.id as aid,a.acodec_name,a.vcodec_name,a.avg_frame_rate from qiq_video v LEFT JOIN qiq_video_attributes a ON v.id=a.videoid LEFT JOIN qiq_user u ON u.id=v.Uid  where  v.video_state=0  [ RunTime:0.0010s ]
INFO: [ view_parse ] --START--
INFO: [ template_filter ] --START--
INFO: Run Behavior\ContentReplaceBehavior [ RunTime:0.000000s ]
INFO: [ template_filter ] --END-- [ RunTime:0.000000s ]
NOTIC: [8] Undefined variable: meta_title E:\xampp\htdocs\317\thinkphp3.2.3\Application\Runtime\Cache\Qiqiao\361d1d324291314eacefc6b047413e7a.php 第 10 行.
INFO: Run Behavior\ParseTemplateBehavior [ RunTime:0.015001s ]
INFO: [ view_parse ] --END-- [ RunTime:0.015001s ]
INFO: [ view_filter ] --START--
INFO: Run Behavior\WriteHtmlCacheBehavior [ RunTime:0.000000s ]
INFO: [ view_filter ] --END-- [ RunTime:0.000000s ]
INFO: [ app_end ] --START--
INFO: Run Behavior\ShowPageTraceBehavior [ RunTime:0.000000s ]
INFO: [ app_end ] --END-- [ RunTime:0.000000s ]

[ 2017-04-01T11:02:59+08:00 ] 127.0.0.1 /317/thinkphp3.2.3/index.php/Qiqiao/Video/change_run
INFO: [ app_init ] --START--
INFO: Run Behavior\BuildLiteBehavior [ RunTime:0.000000s ]
INFO: [ app_init ] --END-- [ RunTime:0.001000s ]
INFO: [ app_begin ] --START--
INFO: Run Behavior\ReadHtmlCacheBehavior [ RunTime:0.001000s ]
INFO: [ app_begin ] --END-- [ RunTime:0.001000s ]
SQL: SHOW COLUMNS FROM `qiq_video` [ RunTime:0.0020s ]
SQL: SELECT `video_route` FROM `qiq_video` WHERE `id` = 22 LIMIT 1   [ RunTime:0.0010s ]

[ 2017-04-01T11:02:59+08:00 ] 127.0.0.1 /317/thinkphp3.2.3/index.php/Qiqiao/Video/change_run
INFO: [ app_init ] --START--
INFO: Run Behavior\BuildLiteBehavior [ RunTime:0.000000s ]
INFO: [ app_init ] --END-- [ RunTime:0.001000s ]
INFO: [ app_begin ] --START--
INFO: Run Behavior\ReadHtmlCacheBehavior [ RunTime:0.000000s ]
INFO: [ app_begin ] --END-- [ RunTime:0.000000s ]
SQL: SHOW COLUMNS FROM `qiq_video` [ RunTime:0.0020s ]
SQL: SELECT `video_route` FROM `qiq_video` WHERE `id` = 22 LIMIT 1   [ RunTime:0.0000s ]

[ 2017-04-01T11:02:59+08:00 ] 127.0.0.1 /317/thinkphp3.2.3/index.php/Qiqiao/Video/handle
INFO: [ app_init ] --START--
INFO: Run Behavior\BuildLiteBehavior [ RunTime:0.000000s ]
INFO: [ app_init ] --END-- [ RunTime:0.001000s ]
INFO: [ app_begin ] --START--
INFO: Run Behavior\ReadHtmlCacheBehavior [ RunTime:0.001000s ]
INFO: [ app_begin ] --END-- [ RunTime:0.001000s ]
INFO: [ view_parse ] --START--
INFO: [ template_filter ] --START--
INFO: Run Behavior\ContentReplaceBehavior [ RunTime:0.000000s ]
INFO: [ template_filter ] --END-- [ RunTime:0.000000s ]
NOTIC: [8] Undefined variable: meta_title E:\xampp\htdocs\317\thinkphp3.2.3\Application\Runtime\Cache\Qiqiao\c130c61bc227b4b789cd23acea52a71b.php 第 10 行.
INFO: Run Behavior\ParseTemplateBehavior [ RunTime:0.009001s ]
INFO: [ view_parse ] --END-- [ RunTime:0.009001s ]
INFO: [ view_filter ] --START--
INFO: Run Behavior\WriteHtmlCacheBehavior [ RunTime:0.001000s ]
INFO: [ view_filter ] --END-- [ RunTime:0.001000s ]
INFO: [ app_end ] --START--
INFO: Run Behavior\ShowPageTraceBehavior [ RunTime:0.000000s ]
INFO: [ app_end ] --END-- [ RunTime:0.000000s ]

[ 2017-04-01T11:02:59+08:00 ] 127.0.0.1 /317/thinkphp3.2.3/index.php/Qiqiao/Video/handle
INFO: [ app_init ] --START--
INFO: Run Behavior\BuildLiteBehavior [ RunTime:0.000000s ]
INFO: [ app_init ] --END-- [ RunTime:0.000000s ]
INFO: [ app_begin ] --START--
INFO: Run Behavior\ReadHtmlCacheBehavior [ RunTime:0.000000s ]
INFO: [ app_begin ] --END-- [ RunTime:0.000000s ]
INFO: [ view_parse ] --START--
INFO: [ template_filter ] --START--
INFO: Run Behavior\ContentReplaceBehavior [ RunTime:0.000000s ]
INFO: [ template_filter ] --END-- [ RunTime:0.000000s ]
NOTIC: [8] Undefined variable: meta_title E:\xampp\htdocs\317\thinkphp3.2.3\Application\Runtime\Cache\Qiqiao\c130c61bc227b4b789cd23acea52a71b.php 第 10 行.
INFO: Run Behavior\ParseTemplateBehavior [ RunTime:0.010001s ]
INFO: [ view_parse ] --END-- [ RunTime:0.010001s ]
INFO: [ view_filter ] --START--
INFO: Run Behavior\WriteHtmlCacheBehavior [ RunTime:0.000000s ]
INFO: [ view_filter ] --END-- [ RunTime:0.000000s ]
INFO: [ app_end ] --START--
INFO: Run Behavior\ShowPageTraceBehavior [ RunTime:0.001000s ]
INFO: [ app_end ] --END-- [ RunTime:0.001000s ]

[ 2017-04-01T11:02:59+08:00 ] 127.0.0.1 /317/thinkphp3.2.3/index.php/Qiqiao/Video/change
INFO: [ app_init ] --START--
INFO: Run Behavior\BuildLiteBehavior [ RunTime:0.000000s ]
INFO: [ app_init ] --END-- [ RunTime:0.000000s ]
INFO: [ app_begin ] --START--
INFO: Run Behavior\ReadHtmlCacheBehavior [ RunTime:0.001000s ]
INFO: [ app_begin ] --END-- [ RunTime:0.001000s ]
SQL: SHOW COLUMNS FROM `qiq_video` [ RunTime:0.0030s ]
SQL: SELECT `video_route` FROM `qiq_video` WHERE `id` = 0 LIMIT 1   [ RunTime:0.0000s ]

[ 2017-04-01T11:02:59+08:00 ] 127.0.0.1 /317/thinkphp3.2.3/index.php/Qiqiao/Video/pass
INFO: [ app_init ] --START--
INFO: Run Behavior\BuildLiteBehavior [ RunTime:0.000000s ]
INFO: [ app_init ] --END-- [ RunTime:0.000000s ]
INFO: [ app_begin ] --START--
INFO: Run Behavior\ReadHtmlCacheBehavior [ RunTime:0.001000s ]
INFO: [ app_begin ] --END-- [ RunTime:0.001000s ]
INFO: [ view_parse ] --START--
INFO: [ template_filter ] --START--
INFO: Run Behavior\ContentReplaceBehavior [ RunTime:0.000000s ]
INFO: [ template_filter ] --END-- [ RunTime:0.000000s ]
NOTIC: [8] Undefined variable: meta_title E:\xampp\htdocs\317\thinkphp3.2.3\Application\Runtime\Cache\Qiqiao\33d6dcbe6d6fda9240c1f3cca634c50b.php 第 10 行.
INFO: Run Behavior\ParseTemplateBehavior [ RunTime:0.009000s ]
INFO: [ view_parse ] --END-- [ RunTime:0.009000s ]
INFO: [ view_filter ] --START--
INFO: Run Behavior\WriteHtmlCacheBehavior [ RunTime:0.001000s ]
INFO: [ view_filter ] --END-- [ RunTime:0.001000s ]
INFO: [ app_end ] --START--
INFO: Run Behavior\ShowPageTraceBehavior [ RunTime:0.000000s ]
INFO: [ app_end ] --END-- [ RunTime:0.000000s ]

[ 2017-04-01T11:02:59+08:00 ] 127.0.0.1 /317/thinkphp3.2.3/index.php/Qiqiao/Video/view
INFO: [ app_init ] --START--
INFO: Run Behavior\BuildLiteBehavior [ RunTime:0.000000s ]
INFO: [ app_init ] --END-- [ RunTime:0.001000s ]
INFO: [ app_begin ] --START--
INFO: Run Behavior\ReadHtmlCacheBehavior [ RunTime:0.001000s ]
INFO: [ app_begin ] --END-- [ RunTime:0.001000s ]
INFO: [ view_parse ] --START--
INFO: [ template_filter ] --START--
INFO: Run Behavior\ContentReplaceBehavior [ RunTime:0.000000s ]
INFO: [ template_filter ] --END-- [ RunTime:0.000000s ]
INFO: Run Behavior\ParseTemplateBehavior [ RunTime:0.020002s ]
INFO: [ view_parse ] --END-- [ RunTime:0.020002s ]
INFO: [ view_filter ] --START--
INFO: Run Behavior\WriteHtmlCacheBehavior [ RunTime:0.000000s ]
INFO: [ view_filter ] --END-- [ RunTime:0.000000s ]
INFO: [ app_end ] --START--
INFO: Run Behavior\ShowPageTraceBehavior [ RunTime:0.001000s ]
INFO: [ app_end ] --END-- [ RunTime:0.001000s ]

[ 2017-04-01T11:02:59+08:00 ] 127.0.0.1 /317/thinkphp3.2.3/index.php/Qiqiao/Video/setting
INFO: [ app_init ] --START--
INFO: Run Behavior\BuildLiteBehavior [ RunTime:0.000000s ]
INFO: [ app_init ] --END-- [ RunTime:0.001000s ]
INFO: [ app_begin ] --START--
INFO: Run Behavior\ReadHtmlCacheBehavior [ RunTime:0.001000s ]
INFO: [ app_begin ] --END-- [ RunTime:0.001000s ]
INFO: [ view_parse ] --START--
INFO: [ template_filter ] --START--
INFO: Run Behavior\ContentReplaceBehavior [ RunTime:0.000000s ]
INFO: [ template_filter ] --END-- [ RunTime:0.000000s ]
NOTIC: [8] Undefined variable: meta_title E:\xampp\htdocs\317\thinkphp3.2.3\Application\Runtime\Cache\Qiqiao\c1dfa5a8a38ce0762d399a6b16cf631c.php 第 10 行.
INFO: Run Behavior\ParseTemplateBehavior [ RunTime:0.009000s ]
INFO: [ view_parse ] --END-- [ RunTime:0.009000s ]
INFO: [ view_filter ] --START--
INFO: Run Behavior\WriteHtmlCacheBehavior [ RunTime:0.000000s ]
INFO: [ view_filter ] --END-- [ RunTime:0.000000s ]
INFO: [ app_end ] --START--
INFO: Run Behavior\ShowPageTraceBehavior [ RunTime:0.000000s ]
INFO: [ app_end ] --END-- [ RunTime:0.000000s ]

[ 2017-04-01T11:02:59+08:00 ] 127.0.0.1 /317/thinkphp3.2.3/index.php/Qiqiao/Video/view
INFO: [ app_init ] --START--
INFO: Run Behavior\BuildLiteBehavior [ RunTime:0.000000s ]
INFO: [ app_init ] --END-- [ RunTime:0.000000s ]
INFO: [ app_begin ] --START--
INFO: Run Behavior\ReadHtmlCacheBehavior [ RunTime:0.000000s ]
INFO: [ app_begin ] --END-- [ RunTime:0.000000s ]
INFO: [ view_parse ] --START--
INFO: [ template_filter ] --START--
INFO: Run Behavior\ContentReplaceBehavior [ RunTime:0.000000s ]
INFO: [ template_filter ] --END-- [ RunTime:0.000000s ]
INFO: Run Behavior\ParseTemplateBehavior [ RunTime:0.004000s ]
INFO: [ view_parse ] --END-- [ RunTime:0.005000s ]
INFO: [ view_filter ] --START--
INFO: Run Behavior\WriteHtmlCacheBehavior [ RunTime:0.001000s ]
INFO: [ view_filter ] --END-- [ RunTime:0.001000s ]
INFO: [ app_end ] --START--
INFO: Run Behavior\ShowPageTraceBehavior [ RunTime:0.000000s ]
INFO: [ app_end ] --END-- [ RunTime:0.000000s ]

[ 2017-04-01T11:02:59+08:00 ] 127.0.0.1 /317/thinkphp3.2.3/index.php/Qiqiao/Video/pass
INFO: [ app_init ] --START--
INFO: Run Behavior\BuildLiteBehavior [ RunTime:0.000000s ]
INFO: [ app_init ] --END-- [ RunTime:0.000000s ]
INFO: [ app_begin ] --START--
INFO: Run Behavior\ReadHtmlCacheBehavior [ RunTime:0.000000s ]
INFO: [ app_begin ] --END-- [ RunTime:0.000000s ]
INFO: [ view_parse ] --START--
INFO: [ template_filter ] --START--
INFO: Run Behavior\ContentReplaceBehavior [ RunTime:0.000000s ]
INFO: [ template_filter ] --END-- [ RunTime:0.001000s ]
NOTIC: [8] Undefined variable: meta_title E:\xampp\htdocs\317\thinkphp3.2.3\Application\Runtime\Cache\Qiqiao\33d6dcbe6d6fda9240c1f3cca634c50b.php 第 10 行.
INFO: Run Behavior\ParseTemplateBehavior [ RunTime:0.010001s ]
INFO: [ view_parse ] --END-- [ RunTime:0.010001s ]
INFO: [ view_filter ] --START--
INFO: Run Behavior\WriteHtmlCacheBehavior [ RunTime:0.000000s ]
INFO: [ view_filter ] --END-- [ RunTime:0.000000s ]
INFO: [ app_end ] --START--
INFO: Run Behavior\ShowPageTraceBehavior [ RunTime:0.001000s ]
INFO: [ app_end ] --END-- [ RunTime:0.001000s ]

[ 2017-04-01T11:02:59+08:00 ] 127.0.0.1 /317/thinkphp3.2.3/index.php/Qiqiao/Video/change
INFO: [ app_init ] --START--
INFO: Run Behavior\BuildLiteBehavior [ RunTime:0.000000s ]
INFO: [ app_init ] --END-- [ RunTime:0.001000s ]
INFO: [ app_begin ] --START--
INFO: Run Behavior\ReadHtmlCacheBehavior [ RunTime:0.000000s ]
INFO: [ app_begin ] --END-- [ RunTime:0.000000s ]
SQL: SHOW COLUMNS FROM `qiq_video` [ RunTime:0.0100s ]
SQL: SELECT `video_route` FROM `qiq_video` WHERE `id` = 0 LIMIT 1   [ RunTime:0.0000s ]

[ 2017-04-01T11:02:59+08:00 ] 127.0.0.1 /317/thinkphp3.2.3/index.php/Qiqiao/Video/change
INFO: [ app_init ] --START--
INFO: Run Behavior\BuildLiteBehavior [ RunTime:0.000000s ]
INFO: [ app_init ] --END-- [ RunTime:0.000000s ]
INFO: [ app_begin ] --START--
INFO: Run Behavior\ReadHtmlCacheBehavior [ RunTime:0.001000s ]
INFO: [ app_begin ] --END-- [ RunTime:0.001000s ]
SQL: SHOW COLUMNS FROM `qiq_video` [ RunTime:0.0020s ]
SQL: SELECT `video_route` FROM `qiq_video` WHERE `id` = 0 LIMIT 1   [ RunTime:0.0010s ]

[ 2017-04-01T11:02:59+08:00 ] 127.0.0.1 /317/thinkphp3.2.3/index.php/Qiqiao/Video/change_run
INFO: [ app_init ] --START--
INFO: Run Behavior\BuildLiteBehavior [ RunTime:0.000000s ]
INFO: [ app_init ] --END-- [ RunTime:0.000000s ]
INFO: [ app_begin ] --START--
INFO: Run Behavior\ReadHtmlCacheBehavior [ RunTime:0.001000s ]
INFO: [ app_begin ] --END-- [ RunTime:0.001000s ]
SQL: SHOW COLUMNS FROM `qiq_video` [ RunTime:0.0020s ]
SQL: SELECT `video_route` FROM `qiq_video` WHERE `id` = 22 LIMIT 1   [ RunTime:0.0000s ]

[ 2017-04-01T11:02:59+08:00 ] 127.0.0.1 /317/thinkphp3.2.3/index.php/Qiqiao/Video/change_run
INFO: [ app_init ] --START--
INFO: Run Behavior\BuildLiteBehavior [ RunTime:0.000000s ]
INFO: [ app_init ] --END-- [ RunTime:0.001000s ]
INFO: [ app_begin ] --START--
INFO: Run Behavior\ReadHtmlCacheBehavior [ RunTime:0.001000s ]
INFO: [ app_begin ] --END-- [ RunTime:0.001000s ]
SQL: SHOW COLUMNS FROM `qiq_video` [ RunTime:0.0020s ]
SQL: SELECT `video_route` FROM `qiq_video` WHERE `id` = 22 LIMIT 1   [ RunTime:0.0000s ]

[ 2017-04-01T11:02:59+08:00 ] 127.0.0.1 /317/thinkphp3.2.3/index.php/Qiqiao/Video/attributes
INFO: [ app_init ] --START--
INFO: Run Behavior\BuildLiteBehavior [ RunTime:0.000000s ]
INFO: [ app_init ] --END-- [ RunTime:0.001000s ]
INFO: [ app_begin ] --START--
INFO: Run Behavior\ReadHtmlCacheBehavior [ RunTime:0.001000s ]
INFO: [ app_begin ] --END-- [ RunTime:0.001000s ]
SQL: select u.username,v.id,v.video_title,v.video_summary,v.video_cover,v.vidup_time,v.uid,a.channels,a.abit_rate,a.width,a.height,a.vbit_rate,a.duration,a.size,a.id as aid,a.acodec_name,a.vcodec_name,a.avg_frame_rate from qiq_video v LEFT JOIN qiq_video_attributes a ON v.id=a.videoid LEFT JOIN qiq_user u ON u.id=v.Uid  where  v.video_state=0  [ RunTime:0.0010s ]
INFO: [ view_parse ] --START--
INFO: [ template_filter ] --START--
INFO: Run Behavior\ContentReplaceBehavior [ RunTime:0.001000s ]
INFO: [ template_filter ] --END-- [ RunTime:0.001000s ]
NOTIC: [8] Undefined variable: meta_title E:\xampp\htdocs\317\thinkphp3.2.3\Application\Runtime\Cache\Qiqiao\361d1d324291314eacefc6b047413e7a.php 第 10 行.
INFO: Run Behavior\ParseTemplateBehavior [ RunTime:0.015001s ]
INFO: [ view_parse ] --END-- [ RunTime:0.015001s ]
INFO: [ view_filter ] --START--
INFO: Run Behavior\WriteHtmlCacheBehavior [ RunTime:0.000000s ]
INFO: [ view_filter ] --END-- [ RunTime:0.000000s ]
INFO: [ app_end ] --START--
INFO: Run Behavior\ShowPageTraceBehavior [ RunTime:0.001000s ]
INFO: [ app_end ] --END-- [ RunTime:0.001000s ]

[ 2017-04-01T11:02:59+08:00 ] 127.0.0.1 /317/thinkphp3.2.3/index.php/Qiqiao/Video/change_run
INFO: [ app_init ] --START--
INFO: Run Behavior\BuildLiteBehavior [ RunTime:0.000000s ]
INFO: [ app_init ] --END-- [ RunTime:0.000000s ]
INFO: [ app_begin ] --START--
INFO: Run Behavior\ReadHtmlCacheBehavior [ RunTime:0.001000s ]
INFO: [ app_begin ] --END-- [ RunTime:0.001000s ]
SQL: SHOW COLUMNS FROM `qiq_video` [ RunTime:0.0020s ]
SQL: SELECT `video_route` FROM `qiq_video` WHERE `id` = 22 LIMIT 1   [ RunTime:0.0000s ]

[ 2017-04-01T11:02:59+08:00 ] 127.0.0.1 /317/thinkphp3.2.3/index.php/Qiqiao/Video/change_run
INFO: [ app_init ] --START--
INFO: Run Behavior\BuildLiteBehavior [ RunTime:0.000000s ]
INFO: [ app_init ] --END-- [ RunTime:0.001000s ]
INFO: [ app_begin ] --START--
INFO: Run Behavior\ReadHtmlCacheBehavior [ RunTime:0.000000s ]
INFO: [ app_begin ] --END-- [ RunTime:0.000000s ]
SQL: SHOW COLUMNS FROM `qiq_video` [ RunTime:0.0020s ]
SQL: SELECT `video_route` FROM `qiq_video` WHERE `id` = 22 LIMIT 1   [ RunTime:0.0000s ]

[ 2017-04-01T11:02:59+08:00 ] 127.0.0.1 /317/thinkphp3.2.3/index.php/Qiqiao/Video/attributes
INFO: [ app_init ] --START--
INFO: Run Behavior\BuildLiteBehavior [ RunTime:0.000000s ]
INFO: [ app_init ] --END-- [ RunTime:0.001000s ]
INFO: [ app_begin ] --START--
INFO: Run Behavior\ReadHtmlCacheBehavior [ RunTime:0.000000s ]
INFO: [ app_begin ] --END-- [ RunTime:0.000000s ]
SQL: select u.username,v.id,v.video_title,v.video_summary,v.video_cover,v.vidup_time,v.uid,a.channels,a.abit_rate,a.width,a.height,a.vbit_rate,a.duration,a.size,a.id as aid,a.acodec_name,a.vcodec_name,a.avg_frame_rate from qiq_video v LEFT JOIN qiq_video_attributes a ON v.id=a.videoid LEFT JOIN qiq_user u ON u.id=v.Uid  where  v.video_state=0  [ RunTime:0.0010s ]
INFO: [ view_parse ] --START--
INFO: [ template_filter ] --START--
INFO: Run Behavior\ContentReplaceBehavior [ RunTime:0.000000s ]
INFO: [ template_filter ] --END-- [ RunTime:0.000000s ]
NOTIC: [8] Undefined variable: meta_title E:\xampp\htdocs\317\thinkphp3.2.3\Application\Runtime\Cache\Qiqiao\361d1d324291314eacefc6b047413e7a.php 第 10 行.
INFO: Run Behavior\ParseTemplateBehavior [ RunTime:0.015001s ]
INFO: [ view_parse ] --END-- [ RunTime:0.015001s ]
INFO: [ view_filter ] --START--
INFO: Run Behavior\WriteHtmlCacheBehavior [ RunTime:0.000000s ]
INFO: [ view_filter ] --END-- [ RunTime:0.000000s ]
INFO: [ app_end ] --START--
INFO: Run Behavior\ShowPageTraceBehavior [ RunTime:0.001000s ]
INFO: [ app_end ] --END-- [ RunTime:0.001000s ]

[ 2017-04-01T11:02:59+08:00 ] 127.0.0.1 /317/thinkphp3.2.3/index.php/Qiqiao/Video/change_run
INFO: [ app_init ] --START--
INFO: Run Behavior\BuildLiteBehavior [ RunTime:0.000000s ]
INFO: [ app_init ] --END-- [ RunTime:0.001000s ]
INFO: [ app_begin ] --START--
INFO: Run Behavior\ReadHtmlCacheBehavior [ RunTime:0.000000s ]
INFO: [ app_begin ] --END-- [ RunTime:0.000000s ]
SQL: SHOW COLUMNS FROM `qiq_video` [ RunTime:0.0020s ]
SQL: SELECT `video_route` FROM `qiq_video` WHERE `id` = 22 LIMIT 1   [ RunTime:0.0010s ]

[ 2017-04-01T11:03:00+08:00 ] 127.0.0.1 /317/thinkphp3.2.3/index.php/Qiqiao/Video/change_run
INFO: [ app_init ] --START--
INFO: Run Behavior\BuildLiteBehavior [ RunTime:0.000000s ]
INFO: [ app_init ] --END-- [ RunTime:0.000000s ]
INFO: [ app_begin ] --START--
INFO: Run Behavior\ReadHtmlCacheBehavior [ RunTime:0.000000s ]
INFO: [ app_begin ] --END-- [ RunTime:0.001000s ]
SQL: SHOW COLUMNS FROM `qiq_video` [ RunTime:0.0040s ]
SQL: SELECT `video_route` FROM `qiq_video` WHERE `id` = 22 LIMIT 1   [ RunTime:0.0010s ]

[ 2017-04-01T11:03:03+08:00 ] 127.0.0.1 /317/thinkphp3.2.3/index.php/Qiqiao/Video/attributes
INFO: [ app_init ] --START--
INFO: Run Behavior\BuildLiteBehavior [ RunTime:0.000000s ]
INFO: [ app_init ] --END-- [ RunTime:0.001000s ]
INFO: [ app_begin ] --START--
INFO: Run Behavior\ReadHtmlCacheBehavior [ RunTime:0.001000s ]
INFO: [ app_begin ] --END-- [ RunTime:0.001000s ]
SQL: select u.username,v.id,v.video_title,v.video_summary,v.video_cover,v.vidup_time,v.uid,a.channels,a.abit_rate,a.width,a.height,a.vbit_rate,a.duration,a.size,a.id as aid,a.acodec_name,a.vcodec_name,a.avg_frame_rate from qiq_video v LEFT JOIN qiq_video_attributes a ON v.id=a.videoid LEFT JOIN qiq_user u ON u.id=v.Uid  where  v.video_state=0  [ RunTime:0.0010s ]
INFO: [ view_parse ] --START--
INFO: [ template_filter ] --START--
INFO: Run Behavior\ContentReplaceBehavior [ RunTime:0.001000s ]
INFO: [ template_filter ] --END-- [ RunTime:0.001000s ]
NOTIC: [8] Undefined variable: meta_title E:\xampp\htdocs\317\thinkphp3.2.3\Application\Runtime\Cache\Qiqiao\361d1d324291314eacefc6b047413e7a.php 第 10 行.
INFO: Run Behavior\ParseTemplateBehavior [ RunTime:0.018001s ]
INFO: [ view_parse ] --END-- [ RunTime:0.018001s ]
INFO: [ view_filter ] --START--
INFO: Run Behavior\WriteHtmlCacheBehavior [ RunTime:0.001000s ]
INFO: [ view_filter ] --END-- [ RunTime:0.001000s ]
INFO: [ app_end ] --START--
INFO: Run Behavior\ShowPageTraceBehavior [ RunTime:0.002000s ]
INFO: [ app_end ] --END-- [ RunTime:0.002000s ]

[ 2017-04-01T11:03:52+08:00 ] 127.0.0.1 /317/thinkphp3.2.3/index.php/Qiqiao/Video/attributes
INFO: [ app_init ] --START--
INFO: Run Behavior\BuildLiteBehavior [ RunTime:0.000000s ]
INFO: [ app_init ] --END-- [ RunTime:0.001000s ]
INFO: [ app_begin ] --START--
INFO: Run Behavior\ReadHtmlCacheBehavior [ RunTime:0.001000s ]
INFO: [ app_begin ] --END-- [ RunTime:0.001000s ]
SQL: select u.username,v.id,v.video_title,v.video_summary,v.video_cover,v.vidup_time,v.uid,a.channels,a.abit_rate,a.width,a.height,a.vbit_rate,a.duration,a.size,a.id as aid,a.acodec_name,a.vcodec_name,a.avg_frame_rate from qiq_video v LEFT JOIN qiq_video_attributes a ON v.id=a.videoid LEFT JOIN qiq_user u ON u.id=v.Uid  where  v.video_state=0  [ RunTime:0.0010s ]
INFO: [ view_parse ] --START--
INFO: [ template_filter ] --START--
INFO: Run Behavior\ContentReplaceBehavior [ RunTime:0.000000s ]
INFO: [ template_filter ] --END-- [ RunTime:0.000000s ]
NOTIC: [8] Undefined variable: meta_title E:\xampp\htdocs\317\thinkphp3.2.3\Application\Runtime\Cache\Qiqiao\361d1d324291314eacefc6b047413e7a.php 第 10 行.
INFO: Run Behavior\ParseTemplateBehavior [ RunTime:0.015001s ]
INFO: [ view_parse ] --END-- [ RunTime:0.015001s ]
INFO: [ view_filter ] --START--
INFO: Run Behavior\WriteHtmlCacheBehavior [ RunTime:0.000000s ]
INFO: [ view_filter ] --END-- [ RunTime:0.000000s ]
INFO: [ app_end ] --START--
INFO: Run Behavior\ShowPageTraceBehavior [ RunTime:0.001000s ]
INFO: [ app_end ] --END-- [ RunTime:0.001000s ]

[ 2017-04-01T11:03:52+08:00 ] 127.0.0.1 /317/thinkphp3.2.3/index.php/Qiqiao/Video/attributes
INFO: [ app_init ] --START--
INFO: Run Behavior\BuildLiteBehavior [ RunTime:0.000000s ]
INFO: [ app_init ] --END-- [ RunTime:0.001000s ]
INFO: [ app_begin ] --START--
INFO: Run Behavior\ReadHtmlCacheBehavior [ RunTime:0.001000s ]
INFO: [ app_begin ] --END-- [ RunTime:0.001000s ]
SQL: select u.username,v.id,v.video_title,v.video_summary,v.video_cover,v.vidup_time,v.uid,a.channels,a.abit_rate,a.width,a.height,a.vbit_rate,a.duration,a.size,a.id as aid,a.acodec_name,a.vcodec_name,a.avg_frame_rate from qiq_video v LEFT JOIN qiq_video_attributes a ON v.id=a.videoid LEFT JOIN qiq_user u ON u.id=v.Uid  where  v.video_state=0  [ RunTime:0.0000s ]
INFO: [ view_parse ] --START--
INFO: [ template_filter ] --START--
INFO: Run Behavior\ContentReplaceBehavior [ RunTime:0.000000s ]
INFO: [ template_filter ] --END-- [ RunTime:0.000000s ]
NOTIC: [8] Undefined variable: meta_title E:\xampp\htdocs\317\thinkphp3.2.3\Application\Runtime\Cache\Qiqiao\361d1d324291314eacefc6b047413e7a.php 第 10 行.
INFO: Run Behavior\ParseTemplateBehavior [ RunTime:0.025002s ]
INFO: [ view_parse ] --END-- [ RunTime:0.025002s ]
INFO: [ view_filter ] --START--
INFO: Run Behavior\WriteHtmlCacheBehavior [ RunTime:0.001000s ]
INFO: [ view_filter ] --END-- [ RunTime:0.001000s ]
INFO: [ app_end ] --START--
INFO: Run Behavior\ShowPageTraceBehavior [ RunTime:0.001000s ]
INFO: [ app_end ] --END-- [ RunTime:0.001000s ]

[ 2017-04-01T11:03:55+08:00 ] 127.0.0.1 /317/thinkphp3.2.3/index.php/Qiqiao/Video/change
INFO: [ app_init ] --START--
INFO: Run Behavior\BuildLiteBehavior [ RunTime:0.000000s ]
INFO: [ app_init ] --END-- [ RunTime:0.000000s ]
INFO: [ app_begin ] --START--
INFO: Run Behavior\ReadHtmlCacheBehavior [ RunTime:0.002000s ]
INFO: [ app_begin ] --END-- [ RunTime:0.002000s ]
SQL: SHOW COLUMNS FROM `qiq_video` [ RunTime:0.0020s ]
SQL: SELECT `video_route` FROM `qiq_video` WHERE `id` = 22 LIMIT 1   [ RunTime:0.0000s ]

[ 2017-04-01T11:03:55+08:00 ] 127.0.0.1 /317/thinkphp3.2.3/index.php/Qiqiao/Video/attributes
INFO: [ app_init ] --START--
INFO: Run Behavior\BuildLiteBehavior [ RunTime:0.000000s ]
INFO: [ app_init ] --END-- [ RunTime:0.000000s ]
INFO: [ app_begin ] --START--
INFO: Run Behavior\ReadHtmlCacheBehavior [ RunTime:0.000000s ]
INFO: [ app_begin ] --END-- [ RunTime:0.000000s ]
SQL: select u.username,v.id,v.video_title,v.video_summary,v.video_cover,v.vidup_time,v.uid,a.channels,a.abit_rate,a.width,a.height,a.vbit_rate,a.duration,a.size,a.id as aid,a.acodec_name,a.vcodec_name,a.avg_frame_rate from qiq_video v LEFT JOIN qiq_video_attributes a ON v.id=a.videoid LEFT JOIN qiq_user u ON u.id=v.Uid  where  v.video_state=0  [ RunTime:0.0010s ]
INFO: [ view_parse ] --START--
INFO: [ template_filter ] --START--
INFO: Run Behavior\ContentReplaceBehavior [ RunTime:0.001000s ]
INFO: [ template_filter ] --END-- [ RunTime:0.001000s ]
NOTIC: [8] Undefined variable: meta_title E:\xampp\htdocs\317\thinkphp3.2.3\Application\Runtime\Cache\Qiqiao\361d1d324291314eacefc6b047413e7a.php 第 10 行.
INFO: Run Behavior\ParseTemplateBehavior [ RunTime:0.017001s ]
INFO: [ view_parse ] --END-- [ RunTime:0.017001s ]
INFO: [ view_filter ] --START--
INFO: Run Behavior\WriteHtmlCacheBehavior [ RunTime:0.001000s ]
INFO: [ view_filter ] --END-- [ RunTime:0.001000s ]
INFO: [ app_end ] --START--
INFO: Run Behavior\ShowPageTraceBehavior [ RunTime:0.001000s ]
INFO: [ app_end ] --END-- [ RunTime:0.001000s ]

[ 2017-04-01T11:04:28+08:00 ] 127.0.0.1 /317/thinkphp3.2.3/index.php/Qiqiao/Video/attributes
INFO: [ app_init ] --START--
INFO: Run Behavior\BuildLiteBehavior [ RunTime:0.000000s ]
INFO: [ app_init ] --END-- [ RunTime:0.001000s ]
INFO: [ app_begin ] --START--
INFO: Run Behavior\ReadHtmlCacheBehavior [ RunTime:0.001000s ]
INFO: [ app_begin ] --END-- [ RunTime:0.002000s ]
SQL: select u.username,v.id,v.video_title,v.video_summary,v.video_cover,v.vidup_time,v.uid,a.channels,a.abit_rate,a.width,a.height,a.vbit_rate,a.duration,a.size,a.id as aid,a.acodec_name,a.vcodec_name,a.avg_frame_rate from qiq_video v LEFT JOIN qiq_video_attributes a ON v.id=a.videoid LEFT JOIN qiq_user u ON u.id=v.Uid  where  v.video_state=0  [ RunTime:0.0000s ]
INFO: [ view_parse ] --START--
INFO: [ template_filter ] --START--
INFO: Run Behavior\ContentReplaceBehavior [ RunTime:0.000000s ]
INFO: [ template_filter ] --END-- [ RunTime:0.000000s ]
NOTIC: [8] Undefined variable: meta_title E:\xampp\htdocs\317\thinkphp3.2.3\Application\Runtime\Cache\Qiqiao\361d1d324291314eacefc6b047413e7a.php 第 10 行.
INFO: Run Behavior\ParseTemplateBehavior [ RunTime:0.016001s ]
INFO: [ view_parse ] --END-- [ RunTime:0.016001s ]
INFO: [ view_filter ] --START--
INFO: Run Behavior\WriteHtmlCacheBehavior [ RunTime:0.000000s ]
INFO: [ view_filter ] --END-- [ RunTime:0.000000s ]
INFO: [ app_end ] --START--
INFO: Run Behavior\ShowPageTraceBehavior [ RunTime:0.000000s ]
INFO: [ app_end ] --END-- [ RunTime:0.000000s ]

[ 2017-04-01T11:04:29+08:00 ] 127.0.0.1 /317/thinkphp3.2.3/index.php/Qiqiao/Video/attributes
INFO: [ app_init ] --START--
INFO: Run Behavior\BuildLiteBehavior [ RunTime:0.000000s ]
INFO: [ app_init ] --END-- [ RunTime:0.001000s ]
INFO: [ app_begin ] --START--
INFO: Run Behavior\ReadHtmlCacheBehavior [ RunTime:0.001000s ]
INFO: [ app_begin ] --END-- [ RunTime:0.001000s ]
SQL: select u.username,v.id,v.video_title,v.video_summary,v.video_cover,v.vidup_time,v.uid,a.channels,a.abit_rate,a.width,a.height,a.vbit_rate,a.duration,a.size,a.id as aid,a.acodec_name,a.vcodec_name,a.avg_frame_rate from qiq_video v LEFT JOIN qiq_video_attributes a ON v.id=a.videoid LEFT JOIN qiq_user u ON u.id=v.Uid  where  v.video_state=0  [ RunTime:0.0000s ]
INFO: [ view_parse ] --START--
INFO: [ template_filter ] --START--
INFO: Run Behavior\ContentReplaceBehavior [ RunTime:0.000000s ]
INFO: [ template_filter ] --END-- [ RunTime:0.001000s ]
NOTIC: [8] Undefined variable: meta_title E:\xampp\htdocs\317\thinkphp3.2.3\Application\Runtime\Cache\Qiqiao\361d1d324291314eacefc6b047413e7a.php 第 10 行.
INFO: Run Behavior\ParseTemplateBehavior [ RunTime:0.016001s ]
INFO: [ view_parse ] --END-- [ RunTime:0.016001s ]
INFO: [ view_filter ] --START--
INFO: Run Behavior\WriteHtmlCacheBehavior [ RunTime:0.000000s ]
INFO: [ view_filter ] --END-- [ RunTime:0.000000s ]
INFO: [ app_end ] --START--
INFO: Run Behavior\ShowPageTraceBehavior [ RunTime:0.001000s ]
INFO: [ app_end ] --END-- [ RunTime:0.001000s ]

[ 2017-04-01T11:04:52+08:00 ] 127.0.0.1 /317/thinkphp3.2.3/index.php/Qiqiao/Video/change
INFO: [ app_init ] --START--
INFO: Run Behavior\BuildLiteBehavior [ RunTime:0.000000s ]
INFO: [ app_init ] --END-- [ RunTime:0.001000s ]
INFO: [ app_begin ] --START--
INFO: Run Behavior\ReadHtmlCacheBehavior [ RunTime:0.001000s ]
INFO: [ app_begin ] --END-- [ RunTime:0.001000s ]
SQL: SHOW COLUMNS FROM `qiq_video` [ RunTime:0.0030s ]
SQL: SELECT `video_route` FROM `qiq_video` WHERE `id` = 22 LIMIT 1   [ RunTime:0.0010s ]
INFO: [ app_end ] --START--
INFO: Run Behavior\ShowPageTraceBehavior [ RunTime:0.000000s ]
INFO: [ app_end ] --END-- [ RunTime:0.000000s ]

[ 2017-04-01T11:04:52+08:00 ] 127.0.0.1 /317/thinkphp3.2.3/index.php/Qiqiao/Video/attributes
INFO: [ app_init ] --START--
INFO: Run Behavior\BuildLiteBehavior [ RunTime:0.000000s ]
INFO: [ app_init ] --END-- [ RunTime:0.002000s ]
INFO: [ app_begin ] --START--
INFO: Run Behavior\ReadHtmlCacheBehavior [ RunTime:0.001001s ]
INFO: [ app_begin ] --END-- [ RunTime:0.001001s ]
SQL: select u.username,v.id,v.video_title,v.video_summary,v.video_cover,v.vidup_time,v.uid,a.channels,a.abit_rate,a.width,a.height,a.vbit_rate,a.duration,a.size,a.id as aid,a.acodec_name,a.vcodec_name,a.avg_frame_rate from qiq_video v LEFT JOIN qiq_video_attributes a ON v.id=a.videoid LEFT JOIN qiq_user u ON u.id=v.Uid  where  v.video_state=0  [ RunTime:0.0010s ]
INFO: [ view_parse ] --START--
INFO: [ template_filter ] --START--
INFO: Run Behavior\ContentReplaceBehavior [ RunTime:0.000000s ]
INFO: [ template_filter ] --END-- [ RunTime:0.000000s ]
NOTIC: [8] Undefined variable: meta_title E:\xampp\htdocs\317\thinkphp3.2.3\Application\Runtime\Cache\Qiqiao\361d1d324291314eacefc6b047413e7a.php 第 10 行.
INFO: Run Behavior\ParseTemplateBehavior [ RunTime:0.018001s ]
INFO: [ view_parse ] --END-- [ RunTime:0.018001s ]
INFO: [ view_filter ] --START--
INFO: Run Behavior\WriteHtmlCacheBehavior [ RunTime:0.001000s ]
INFO: [ view_filter ] --END-- [ RunTime:0.001000s ]
INFO: [ app_end ] --START--
INFO: Run Behavior\ShowPageTraceBehavior [ RunTime:0.001000s ]
INFO: [ app_end ] --END-- [ RunTime:0.001000s ]

[ 2017-04-01T21:01:33+08:00 ] 127.0.0.1 /317/thinkphp3.2.3/index.php/Qiqiao/Index/restore
INFO: [ app_init ] --START--
INFO: Run Behavior\BuildLiteBehavior [ RunTime:0.000000s ]
INFO: [ app_init ] --END-- [ RunTime:0.001000s ]
INFO: [ app_begin ] --START--
INFO: Run Behavior\ReadHtmlCacheBehavior [ RunTime:0.001000s ]
INFO: [ app_begin ] --END-- [ RunTime:0.001000s ]
NOTIC: [8192] mysql_query(): The mysql extension is deprecated and will be removed in the future: use mysqli or PDO instead E:\xampp\htdocs\317\thinkphp3.2.3\Application\Qiqiao\Controller\IndexController.class.php 第 422 行.
NOTIC: [8192] mysql_connect(): The mysql extension is deprecated and will be removed in the future: use mysqli or PDO instead E:\xampp\htdocs\317\thinkphp3.2.3\Application\Qiqiao\Controller\IndexController.class.php 第 423 行.
NOTIC: [8] iconv(): Wrong charset, conversion from `utf-8' to `utf8' is not allowed E:\xampp\htdocs\317\thinkphp3.2.3\Application\Qiqiao\Controller\IndexController.class.php 第 439 行.

[ 2017-04-01T21:01:41+08:00 ] 127.0.0.1 /317/thinkphp3.2.3/index.php/Qiqiao/Index/
INFO: [ app_init ] --START--
INFO: Run Behavior\BuildLiteBehavior [ RunTime:0.000000s ]
INFO: [ app_init ] --END-- [ RunTime:0.001000s ]
INFO: [ app_begin ] --START--
INFO: Run Behavior\ReadHtmlCacheBehavior [ RunTime:0.001000s ]
INFO: [ app_begin ] --END-- [ RunTime:0.001000s ]
SQL: SHOW COLUMNS FROM `qiq_video_attributes` [ RunTime:0.0030s ]
SQL: SELECT COUNT(*) AS tp_count FROM `qiq_video_attributes` LIMIT 1   [ RunTime:0.0000s ]
SQL: SHOW COLUMNS FROM `qiq_video` [ RunTime:0.0030s ]
SQL: SELECT COUNT(*) AS tp_count FROM `qiq_video` LIMIT 1   [ RunTime:0.0000s ]
SQL: SHOW COLUMNS FROM `qiq_user` [ RunTime:0.0030s ]
SQL: SELECT COUNT(*) AS tp_count FROM `qiq_user` LIMIT 1   [ RunTime:0.0000s ]
INFO: [ view_parse ] --START--
INFO: [ template_filter ] --START--
INFO: Run Behavior\ContentReplaceBehavior [ RunTime:0.000000s ]
INFO: [ template_filter ] --END-- [ RunTime:0.000000s ]
SQL: select version() as v; [ RunTime:0.0000s ]
INFO: Run Behavior\ParseTemplateBehavior [ RunTime:0.019001s ]
INFO: [ view_parse ] --END-- [ RunTime:0.019001s ]
INFO: [ view_filter ] --START--
INFO: Run Behavior\WriteHtmlCacheBehavior [ RunTime:0.000000s ]
INFO: [ view_filter ] --END-- [ RunTime:0.000000s ]
INFO: [ app_end ] --START--
INFO: Run Behavior\ShowPageTraceBehavior [ RunTime:0.000000s ]
INFO: [ app_end ] --END-- [ RunTime:0.000000s ]

[ 2017-04-01T21:01:42+08:00 ] 127.0.0.1 /317/thinkphp3.2.3/index.php/Qiqiao/Index/
INFO: [ app_init ] --START--
INFO: Run Behavior\BuildLiteBehavior [ RunTime:0.000000s ]
INFO: [ app_init ] --END-- [ RunTime:0.000000s ]
INFO: [ app_begin ] --START--
INFO: Run Behavior\ReadHtmlCacheBehavior [ RunTime:0.000000s ]
INFO: [ app_begin ] --END-- [ RunTime:0.000000s ]
SQL: SHOW COLUMNS FROM `qiq_video_attributes` [ RunTime:0.0050s ]
SQL: SELECT COUNT(*) AS tp_count FROM `qiq_video_attributes` LIMIT 1   [ RunTime:0.0000s ]
SQL: SHOW COLUMNS FROM `qiq_video` [ RunTime:0.0000s ]
SQL: SELECT COUNT(*) AS tp_count FROM `qiq_video` LIMIT 1   [ RunTime:0.0000s ]
SQL: SHOW COLUMNS FROM `qiq_user` [ RunTime:0.0050s ]
SQL: SELECT COUNT(*) AS tp_count FROM `qiq_user` LIMIT 1   [ RunTime:0.0000s ]
INFO: [ view_parse ] --START--
INFO: [ template_filter ] --START--
INFO: Run Behavior\ContentReplaceBehavior [ RunTime:0.000000s ]
INFO: [ template_filter ] --END-- [ RunTime:0.000000s ]
SQL: select version() as v; [ RunTime:0.0000s ]
INFO: Run Behavior\ParseTemplateBehavior [ RunTime:0.020000s ]
INFO: [ view_parse ] --END-- [ RunTime:0.020000s ]
INFO: [ view_filter ] --START--
INFO: Run Behavior\WriteHtmlCacheBehavior [ RunTime:0.000000s ]
INFO: [ view_filter ] --END-- [ RunTime:0.000000s ]
INFO: [ app_end ] --START--
INFO: Run Behavior\ShowPageTraceBehavior [ RunTime:0.000000s ]
INFO: [ app_end ] --END-- [ RunTime:0.000000s ]

[ 2017-04-01T21:01:46+08:00 ] 127.0.0.1 /317/thinkphp3.2.3/index.php/Qiqiao/User/add
INFO: [ app_init ] --START--
INFO: Run Behavior\BuildLiteBehavior [ RunTime:0.000000s ]
INFO: [ app_init ] --END-- [ RunTime:0.001000s ]
INFO: [ app_begin ] --START--
INFO: Run Behavior\ReadHtmlCacheBehavior [ RunTime:0.001000s ]
INFO: [ app_begin ] --END-- [ RunTime:0.001000s ]
INFO: [ view_parse ] --START--
INFO: [ template_filter ] --START--
INFO: Run Behavior\ContentReplaceBehavior [ RunTime:0.000000s ]
INFO: [ template_filter ] --END-- [ RunTime:0.000000s ]
NOTIC: [8] Undefined variable: meta_title E:\xampp\htdocs\317\thinkphp3.2.3\Application\Runtime\Cache\Qiqiao\87cf182245c19a13049778c562c39693.php 第 10 行.
INFO: Run Behavior\ParseTemplateBehavior [ RunTime:0.017001s ]
INFO: [ view_parse ] --END-- [ RunTime:0.018001s ]
INFO: [ view_filter ] --START--
INFO: Run Behavior\WriteHtmlCacheBehavior [ RunTime:0.000000s ]
INFO: [ view_filter ] --END-- [ RunTime:0.000000s ]
INFO: [ app_end ] --START--
INFO: Run Behavior\ShowPageTraceBehavior [ RunTime:0.001000s ]
INFO: [ app_end ] --END-- [ RunTime:0.001000s ]

[ 2017-04-01T21:01:46+08:00 ] 127.0.0.1 /317/thinkphp3.2.3/index.php/Qiqiao/User/add
INFO: [ app_init ] --START--
INFO: Run Behavior\BuildLiteBehavior [ RunTime:0.000000s ]
INFO: [ app_init ] --END-- [ RunTime:0.001000s ]
INFO: [ app_begin ] --START--
INFO: Run Behavior\ReadHtmlCacheBehavior [ RunTime:0.001000s ]
INFO: [ app_begin ] --END-- [ RunTime:0.001000s ]
INFO: [ view_parse ] --START--
INFO: [ template_filter ] --START--
INFO: Run Behavior\ContentReplaceBehavior [ RunTime:0.000000s ]
INFO: [ template_filter ] --END-- [ RunTime:0.000000s ]
NOTIC: [8] Undefined variable: meta_title E:\xampp\htdocs\317\thinkphp3.2.3\Application\Runtime\Cache\Qiqiao\87cf182245c19a13049778c562c39693.php 第 10 行.
INFO: Run Behavior\ParseTemplateBehavior [ RunTime:0.017001s ]
INFO: [ view_parse ] --END-- [ RunTime:0.017001s ]
INFO: [ view_filter ] --START--
INFO: Run Behavior\WriteHtmlCacheBehavior [ RunTime:0.001000s ]
INFO: [ view_filter ] --END-- [ RunTime:0.001000s ]
INFO: [ app_end ] --START--
INFO: Run Behavior\ShowPageTraceBehavior [ RunTime:0.000000s ]
INFO: [ app_end ] --END-- [ RunTime:0.000000s ]

[ 2017-04-01T21:01:48+08:00 ] 127.0.0.1 /317/thinkphp3.2.3/index.php/Qiqiao/Admin/user
INFO: [ app_init ] --START--
INFO: Run Behavior\BuildLiteBehavior [ RunTime:0.000000s ]
INFO: [ app_init ] --END-- [ RunTime:0.001000s ]
INFO: [ app_begin ] --START--
INFO: Run Behavior\ReadHtmlCacheBehavior [ RunTime:0.000000s ]
INFO: [ app_begin ] --END-- [ RunTime:0.000000s ]
SQL: select a.status,a.id,a.real_name,a.sex,a.age,a.tel,a.id_card,a.mail,a.name,a.create_time,ag.title,ag.id as roleid from qiq_admin a,qiq_auth_group_access ga,qiq_auth_group ag where  a.id=ga.uid and ga.group_id=ag.id limit 0,3 [ RunTime:0.0490s ]
SQL: select count(*) as count from qiq_admin a,qiq_auth_group_access ga,qiq_auth_group ag where  a.id=ga.uid and ga.group_id=ag.id [ RunTime:0.0010s ]
SQL: SHOW COLUMNS FROM `qiq_auth_group` [ RunTime:0.0020s ]
SQL: SELECT `title`,`id` FROM `qiq_auth_group`  [ RunTime:0.0000s ]
INFO: [ view_parse ] --START--
INFO: [ template_filter ] --START--
INFO: Run Behavior\ContentReplaceBehavior [ RunTime:0.000000s ]
INFO: [ template_filter ] --END-- [ RunTime:0.000000s ]
NOTIC: [8] Undefined variable: meta_title E:\xampp\htdocs\317\thinkphp3.2.3\Application\Runtime\Cache\Qiqiao\db6dc91b3fed18a90de503204d0cc995.php 第 10 行.
INFO: Run Behavior\ParseTemplateBehavior [ RunTime:0.024001s ]
INFO: [ view_parse ] --END-- [ RunTime:0.024001s ]
INFO: [ view_filter ] --START--
INFO: Run Behavior\WriteHtmlCacheBehavior [ RunTime:0.000000s ]
INFO: [ view_filter ] --END-- [ RunTime:0.000000s ]
INFO: [ app_end ] --START--
INFO: Run Behavior\ShowPageTraceBehavior [ RunTime:0.001000s ]
INFO: [ app_end ] --END-- [ RunTime:0.001000s ]

[ 2017-04-01T21:01:48+08:00 ] 127.0.0.1 /317/thinkphp3.2.3/index.php/Qiqiao/Admin/user
INFO: [ app_init ] --START--
INFO: Run Behavior\BuildLiteBehavior [ RunTime:0.000000s ]
INFO: [ app_init ] --END-- [ RunTime:0.000000s ]
INFO: [ app_begin ] --START--
INFO: Run Behavior\ReadHtmlCacheBehavior [ RunTime:0.001000s ]
INFO: [ app_begin ] --END-- [ RunTime:0.001000s ]
SQL: select a.status,a.id,a.real_name,a.sex,a.age,a.tel,a.id_card,a.mail,a.name,a.create_time,ag.title,ag.id as roleid from qiq_admin a,qiq_auth_group_access ga,qiq_auth_group ag where  a.id=ga.uid and ga.group_id=ag.id limit 0,3 [ RunTime:0.0010s ]
SQL: select count(*) as count from qiq_admin a,qiq_auth_group_access ga,qiq_auth_group ag where  a.id=ga.uid and ga.group_id=ag.id [ RunTime:0.0010s ]
SQL: SHOW COLUMNS FROM `qiq_auth_group` [ RunTime:0.0030s ]
SQL: SELECT `title`,`id` FROM `qiq_auth_group`  [ RunTime:0.0000s ]
INFO: [ view_parse ] --START--
INFO: [ template_filter ] --START--
INFO: Run Behavior\ContentReplaceBehavior [ RunTime:0.000000s ]
INFO: [ template_filter ] --END-- [ RunTime:0.000000s ]
NOTIC: [8] Undefined variable: meta_title E:\xampp\htdocs\317\thinkphp3.2.3\Application\Runtime\Cache\Qiqiao\db6dc91b3fed18a90de503204d0cc995.php 第 10 行.
INFO: Run Behavior\ParseTemplateBehavior [ RunTime:0.030001s ]
INFO: [ view_parse ] --END-- [ RunTime:0.030001s ]
INFO: [ view_filter ] --START--
INFO: Run Behavior\WriteHtmlCacheBehavior [ RunTime:0.000000s ]
INFO: [ view_filter ] --END-- [ RunTime:0.000000s ]
INFO: [ app_end ] --START--
INFO: Run Behavior\ShowPageTraceBehavior [ RunTime:0.001000s ]
INFO: [ app_end ] --END-- [ RunTime:0.001000s ]

[ 2017-04-01T21:01:54+08:00 ] 127.0.0.1 /317/thinkphp3.2.3/index.php/Qiqiao/Admin/edit_user
INFO: [ app_init ] --START--
INFO: Run Behavior\BuildLiteBehavior [ RunTime:0.000000s ]
INFO: [ app_init ] --END-- [ RunTime:0.000000s ]
INFO: [ app_begin ] --START--
INFO: Run Behavior\ReadHtmlCacheBehavior [ RunTime:0.000000s ]
INFO: [ app_begin ] --END-- [ RunTime:0.000000s ]
SQL: SHOW COLUMNS FROM `qiq_admin` [ RunTime:0.0000s ]
SQL: UPDATE `qiq_admin` SET `tel`='15818334686' WHERE `id` = 1 [ RunTime:0.0800s ]

