[ 2017-05-15T23:53:52+08:00 ] 127.0.0.1 /thinkphp3.2.3/index.php/Qiqiao/Index/index
INFO: [ app_init ] --START--
INFO: Run Behavior\BuildLiteBehavior [ RunTime:0.000050s ]
INFO: [ app_init ] --END-- [ RunTime:0.001182s ]
INFO: [ app_begin ] --START--
INFO: Run Behavior\ReadHtmlCacheBehavior [ RunTime:0.004112s ]
INFO: [ app_begin ] --END-- [ RunTime:0.004234s ]

[ 2017-05-15T23:53:53+08:00 ] 127.0.0.1 /thinkphp3.2.3/index.php/Qiqiao/Public/login
INFO: [ app_init ] --START--
INFO: Run Behavior\BuildLiteBehavior [ RunTime:0.000031s ]
INFO: [ app_init ] --END-- [ RunTime:0.000892s ]
INFO: [ app_begin ] --START--
INFO: Run Behavior\ReadHtmlCacheBehavior [ RunTime:0.000777s ]
INFO: [ app_begin ] --END-- [ RunTime:0.000852s ]
INFO: [ view_parse ] --START--
INFO: [ template_filter ] --START--
INFO: Run Behavior\ContentReplaceBehavior [ RunTime:0.000123s ]
INFO: [ template_filter ] --END-- [ RunTime:0.000244s ]
INFO: Run Behavior\ParseTemplateBehavior [ RunTime:0.015151s ]
INFO: [ view_parse ] --END-- [ RunTime:0.015293s ]
INFO: [ view_filter ] --START--
INFO: Run Behavior\WriteHtmlCacheBehavior [ RunTime:0.001018s ]
INFO: [ view_filter ] --END-- [ RunTime:0.001145s ]
INFO: [ app_end ] --START--
INFO: Run Behavior\ShowPageTraceBehavior [ RunTime:0.001209s ]
INFO: [ app_end ] --END-- [ RunTime:0.001283s ]

[ 2017-05-15T23:53:54+08:00 ] 127.0.0.1 /thinkphp3.2.3/index.php/Qiqiao/Public/verifyImg
INFO: [ app_init ] --START--
INFO: Run Behavior\BuildLiteBehavior [ RunTime:0.000021s ]
INFO: [ app_init ] --END-- [ RunTime:0.000712s ]
INFO: [ app_begin ] --START--
INFO: Run Behavior\ReadHtmlCacheBehavior [ RunTime:0.000916s ]
INFO: [ app_begin ] --END-- [ RunTime:0.000983s ]
INFO: [ app_end ] --START--
INFO: Run Behavior\ShowPageTraceBehavior [ RunTime:0.004743s ]
INFO: [ app_end ] --END-- [ RunTime:0.004880s ]

[ 2017-05-15T23:53:54+08:00 ] 127.0.0.1 /thinkphp3.2.3/index.php/Qiqiao/Public/login
INFO: [ app_init ] --START--
INFO: Run Behavior\BuildLiteBehavior [ RunTime:0.000019s ]
INFO: [ app_init ] --END-- [ RunTime:0.000547s ]
INFO: [ app_begin ] --START--
INFO: Run Behavior\ReadHtmlCacheBehavior [ RunTime:0.000765s ]
INFO: [ app_begin ] --END-- [ RunTime:0.000837s ]
INFO: [ view_parse ] --START--
INFO: [ template_filter ] --START--
INFO: Run Behavior\ContentReplaceBehavior [ RunTime:0.000120s ]
INFO: [ template_filter ] --END-- [ RunTime:0.000234s ]
INFO: Run Behavior\ParseTemplateBehavior [ RunTime:0.020015s ]
INFO: [ view_parse ] --END-- [ RunTime:0.020153s ]
INFO: [ view_filter ] --START--
INFO: Run Behavior\WriteHtmlCacheBehavior [ RunTime:0.001115s ]
INFO: [ view_filter ] --END-- [ RunTime:0.001228s ]
INFO: [ app_end ] --START--
INFO: Run Behavior\ShowPageTraceBehavior [ RunTime:0.001514s ]
INFO: [ app_end ] --END-- [ RunTime:0.001597s ]

[ 2017-05-15T23:53:59+08:00 ] 127.0.0.1 /thinkphp3.2.3/index.php/Qiqiao/Public/login
INFO: [ app_init ] --START--
INFO: Run Behavior\BuildLiteBehavior [ RunTime:0.000018s ]
INFO: [ app_init ] --END-- [ RunTime:0.000581s ]
INFO: [ app_begin ] --START--
INFO: Run Behavior\ReadHtmlCacheBehavior [ RunTime:0.000763s ]
INFO: [ app_begin ] --END-- [ RunTime:0.000823s ]
INFO: [ view_parse ] --START--
INFO: [ template_filter ] --START--
INFO: Run Behavior\ContentReplaceBehavior [ RunTime:0.000074s ]
INFO: [ template_filter ] --END-- [ RunTime:0.000143s ]
INFO: Run Behavior\ParseTemplateBehavior [ RunTime:0.010771s ]
INFO: [ view_parse ] --END-- [ RunTime:0.010840s ]
INFO: [ view_filter ] --START--
INFO: Run Behavior\WriteHtmlCacheBehavior [ RunTime:0.000897s ]
INFO: [ view_filter ] --END-- [ RunTime:0.000950s ]
SQL: SHOW COLUMNS FROM `qiq_admin` [ RunTime:0.2867s ]
SQL: SELECT * FROM `qiq_admin` WHERE `name` = 'root' LIMIT 1   [ RunTime:0.0633s ]
SQL: SELECT `real_name` FROM `qiq_admin` WHERE `id` = 9 LIMIT 1   [ RunTime:0.0015s ]
SQL: SHOW COLUMNS FROM `qiq_log` [ RunTime:0.2311s ]
SQL: INSERT INTO `qiq_log` (`user`,`name`,`time`,`ip`,`action`) VALUES ('zhengfuming','登录','2017-05-15 23:53:59','127.0.0.1','zhengfuming登录后台系统') [ RunTime:0.0839s ]
INFO: [ view_parse ] --START--
INFO: [ template_filter ] --START--
INFO: Run Behavior\ContentReplaceBehavior [ RunTime:0.000165s ]
INFO: [ template_filter ] --END-- [ RunTime:-0.693592s ]
INFO: Run Behavior\ParseTemplateBehavior [ RunTime:0.016490s ]
INFO: [ view_parse ] --END-- [ RunTime:-0.685334s ]
INFO: [ view_filter ] --START--
INFO: Run Behavior\WriteHtmlCacheBehavior [ RunTime:0.000049s ]
INFO: [ view_filter ] --END-- [ RunTime:-0.701122s ]
INFO: [ app_end ] --START--
INFO: Run Behavior\ShowPageTraceBehavior [ RunTime:0.002547s ]
INFO: [ app_end ] --END-- [ RunTime:0.002719s ]

[ 2017-05-15T23:54:00+08:00 ] 127.0.0.1 /thinkphp3.2.3/index.php/Qiqiao/Index/index
INFO: [ app_init ] --START--
INFO: Run Behavior\BuildLiteBehavior [ RunTime:0.000058s ]
INFO: [ app_init ] --END-- [ RunTime:0.000783s ]
INFO: [ app_begin ] --START--
INFO: Run Behavior\ReadHtmlCacheBehavior [ RunTime:0.000730s ]
INFO: [ app_begin ] --END-- [ RunTime:0.000794s ]
SQL: SHOW COLUMNS FROM `qiq_video_attributes` [ RunTime:0.0118s ]
SQL: SELECT COUNT(*) AS tp_count FROM `qiq_video_attributes` LIMIT 1   [ RunTime:0.0003s ]
SQL: SHOW COLUMNS FROM `qiq_video` [ RunTime:0.0102s ]
SQL: SELECT COUNT(*) AS tp_count FROM `qiq_video` LIMIT 1   [ RunTime:0.0002s ]
SQL: SHOW COLUMNS FROM `qiq_user` [ RunTime:0.0113s ]
SQL: SELECT COUNT(*) AS tp_count FROM `qiq_user` LIMIT 1   [ RunTime:0.0003s ]
INFO: [ view_parse ] --START--
INFO: [ template_filter ] --START--
INFO: Run Behavior\ContentReplaceBehavior [ RunTime:0.000185s ]
INFO: [ template_filter ] --END-- [ RunTime:0.000251s ]
SQL: select version() as v; [ RunTime:0.0003s ]
INFO: Run Behavior\ParseTemplateBehavior [ RunTime:0.018615s ]
INFO: [ view_parse ] --END-- [ RunTime:0.018682s ]
INFO: [ view_filter ] --START--
INFO: Run Behavior\WriteHtmlCacheBehavior [ RunTime:0.000657s ]
INFO: [ view_filter ] --END-- [ RunTime:0.000707s ]
INFO: [ app_end ] --START--
INFO: Run Behavior\ShowPageTraceBehavior [ RunTime:0.001038s ]
INFO: [ app_end ] --END-- [ RunTime:0.001131s ]

[ 2017-05-15T23:54:01+08:00 ] 127.0.0.1 /thinkphp3.2.3/index.php/Qiqiao/Index/index
INFO: [ app_init ] --START--
INFO: Run Behavior\BuildLiteBehavior [ RunTime:0.000034s ]
INFO: [ app_init ] --END-- [ RunTime:0.001185s ]
INFO: [ app_begin ] --START--
INFO: Run Behavior\ReadHtmlCacheBehavior [ RunTime:0.000806s ]
INFO: [ app_begin ] --END-- [ RunTime:0.000883s ]
SQL: SHOW COLUMNS FROM `qiq_video_attributes` [ RunTime:0.0138s ]
SQL: SELECT COUNT(*) AS tp_count FROM `qiq_video_attributes` LIMIT 1   [ RunTime:0.0003s ]
SQL: SHOW COLUMNS FROM `qiq_video` [ RunTime:0.0425s ]
SQL: SELECT COUNT(*) AS tp_count FROM `qiq_video` LIMIT 1   [ RunTime:0.0003s ]
SQL: SHOW COLUMNS FROM `qiq_user` [ RunTime:0.0679s ]
SQL: SELECT COUNT(*) AS tp_count FROM `qiq_user` LIMIT 1   [ RunTime:0.0002s ]
INFO: [ view_parse ] --START--
INFO: [ template_filter ] --START--
INFO: Run Behavior\ContentReplaceBehavior [ RunTime:0.000282s ]
INFO: [ template_filter ] --END-- [ RunTime:0.000367s ]
SQL: select version() as v; [ RunTime:0.0003s ]
INFO: Run Behavior\ParseTemplateBehavior [ RunTime:0.017630s ]
INFO: [ view_parse ] --END-- [ RunTime:0.017686s ]
INFO: [ view_filter ] --START--
INFO: Run Behavior\WriteHtmlCacheBehavior [ RunTime:0.000772s ]
INFO: [ view_filter ] --END-- [ RunTime:0.000826s ]
INFO: [ app_end ] --START--
INFO: Run Behavior\ShowPageTraceBehavior [ RunTime:0.000836s ]
INFO: [ app_end ] --END-- [ RunTime:0.000920s ]

[ 2017-05-15T23:54:05+08:00 ] 127.0.0.1 /thinkphp3.2.3/index.php/Qiqiao/Plan/planmanage
INFO: [ app_init ] --START--
INFO: Run Behavior\BuildLiteBehavior [ RunTime:0.000022s ]
INFO: [ app_init ] --END-- [ RunTime:0.000701s ]
INFO: [ app_begin ] --START--
INFO: Run Behavior\ReadHtmlCacheBehavior [ RunTime:0.001089s ]
INFO: [ app_begin ] --END-- [ RunTime:0.001194s ]
SQL: SHOW COLUMNS FROM `qiq_auth_group_access` [ RunTime:0.0793s ]
SQL: SELECT `uid`,`group_id`,`title`,`rules` FROM qiq_auth_group_access a INNER JOIN qiq_auth_group g on a.group_id=g.id  WHERE ( a.uid='9' and g.status='1' )  [ RunTime:0.0061s ]
SQL: SHOW COLUMNS FROM `qiq_auth_rule` [ RunTime:0.0219s ]
SQL: SELECT `condition`,`name` FROM `qiq_auth_rule` WHERE `id` IN ('1','2','3','24','6','7','8','9','11','14','16','17','18','22','23','19','21') AND `type` = 'Plan' AND `status` = 1  [ RunTime:0.0009s ]
SQL: select p.plan_highlights,p.plan_rule,blo.name,p.id,p.Uid,p.Tid,p.plan_type,p.plan_route,p.plan_title,p.planup_time,plan_stage,p.plan_summary,p.plan_cover,p.plan_state,p.plan_times,u.username from qiq_plan p,qiq_user u,qiq_plan_block blo where p.Uid=u.id and blo.id=p.plan_stage order by p.id desc limit 0,8 [ RunTime:0.0187s ]
SQL: SHOW COLUMNS FROM `qiq_video_block` [ RunTime:0.0106s ]
SQL: SELECT * FROM `qiq_video_block` WHERE `id` = 2 LIMIT 1   [ RunTime:0.0004s ]
SQL: SELECT * FROM `qiq_video_block` WHERE `id` = 7 LIMIT 1   [ RunTime:0.0004s ]
SQL: SELECT * FROM `qiq_video_block` WHERE `id` = 6 LIMIT 1   [ RunTime:0.0004s ]
SQL: SELECT * FROM `qiq_video_block` WHERE `id` = 2 LIMIT 1   [ RunTime:0.0004s ]
SQL: SELECT * FROM `qiq_video_block` WHERE `id` = 1 LIMIT 1   [ RunTime:0.0004s ]
SQL: SELECT * FROM `qiq_video_block` WHERE `id` = 7 LIMIT 1   [ RunTime:0.0003s ]
SQL: SELECT * FROM `qiq_video_block` WHERE `id` = 1 LIMIT 1   [ RunTime:0.0003s ]
SQL: SELECT * FROM `qiq_video_block` WHERE `id` = 3 LIMIT 1   [ RunTime:0.0003s ]
SQL: SHOW COLUMNS FROM `qiq_team` [ RunTime:0.0121s ]
SQL: SELECT * FROM `qiq_team` WHERE `Uid` = 39 LIMIT 1   [ RunTime:0.0004s ]
SQL: SHOW COLUMNS FROM `qiq_teammember` [ RunTime:0.0598s ]
SQL: SELECT * FROM `qiq_teammember` WHERE `Tid` = 7  [ RunTime:0.0175s ]
SQL: select count(*) as count from qiq_plan [ RunTime:0.0003s ]
INFO: [ view_parse ] --START--
INFO: [ template_filter ] --START--
INFO: Run Behavior\ContentReplaceBehavior [ RunTime:0.000240s ]
INFO: [ template_filter ] --END-- [ RunTime:0.000307s ]
NOTIC: [8] Undefined variable: meta_title D:\ProgramFilesStudy\phpStudy\WWW\thinkphp3.2.3\Application\Runtime\Cache\Qiqiao\81977b5a0d827fe6c449d77f4f3475a2.php 第 10 行.
INFO: Run Behavior\ParseTemplateBehavior [ RunTime:0.026853s ]
INFO: [ view_parse ] --END-- [ RunTime:0.026965s ]
INFO: [ view_filter ] --START--
INFO: Run Behavior\WriteHtmlCacheBehavior [ RunTime:0.000851s ]
INFO: [ view_filter ] --END-- [ RunTime:0.000923s ]
INFO: [ app_end ] --START--
INFO: Run Behavior\ShowPageTraceBehavior [ RunTime:0.000980s ]
INFO: [ app_end ] --END-- [ RunTime:0.001068s ]

[ 2017-05-15T23:54:05+08:00 ] 127.0.0.1 /thinkphp3.2.3/index.php/Qiqiao/Plan/planmanage
INFO: [ app_init ] --START--
INFO: Run Behavior\BuildLiteBehavior [ RunTime:0.000020s ]
INFO: [ app_init ] --END-- [ RunTime:0.000573s ]
INFO: [ app_begin ] --START--
INFO: Run Behavior\ReadHtmlCacheBehavior [ RunTime:0.000836s ]
INFO: [ app_begin ] --END-- [ RunTime:0.000903s ]
SQL: SHOW COLUMNS FROM `qiq_auth_group_access` [ RunTime:0.0096s ]
SQL: SELECT `uid`,`group_id`,`title`,`rules` FROM qiq_auth_group_access a INNER JOIN qiq_auth_group g on a.group_id=g.id  WHERE ( a.uid='9' and g.status='1' )  [ RunTime:0.0004s ]
SQL: SHOW COLUMNS FROM `qiq_auth_rule` [ RunTime:0.0088s ]
SQL: SELECT `condition`,`name` FROM `qiq_auth_rule` WHERE `id` IN ('1','2','3','24','6','7','8','9','11','14','16','17','18','22','23','19','21') AND `type` = 'Plan' AND `status` = 1  [ RunTime:0.0004s ]
SQL: select p.plan_highlights,p.plan_rule,blo.name,p.id,p.Uid,p.Tid,p.plan_type,p.plan_route,p.plan_title,p.planup_time,plan_stage,p.plan_summary,p.plan_cover,p.plan_state,p.plan_times,u.username from qiq_plan p,qiq_user u,qiq_plan_block blo where p.Uid=u.id and blo.id=p.plan_stage order by p.id desc limit 0,8 [ RunTime:0.0095s ]
SQL: SHOW COLUMNS FROM `qiq_video_block` [ RunTime:0.0092s ]
SQL: SELECT * FROM `qiq_video_block` WHERE `id` = 2 LIMIT 1   [ RunTime:0.0003s ]
SQL: SELECT * FROM `qiq_video_block` WHERE `id` = 7 LIMIT 1   [ RunTime:0.0003s ]
SQL: SELECT * FROM `qiq_video_block` WHERE `id` = 6 LIMIT 1   [ RunTime:0.0003s ]
SQL: SELECT * FROM `qiq_video_block` WHERE `id` = 2 LIMIT 1   [ RunTime:0.0002s ]
SQL: SELECT * FROM `qiq_video_block` WHERE `id` = 1 LIMIT 1   [ RunTime:0.0002s ]
SQL: SELECT * FROM `qiq_video_block` WHERE `id` = 7 LIMIT 1   [ RunTime:0.0002s ]
SQL: SELECT * FROM `qiq_video_block` WHERE `id` = 1 LIMIT 1   [ RunTime:0.0002s ]
SQL: SELECT * FROM `qiq_video_block` WHERE `id` = 3 LIMIT 1   [ RunTime:0.0002s ]
SQL: SHOW COLUMNS FROM `qiq_team` [ RunTime:0.0091s ]
SQL: SELECT * FROM `qiq_team` WHERE `Uid` = 39 LIMIT 1   [ RunTime:0.0003s ]
SQL: SHOW COLUMNS FROM `qiq_teammember` [ RunTime:0.0088s ]
SQL: SELECT * FROM `qiq_teammember` WHERE `Tid` = 7  [ RunTime:0.0003s ]
SQL: select count(*) as count from qiq_plan [ RunTime:0.0002s ]
INFO: [ view_parse ] --START--
INFO: [ template_filter ] --START--
INFO: Run Behavior\ContentReplaceBehavior [ RunTime:0.000283s ]
INFO: [ template_filter ] --END-- [ RunTime:0.000383s ]
NOTIC: [8] Undefined variable: meta_title D:\ProgramFilesStudy\phpStudy\WWW\thinkphp3.2.3\Application\Runtime\Cache\Qiqiao\81977b5a0d827fe6c449d77f4f3475a2.php 第 10 行.
INFO: Run Behavior\ParseTemplateBehavior [ RunTime:0.025692s ]
INFO: [ view_parse ] --END-- [ RunTime:0.025760s ]
INFO: [ view_filter ] --START--
INFO: Run Behavior\WriteHtmlCacheBehavior [ RunTime:0.000673s ]
INFO: [ view_filter ] --END-- [ RunTime:0.000727s ]
INFO: [ app_end ] --START--
INFO: Run Behavior\ShowPageTraceBehavior [ RunTime:0.001167s ]
INFO: [ app_end ] --END-- [ RunTime:0.001261s ]

[ 2017-05-15T23:54:08+08:00 ] 127.0.0.1 /thinkphp3.2.3/index.php/Qiqiao/Plan/lock_plan
INFO: [ app_init ] --START--
INFO: Run Behavior\BuildLiteBehavior [ RunTime:0.000018s ]
INFO: [ app_init ] --END-- [ RunTime:0.000646s ]
INFO: [ app_begin ] --START--
INFO: Run Behavior\ReadHtmlCacheBehavior [ RunTime:0.001203s ]
INFO: [ app_begin ] --END-- [ RunTime:0.001277s ]
SQL: SHOW COLUMNS FROM `qiq_plan` [ RunTime:0.0092s ]
SQL: UPDATE `qiq_plan` SET `plan_state`='0' WHERE `id` = 43 [ RunTime:0.0006s ]
INFO: [ app_end ] --START--
INFO: Run Behavior\ShowPageTraceBehavior [ RunTime:0.001075s ]
INFO: [ app_end ] --END-- [ RunTime:0.001128s ]

[ 2017-05-15T23:54:08+08:00 ] 127.0.0.1 /thinkphp3.2.3/index.php/Qiqiao/Plan/planmanage
INFO: [ app_init ] --START--
INFO: Run Behavior\BuildLiteBehavior [ RunTime:0.000018s ]
INFO: [ app_init ] --END-- [ RunTime:0.000566s ]
INFO: [ app_begin ] --START--
INFO: Run Behavior\ReadHtmlCacheBehavior [ RunTime:0.000815s ]
INFO: [ app_begin ] --END-- [ RunTime:0.000899s ]
SQL: SHOW COLUMNS FROM `qiq_auth_group_access` [ RunTime:0.0087s ]
SQL: SELECT `uid`,`group_id`,`title`,`rules` FROM qiq_auth_group_access a INNER JOIN qiq_auth_group g on a.group_id=g.id  WHERE ( a.uid='9' and g.status='1' )  [ RunTime:0.0004s ]
SQL: SHOW COLUMNS FROM `qiq_auth_rule` [ RunTime:0.0101s ]
SQL: SELECT `condition`,`name` FROM `qiq_auth_rule` WHERE `id` IN ('1','2','3','24','6','7','8','9','11','14','16','17','18','22','23','19','21') AND `type` = 'Plan' AND `status` = 1  [ RunTime:0.0004s ]
SQL: select p.plan_highlights,p.plan_rule,blo.name,p.id,p.Uid,p.Tid,p.plan_type,p.plan_route,p.plan_title,p.planup_time,plan_stage,p.plan_summary,p.plan_cover,p.plan_state,p.plan_times,u.username from qiq_plan p,qiq_user u,qiq_plan_block blo where p.Uid=u.id and blo.id=p.plan_stage order by p.id desc limit 0,8 [ RunTime:0.0101s ]
SQL: SHOW COLUMNS FROM `qiq_video_block` [ RunTime:0.0086s ]
SQL: SELECT * FROM `qiq_video_block` WHERE `id` = 2 LIMIT 1   [ RunTime:0.0003s ]
SQL: SELECT * FROM `qiq_video_block` WHERE `id` = 7 LIMIT 1   [ RunTime:0.0002s ]
SQL: SELECT * FROM `qiq_video_block` WHERE `id` = 6 LIMIT 1   [ RunTime:0.0002s ]
SQL: SELECT * FROM `qiq_video_block` WHERE `id` = 2 LIMIT 1   [ RunTime:0.0002s ]
SQL: SELECT * FROM `qiq_video_block` WHERE `id` = 1 LIMIT 1   [ RunTime:0.0002s ]
SQL: SELECT * FROM `qiq_video_block` WHERE `id` = 7 LIMIT 1   [ RunTime:0.0002s ]
SQL: SELECT * FROM `qiq_video_block` WHERE `id` = 1 LIMIT 1   [ RunTime:0.0002s ]
SQL: SELECT * FROM `qiq_video_block` WHERE `id` = 3 LIMIT 1   [ RunTime:0.0002s ]
SQL: SHOW COLUMNS FROM `qiq_team` [ RunTime:0.0095s ]
SQL: SELECT * FROM `qiq_team` WHERE `Uid` = 39 LIMIT 1   [ RunTime:0.0004s ]
SQL: SHOW COLUMNS FROM `qiq_teammember` [ RunTime:0.0099s ]
SQL: SELECT * FROM `qiq_teammember` WHERE `Tid` = 7  [ RunTime:0.0004s ]
SQL: select count(*) as count from qiq_plan [ RunTime:0.0003s ]
INFO: [ view_parse ] --START--
INFO: [ template_filter ] --START--
INFO: Run Behavior\ContentReplaceBehavior [ RunTime:0.000240s ]
INFO: [ template_filter ] --END-- [ RunTime:0.000308s ]
NOTIC: [8] Undefined variable: meta_title D:\ProgramFilesStudy\phpStudy\WWW\thinkphp3.2.3\Application\Runtime\Cache\Qiqiao\81977b5a0d827fe6c449d77f4f3475a2.php 第 10 行.
INFO: Run Behavior\ParseTemplateBehavior [ RunTime:0.025979s ]
INFO: [ view_parse ] --END-- [ RunTime:0.026052s ]
INFO: [ view_filter ] --START--
INFO: Run Behavior\WriteHtmlCacheBehavior [ RunTime:0.000619s ]
INFO: [ view_filter ] --END-- [ RunTime:0.000665s ]
INFO: [ app_end ] --START--
INFO: Run Behavior\ShowPageTraceBehavior [ RunTime:0.001170s ]
INFO: [ app_end ] --END-- [ RunTime:0.001244s ]

[ 2017-05-15T23:54:08+08:00 ] 127.0.0.1 /thinkphp3.2.3/index.php/Qiqiao/Plan/planmanage
INFO: [ app_init ] --START--
INFO: Run Behavior\BuildLiteBehavior [ RunTime:0.000019s ]
INFO: [ app_init ] --END-- [ RunTime:0.000524s ]
INFO: [ app_begin ] --START--
INFO: Run Behavior\ReadHtmlCacheBehavior [ RunTime:0.000725s ]
INFO: [ app_begin ] --END-- [ RunTime:0.000786s ]
SQL: SHOW COLUMNS FROM `qiq_auth_group_access` [ RunTime:0.0087s ]
SQL: SELECT `uid`,`group_id`,`title`,`rules` FROM qiq_auth_group_access a INNER JOIN qiq_auth_group g on a.group_id=g.id  WHERE ( a.uid='9' and g.status='1' )  [ RunTime:0.0004s ]
SQL: SHOW COLUMNS FROM `qiq_auth_rule` [ RunTime:0.0089s ]
SQL: SELECT `condition`,`name` FROM `qiq_auth_rule` WHERE `id` IN ('1','2','3','24','6','7','8','9','11','14','16','17','18','22','23','19','21') AND `type` = 'Plan' AND `status` = 1  [ RunTime:0.0005s ]
SQL: select p.plan_highlights,p.plan_rule,blo.name,p.id,p.Uid,p.Tid,p.plan_type,p.plan_route,p.plan_title,p.planup_time,plan_stage,p.plan_summary,p.plan_cover,p.plan_state,p.plan_times,u.username from qiq_plan p,qiq_user u,qiq_plan_block blo where p.Uid=u.id and blo.id=p.plan_stage order by p.id desc limit 0,8 [ RunTime:0.0096s ]
SQL: SHOW COLUMNS FROM `qiq_video_block` [ RunTime:0.0089s ]
SQL: SELECT * FROM `qiq_video_block` WHERE `id` = 2 LIMIT 1   [ RunTime:0.0004s ]
SQL: SELECT * FROM `qiq_video_block` WHERE `id` = 7 LIMIT 1   [ RunTime:0.0003s ]
SQL: SELECT * FROM `qiq_video_block` WHERE `id` = 6 LIMIT 1   [ RunTime:0.0003s ]
SQL: SELECT * FROM `qiq_video_block` WHERE `id` = 2 LIMIT 1   [ RunTime:0.0003s ]
SQL: SELECT * FROM `qiq_video_block` WHERE `id` = 1 LIMIT 1   [ RunTime:0.0003s ]
SQL: SELECT * FROM `qiq_video_block` WHERE `id` = 7 LIMIT 1   [ RunTime:0.0003s ]
SQL: SELECT * FROM `qiq_video_block` WHERE `id` = 1 LIMIT 1   [ RunTime:0.0003s ]
SQL: SELECT * FROM `qiq_video_block` WHERE `id` = 3 LIMIT 1   [ RunTime:0.0003s ]
SQL: SHOW COLUMNS FROM `qiq_team` [ RunTime:0.0093s ]
SQL: SELECT * FROM `qiq_team` WHERE `Uid` = 39 LIMIT 1   [ RunTime:0.0004s ]
SQL: SHOW COLUMNS FROM `qiq_teammember` [ RunTime:0.0089s ]
SQL: SELECT * FROM `qiq_teammember` WHERE `Tid` = 7  [ RunTime:0.0004s ]
SQL: select count(*) as count from qiq_plan [ RunTime:0.0003s ]
INFO: [ view_parse ] --START--
INFO: [ template_filter ] --START--
INFO: Run Behavior\ContentReplaceBehavior [ RunTime:0.000216s ]
INFO: [ template_filter ] --END-- [ RunTime:0.000273s ]
NOTIC: [8] Undefined variable: meta_title D:\ProgramFilesStudy\phpStudy\WWW\thinkphp3.2.3\Application\Runtime\Cache\Qiqiao\81977b5a0d827fe6c449d77f4f3475a2.php 第 10 行.
INFO: Run Behavior\ParseTemplateBehavior [ RunTime:0.024555s ]
INFO: [ view_parse ] --END-- [ RunTime:0.024618s ]
INFO: [ view_filter ] --START--
INFO: Run Behavior\WriteHtmlCacheBehavior [ RunTime:0.000689s ]
INFO: [ view_filter ] --END-- [ RunTime:0.000740s ]
INFO: [ app_end ] --START--
INFO: Run Behavior\ShowPageTraceBehavior [ RunTime:0.001229s ]
INFO: [ app_end ] --END-- [ RunTime:0.001321s ]

