[ 2017-05-02T08:36:17+08:00 ] 127.0.0.1 /thinkphp3.2.3/index.php/Qiqiao/Public/login
INFO: [ app_init ] --START--
INFO: Run Behavior\BuildLiteBehavior [ RunTime:0.000013s ]
INFO: [ app_init ] --END-- [ RunTime:0.000510s ]
INFO: [ app_begin ] --START--
INFO: Run Behavior\ReadHtmlCacheBehavior [ RunTime:0.000606s ]
INFO: [ app_begin ] --END-- [ RunTime:0.000652s ]
INFO: [ view_parse ] --START--
INFO: [ template_filter ] --START--
INFO: Run Behavior\ContentReplaceBehavior [ RunTime:0.000068s ]
INFO: [ template_filter ] --END-- [ RunTime:0.000121s ]
INFO: Run Behavior\ParseTemplateBehavior [ RunTime:0.016537s ]
INFO: [ view_parse ] --END-- [ RunTime:0.016583s ]
INFO: [ view_filter ] --START--
INFO: Run Behavior\WriteHtmlCacheBehavior [ RunTime:0.000382s ]
INFO: [ view_filter ] --END-- [ RunTime:0.000417s ]
INFO: [ app_end ] --START--
INFO: Run Behavior\ShowPageTraceBehavior [ RunTime:0.000609s ]
INFO: [ app_end ] --END-- [ RunTime:0.000647s ]

[ 2017-05-02T08:36:18+08:00 ] 127.0.0.1 /thinkphp3.2.3/index.php/Qiqiao/Public/verifyImg
INFO: [ app_init ] --START--
INFO: Run Behavior\BuildLiteBehavior [ RunTime:0.000082s ]
INFO: [ app_init ] --END-- [ RunTime:0.000497s ]
INFO: [ app_begin ] --START--
INFO: Run Behavior\ReadHtmlCacheBehavior [ RunTime:0.000522s ]
INFO: [ app_begin ] --END-- [ RunTime:0.000565s ]
INFO: [ app_end ] --START--
INFO: Run Behavior\ShowPageTraceBehavior [ RunTime:0.001708s ]
INFO: [ app_end ] --END-- [ RunTime:0.001867s ]

[ 2017-05-02T08:36:19+08:00 ] 127.0.0.1 /thinkphp3.2.3/index.php/Qiqiao/Public/login
INFO: [ app_init ] --START--
INFO: Run Behavior\BuildLiteBehavior [ RunTime:0.000017s ]
INFO: [ app_init ] --END-- [ RunTime:0.000476s ]
INFO: [ app_begin ] --START--
INFO: Run Behavior\ReadHtmlCacheBehavior [ RunTime:0.000689s ]
INFO: [ app_begin ] --END-- [ RunTime:0.000776s ]
INFO: [ view_parse ] --START--
INFO: [ template_filter ] --START--
INFO: Run Behavior\ContentReplaceBehavior [ RunTime:0.000070s ]
INFO: [ template_filter ] --END-- [ RunTime:0.000129s ]
INFO: Run Behavior\ParseTemplateBehavior [ RunTime:0.006402s ]
INFO: [ view_parse ] --END-- [ RunTime:0.006486s ]
INFO: [ view_filter ] --START--
INFO: Run Behavior\WriteHtmlCacheBehavior [ RunTime:0.000361s ]
INFO: [ view_filter ] --END-- [ RunTime:0.000403s ]
INFO: [ app_end ] --START--
INFO: Run Behavior\ShowPageTraceBehavior [ RunTime:0.000618s ]
INFO: [ app_end ] --END-- [ RunTime:0.000670s ]

[ 2017-05-02T08:36:25+08:00 ] 127.0.0.1 /thinkphp3.2.3/index.php/Qiqiao/Public/login
INFO: [ app_init ] --START--
INFO: Run Behavior\BuildLiteBehavior [ RunTime:0.000015s ]
INFO: [ app_init ] --END-- [ RunTime:0.000570s ]
INFO: [ app_begin ] --START--
INFO: Run Behavior\ReadHtmlCacheBehavior [ RunTime:0.000706s ]
INFO: [ app_begin ] --END-- [ RunTime:0.000772s ]
INFO: [ view_parse ] --START--
INFO: [ template_filter ] --START--
INFO: Run Behavior\ContentReplaceBehavior [ RunTime:0.000065s ]
INFO: [ template_filter ] --END-- [ RunTime:0.000127s ]
INFO: Run Behavior\ParseTemplateBehavior [ RunTime:0.006509s ]
INFO: [ view_parse ] --END-- [ RunTime:0.006568s ]
INFO: [ view_filter ] --START--
INFO: Run Behavior\WriteHtmlCacheBehavior [ RunTime:0.000440s ]
INFO: [ view_filter ] --END-- [ RunTime:0.000484s ]
SQL: SHOW COLUMNS FROM `qiq_admin` [ RunTime:0.2439s ]
SQL: SELECT * FROM `qiq_admin` WHERE `name` = 'admin' LIMIT 1   [ RunTime:0.0011s ]
SQL: SELECT `real_name` FROM `qiq_admin` WHERE `id` = 1 LIMIT 1   [ RunTime:0.0007s ]
SQL: SHOW COLUMNS FROM `qiq_log` [ RunTime:0.0829s ]
SQL: INSERT INTO `qiq_log` (`user`,`name`,`time`,`ip`,`action`) VALUES ('陈荣辉','登录','2017-05-02 08:36:25','127.0.0.1','陈荣辉登录后台系统') [ RunTime:0.0733s ]
INFO: [ view_parse ] --START--
INFO: [ template_filter ] --START--
INFO: Run Behavior\ContentReplaceBehavior [ RunTime:0.000098s ]
INFO: [ template_filter ] --END-- [ RunTime:-0.446934s ]
INFO: Run Behavior\ParseTemplateBehavior [ RunTime:0.031896s ]
INFO: [ view_parse ] --END-- [ RunTime:-0.416714s ]
INFO: [ view_filter ] --START--
INFO: Run Behavior\WriteHtmlCacheBehavior [ RunTime:0.000026s ]
INFO: [ view_filter ] --END-- [ RunTime:-0.448300s ]
INFO: [ app_end ] --START--
INFO: Run Behavior\ShowPageTraceBehavior [ RunTime:0.001356s ]
INFO: [ app_end ] --END-- [ RunTime:0.001447s ]

[ 2017-05-02T08:36:26+08:00 ] 127.0.0.1 /thinkphp3.2.3/index.php/Qiqiao/Index/index
INFO: [ app_init ] --START--
INFO: Run Behavior\BuildLiteBehavior [ RunTime:0.000029s ]
INFO: [ app_init ] --END-- [ RunTime:0.001049s ]
INFO: [ app_begin ] --START--
INFO: Run Behavior\ReadHtmlCacheBehavior [ RunTime:0.001340s ]
INFO: [ app_begin ] --END-- [ RunTime:0.001459s ]
SQL: SHOW COLUMNS FROM `qiq_video_attributes` [ RunTime:0.1092s ]
SQL: SELECT COUNT(*) AS tp_count FROM `qiq_video_attributes` LIMIT 1   [ RunTime:0.0007s ]
SQL: SHOW COLUMNS FROM `qiq_video` [ RunTime:0.0545s ]
SQL: SELECT COUNT(*) AS tp_count FROM `qiq_video` LIMIT 1   [ RunTime:0.0006s ]
SQL: SHOW COLUMNS FROM `qiq_user` [ RunTime:0.0080s ]
SQL: SELECT COUNT(*) AS tp_count FROM `qiq_user` LIMIT 1   [ RunTime:0.0005s ]
INFO: [ view_parse ] --START--
INFO: [ template_filter ] --START--
INFO: Run Behavior\ContentReplaceBehavior [ RunTime:0.000448s ]
INFO: [ template_filter ] --END-- [ RunTime:0.000570s ]
SQL: select version() as v; [ RunTime:0.0007s ]
INFO: Run Behavior\ParseTemplateBehavior [ RunTime:0.044718s ]
INFO: [ view_parse ] --END-- [ RunTime:0.044823s ]
INFO: [ view_filter ] --START--
INFO: Run Behavior\WriteHtmlCacheBehavior [ RunTime:0.001004s ]
INFO: [ view_filter ] --END-- [ RunTime:0.001106s ]
INFO: [ app_end ] --START--
INFO: Run Behavior\ShowPageTraceBehavior [ RunTime:0.001444s ]
INFO: [ app_end ] --END-- [ RunTime:0.001560s ]

[ 2017-05-02T08:36:27+08:00 ] 127.0.0.1 /thinkphp3.2.3/index.php/Qiqiao/Index/index
INFO: [ app_init ] --START--
INFO: Run Behavior\BuildLiteBehavior [ RunTime:0.000012s ]
INFO: [ app_init ] --END-- [ RunTime:0.000424s ]
INFO: [ app_begin ] --START--
INFO: Run Behavior\ReadHtmlCacheBehavior [ RunTime:0.000493s ]
INFO: [ app_begin ] --END-- [ RunTime:0.000537s ]
SQL: SHOW COLUMNS FROM `qiq_video_attributes` [ RunTime:0.1301s ]
SQL: SELECT COUNT(*) AS tp_count FROM `qiq_video_attributes` LIMIT 1   [ RunTime:0.0007s ]
SQL: SHOW COLUMNS FROM `qiq_video` [ RunTime:0.0061s ]
SQL: SELECT COUNT(*) AS tp_count FROM `qiq_video` LIMIT 1   [ RunTime:0.0006s ]
SQL: SHOW COLUMNS FROM `qiq_user` [ RunTime:0.0101s ]
SQL: SELECT COUNT(*) AS tp_count FROM `qiq_user` LIMIT 1   [ RunTime:0.0007s ]
INFO: [ view_parse ] --START--
INFO: [ template_filter ] --START--
INFO: Run Behavior\ContentReplaceBehavior [ RunTime:0.000198s ]
INFO: [ template_filter ] --END-- [ RunTime:0.000264s ]
SQL: select version() as v; [ RunTime:0.0004s ]
INFO: Run Behavior\ParseTemplateBehavior [ RunTime:0.025219s ]
INFO: [ view_parse ] --END-- [ RunTime:0.025330s ]
INFO: [ view_filter ] --START--
INFO: Run Behavior\WriteHtmlCacheBehavior [ RunTime:0.000500s ]
INFO: [ view_filter ] --END-- [ RunTime:0.000550s ]
INFO: [ app_end ] --START--
INFO: Run Behavior\ShowPageTraceBehavior [ RunTime:0.000773s ]
INFO: [ app_end ] --END-- [ RunTime:0.000832s ]

[ 2017-05-02T22:13:50+08:00 ] 127.0.0.1 /thinkphp3.2.3/index.php/Qiqiao/Public/login
INFO: [ app_init ] --START--
INFO: Run Behavior\BuildLiteBehavior [ RunTime:0.000013s ]
INFO: [ app_init ] --END-- [ RunTime:0.000507s ]
INFO: [ app_begin ] --START--
INFO: Run Behavior\ReadHtmlCacheBehavior [ RunTime:0.000700s ]
INFO: [ app_begin ] --END-- [ RunTime:0.000745s ]
INFO: [ view_parse ] --START--
INFO: [ template_filter ] --START--
INFO: Run Behavior\ContentReplaceBehavior [ RunTime:0.000153s ]
INFO: [ template_filter ] --END-- [ RunTime:0.000282s ]
INFO: Run Behavior\ParseTemplateBehavior [ RunTime:0.025571s ]
INFO: [ view_parse ] --END-- [ RunTime:0.025697s ]
INFO: [ view_filter ] --START--
INFO: Run Behavior\WriteHtmlCacheBehavior [ RunTime:0.001453s ]
INFO: [ view_filter ] --END-- [ RunTime:0.001554s ]
INFO: [ app_end ] --START--
INFO: Run Behavior\ShowPageTraceBehavior [ RunTime:0.001855s ]
INFO: [ app_end ] --END-- [ RunTime:0.001964s ]

[ 2017-05-02T22:13:51+08:00 ] 127.0.0.1 /thinkphp3.2.3/index.php/Qiqiao/Public/verifyImg
INFO: [ app_init ] --START--
INFO: Run Behavior\BuildLiteBehavior [ RunTime:0.000015s ]
INFO: [ app_init ] --END-- [ RunTime:0.000485s ]
INFO: [ app_begin ] --START--
INFO: Run Behavior\ReadHtmlCacheBehavior [ RunTime:0.000940s ]
INFO: [ app_begin ] --END-- [ RunTime:0.001011s ]
INFO: [ app_end ] --START--
INFO: Run Behavior\ShowPageTraceBehavior [ RunTime:0.001968s ]
INFO: [ app_end ] --END-- [ RunTime:0.002115s ]

[ 2017-05-02T22:13:51+08:00 ] 127.0.0.1 /thinkphp3.2.3/index.php/Qiqiao/Public/login
INFO: [ app_init ] --START--
INFO: Run Behavior\BuildLiteBehavior [ RunTime:0.000015s ]
INFO: [ app_init ] --END-- [ RunTime:0.000587s ]
INFO: [ app_begin ] --START--
INFO: Run Behavior\ReadHtmlCacheBehavior [ RunTime:0.000955s ]
INFO: [ app_begin ] --END-- [ RunTime:0.001057s ]
INFO: [ view_parse ] --START--
INFO: [ template_filter ] --START--
INFO: Run Behavior\ContentReplaceBehavior [ RunTime:0.000057s ]
INFO: [ template_filter ] --END-- [ RunTime:0.000117s ]
INFO: Run Behavior\ParseTemplateBehavior [ RunTime:0.008646s ]
INFO: [ view_parse ] --END-- [ RunTime:0.008707s ]
INFO: [ view_filter ] --START--
INFO: Run Behavior\WriteHtmlCacheBehavior [ RunTime:0.000511s ]
INFO: [ view_filter ] --END-- [ RunTime:0.000546s ]
INFO: [ app_end ] --START--
INFO: Run Behavior\ShowPageTraceBehavior [ RunTime:0.000639s ]
INFO: [ app_end ] --END-- [ RunTime:0.000678s ]

[ 2017-05-02T22:13:55+08:00 ] 127.0.0.1 /thinkphp3.2.3/index.php/Qiqiao/Public/login
INFO: [ app_init ] --START--
INFO: Run Behavior\BuildLiteBehavior [ RunTime:0.000016s ]
INFO: [ app_init ] --END-- [ RunTime:0.000622s ]
INFO: [ app_begin ] --START--
INFO: Run Behavior\ReadHtmlCacheBehavior [ RunTime:0.000845s ]
INFO: [ app_begin ] --END-- [ RunTime:0.000906s ]
INFO: [ view_parse ] --START--
INFO: [ template_filter ] --START--
INFO: Run Behavior\ContentReplaceBehavior [ RunTime:0.000069s ]
INFO: [ template_filter ] --END-- [ RunTime:0.000138s ]
INFO: Run Behavior\ParseTemplateBehavior [ RunTime:0.008324s ]
INFO: [ view_parse ] --END-- [ RunTime:0.008382s ]
INFO: [ view_filter ] --START--
INFO: Run Behavior\WriteHtmlCacheBehavior [ RunTime:0.000618s ]
INFO: [ view_filter ] --END-- [ RunTime:0.000664s ]
SQL: SHOW COLUMNS FROM `qiq_admin` [ RunTime:0.0482s ]
SQL: SELECT * FROM `qiq_admin` WHERE `name` = 'admin' LIMIT 1   [ RunTime:0.0009s ]
SQL: SELECT `real_name` FROM `qiq_admin` WHERE `id` = 1 LIMIT 1   [ RunTime:0.0006s ]
SQL: SHOW COLUMNS FROM `qiq_log` [ RunTime:0.0677s ]
SQL: INSERT INTO `qiq_log` (`user`,`name`,`time`,`ip`,`action`) VALUES ('陈荣辉','登录','2017-05-02 22:13:55','127.0.0.1','陈荣辉登录后台系统') [ RunTime:0.1347s ]
INFO: [ view_parse ] --START--
INFO: [ template_filter ] --START--
INFO: Run Behavior\ContentReplaceBehavior [ RunTime:0.000097s ]
INFO: [ template_filter ] --END-- [ RunTime:-0.288116s ]
INFO: Run Behavior\ParseTemplateBehavior [ RunTime:0.023783s ]
INFO: [ view_parse ] --END-- [ RunTime:-0.266271s ]
INFO: [ view_filter ] --START--
INFO: Run Behavior\WriteHtmlCacheBehavior [ RunTime:0.000027s ]
INFO: [ view_filter ] --END-- [ RunTime:-0.289527s ]
INFO: [ app_end ] --START--
INFO: Run Behavior\ShowPageTraceBehavior [ RunTime:0.001850s ]
INFO: [ app_end ] --END-- [ RunTime:0.001963s ]

[ 2017-05-02T22:13:57+08:00 ] 127.0.0.1 /thinkphp3.2.3/index.php/Qiqiao/Index/index
INFO: [ app_init ] --START--
INFO: Run Behavior\BuildLiteBehavior [ RunTime:0.000013s ]
INFO: [ app_init ] --END-- [ RunTime:0.000454s ]
INFO: [ app_begin ] --START--
INFO: Run Behavior\ReadHtmlCacheBehavior [ RunTime:0.000629s ]
INFO: [ app_begin ] --END-- [ RunTime:0.000677s ]
SQL: SHOW COLUMNS FROM `qiq_video_attributes` [ RunTime:0.0029s ]
SQL: SELECT COUNT(*) AS tp_count FROM `qiq_video_attributes` LIMIT 1   [ RunTime:0.0004s ]
SQL: SHOW COLUMNS FROM `qiq_video` [ RunTime:0.0026s ]
SQL: SELECT COUNT(*) AS tp_count FROM `qiq_video` LIMIT 1   [ RunTime:0.0002s ]
SQL: SHOW COLUMNS FROM `qiq_user` [ RunTime:0.0025s ]
SQL: SELECT COUNT(*) AS tp_count FROM `qiq_user` LIMIT 1   [ RunTime:0.0002s ]
INFO: [ view_parse ] --START--
INFO: [ template_filter ] --START--
INFO: Run Behavior\ContentReplaceBehavior [ RunTime:0.000141s ]
INFO: [ template_filter ] --END-- [ RunTime:0.000190s ]
SQL: select version() as v; [ RunTime:0.0003s ]
INFO: Run Behavior\ParseTemplateBehavior [ RunTime:0.029524s ]
INFO: [ view_parse ] --END-- [ RunTime:0.029564s ]
INFO: [ view_filter ] --START--
INFO: Run Behavior\WriteHtmlCacheBehavior [ RunTime:0.000506s ]
INFO: [ view_filter ] --END-- [ RunTime:0.000541s ]
INFO: [ app_end ] --START--
INFO: Run Behavior\ShowPageTraceBehavior [ RunTime:0.000619s ]
INFO: [ app_end ] --END-- [ RunTime:0.000658s ]

[ 2017-05-02T22:13:57+08:00 ] 127.0.0.1 /thinkphp3.2.3/index.php/Qiqiao/Index/index
INFO: [ app_init ] --START--
INFO: Run Behavior\BuildLiteBehavior [ RunTime:0.000018s ]
INFO: [ app_init ] --END-- [ RunTime:0.001008s ]
INFO: [ app_begin ] --START--
INFO: Run Behavior\ReadHtmlCacheBehavior [ RunTime:0.000739s ]
INFO: [ app_begin ] --END-- [ RunTime:0.000790s ]
SQL: SHOW COLUMNS FROM `qiq_video_attributes` [ RunTime:0.1666s ]
SQL: SELECT COUNT(*) AS tp_count FROM `qiq_video_attributes` LIMIT 1   [ RunTime:0.0007s ]
SQL: SHOW COLUMNS FROM `qiq_video` [ RunTime:0.0687s ]
SQL: SELECT COUNT(*) AS tp_count FROM `qiq_video` LIMIT 1   [ RunTime:0.0006s ]
SQL: SHOW COLUMNS FROM `qiq_user` [ RunTime:0.0342s ]
SQL: SELECT COUNT(*) AS tp_count FROM `qiq_user` LIMIT 1   [ RunTime:0.0006s ]
INFO: [ view_parse ] --START--
INFO: [ template_filter ] --START--
INFO: Run Behavior\ContentReplaceBehavior [ RunTime:0.000361s ]
INFO: [ template_filter ] --END-- [ RunTime:0.000479s ]
SQL: select version() as v; [ RunTime:0.0005s ]
INFO: Run Behavior\ParseTemplateBehavior [ RunTime:0.033979s ]
INFO: [ view_parse ] --END-- [ RunTime:0.034063s ]
INFO: [ view_filter ] --START--
INFO: Run Behavior\WriteHtmlCacheBehavior [ RunTime:0.000874s ]
INFO: [ view_filter ] --END-- [ RunTime:0.000930s ]
INFO: [ app_end ] --START--
INFO: Run Behavior\ShowPageTraceBehavior [ RunTime:0.001007s ]
INFO: [ app_end ] --END-- [ RunTime:0.001072s ]

[ 2017-05-02T22:16:04+08:00 ] 127.0.0.1 /thinkphp3.2.3/index.php/Qiqiao/User/manage
INFO: [ app_init ] --START--
INFO: Run Behavior\BuildLiteBehavior [ RunTime:0.000016s ]
INFO: [ app_init ] --END-- [ RunTime:0.000660s ]
INFO: [ app_begin ] --START--
INFO: Run Behavior\ReadHtmlCacheBehavior [ RunTime:0.000931s ]
INFO: [ app_begin ] --END-- [ RunTime:0.000992s ]
SQL: SHOW COLUMNS FROM `qiq_auth_group_access` [ RunTime:0.0067s ]
SQL: SELECT `uid`,`group_id`,`title`,`rules` FROM qiq_auth_group_access a INNER JOIN qiq_auth_group g on a.group_id=g.id  WHERE ( a.uid='1' and g.status='1' )  [ RunTime:0.0010s ]
SQL: SHOW COLUMNS FROM `qiq_auth_rule` [ RunTime:0.0049s ]
SQL: SELECT `condition`,`name` FROM `qiq_auth_rule` WHERE `id` IN ('1','2','3','24','6','7','8','9','11','14','16','17','18','22','23','19','21') AND `type` = 'User' AND `status` = 1  [ RunTime:0.0085s ]
SQL: SHOW COLUMNS FROM `qiq_user` [ RunTime:0.0043s ]
SQL: SELECT * FROM `qiq_user`  [ RunTime:0.0223s ]
SQL: SHOW COLUMNS FROM `qiq_user_behavior` [ RunTime:0.0068s ]
SQL: SELECT * FROM `qiq_user_behavior` WHERE `userid` = 39  [ RunTime:0.0009s ]
SQL: SELECT * FROM `qiq_user_behavior` WHERE `userid` = 51  [ RunTime:0.0008s ]
SQL: SELECT * FROM `qiq_user_behavior` WHERE `userid` = 37  [ RunTime:0.0007s ]
SQL: SELECT * FROM `qiq_user_behavior` WHERE `userid` = 35  [ RunTime:0.0008s ]
SQL: SHOW COLUMNS FROM `qiq_video` [ RunTime:0.0071s ]
SQL: SELECT `video_title` FROM `qiq_video` WHERE `id` = 23 LIMIT 1   [ RunTime:0.0119s ]
SQL: SELECT * FROM `qiq_user_behavior` WHERE `userid` = 57  [ RunTime:0.0007s ]
SQL: SELECT * FROM `qiq_user_behavior` WHERE `userid` = 61  [ RunTime:0.0006s ]
SQL: SELECT `video_title` FROM `qiq_video` WHERE `id` = 26 LIMIT 1   [ RunTime:0.0006s ]
SQL: SELECT `video_title` FROM `qiq_video` WHERE `id` = 25 LIMIT 1   [ RunTime:0.0008s ]
SQL: SELECT `video_title` FROM `qiq_video` WHERE `id` = 23 LIMIT 1   [ RunTime:0.0006s ]
SQL: SELECT `video_title` FROM `qiq_video` WHERE `id` = 24 LIMIT 1   [ RunTime:0.0005s ]
SQL: SELECT * FROM `qiq_user_behavior` WHERE `userid` = 62  [ RunTime:0.0006s ]
SQL: SELECT * FROM `qiq_user_behavior` WHERE `userid` = 63  [ RunTime:0.0007s ]
SQL: SELECT * FROM `qiq_user_behavior` WHERE `userid` = 64  [ RunTime:0.0007s ]
INFO: [ view_parse ] --START--
INFO: [ template_filter ] --START--
INFO: Run Behavior\ContentReplaceBehavior [ RunTime:0.000534s ]
INFO: [ template_filter ] --END-- [ RunTime:0.000657s ]
NOTIC: [8] Undefined variable: meta_title D:\xampp\htdocs\thinkphp3.2.3\Application\Runtime\Cache\Qiqiao\4cf78e6d7325c2080ac666857f15631b.php 第 10 行.
NOTIC: [8] Undefined offset: 39 D:\xampp\htdocs\thinkphp3.2.3\Application\Runtime\Cache\Qiqiao\4cf78e6d7325c2080ac666857f15631b.php 第 322 行.
NOTIC: [8] Undefined offset: 39 D:\xampp\htdocs\thinkphp3.2.3\Application\Runtime\Cache\Qiqiao\4cf78e6d7325c2080ac666857f15631b.php 第 328 行.
NOTIC: [8] Undefined offset: 51 D:\xampp\htdocs\thinkphp3.2.3\Application\Runtime\Cache\Qiqiao\4cf78e6d7325c2080ac666857f15631b.php 第 322 行.
NOTIC: [8] Undefined offset: 51 D:\xampp\htdocs\thinkphp3.2.3\Application\Runtime\Cache\Qiqiao\4cf78e6d7325c2080ac666857f15631b.php 第 328 行.
NOTIC: [8] Undefined offset: 37 D:\xampp\htdocs\thinkphp3.2.3\Application\Runtime\Cache\Qiqiao\4cf78e6d7325c2080ac666857f15631b.php 第 322 行.
NOTIC: [8] Undefined offset: 37 D:\xampp\htdocs\thinkphp3.2.3\Application\Runtime\Cache\Qiqiao\4cf78e6d7325c2080ac666857f15631b.php 第 328 行.
NOTIC: [8] Undefined offset: 35 D:\xampp\htdocs\thinkphp3.2.3\Application\Runtime\Cache\Qiqiao\4cf78e6d7325c2080ac666857f15631b.php 第 328 行.
NOTIC: [8] Undefined offset: 57 D:\xampp\htdocs\thinkphp3.2.3\Application\Runtime\Cache\Qiqiao\4cf78e6d7325c2080ac666857f15631b.php 第 322 行.
NOTIC: [8] Undefined offset: 57 D:\xampp\htdocs\thinkphp3.2.3\Application\Runtime\Cache\Qiqiao\4cf78e6d7325c2080ac666857f15631b.php 第 328 行.
NOTIC: [8] Undefined offset: 62 D:\xampp\htdocs\thinkphp3.2.3\Application\Runtime\Cache\Qiqiao\4cf78e6d7325c2080ac666857f15631b.php 第 322 行.
NOTIC: [8] Undefined offset: 62 D:\xampp\htdocs\thinkphp3.2.3\Application\Runtime\Cache\Qiqiao\4cf78e6d7325c2080ac666857f15631b.php 第 328 行.
NOTIC: [8] Undefined offset: 63 D:\xampp\htdocs\thinkphp3.2.3\Application\Runtime\Cache\Qiqiao\4cf78e6d7325c2080ac666857f15631b.php 第 322 行.
NOTIC: [8] Undefined offset: 63 D:\xampp\htdocs\thinkphp3.2.3\Application\Runtime\Cache\Qiqiao\4cf78e6d7325c2080ac666857f15631b.php 第 328 行.
NOTIC: [8] Undefined offset: 64 D:\xampp\htdocs\thinkphp3.2.3\Application\Runtime\Cache\Qiqiao\4cf78e6d7325c2080ac666857f15631b.php 第 322 行.
NOTIC: [8] Undefined offset: 64 D:\xampp\htdocs\thinkphp3.2.3\Application\Runtime\Cache\Qiqiao\4cf78e6d7325c2080ac666857f15631b.php 第 328 行.
INFO: Run Behavior\ParseTemplateBehavior [ RunTime:0.067217s ]
INFO: [ view_parse ] --END-- [ RunTime:0.067342s ]
INFO: [ view_filter ] --START--
INFO: Run Behavior\WriteHtmlCacheBehavior [ RunTime:0.001731s ]
INFO: [ view_filter ] --END-- [ RunTime:0.001844s ]
INFO: [ app_end ] --START--
INFO: Run Behavior\ShowPageTraceBehavior [ RunTime:0.001280s ]
INFO: [ app_end ] --END-- [ RunTime:0.001380s ]

[ 2017-05-02T22:16:04+08:00 ] 127.0.0.1 /thinkphp3.2.3/index.php/Qiqiao/User/manage
INFO: [ app_init ] --START--
INFO: Run Behavior\BuildLiteBehavior [ RunTime:0.000012s ]
INFO: [ app_init ] --END-- [ RunTime:0.000491s ]
INFO: [ app_begin ] --START--
INFO: Run Behavior\ReadHtmlCacheBehavior [ RunTime:0.000814s ]
INFO: [ app_begin ] --END-- [ RunTime:0.000880s ]
SQL: SHOW COLUMNS FROM `qiq_auth_group_access` [ RunTime:0.0032s ]
SQL: SELECT `uid`,`group_id`,`title`,`rules` FROM qiq_auth_group_access a INNER JOIN qiq_auth_group g on a.group_id=g.id  WHERE ( a.uid='1' and g.status='1' )  [ RunTime:0.0004s ]
SQL: SHOW COLUMNS FROM `qiq_auth_rule` [ RunTime:0.0024s ]
SQL: SELECT `condition`,`name` FROM `qiq_auth_rule` WHERE `id` IN ('1','2','3','24','6','7','8','9','11','14','16','17','18','22','23','19','21') AND `type` = 'User' AND `status` = 1  [ RunTime:0.0003s ]
SQL: SHOW COLUMNS FROM `qiq_user` [ RunTime:0.0026s ]
SQL: SELECT * FROM `qiq_user`  [ RunTime:0.0004s ]
SQL: SHOW COLUMNS FROM `qiq_user_behavior` [ RunTime:0.0023s ]
SQL: SELECT * FROM `qiq_user_behavior` WHERE `userid` = 39  [ RunTime:0.0003s ]
SQL: SELECT * FROM `qiq_user_behavior` WHERE `userid` = 51  [ RunTime:0.0003s ]
SQL: SELECT * FROM `qiq_user_behavior` WHERE `userid` = 37  [ RunTime:0.0004s ]
SQL: SELECT * FROM `qiq_user_behavior` WHERE `userid` = 35  [ RunTime:0.0004s ]
SQL: SHOW COLUMNS FROM `qiq_video` [ RunTime:0.0037s ]
SQL: SELECT `video_title` FROM `qiq_video` WHERE `id` = 23 LIMIT 1   [ RunTime:0.0004s ]
SQL: SELECT * FROM `qiq_user_behavior` WHERE `userid` = 57  [ RunTime:0.0003s ]
SQL: SELECT * FROM `qiq_user_behavior` WHERE `userid` = 61  [ RunTime:0.0003s ]
SQL: SELECT `video_title` FROM `qiq_video` WHERE `id` = 26 LIMIT 1   [ RunTime:0.0002s ]
SQL: SELECT `video_title` FROM `qiq_video` WHERE `id` = 25 LIMIT 1   [ RunTime:0.0002s ]
SQL: SELECT `video_title` FROM `qiq_video` WHERE `id` = 23 LIMIT 1   [ RunTime:0.0002s ]
SQL: SELECT `video_title` FROM `qiq_video` WHERE `id` = 24 LIMIT 1   [ RunTime:0.0002s ]
SQL: SELECT * FROM `qiq_user_behavior` WHERE `userid` = 62  [ RunTime:0.0002s ]
SQL: SELECT * FROM `qiq_user_behavior` WHERE `userid` = 63  [ RunTime:0.0002s ]
SQL: SELECT * FROM `qiq_user_behavior` WHERE `userid` = 64  [ RunTime:0.0002s ]
INFO: [ view_parse ] --START--
INFO: [ template_filter ] --START--
INFO: Run Behavior\ContentReplaceBehavior [ RunTime:0.000203s ]
INFO: [ template_filter ] --END-- [ RunTime:0.000264s ]
NOTIC: [8] Undefined variable: meta_title D:\xampp\htdocs\thinkphp3.2.3\Application\Runtime\Cache\Qiqiao\4cf78e6d7325c2080ac666857f15631b.php 第 10 行.
NOTIC: [8] Undefined offset: 39 D:\xampp\htdocs\thinkphp3.2.3\Application\Runtime\Cache\Qiqiao\4cf78e6d7325c2080ac666857f15631b.php 第 322 行.
NOTIC: [8] Undefined offset: 39 D:\xampp\htdocs\thinkphp3.2.3\Application\Runtime\Cache\Qiqiao\4cf78e6d7325c2080ac666857f15631b.php 第 328 行.
NOTIC: [8] Undefined offset: 51 D:\xampp\htdocs\thinkphp3.2.3\Application\Runtime\Cache\Qiqiao\4cf78e6d7325c2080ac666857f15631b.php 第 322 行.
NOTIC: [8] Undefined offset: 51 D:\xampp\htdocs\thinkphp3.2.3\Application\Runtime\Cache\Qiqiao\4cf78e6d7325c2080ac666857f15631b.php 第 328 行.
NOTIC: [8] Undefined offset: 37 D:\xampp\htdocs\thinkphp3.2.3\Application\Runtime\Cache\Qiqiao\4cf78e6d7325c2080ac666857f15631b.php 第 322 行.
NOTIC: [8] Undefined offset: 37 D:\xampp\htdocs\thinkphp3.2.3\Application\Runtime\Cache\Qiqiao\4cf78e6d7325c2080ac666857f15631b.php 第 328 行.
NOTIC: [8] Undefined offset: 35 D:\xampp\htdocs\thinkphp3.2.3\Application\Runtime\Cache\Qiqiao\4cf78e6d7325c2080ac666857f15631b.php 第 328 行.
NOTIC: [8] Undefined offset: 57 D:\xampp\htdocs\thinkphp3.2.3\Application\Runtime\Cache\Qiqiao\4cf78e6d7325c2080ac666857f15631b.php 第 322 行.
NOTIC: [8] Undefined offset: 57 D:\xampp\htdocs\thinkphp3.2.3\Application\Runtime\Cache\Qiqiao\4cf78e6d7325c2080ac666857f15631b.php 第 328 行.
NOTIC: [8] Undefined offset: 62 D:\xampp\htdocs\thinkphp3.2.3\Application\Runtime\Cache\Qiqiao\4cf78e6d7325c2080ac666857f15631b.php 第 322 行.
NOTIC: [8] Undefined offset: 62 D:\xampp\htdocs\thinkphp3.2.3\Application\Runtime\Cache\Qiqiao\4cf78e6d7325c2080ac666857f15631b.php 第 328 行.
NOTIC: [8] Undefined offset: 63 D:\xampp\htdocs\thinkphp3.2.3\Application\Runtime\Cache\Qiqiao\4cf78e6d7325c2080ac666857f15631b.php 第 322 行.
NOTIC: [8] Undefined offset: 63 D:\xampp\htdocs\thinkphp3.2.3\Application\Runtime\Cache\Qiqiao\4cf78e6d7325c2080ac666857f15631b.php 第 328 行.
NOTIC: [8] Undefined offset: 64 D:\xampp\htdocs\thinkphp3.2.3\Application\Runtime\Cache\Qiqiao\4cf78e6d7325c2080ac666857f15631b.php 第 322 行.
NOTIC: [8] Undefined offset: 64 D:\xampp\htdocs\thinkphp3.2.3\Application\Runtime\Cache\Qiqiao\4cf78e6d7325c2080ac666857f15631b.php 第 328 行.
INFO: Run Behavior\ParseTemplateBehavior [ RunTime:0.019695s ]
INFO: [ view_parse ] --END-- [ RunTime:0.019739s ]
INFO: [ view_filter ] --START--
INFO: Run Behavior\WriteHtmlCacheBehavior [ RunTime:0.000490s ]
INFO: [ view_filter ] --END-- [ RunTime:0.000524s ]
INFO: [ app_end ] --START--
INFO: Run Behavior\ShowPageTraceBehavior [ RunTime:0.000638s ]
INFO: [ app_end ] --END-- [ RunTime:0.000681s ]

[ 2017-05-02T22:17:35+08:00 ] 127.0.0.1 /thinkphp3.2.3/index.php/Qiqiao/Admin/user
INFO: [ app_init ] --START--
INFO: Run Behavior\BuildLiteBehavior [ RunTime:0.000012s ]
INFO: [ app_init ] --END-- [ RunTime:0.000487s ]
INFO: [ app_begin ] --START--
INFO: Run Behavior\ReadHtmlCacheBehavior [ RunTime:0.000674s ]
INFO: [ app_begin ] --END-- [ RunTime:0.000720s ]
SQL: SHOW COLUMNS FROM `qiq_auth_group_access` [ RunTime:0.0027s ]
SQL: SELECT `uid`,`group_id`,`title`,`rules` FROM qiq_auth_group_access a INNER JOIN qiq_auth_group g on a.group_id=g.id  WHERE ( a.uid='1' and g.status='1' )  [ RunTime:0.0004s ]
SQL: SHOW COLUMNS FROM `qiq_auth_rule` [ RunTime:0.0024s ]
SQL: SELECT `condition`,`name` FROM `qiq_auth_rule` WHERE `id` IN ('1','2','3','24','6','7','8','9','11','14','16','17','18','22','23','19','21') AND `type` = 'Admin' AND `status` = 1  [ RunTime:0.0003s ]
SQL: select a.status,a.id,a.real_name,a.sex,a.age,a.tel,a.id_card,a.mail,a.name,a.create_time,ag.title,ag.id as roleid from qiq_admin a,qiq_auth_group_access ga,qiq_auth_group ag where  a.id=ga.uid and ga.group_id=ag.id limit 0,3 [ RunTime:0.0005s ]
SQL: select count(*) as count from qiq_admin a,qiq_auth_group_access ga,qiq_auth_group ag where  a.id=ga.uid and ga.group_id=ag.id [ RunTime:0.0003s ]
SQL: SHOW COLUMNS FROM `qiq_auth_group` [ RunTime:0.0027s ]
SQL: SELECT `title`,`id` FROM `qiq_auth_group`  [ RunTime:0.0003s ]
INFO: [ view_parse ] --START--
INFO: [ template_filter ] --START--
INFO: Run Behavior\ContentReplaceBehavior [ RunTime:0.000195s ]
INFO: [ template_filter ] --END-- [ RunTime:0.000247s ]
NOTIC: [8] Undefined variable: meta_title D:\xampp\htdocs\thinkphp3.2.3\Application\Runtime\Cache\Qiqiao\db6dc91b3fed18a90de503204d0cc995.php 第 10 行.
INFO: Run Behavior\ParseTemplateBehavior [ RunTime:0.032886s ]
INFO: [ view_parse ] --END-- [ RunTime:0.032949s ]
INFO: [ view_filter ] --START--
INFO: Run Behavior\WriteHtmlCacheBehavior [ RunTime:0.000686s ]
INFO: [ view_filter ] --END-- [ RunTime:0.000725s ]
INFO: [ app_end ] --START--
INFO: Run Behavior\ShowPageTraceBehavior [ RunTime:0.000721s ]
INFO: [ app_end ] --END-- [ RunTime:0.000775s ]

[ 2017-05-02T22:17:35+08:00 ] 127.0.0.1 /thinkphp3.2.3/index.php/Qiqiao/Admin/user
INFO: [ app_init ] --START--
INFO: Run Behavior\BuildLiteBehavior [ RunTime:0.000025s ]
INFO: [ app_init ] --END-- [ RunTime:0.000507s ]
INFO: [ app_begin ] --START--
INFO: Run Behavior\ReadHtmlCacheBehavior [ RunTime:0.000725s ]
INFO: [ app_begin ] --END-- [ RunTime:0.000808s ]
SQL: SHOW COLUMNS FROM `qiq_auth_group_access` [ RunTime:0.0026s ]
SQL: SELECT `uid`,`group_id`,`title`,`rules` FROM qiq_auth_group_access a INNER JOIN qiq_auth_group g on a.group_id=g.id  WHERE ( a.uid='1' and g.status='1' )  [ RunTime:0.0004s ]
SQL: SHOW COLUMNS FROM `qiq_auth_rule` [ RunTime:0.0024s ]
SQL: SELECT `condition`,`name` FROM `qiq_auth_rule` WHERE `id` IN ('1','2','3','24','6','7','8','9','11','14','16','17','18','22','23','19','21') AND `type` = 'Admin' AND `status` = 1  [ RunTime:0.0003s ]
SQL: select a.status,a.id,a.real_name,a.sex,a.age,a.tel,a.id_card,a.mail,a.name,a.create_time,ag.title,ag.id as roleid from qiq_admin a,qiq_auth_group_access ga,qiq_auth_group ag where  a.id=ga.uid and ga.group_id=ag.id limit 0,3 [ RunTime:0.0005s ]
SQL: select count(*) as count from qiq_admin a,qiq_auth_group_access ga,qiq_auth_group ag where  a.id=ga.uid and ga.group_id=ag.id [ RunTime:0.0003s ]
SQL: SHOW COLUMNS FROM `qiq_auth_group` [ RunTime:0.0033s ]
SQL: SELECT `title`,`id` FROM `qiq_auth_group`  [ RunTime:0.0004s ]
INFO: [ view_parse ] --START--
INFO: [ template_filter ] --START--
INFO: Run Behavior\ContentReplaceBehavior [ RunTime:0.000198s ]
INFO: [ template_filter ] --END-- [ RunTime:0.000251s ]
NOTIC: [8] Undefined variable: meta_title D:\xampp\htdocs\thinkphp3.2.3\Application\Runtime\Cache\Qiqiao\db6dc91b3fed18a90de503204d0cc995.php 第 10 行.
INFO: Run Behavior\ParseTemplateBehavior [ RunTime:0.017703s ]
INFO: [ view_parse ] --END-- [ RunTime:0.017754s ]
INFO: [ view_filter ] --START--
INFO: Run Behavior\WriteHtmlCacheBehavior [ RunTime:0.000472s ]
INFO: [ view_filter ] --END-- [ RunTime:0.000507s ]
INFO: [ app_end ] --START--
INFO: Run Behavior\ShowPageTraceBehavior [ RunTime:0.000601s ]
INFO: [ app_end ] --END-- [ RunTime:0.000642s ]

[ 2017-05-02T22:17:37+08:00 ] 127.0.0.1 /thinkphp3.2.3/index.php/Qiqiao/Admin/user_power/id/1
INFO: [ app_init ] --START--
INFO: Run Behavior\BuildLiteBehavior [ RunTime:0.000018s ]
INFO: [ app_init ] --END-- [ RunTime:0.000681s ]
INFO: [ app_begin ] --START--
INFO: Run Behavior\ReadHtmlCacheBehavior [ RunTime:0.000868s ]
INFO: [ app_begin ] --END-- [ RunTime:0.000927s ]
SQL: SHOW COLUMNS FROM `qiq_auth_group_access` [ RunTime:0.0027s ]
SQL: SELECT * FROM `qiq_auth_group_access` WHERE `uid` = 1  [ RunTime:0.0003s ]
SQL: SHOW COLUMNS FROM `qiq_auth_group` [ RunTime:0.0024s ]
SQL: SELECT * FROM `qiq_auth_group` WHERE `id` = 9 AND `status` = 1  [ RunTime:0.0003s ]
SQL: SHOW COLUMNS FROM `qiq_auth_rule` [ RunTime:0.0023s ]
SQL: SELECT * FROM `qiq_auth_rule` WHERE `type` = 'Index'  [ RunTime:0.0003s ]
SQL: SELECT * FROM `qiq_auth_rule` WHERE `type` = 'User'  [ RunTime:0.0002s ]
SQL: SELECT * FROM `qiq_auth_rule` WHERE `type` = 'Admin'  [ RunTime:0.0003s ]
SQL: SELECT * FROM `qiq_auth_rule` WHERE `type` = 'Video'  [ RunTime:0.0002s ]
SQL: SELECT * FROM `qiq_auth_rule` WHERE `type` = 'Information'  [ RunTime:0.0002s ]
SQL: SELECT * FROM `qiq_auth_rule` WHERE `type` = 'Plan'  [ RunTime:0.0003s ]
INFO: [ view_parse ] --START--
INFO: [ template_filter ] --START--
INFO: Run Behavior\ContentReplaceBehavior [ RunTime:0.000202s ]
INFO: [ template_filter ] --END-- [ RunTime:0.000252s ]
NOTIC: [8] Undefined variable: meta_title D:\xampp\htdocs\thinkphp3.2.3\Application\Runtime\Cache\Qiqiao\f9e8fa6135514df1a6e987c770bb5ac2.php 第 10 行.
NOTIC: [8] Undefined variable: role_id D:\xampp\htdocs\thinkphp3.2.3\Application\Runtime\Cache\Qiqiao\f9e8fa6135514df1a6e987c770bb5ac2.php 第 383 行.
INFO: Run Behavior\ParseTemplateBehavior [ RunTime:0.049299s ]
INFO: [ view_parse ] --END-- [ RunTime:0.049362s ]
INFO: [ view_filter ] --START--
INFO: Run Behavior\WriteHtmlCacheBehavior [ RunTime:0.000561s ]
INFO: [ view_filter ] --END-- [ RunTime:0.000606s ]
INFO: [ app_end ] --START--
INFO: Run Behavior\ShowPageTraceBehavior [ RunTime:0.000934s ]
INFO: [ app_end ] --END-- [ RunTime:0.001004s ]

[ 2017-05-02T22:17:37+08:00 ] 127.0.0.1 /thinkphp3.2.3/index.php/Qiqiao/Admin/user_power/id/1
INFO: [ app_init ] --START--
INFO: Run Behavior\BuildLiteBehavior [ RunTime:0.000055s ]
INFO: [ app_init ] --END-- [ RunTime:0.001059s ]
INFO: [ app_begin ] --START--
INFO: Run Behavior\ReadHtmlCacheBehavior [ RunTime:0.000675s ]
INFO: [ app_begin ] --END-- [ RunTime:0.000733s ]
SQL: SHOW COLUMNS FROM `qiq_auth_group_access` [ RunTime:0.0033s ]
SQL: SELECT * FROM `qiq_auth_group_access` WHERE `uid` = 1  [ RunTime:0.0004s ]
SQL: SHOW COLUMNS FROM `qiq_auth_group` [ RunTime:0.0026s ]
SQL: SELECT * FROM `qiq_auth_group` WHERE `id` = 9 AND `status` = 1  [ RunTime:0.0003s ]
SQL: SHOW COLUMNS FROM `qiq_auth_rule` [ RunTime:0.0024s ]
SQL: SELECT * FROM `qiq_auth_rule` WHERE `type` = 'Index'  [ RunTime:0.0003s ]
SQL: SELECT * FROM `qiq_auth_rule` WHERE `type` = 'User'  [ RunTime:0.0003s ]
SQL: SELECT * FROM `qiq_auth_rule` WHERE `type` = 'Admin'  [ RunTime:0.0004s ]
SQL: SELECT * FROM `qiq_auth_rule` WHERE `type` = 'Video'  [ RunTime:0.0005s ]
SQL: SELECT * FROM `qiq_auth_rule` WHERE `type` = 'Information'  [ RunTime:0.0007s ]
SQL: SELECT * FROM `qiq_auth_rule` WHERE `type` = 'Plan'  [ RunTime:0.0003s ]
INFO: [ view_parse ] --START--
INFO: [ template_filter ] --START--
INFO: Run Behavior\ContentReplaceBehavior [ RunTime:0.000199s ]
INFO: [ template_filter ] --END-- [ RunTime:0.000244s ]
NOTIC: [8] Undefined variable: meta_title D:\xampp\htdocs\thinkphp3.2.3\Application\Runtime\Cache\Qiqiao\f9e8fa6135514df1a6e987c770bb5ac2.php 第 10 行.
NOTIC: [8] Undefined variable: role_id D:\xampp\htdocs\thinkphp3.2.3\Application\Runtime\Cache\Qiqiao\f9e8fa6135514df1a6e987c770bb5ac2.php 第 383 行.
INFO: Run Behavior\ParseTemplateBehavior [ RunTime:0.017237s ]
INFO: [ view_parse ] --END-- [ RunTime:0.017286s ]
INFO: [ view_filter ] --START--
INFO: Run Behavior\WriteHtmlCacheBehavior [ RunTime:0.000491s ]
INFO: [ view_filter ] --END-- [ RunTime:0.000525s ]
INFO: [ app_end ] --START--
INFO: Run Behavior\ShowPageTraceBehavior [ RunTime:0.000618s ]
INFO: [ app_end ] --END-- [ RunTime:0.000658s ]

[ 2017-05-02T22:18:26+08:00 ] 127.0.0.1 /thinkphp3.2.3/index.php/Qiqiao/Video/attributes
INFO: [ app_init ] --START--
INFO: Run Behavior\BuildLiteBehavior [ RunTime:0.000016s ]
INFO: [ app_init ] --END-- [ RunTime:0.000639s ]
INFO: [ app_begin ] --START--
INFO: Run Behavior\ReadHtmlCacheBehavior [ RunTime:0.000958s ]
INFO: [ app_begin ] --END-- [ RunTime:0.001018s ]
SQL: SHOW COLUMNS FROM `qiq_auth_group_access` [ RunTime:0.0034s ]
SQL: SELECT `uid`,`group_id`,`title`,`rules` FROM qiq_auth_group_access a INNER JOIN qiq_auth_group g on a.group_id=g.id  WHERE ( a.uid='1' and g.status='1' )  [ RunTime:0.0005s ]
SQL: SHOW COLUMNS FROM `qiq_auth_rule` [ RunTime:0.0032s ]
SQL: SELECT `condition`,`name` FROM `qiq_auth_rule` WHERE `id` IN ('1','2','3','24','6','7','8','9','11','14','16','17','18','22','23','19','21') AND `type` = 'Video' AND `status` = 1  [ RunTime:0.0005s ]
SQL: SHOW COLUMNS FROM `qiq_video_block` [ RunTime:0.0038s ]
SQL: SELECT * FROM `qiq_video_block`  [ RunTime:0.0004s ]
SQL: select id,video_route from qiq_video where is_change=1 [ RunTime:0.0003s ]
SQL: select v.video_type,u.username,v.id,v.video_title,v.video_summary,v.video_cover,v.vidup_time,v.uid,a.channels,a.abit_rate,a.width,a.height,a.vbit_rate,a.duration,a.size,a.id as aid,a.acodec_name,a.vcodec_name,a.avg_frame_rate,v.is_change from qiq_video v LEFT JOIN qiq_video_attributes a ON v.id=a.videoid LEFT JOIN qiq_user u ON u.id=v.Uid  where  v.video_state=0  [ RunTime:0.0007s ]
SQL: SELECT `type` FROM `qiq_video_block` WHERE `id` = 2 LIMIT 1   [ RunTime:0.0003s ]
SQL: SELECT `type` FROM `qiq_video_block` WHERE `id` = 3 LIMIT 1   [ RunTime:0.0003s ]
SQL: SELECT `type` FROM `qiq_video_block` WHERE `id` = 5 LIMIT 1   [ RunTime:0.0003s ]
SQL: SELECT `type` FROM `qiq_video_block` WHERE `id` = 2 LIMIT 1   [ RunTime:0.0003s ]
INFO: [ view_parse ] --START--
INFO: [ template_filter ] --START--
INFO: Run Behavior\ContentReplaceBehavior [ RunTime:0.000364s ]
INFO: [ template_filter ] --END-- [ RunTime:0.000427s ]
NOTIC: [8] Undefined variable: meta_title D:\xampp\htdocs\thinkphp3.2.3\Application\Runtime\Cache\Qiqiao\361d1d324291314eacefc6b047413e7a.php 第 10 行.
INFO: Run Behavior\ParseTemplateBehavior [ RunTime:0.043284s ]
INFO: [ view_parse ] --END-- [ RunTime:0.043344s ]
INFO: [ view_filter ] --START--
INFO: Run Behavior\WriteHtmlCacheBehavior [ RunTime:0.000679s ]
INFO: [ view_filter ] --END-- [ RunTime:0.000730s ]
INFO: [ app_end ] --START--
INFO: Run Behavior\ShowPageTraceBehavior [ RunTime:0.000975s ]
INFO: [ app_end ] --END-- [ RunTime:0.001043s ]

[ 2017-05-02T22:18:26+08:00 ] 127.0.0.1 /thinkphp3.2.3/index.php/Qiqiao/Video/attributes
INFO: [ app_init ] --START--
INFO: Run Behavior\BuildLiteBehavior [ RunTime:0.000014s ]
INFO: [ app_init ] --END-- [ RunTime:0.000668s ]
INFO: [ app_begin ] --START--
INFO: Run Behavior\ReadHtmlCacheBehavior [ RunTime:0.000898s ]
INFO: [ app_begin ] --END-- [ RunTime:0.000944s ]
SQL: SHOW COLUMNS FROM `qiq_auth_group_access` [ RunTime:0.0026s ]
SQL: SELECT `uid`,`group_id`,`title`,`rules` FROM qiq_auth_group_access a INNER JOIN qiq_auth_group g on a.group_id=g.id  WHERE ( a.uid='1' and g.status='1' )  [ RunTime:0.0004s ]
SQL: SHOW COLUMNS FROM `qiq_auth_rule` [ RunTime:0.0026s ]
SQL: SELECT `condition`,`name` FROM `qiq_auth_rule` WHERE `id` IN ('1','2','3','24','6','7','8','9','11','14','16','17','18','22','23','19','21') AND `type` = 'Video' AND `status` = 1  [ RunTime:0.0004s ]
SQL: SHOW COLUMNS FROM `qiq_video_block` [ RunTime:0.0025s ]
SQL: SELECT * FROM `qiq_video_block`  [ RunTime:0.0003s ]
SQL: select id,video_route from qiq_video where is_change=1 [ RunTime:0.0003s ]
SQL: select v.video_type,u.username,v.id,v.video_title,v.video_summary,v.video_cover,v.vidup_time,v.uid,a.channels,a.abit_rate,a.width,a.height,a.vbit_rate,a.duration,a.size,a.id as aid,a.acodec_name,a.vcodec_name,a.avg_frame_rate,v.is_change from qiq_video v LEFT JOIN qiq_video_attributes a ON v.id=a.videoid LEFT JOIN qiq_user u ON u.id=v.Uid  where  v.video_state=0  [ RunTime:0.0005s ]
SQL: SELECT `type` FROM `qiq_video_block` WHERE `id` = 2 LIMIT 1   [ RunTime:0.0002s ]
SQL: SELECT `type` FROM `qiq_video_block` WHERE `id` = 3 LIMIT 1   [ RunTime:0.0002s ]
SQL: SELECT `type` FROM `qiq_video_block` WHERE `id` = 5 LIMIT 1   [ RunTime:0.0002s ]
SQL: SELECT `type` FROM `qiq_video_block` WHERE `id` = 2 LIMIT 1   [ RunTime:0.0002s ]
INFO: [ view_parse ] --START--
INFO: [ template_filter ] --START--
INFO: Run Behavior\ContentReplaceBehavior [ RunTime:0.000378s ]
INFO: [ template_filter ] --END-- [ RunTime:0.000454s ]
NOTIC: [8] Undefined variable: meta_title D:\xampp\htdocs\thinkphp3.2.3\Application\Runtime\Cache\Qiqiao\361d1d324291314eacefc6b047413e7a.php 第 10 行.
INFO: Run Behavior\ParseTemplateBehavior [ RunTime:0.020011s ]
INFO: [ view_parse ] --END-- [ RunTime:0.020054s ]
INFO: [ view_filter ] --START--
INFO: Run Behavior\WriteHtmlCacheBehavior [ RunTime:0.000802s ]
INFO: [ view_filter ] --END-- [ RunTime:0.000852s ]
INFO: [ app_end ] --START--
INFO: Run Behavior\ShowPageTraceBehavior [ RunTime:0.000872s ]
INFO: [ app_end ] --END-- [ RunTime:0.000923s ]

[ 2017-05-02T22:19:37+08:00 ] 127.0.0.1 /thinkphp3.2.3/index.php/Qiqiao/Video/change_info
INFO: [ app_init ] --START--
INFO: Run Behavior\BuildLiteBehavior [ RunTime:0.000017s ]
INFO: [ app_init ] --END-- [ RunTime:0.000598s ]
INFO: [ app_begin ] --START--
INFO: Run Behavior\ReadHtmlCacheBehavior [ RunTime:0.001052s ]
INFO: [ app_begin ] --END-- [ RunTime:0.001118s ]
SQL: SHOW COLUMNS FROM `qiq_video` [ RunTime:0.0168s ]
SQL: SELECT `video_cover` FROM `qiq_video` WHERE `id` = 28 LIMIT 1   [ RunTime:0.0006s ]
NOTIC: [2] finfo_file(): Empty filename or path D:\xampp\htdocs\thinkphp3.2.3\ThinkPHP\Library\Think\Upload.class.php 第 152 行.
SQL: UPDATE `qiq_video` SET `video_title`='一个好玩的游戏',`video_summary`='这是一个很好玩的优秀，首创哦。',`video_cover`='1493312082.jpg' WHERE `id` = 28 [ RunTime:0.0011s ]

[ 2017-05-02T22:19:37+08:00 ] 127.0.0.1 /thinkphp3.2.3/index.php/Qiqiao/Video/attributes
INFO: [ app_init ] --START--
INFO: Run Behavior\BuildLiteBehavior [ RunTime:0.000020s ]
INFO: [ app_init ] --END-- [ RunTime:0.000715s ]
INFO: [ app_begin ] --START--
INFO: Run Behavior\ReadHtmlCacheBehavior [ RunTime:0.001158s ]
INFO: [ app_begin ] --END-- [ RunTime:0.001232s ]
SQL: SHOW COLUMNS FROM `qiq_auth_group_access` [ RunTime:0.0027s ]
SQL: SELECT `uid`,`group_id`,`title`,`rules` FROM qiq_auth_group_access a INNER JOIN qiq_auth_group g on a.group_id=g.id  WHERE ( a.uid='1' and g.status='1' )  [ RunTime:0.0004s ]
SQL: SHOW COLUMNS FROM `qiq_auth_rule` [ RunTime:0.0025s ]
SQL: SELECT `condition`,`name` FROM `qiq_auth_rule` WHERE `id` IN ('1','2','3','24','6','7','8','9','11','14','16','17','18','22','23','19','21') AND `type` = 'Video' AND `status` = 1  [ RunTime:0.0003s ]
SQL: SHOW COLUMNS FROM `qiq_video_block` [ RunTime:0.0024s ]
SQL: SELECT * FROM `qiq_video_block`  [ RunTime:0.0004s ]
SQL: select id,video_route from qiq_video where is_change=1 [ RunTime:0.0003s ]
SQL: select v.video_type,u.username,v.id,v.video_title,v.video_summary,v.video_cover,v.vidup_time,v.uid,a.channels,a.abit_rate,a.width,a.height,a.vbit_rate,a.duration,a.size,a.id as aid,a.acodec_name,a.vcodec_name,a.avg_frame_rate,v.is_change from qiq_video v LEFT JOIN qiq_video_attributes a ON v.id=a.videoid LEFT JOIN qiq_user u ON u.id=v.Uid  where  v.video_state=0  [ RunTime:0.0005s ]
SQL: SELECT `type` FROM `qiq_video_block` WHERE `id` = 2 LIMIT 1   [ RunTime:0.0002s ]
SQL: SELECT `type` FROM `qiq_video_block` WHERE `id` = 3 LIMIT 1   [ RunTime:0.0002s ]
SQL: SELECT `type` FROM `qiq_video_block` WHERE `id` = 5 LIMIT 1   [ RunTime:0.0002s ]
SQL: SELECT `type` FROM `qiq_video_block` WHERE `id` = 2 LIMIT 1   [ RunTime:0.0002s ]
INFO: [ view_parse ] --START--
INFO: [ template_filter ] --START--
INFO: Run Behavior\ContentReplaceBehavior [ RunTime:0.000265s ]
INFO: [ template_filter ] --END-- [ RunTime:0.000315s ]
NOTIC: [8] Undefined variable: meta_title D:\xampp\htdocs\thinkphp3.2.3\Application\Runtime\Cache\Qiqiao\361d1d324291314eacefc6b047413e7a.php 第 10 行.
INFO: Run Behavior\ParseTemplateBehavior [ RunTime:0.019305s ]
INFO: [ view_parse ] --END-- [ RunTime:0.019346s ]
INFO: [ view_filter ] --START--
INFO: Run Behavior\WriteHtmlCacheBehavior [ RunTime:0.000760s ]
INFO: [ view_filter ] --END-- [ RunTime:0.000799s ]
INFO: [ app_end ] --START--
INFO: Run Behavior\ShowPageTraceBehavior [ RunTime:0.000827s ]
INFO: [ app_end ] --END-- [ RunTime:0.000874s ]

[ 2017-05-02T22:19:37+08:00 ] 127.0.0.1 /thinkphp3.2.3/index.php/Qiqiao/Video/attributes
INFO: [ app_init ] --START--
INFO: Run Behavior\BuildLiteBehavior [ RunTime:0.000013s ]
INFO: [ app_init ] --END-- [ RunTime:0.000508s ]
INFO: [ app_begin ] --START--
INFO: Run Behavior\ReadHtmlCacheBehavior [ RunTime:0.000725s ]
INFO: [ app_begin ] --END-- [ RunTime:0.000790s ]
SQL: SHOW COLUMNS FROM `qiq_auth_group_access` [ RunTime:0.0033s ]
SQL: SELECT `uid`,`group_id`,`title`,`rules` FROM qiq_auth_group_access a INNER JOIN qiq_auth_group g on a.group_id=g.id  WHERE ( a.uid='1' and g.status='1' )  [ RunTime:0.0005s ]
SQL: SHOW COLUMNS FROM `qiq_auth_rule` [ RunTime:0.0027s ]
SQL: SELECT `condition`,`name` FROM `qiq_auth_rule` WHERE `id` IN ('1','2','3','24','6','7','8','9','11','14','16','17','18','22','23','19','21') AND `type` = 'Video' AND `status` = 1  [ RunTime:0.0003s ]
SQL: SHOW COLUMNS FROM `qiq_video_block` [ RunTime:0.0023s ]
SQL: SELECT * FROM `qiq_video_block`  [ RunTime:0.0003s ]
SQL: select id,video_route from qiq_video where is_change=1 [ RunTime:0.0002s ]
SQL: select v.video_type,u.username,v.id,v.video_title,v.video_summary,v.video_cover,v.vidup_time,v.uid,a.channels,a.abit_rate,a.width,a.height,a.vbit_rate,a.duration,a.size,a.id as aid,a.acodec_name,a.vcodec_name,a.avg_frame_rate,v.is_change from qiq_video v LEFT JOIN qiq_video_attributes a ON v.id=a.videoid LEFT JOIN qiq_user u ON u.id=v.Uid  where  v.video_state=0  [ RunTime:0.0005s ]
SQL: SELECT `type` FROM `qiq_video_block` WHERE `id` = 2 LIMIT 1   [ RunTime:0.0002s ]
SQL: SELECT `type` FROM `qiq_video_block` WHERE `id` = 3 LIMIT 1   [ RunTime:0.0002s ]
SQL: SELECT `type` FROM `qiq_video_block` WHERE `id` = 5 LIMIT 1   [ RunTime:0.0002s ]
SQL: SELECT `type` FROM `qiq_video_block` WHERE `id` = 2 LIMIT 1   [ RunTime:0.0002s ]
INFO: [ view_parse ] --START--
INFO: [ template_filter ] --START--
INFO: Run Behavior\ContentReplaceBehavior [ RunTime:0.000273s ]
INFO: [ template_filter ] --END-- [ RunTime:0.000334s ]
NOTIC: [8] Undefined variable: meta_title D:\xampp\htdocs\thinkphp3.2.3\Application\Runtime\Cache\Qiqiao\361d1d324291314eacefc6b047413e7a.php 第 10 行.
INFO: Run Behavior\ParseTemplateBehavior [ RunTime:0.020284s ]
INFO: [ view_parse ] --END-- [ RunTime:0.020367s ]
INFO: [ view_filter ] --START--
INFO: Run Behavior\WriteHtmlCacheBehavior [ RunTime:0.000580s ]
INFO: [ view_filter ] --END-- [ RunTime:0.000615s ]
INFO: [ app_end ] --START--
INFO: Run Behavior\ShowPageTraceBehavior [ RunTime:0.001230s ]
INFO: [ app_end ] --END-- [ RunTime:0.001321s ]

[ 2017-05-02T22:20:44+08:00 ] 127.0.0.1 /thinkphp3.2.3/index.php/Qiqiao/Video/change_info
INFO: [ app_init ] --START--
INFO: Run Behavior\BuildLiteBehavior [ RunTime:0.000017s ]
INFO: [ app_init ] --END-- [ RunTime:0.000715s ]
INFO: [ app_begin ] --START--
INFO: Run Behavior\ReadHtmlCacheBehavior [ RunTime:0.001282s ]
INFO: [ app_begin ] --END-- [ RunTime:0.001360s ]
SQL: SHOW COLUMNS FROM `qiq_video` [ RunTime:0.0064s ]
SQL: SELECT `video_cover` FROM `qiq_video` WHERE `id` = 28 LIMIT 1   [ RunTime:0.0003s ]
NOTIC: [2] call_user_func() expects parameter 1 to be a valid callback, no array or string given D:\xampp\htdocs\thinkphp3.2.3\ThinkPHP\Library\Think\Upload.class.php 第 170 行.
SQL: UPDATE `qiq_video` SET `video_title`='一个好玩的游戏',`video_summary`='这是一个很好玩的优秀，首创哦。',`video_cover`='2017-05-02/20170502222044.jpg' WHERE `id` = 28 [ RunTime:0.0011s ]

[ 2017-05-02T22:20:44+08:00 ] 127.0.0.1 /thinkphp3.2.3/index.php/Qiqiao/Video/attributes
INFO: [ app_init ] --START--
INFO: Run Behavior\BuildLiteBehavior [ RunTime:0.000014s ]
INFO: [ app_init ] --END-- [ RunTime:0.000532s ]
INFO: [ app_begin ] --START--
INFO: Run Behavior\ReadHtmlCacheBehavior [ RunTime:0.000816s ]
INFO: [ app_begin ] --END-- [ RunTime:0.000869s ]
SQL: SHOW COLUMNS FROM `qiq_auth_group_access` [ RunTime:0.0026s ]
SQL: SELECT `uid`,`group_id`,`title`,`rules` FROM qiq_auth_group_access a INNER JOIN qiq_auth_group g on a.group_id=g.id  WHERE ( a.uid='1' and g.status='1' )  [ RunTime:0.0003s ]
SQL: SHOW COLUMNS FROM `qiq_auth_rule` [ RunTime:0.0026s ]
SQL: SELECT `condition`,`name` FROM `qiq_auth_rule` WHERE `id` IN ('1','2','3','24','6','7','8','9','11','14','16','17','18','22','23','19','21') AND `type` = 'Video' AND `status` = 1  [ RunTime:0.0004s ]
SQL: SHOW COLUMNS FROM `qiq_video_block` [ RunTime:0.0025s ]
SQL: SELECT * FROM `qiq_video_block`  [ RunTime:0.0003s ]
SQL: select id,video_route from qiq_video where is_change=1 [ RunTime:0.0003s ]
SQL: select v.video_type,u.username,v.id,v.video_title,v.video_summary,v.video_cover,v.vidup_time,v.uid,a.channels,a.abit_rate,a.width,a.height,a.vbit_rate,a.duration,a.size,a.id as aid,a.acodec_name,a.vcodec_name,a.avg_frame_rate,v.is_change from qiq_video v LEFT JOIN qiq_video_attributes a ON v.id=a.videoid LEFT JOIN qiq_user u ON u.id=v.Uid  where  v.video_state=0  [ RunTime:0.0005s ]
SQL: SELECT `type` FROM `qiq_video_block` WHERE `id` = 2 LIMIT 1   [ RunTime:0.0002s ]
SQL: SELECT `type` FROM `qiq_video_block` WHERE `id` = 3 LIMIT 1   [ RunTime:0.0002s ]
SQL: SELECT `type` FROM `qiq_video_block` WHERE `id` = 5 LIMIT 1   [ RunTime:0.0002s ]
SQL: SELECT `type` FROM `qiq_video_block` WHERE `id` = 2 LIMIT 1   [ RunTime:0.0002s ]
INFO: [ view_parse ] --START--
INFO: [ template_filter ] --START--
INFO: Run Behavior\ContentReplaceBehavior [ RunTime:0.000275s ]
INFO: [ template_filter ] --END-- [ RunTime:0.000328s ]
NOTIC: [8] Undefined variable: meta_title D:\xampp\htdocs\thinkphp3.2.3\Application\Runtime\Cache\Qiqiao\361d1d324291314eacefc6b047413e7a.php 第 10 行.
INFO: Run Behavior\ParseTemplateBehavior [ RunTime:0.018994s ]
INFO: [ view_parse ] --END-- [ RunTime:0.019037s ]
INFO: [ view_filter ] --START--
INFO: Run Behavior\WriteHtmlCacheBehavior [ RunTime:0.000628s ]
INFO: [ view_filter ] --END-- [ RunTime:0.000666s ]
INFO: [ app_end ] --START--
INFO: Run Behavior\ShowPageTraceBehavior [ RunTime:0.000778s ]
INFO: [ app_end ] --END-- [ RunTime:0.000825s ]

[ 2017-05-02T22:20:45+08:00 ] 127.0.0.1 /thinkphp3.2.3/index.php/Qiqiao/Video/attributes
INFO: [ app_init ] --START--
INFO: Run Behavior\BuildLiteBehavior [ RunTime:0.000013s ]
INFO: [ app_init ] --END-- [ RunTime:0.000434s ]
INFO: [ app_begin ] --START--
INFO: Run Behavior\ReadHtmlCacheBehavior [ RunTime:0.000788s ]
INFO: [ app_begin ] --END-- [ RunTime:0.000839s ]
SQL: SHOW COLUMNS FROM `qiq_auth_group_access` [ RunTime:0.0348s ]
SQL: SELECT `uid`,`group_id`,`title`,`rules` FROM qiq_auth_group_access a INNER JOIN qiq_auth_group g on a.group_id=g.id  WHERE ( a.uid='1' and g.status='1' )  [ RunTime:0.0010s ]
SQL: SHOW COLUMNS FROM `qiq_auth_rule` [ RunTime:0.0515s ]
SQL: SELECT `condition`,`name` FROM `qiq_auth_rule` WHERE `id` IN ('1','2','3','24','6','7','8','9','11','14','16','17','18','22','23','19','21') AND `type` = 'Video' AND `status` = 1  [ RunTime:0.0009s ]
SQL: SHOW COLUMNS FROM `qiq_video_block` [ RunTime:0.0060s ]
SQL: SELECT * FROM `qiq_video_block`  [ RunTime:0.0007s ]
SQL: select id,video_route from qiq_video where is_change=1 [ RunTime:0.0008s ]
SQL: select v.video_type,u.username,v.id,v.video_title,v.video_summary,v.video_cover,v.vidup_time,v.uid,a.channels,a.abit_rate,a.width,a.height,a.vbit_rate,a.duration,a.size,a.id as aid,a.acodec_name,a.vcodec_name,a.avg_frame_rate,v.is_change from qiq_video v LEFT JOIN qiq_video_attributes a ON v.id=a.videoid LEFT JOIN qiq_user u ON u.id=v.Uid  where  v.video_state=0  [ RunTime:0.0017s ]
SQL: SELECT `type` FROM `qiq_video_block` WHERE `id` = 2 LIMIT 1   [ RunTime:0.0006s ]
SQL: SELECT `type` FROM `qiq_video_block` WHERE `id` = 3 LIMIT 1   [ RunTime:0.0007s ]
SQL: SELECT `type` FROM `qiq_video_block` WHERE `id` = 5 LIMIT 1   [ RunTime:0.0007s ]
SQL: SELECT `type` FROM `qiq_video_block` WHERE `id` = 2 LIMIT 1   [ RunTime:0.0006s ]
INFO: [ view_parse ] --START--
INFO: [ template_filter ] --START--
INFO: Run Behavior\ContentReplaceBehavior [ RunTime:0.000365s ]
INFO: [ template_filter ] --END-- [ RunTime:0.000433s ]
NOTIC: [8] Undefined variable: meta_title D:\xampp\htdocs\thinkphp3.2.3\Application\Runtime\Cache\Qiqiao\361d1d324291314eacefc6b047413e7a.php 第 10 行.
INFO: Run Behavior\ParseTemplateBehavior [ RunTime:0.034693s ]
INFO: [ view_parse ] --END-- [ RunTime:0.034779s ]
INFO: [ view_filter ] --START--
INFO: Run Behavior\WriteHtmlCacheBehavior [ RunTime:0.000827s ]
INFO: [ view_filter ] --END-- [ RunTime:0.000890s ]
INFO: [ app_end ] --START--
INFO: Run Behavior\ShowPageTraceBehavior [ RunTime:0.001064s ]
INFO: [ app_end ] --END-- [ RunTime:0.001132s ]

[ 2017-05-02T22:20:48+08:00 ] 127.0.0.1 /thinkphp3.2.3/index.php/Qiqiao/Video/get_attributes
INFO: [ app_init ] --START--
INFO: Run Behavior\BuildLiteBehavior [ RunTime:0.000056s ]
INFO: [ app_init ] --END-- [ RunTime:0.000785s ]
INFO: [ app_begin ] --START--
INFO: Run Behavior\ReadHtmlCacheBehavior [ RunTime:0.001010s ]
INFO: [ app_begin ] --END-- [ RunTime:0.001066s ]
SQL: SHOW COLUMNS FROM `qiq_video_attributes` [ RunTime:0.0029s ]
SQL: SELECT `id` FROM `qiq_video_attributes` WHERE `videoid` = 28 LIMIT 1   [ RunTime:0.0003s ]
SQL: SHOW COLUMNS FROM `qiq_video` [ RunTime:0.0025s ]
SQL: SELECT `video_route` FROM `qiq_video` WHERE `id` = 28 LIMIT 1   [ RunTime:0.0002s ]
SQL: UPDATE `qiq_video_attributes` SET `id`='47' WHERE `videoid` = 47 [ RunTime:0.0009s ]

[ 2017-05-02T22:23:59+08:00 ] 127.0.0.1 /thinkphp3.2.3/index.php/Qiqiao/Video/setting
INFO: [ app_init ] --START--
INFO: Run Behavior\BuildLiteBehavior [ RunTime:0.000017s ]
INFO: [ app_init ] --END-- [ RunTime:0.000686s ]
INFO: [ app_begin ] --START--
INFO: Run Behavior\ReadHtmlCacheBehavior [ RunTime:0.000992s ]
INFO: [ app_begin ] --END-- [ RunTime:0.001076s ]
SQL: SHOW COLUMNS FROM `qiq_auth_group_access` [ RunTime:0.0036s ]
SQL: SELECT `uid`,`group_id`,`title`,`rules` FROM qiq_auth_group_access a INNER JOIN qiq_auth_group g on a.group_id=g.id  WHERE ( a.uid='1' and g.status='1' )  [ RunTime:0.0005s ]
SQL: SHOW COLUMNS FROM `qiq_auth_rule` [ RunTime:0.0027s ]
SQL: SELECT `condition`,`name` FROM `qiq_auth_rule` WHERE `id` IN ('1','2','3','24','6','7','8','9','11','14','16','17','18','22','23','19','21') AND `type` = 'Video' AND `status` = 1  [ RunTime:0.0004s ]
SQL: SHOW COLUMNS FROM `qiq_app` [ RunTime:0.0024s ]
SQL: SELECT `video_wm`,`token` FROM `qiq_app` LIMIT 1   [ RunTime:0.0003s ]
SQL: SHOW COLUMNS FROM `qiq_video_block` [ RunTime:0.0026s ]
SQL: SELECT * FROM `qiq_video_block`  [ RunTime:0.0003s ]
INFO: [ view_parse ] --START--
INFO: [ template_filter ] --START--
INFO: Run Behavior\ContentReplaceBehavior [ RunTime:0.000182s ]
INFO: [ template_filter ] --END-- [ RunTime:0.000252s ]
NOTIC: [8] Undefined variable: meta_title D:\xampp\htdocs\thinkphp3.2.3\Application\Runtime\Cache\Qiqiao\c1dfa5a8a38ce0762d399a6b16cf631c.php 第 10 行.
INFO: Run Behavior\ParseTemplateBehavior [ RunTime:0.020691s ]
INFO: [ view_parse ] --END-- [ RunTime:0.020739s ]
INFO: [ view_filter ] --START--
INFO: Run Behavior\WriteHtmlCacheBehavior [ RunTime:0.000656s ]
INFO: [ view_filter ] --END-- [ RunTime:0.000692s ]
INFO: [ app_end ] --START--
INFO: Run Behavior\ShowPageTraceBehavior [ RunTime:0.000794s ]
INFO: [ app_end ] --END-- [ RunTime:0.000843s ]

[ 2017-05-02T22:23:59+08:00 ] 127.0.0.1 /thinkphp3.2.3/index.php/Qiqiao/Video/setting
INFO: [ app_init ] --START--
INFO: Run Behavior\BuildLiteBehavior [ RunTime:0.000015s ]
INFO: [ app_init ] --END-- [ RunTime:0.000499s ]
INFO: [ app_begin ] --START--
INFO: Run Behavior\ReadHtmlCacheBehavior [ RunTime:0.000731s ]
INFO: [ app_begin ] --END-- [ RunTime:0.000778s ]
SQL: SHOW COLUMNS FROM `qiq_auth_group_access` [ RunTime:0.0030s ]
SQL: SELECT `uid`,`group_id`,`title`,`rules` FROM qiq_auth_group_access a INNER JOIN qiq_auth_group g on a.group_id=g.id  WHERE ( a.uid='1' and g.status='1' )  [ RunTime:0.0009s ]
SQL: SHOW COLUMNS FROM `qiq_auth_rule` [ RunTime:0.0033s ]
SQL: SELECT `condition`,`name` FROM `qiq_auth_rule` WHERE `id` IN ('1','2','3','24','6','7','8','9','11','14','16','17','18','22','23','19','21') AND `type` = 'Video' AND `status` = 1  [ RunTime:0.0004s ]
SQL: SHOW COLUMNS FROM `qiq_app` [ RunTime:0.0025s ]
SQL: SELECT `video_wm`,`token` FROM `qiq_app` LIMIT 1   [ RunTime:0.0002s ]
SQL: SHOW COLUMNS FROM `qiq_video_block` [ RunTime:0.0024s ]
SQL: SELECT * FROM `qiq_video_block`  [ RunTime:0.0003s ]
INFO: [ view_parse ] --START--
INFO: [ template_filter ] --START--
INFO: Run Behavior\ContentReplaceBehavior [ RunTime:0.000146s ]
INFO: [ template_filter ] --END-- [ RunTime:0.000203s ]
NOTIC: [8] Undefined variable: meta_title D:\xampp\htdocs\thinkphp3.2.3\Application\Runtime\Cache\Qiqiao\c1dfa5a8a38ce0762d399a6b16cf631c.php 第 10 行.
INFO: Run Behavior\ParseTemplateBehavior [ RunTime:0.012614s ]
INFO: [ view_parse ] --END-- [ RunTime:0.012669s ]
INFO: [ view_filter ] --START--
INFO: Run Behavior\WriteHtmlCacheBehavior [ RunTime:0.000630s ]
INFO: [ view_filter ] --END-- [ RunTime:0.000668s ]
INFO: [ app_end ] --START--
INFO: Run Behavior\ShowPageTraceBehavior [ RunTime:0.000821s ]
INFO: [ app_end ] --END-- [ RunTime:0.000865s ]

[ 2017-05-02T22:24:57+08:00 ] 127.0.0.1 /thinkphp3.2.3/index.php/Qiqiao/Information/add
INFO: [ app_init ] --START--
INFO: Run Behavior\BuildLiteBehavior [ RunTime:0.000019s ]
INFO: [ app_init ] --END-- [ RunTime:0.000825s ]
INFO: [ app_begin ] --START--
INFO: Run Behavior\ReadHtmlCacheBehavior [ RunTime:0.001019s ]
INFO: [ app_begin ] --END-- [ RunTime:0.001085s ]
SQL: SHOW COLUMNS FROM `qiq_auth_group_access` [ RunTime:0.0029s ]
SQL: SELECT `uid`,`group_id`,`title`,`rules` FROM qiq_auth_group_access a INNER JOIN qiq_auth_group g on a.group_id=g.id  WHERE ( a.uid='1' and g.status='1' )  [ RunTime:0.0004s ]
SQL: SHOW COLUMNS FROM `qiq_auth_rule` [ RunTime:0.0026s ]
SQL: SELECT `condition`,`name` FROM `qiq_auth_rule` WHERE `id` IN ('1','2','3','24','6','7','8','9','11','14','16','17','18','22','23','19','21') AND `type` = 'Information' AND `status` = 1  [ RunTime:0.0003s ]
SQL: SHOW COLUMNS FROM `qiq_block` [ RunTime:0.0026s ]
SQL: SELECT * FROM `qiq_block`  [ RunTime:0.0003s ]
INFO: [ view_parse ] --START--
INFO: [ template_filter ] --START--
INFO: Run Behavior\ContentReplaceBehavior [ RunTime:0.000248s ]
INFO: [ template_filter ] --END-- [ RunTime:0.000299s ]
NOTIC: [8] Undefined variable: meta_title D:\xampp\htdocs\thinkphp3.2.3\Application\Runtime\Cache\Qiqiao\b9411c11b05935fe50fb0a8d956e5973.php 第 10 行.
INFO: Run Behavior\ParseTemplateBehavior [ RunTime:0.028518s ]
INFO: [ view_parse ] --END-- [ RunTime:0.028564s ]
INFO: [ view_filter ] --START--
INFO: Run Behavior\WriteHtmlCacheBehavior [ RunTime:0.000590s ]
INFO: [ view_filter ] --END-- [ RunTime:0.000629s ]
INFO: [ app_end ] --START--
INFO: Run Behavior\ShowPageTraceBehavior [ RunTime:0.000800s ]
INFO: [ app_end ] --END-- [ RunTime:0.000855s ]

[ 2017-05-02T22:24:58+08:00 ] 127.0.0.1 /thinkphp3.2.3/index.php/Qiqiao/Information/add
INFO: [ app_init ] --START--
INFO: Run Behavior\BuildLiteBehavior [ RunTime:0.000015s ]
INFO: [ app_init ] --END-- [ RunTime:0.000584s ]
INFO: [ app_begin ] --START--
INFO: Run Behavior\ReadHtmlCacheBehavior [ RunTime:0.000824s ]
INFO: [ app_begin ] --END-- [ RunTime:0.000895s ]
SQL: SHOW COLUMNS FROM `qiq_auth_group_access` [ RunTime:0.0129s ]
SQL: SELECT `uid`,`group_id`,`title`,`rules` FROM qiq_auth_group_access a INNER JOIN qiq_auth_group g on a.group_id=g.id  WHERE ( a.uid='1' and g.status='1' )  [ RunTime:0.0004s ]
SQL: SHOW COLUMNS FROM `qiq_auth_rule` [ RunTime:0.0035s ]
SQL: SELECT `condition`,`name` FROM `qiq_auth_rule` WHERE `id` IN ('1','2','3','24','6','7','8','9','11','14','16','17','18','22','23','19','21') AND `type` = 'Information' AND `status` = 1  [ RunTime:0.0006s ]
SQL: SHOW COLUMNS FROM `qiq_block` [ RunTime:0.0042s ]
SQL: SELECT * FROM `qiq_block`  [ RunTime:0.0004s ]
INFO: [ view_parse ] --START--
INFO: [ template_filter ] --START--
INFO: Run Behavior\ContentReplaceBehavior [ RunTime:0.000207s ]
INFO: [ template_filter ] --END-- [ RunTime:0.000258s ]
NOTIC: [8] Undefined variable: meta_title D:\xampp\htdocs\thinkphp3.2.3\Application\Runtime\Cache\Qiqiao\b9411c11b05935fe50fb0a8d956e5973.php 第 10 行.
INFO: Run Behavior\ParseTemplateBehavior [ RunTime:0.013934s ]
INFO: [ view_parse ] --END-- [ RunTime:0.013984s ]
INFO: [ view_filter ] --START--
INFO: Run Behavior\WriteHtmlCacheBehavior [ RunTime:0.000578s ]
INFO: [ view_filter ] --END-- [ RunTime:0.000626s ]
INFO: [ app_end ] --START--
INFO: Run Behavior\ShowPageTraceBehavior [ RunTime:0.000953s ]
INFO: [ app_end ] --END-- [ RunTime:0.001017s ]

[ 2017-05-02T22:24:59+08:00 ] 127.0.0.1 /thinkphp3.2.3/index.php/Qiqiao/Information/manage
INFO: [ app_init ] --START--
INFO: Run Behavior\BuildLiteBehavior [ RunTime:0.000028s ]
INFO: [ app_init ] --END-- [ RunTime:0.000762s ]
INFO: [ app_begin ] --START--
INFO: Run Behavior\ReadHtmlCacheBehavior [ RunTime:0.000884s ]
INFO: [ app_begin ] --END-- [ RunTime:0.000954s ]
SQL: SHOW COLUMNS FROM `qiq_auth_group_access` [ RunTime:0.0035s ]
SQL: SELECT `uid`,`group_id`,`title`,`rules` FROM qiq_auth_group_access a INNER JOIN qiq_auth_group g on a.group_id=g.id  WHERE ( a.uid='1' and g.status='1' )  [ RunTime:0.0005s ]
SQL: SHOW COLUMNS FROM `qiq_auth_rule` [ RunTime:0.0032s ]
SQL: SELECT `condition`,`name` FROM `qiq_auth_rule` WHERE `id` IN ('1','2','3','24','6','7','8','9','11','14','16','17','18','22','23','19','21') AND `type` = 'Information' AND `status` = 1  [ RunTime:0.0005s ]
SQL: SHOW COLUMNS FROM `qiq_block` [ RunTime:0.0032s ]
SQL: SELECT * FROM `qiq_block`  [ RunTime:0.0004s ]
SQL: select info.id,blo.blockname,info.news_title,info.news_time,info.is_send from qiq_information info , qiq_block blo where info.blockid=blo.id order by info.id desc limit 0,3 [ RunTime:0.0150s ]
SQL: select count(*) as count from qiq_information info , qiq_block blo where info.blockid=blo.id [ RunTime:0.0006s ]
INFO: [ view_parse ] --START--
INFO: [ template_filter ] --START--
INFO: Run Behavior\ContentReplaceBehavior [ RunTime:0.000228s ]
INFO: [ template_filter ] --END-- [ RunTime:0.000295s ]
NOTIC: [8] Undefined variable: meta_title D:\xampp\htdocs\thinkphp3.2.3\Application\Runtime\Cache\Qiqiao\8c782af64238d1987092f4c375758104.php 第 10 行.
INFO: Run Behavior\ParseTemplateBehavior [ RunTime:0.039595s ]
INFO: [ view_parse ] --END-- [ RunTime:0.039661s ]
INFO: [ view_filter ] --START--
INFO: Run Behavior\WriteHtmlCacheBehavior [ RunTime:0.000721s ]
INFO: [ view_filter ] --END-- [ RunTime:0.000773s ]
INFO: [ app_end ] --START--
INFO: Run Behavior\ShowPageTraceBehavior [ RunTime:0.000993s ]
INFO: [ app_end ] --END-- [ RunTime:0.001053s ]

[ 2017-05-02T22:24:59+08:00 ] 127.0.0.1 /thinkphp3.2.3/index.php/Qiqiao/Information/manage
INFO: [ app_init ] --START--
INFO: Run Behavior\BuildLiteBehavior [ RunTime:0.000013s ]
INFO: [ app_init ] --END-- [ RunTime:0.000466s ]
INFO: [ app_begin ] --START--
INFO: Run Behavior\ReadHtmlCacheBehavior [ RunTime:0.000639s ]
INFO: [ app_begin ] --END-- [ RunTime:0.000686s ]
SQL: SHOW COLUMNS FROM `qiq_auth_group_access` [ RunTime:0.0026s ]
SQL: SELECT `uid`,`group_id`,`title`,`rules` FROM qiq_auth_group_access a INNER JOIN qiq_auth_group g on a.group_id=g.id  WHERE ( a.uid='1' and g.status='1' )  [ RunTime:0.0003s ]
SQL: SHOW COLUMNS FROM `qiq_auth_rule` [ RunTime:0.0024s ]
SQL: SELECT `condition`,`name` FROM `qiq_auth_rule` WHERE `id` IN ('1','2','3','24','6','7','8','9','11','14','16','17','18','22','23','19','21') AND `type` = 'Information' AND `status` = 1  [ RunTime:0.0003s ]
SQL: SHOW COLUMNS FROM `qiq_block` [ RunTime:0.0025s ]
SQL: SELECT * FROM `qiq_block`  [ RunTime:0.0002s ]
SQL: select info.id,blo.blockname,info.news_title,info.news_time,info.is_send from qiq_information info , qiq_block blo where info.blockid=blo.id order by info.id desc limit 0,3 [ RunTime:0.0006s ]
SQL: select count(*) as count from qiq_information info , qiq_block blo where info.blockid=blo.id [ RunTime:0.0004s ]
INFO: [ view_parse ] --START--
INFO: [ template_filter ] --START--
INFO: Run Behavior\ContentReplaceBehavior [ RunTime:0.000170s ]
INFO: [ template_filter ] --END-- [ RunTime:0.000217s ]
NOTIC: [8] Undefined variable: meta_title D:\xampp\htdocs\thinkphp3.2.3\Application\Runtime\Cache\Qiqiao\8c782af64238d1987092f4c375758104.php 第 10 行.
INFO: Run Behavior\ParseTemplateBehavior [ RunTime:0.014894s ]
INFO: [ view_parse ] --END-- [ RunTime:0.014958s ]
INFO: [ view_filter ] --START--
INFO: Run Behavior\WriteHtmlCacheBehavior [ RunTime:0.000619s ]
INFO: [ view_filter ] --END-- [ RunTime:0.000657s ]
INFO: [ app_end ] --START--
INFO: Run Behavior\ShowPageTraceBehavior [ RunTime:0.000732s ]
INFO: [ app_end ] --END-- [ RunTime:0.000779s ]

[ 2017-05-02T22:25:53+08:00 ] 127.0.0.1 /thinkphp3.2.3/index.php/Qiqiao/Plan/planmanage
INFO: [ app_init ] --START--
INFO: Run Behavior\BuildLiteBehavior [ RunTime:0.000018s ]
INFO: [ app_init ] --END-- [ RunTime:0.000623s ]
INFO: [ app_begin ] --START--
INFO: Run Behavior\ReadHtmlCacheBehavior [ RunTime:0.000886s ]
INFO: [ app_begin ] --END-- [ RunTime:0.000945s ]
SQL: SHOW COLUMNS FROM `qiq_auth_group_access` [ RunTime:0.0044s ]
SQL: SELECT `uid`,`group_id`,`title`,`rules` FROM qiq_auth_group_access a INNER JOIN qiq_auth_group g on a.group_id=g.id  WHERE ( a.uid='1' and g.status='1' )  [ RunTime:0.0006s ]
SQL: SHOW COLUMNS FROM `qiq_auth_rule` [ RunTime:0.0039s ]
SQL: SELECT `condition`,`name` FROM `qiq_auth_rule` WHERE `id` IN ('1','2','3','24','6','7','8','9','11','14','16','17','18','22','23','19','21') AND `type` = 'Plan' AND `status` = 1  [ RunTime:0.0006s ]
SQL: select p.plan_highlights,p.plan_rule,blo.name,p.id,p.Uid,p.Tid,p.plan_type,p.plan_route,p.plan_title,p.planup_time,plan_stage,p.plan_summary,p.plan_cover,p.plan_state,p.plan_times,u.username from qiq_plan p,qiq_user u,qiq_plan_block blo where p.Uid=u.id and blo.id=p.plan_stage limit 0,3 [ RunTime:0.0253s ]
SQL: SHOW COLUMNS FROM `qiq_video_block` [ RunTime:0.0065s ]
SQL: SELECT * FROM `qiq_video_block` WHERE `id` = 1 LIMIT 1   [ RunTime:0.0007s ]
SQL: SELECT * FROM `qiq_video_block` WHERE `id` = 2 LIMIT 1   [ RunTime:0.0006s ]
SQL: SELECT * FROM `qiq_video_block` WHERE `id` = 3 LIMIT 1   [ RunTime:0.0007s ]
SQL: SHOW COLUMNS FROM `qiq_team` [ RunTime:0.0063s ]
SQL: SELECT * FROM `qiq_team` WHERE `Uid` = 35 LIMIT 1   [ RunTime:0.0009s ]
SQL: SHOW COLUMNS FROM `qiq_teammember` [ RunTime:0.0067s ]
SQL: SELECT * FROM `qiq_teammember` WHERE `Tid` = 5  [ RunTime:0.0119s ]
SQL: select count(*) as count from qiq_plan [ RunTime:0.0006s ]
INFO: [ view_parse ] --START--
INFO: [ template_filter ] --START--
INFO: Run Behavior\ContentReplaceBehavior [ RunTime:0.000320s ]
INFO: [ template_filter ] --END-- [ RunTime:0.000408s ]
NOTIC: [8] Undefined variable: meta_title D:\xampp\htdocs\thinkphp3.2.3\Application\Runtime\Cache\Qiqiao\81977b5a0d827fe6c449d77f4f3475a2.php 第 10 行.
INFO: Run Behavior\ParseTemplateBehavior [ RunTime:0.109045s ]
INFO: [ view_parse ] --END-- [ RunTime:0.109207s ]
INFO: [ view_filter ] --START--
INFO: Run Behavior\WriteHtmlCacheBehavior [ RunTime:0.001465s ]
INFO: [ view_filter ] --END-- [ RunTime:0.001571s ]
INFO: [ app_end ] --START--
INFO: Run Behavior\ShowPageTraceBehavior [ RunTime:0.001903s ]
INFO: [ app_end ] --END-- [ RunTime:0.002021s ]

[ 2017-05-02T22:25:53+08:00 ] 127.0.0.1 /thinkphp3.2.3/index.php/Qiqiao/Plan/planmanage
INFO: [ app_init ] --START--
INFO: Run Behavior\BuildLiteBehavior [ RunTime:0.000013s ]
INFO: [ app_init ] --END-- [ RunTime:0.000487s ]
INFO: [ app_begin ] --START--
INFO: Run Behavior\ReadHtmlCacheBehavior [ RunTime:0.000746s ]
INFO: [ app_begin ] --END-- [ RunTime:0.000798s ]
SQL: SHOW COLUMNS FROM `qiq_auth_group_access` [ RunTime:0.0027s ]
SQL: SELECT `uid`,`group_id`,`title`,`rules` FROM qiq_auth_group_access a INNER JOIN qiq_auth_group g on a.group_id=g.id  WHERE ( a.uid='1' and g.status='1' )  [ RunTime:0.0004s ]
SQL: SHOW COLUMNS FROM `qiq_auth_rule` [ RunTime:0.0025s ]
SQL: SELECT `condition`,`name` FROM `qiq_auth_rule` WHERE `id` IN ('1','2','3','24','6','7','8','9','11','14','16','17','18','22','23','19','21') AND `type` = 'Plan' AND `status` = 1  [ RunTime:0.0004s ]
SQL: select p.plan_highlights,p.plan_rule,blo.name,p.id,p.Uid,p.Tid,p.plan_type,p.plan_route,p.plan_title,p.planup_time,plan_stage,p.plan_summary,p.plan_cover,p.plan_state,p.plan_times,u.username from qiq_plan p,qiq_user u,qiq_plan_block blo where p.Uid=u.id and blo.id=p.plan_stage limit 0,3 [ RunTime:0.0005s ]
SQL: SHOW COLUMNS FROM `qiq_video_block` [ RunTime:0.0025s ]
SQL: SELECT * FROM `qiq_video_block` WHERE `id` = 1 LIMIT 1   [ RunTime:0.0003s ]
SQL: SELECT * FROM `qiq_video_block` WHERE `id` = 2 LIMIT 1   [ RunTime:0.0003s ]
SQL: SELECT * FROM `qiq_video_block` WHERE `id` = 3 LIMIT 1   [ RunTime:0.0003s ]
SQL: SHOW COLUMNS FROM `qiq_team` [ RunTime:0.0025s ]
SQL: SELECT * FROM `qiq_team` WHERE `Uid` = 35 LIMIT 1   [ RunTime:0.0003s ]
SQL: SHOW COLUMNS FROM `qiq_teammember` [ RunTime:0.0025s ]
SQL: SELECT * FROM `qiq_teammember` WHERE `Tid` = 5  [ RunTime:0.0003s ]
SQL: select count(*) as count from qiq_plan [ RunTime:0.0002s ]
INFO: [ view_parse ] --START--
INFO: [ template_filter ] --START--
INFO: Run Behavior\ContentReplaceBehavior [ RunTime:0.000183s ]
INFO: [ template_filter ] --END-- [ RunTime:0.000230s ]
NOTIC: [8] Undefined variable: meta_title D:\xampp\htdocs\thinkphp3.2.3\Application\Runtime\Cache\Qiqiao\81977b5a0d827fe6c449d77f4f3475a2.php 第 10 行.
INFO: Run Behavior\ParseTemplateBehavior [ RunTime:0.017375s ]
INFO: [ view_parse ] --END-- [ RunTime:0.017419s ]
INFO: [ view_filter ] --START--
INFO: Run Behavior\WriteHtmlCacheBehavior [ RunTime:0.000571s ]
INFO: [ view_filter ] --END-- [ RunTime:0.000604s ]
INFO: [ app_end ] --START--
INFO: Run Behavior\ShowPageTraceBehavior [ RunTime:0.000744s ]
INFO: [ app_end ] --END-- [ RunTime:0.000785s ]

[ 2017-05-02T22:26:57+08:00 ] 127.0.0.1 /thinkphp3.2.3/index.php/Qiqiao/Plan/titlemanage
INFO: [ app_init ] --START--
INFO: Run Behavior\BuildLiteBehavior [ RunTime:0.000018s ]
INFO: [ app_init ] --END-- [ RunTime:0.000652s ]
INFO: [ app_begin ] --START--
INFO: Run Behavior\ReadHtmlCacheBehavior [ RunTime:0.001010s ]
INFO: [ app_begin ] --END-- [ RunTime:0.001073s ]
SQL: SHOW COLUMNS FROM `qiq_auth_group_access` [ RunTime:0.0036s ]
SQL: SELECT `uid`,`group_id`,`title`,`rules` FROM qiq_auth_group_access a INNER JOIN qiq_auth_group g on a.group_id=g.id  WHERE ( a.uid='1' and g.status='1' )  [ RunTime:0.0005s ]
SQL: SHOW COLUMNS FROM `qiq_auth_rule` [ RunTime:0.0031s ]
SQL: SELECT `condition`,`name` FROM `qiq_auth_rule` WHERE `id` IN ('1','2','3','24','6','7','8','9','11','14','16','17','18','22','23','19','21') AND `type` = 'Plan' AND `status` = 1  [ RunTime:0.0005s ]
SQL: select t.id,t.team_name,t.team_slogan,t.team_summary,t.team_pic,t.status,u.username from qiq_team t,qiq_user u where t.Uid=u.id limit 0,3 [ RunTime:0.0005s ]
SQL: SHOW COLUMNS FROM `qiq_teammember` [ RunTime:0.0033s ]
SQL: SELECT * FROM `qiq_teammember` WHERE `Tid` = 1  [ RunTime:0.0004s ]
SQL: SELECT * FROM `qiq_teammember` WHERE `Tid` = 2  [ RunTime:0.0003s ]
SQL: SELECT * FROM `qiq_teammember` WHERE `Tid` = 3  [ RunTime:0.0003s ]
SQL: SHOW COLUMNS FROM `qiq_video` [ RunTime:0.0033s ]
SQL: SELECT * FROM `qiq_video` WHERE `Tid` = 1  [ RunTime:0.0004s ]
SQL: SELECT * FROM `qiq_video` WHERE `Tid` = 2  [ RunTime:0.0004s ]
SQL: SELECT * FROM `qiq_video` WHERE `Tid` = 3  [ RunTime:0.0004s ]
SQL: select count(*) as count from qiq_team [ RunTime:0.0003s ]
INFO: [ view_parse ] --START--
INFO: [ template_filter ] --START--
INFO: Run Behavior\ContentReplaceBehavior [ RunTime:0.000239s ]
INFO: [ template_filter ] --END-- [ RunTime:0.000302s ]
NOTIC: [8] Undefined variable: meta_title D:\xampp\htdocs\thinkphp3.2.3\Application\Runtime\Cache\Qiqiao\49967adf3a28839a890324577cf7e011.php 第 10 行.
NOTIC: [8] Undefined offset: 1 D:\xampp\htdocs\thinkphp3.2.3\Application\Runtime\Cache\Qiqiao\49967adf3a28839a890324577cf7e011.php 第 391 行.
NOTIC: [8] Undefined offset: 2 D:\xampp\htdocs\thinkphp3.2.3\Application\Runtime\Cache\Qiqiao\49967adf3a28839a890324577cf7e011.php 第 391 行.
INFO: Run Behavior\ParseTemplateBehavior [ RunTime:0.045337s ]
INFO: [ view_parse ] --END-- [ RunTime:0.045399s ]
INFO: [ view_filter ] --START--
INFO: Run Behavior\WriteHtmlCacheBehavior [ RunTime:0.001125s ]
INFO: [ view_filter ] --END-- [ RunTime:0.001200s ]
INFO: [ app_end ] --START--
INFO: Run Behavior\ShowPageTraceBehavior [ RunTime:0.003139s ]
INFO: [ app_end ] --END-- [ RunTime:0.003331s ]

[ 2017-05-02T22:26:57+08:00 ] 127.0.0.1 /thinkphp3.2.3/index.php/Qiqiao/Plan/titlemanage
INFO: [ app_init ] --START--
INFO: Run Behavior\BuildLiteBehavior [ RunTime:0.000012s ]
INFO: [ app_init ] --END-- [ RunTime:0.000451s ]
INFO: [ app_begin ] --START--
INFO: Run Behavior\ReadHtmlCacheBehavior [ RunTime:0.001214s ]
INFO: [ app_begin ] --END-- [ RunTime:0.001308s ]
SQL: SHOW COLUMNS FROM `qiq_auth_group_access` [ RunTime:0.0028s ]
SQL: SELECT `uid`,`group_id`,`title`,`rules` FROM qiq_auth_group_access a INNER JOIN qiq_auth_group g on a.group_id=g.id  WHERE ( a.uid='1' and g.status='1' )  [ RunTime:0.0004s ]
SQL: SHOW COLUMNS FROM `qiq_auth_rule` [ RunTime:0.0025s ]
SQL: SELECT `condition`,`name` FROM `qiq_auth_rule` WHERE `id` IN ('1','2','3','24','6','7','8','9','11','14','16','17','18','22','23','19','21') AND `type` = 'Plan' AND `status` = 1  [ RunTime:0.0004s ]
SQL: select t.id,t.team_name,t.team_slogan,t.team_summary,t.team_pic,t.status,u.username from qiq_team t,qiq_user u where t.Uid=u.id limit 0,3 [ RunTime:0.0004s ]
SQL: SHOW COLUMNS FROM `qiq_teammember` [ RunTime:0.0028s ]
SQL: SELECT * FROM `qiq_teammember` WHERE `Tid` = 1  [ RunTime:0.0004s ]
SQL: SELECT * FROM `qiq_teammember` WHERE `Tid` = 2  [ RunTime:0.0003s ]
SQL: SELECT * FROM `qiq_teammember` WHERE `Tid` = 3  [ RunTime:0.0003s ]
SQL: SHOW COLUMNS FROM `qiq_video` [ RunTime:0.0027s ]
SQL: SELECT * FROM `qiq_video` WHERE `Tid` = 1  [ RunTime:0.0002s ]
SQL: SELECT * FROM `qiq_video` WHERE `Tid` = 2  [ RunTime:0.0002s ]
SQL: SELECT * FROM `qiq_video` WHERE `Tid` = 3  [ RunTime:0.0002s ]
SQL: select count(*) as count from qiq_team [ RunTime:0.0001s ]
INFO: [ view_parse ] --START--
INFO: [ template_filter ] --START--
INFO: Run Behavior\ContentReplaceBehavior [ RunTime:0.000201s ]
INFO: [ template_filter ] --END-- [ RunTime:0.000252s ]
NOTIC: [8] Undefined variable: meta_title D:\xampp\htdocs\thinkphp3.2.3\Application\Runtime\Cache\Qiqiao\49967adf3a28839a890324577cf7e011.php 第 10 行.
NOTIC: [8] Undefined offset: 1 D:\xampp\htdocs\thinkphp3.2.3\Application\Runtime\Cache\Qiqiao\49967adf3a28839a890324577cf7e011.php 第 391 行.
NOTIC: [8] Undefined offset: 2 D:\xampp\htdocs\thinkphp3.2.3\Application\Runtime\Cache\Qiqiao\49967adf3a28839a890324577cf7e011.php 第 391 行.
INFO: Run Behavior\ParseTemplateBehavior [ RunTime:0.017315s ]
INFO: [ view_parse ] --END-- [ RunTime:0.017359s ]
INFO: [ view_filter ] --START--
INFO: Run Behavior\WriteHtmlCacheBehavior [ RunTime:0.000527s ]
INFO: [ view_filter ] --END-- [ RunTime:0.000559s ]
INFO: [ app_end ] --START--
INFO: Run Behavior\ShowPageTraceBehavior [ RunTime:0.000770s ]
INFO: [ app_end ] --END-- [ RunTime:0.000816s ]

[ 2017-05-02T23:04:15+08:00 ] 127.0.0.1 /thinkphp3.2.3/index.php/Qiqiao/Public/login
INFO: [ app_init ] --START--
INFO: Run Behavior\BuildLiteBehavior [ RunTime:0.000013s ]
INFO: [ app_init ] --END-- [ RunTime:0.000504s ]
INFO: [ app_begin ] --START--
INFO: Run Behavior\ReadHtmlCacheBehavior [ RunTime:0.000812s ]
INFO: [ app_begin ] --END-- [ RunTime:0.000860s ]
INFO: [ view_parse ] --START--
INFO: [ template_filter ] --START--
INFO: Run Behavior\ContentReplaceBehavior [ RunTime:0.000052s ]
INFO: [ template_filter ] --END-- [ RunTime:0.000093s ]
INFO: Run Behavior\ParseTemplateBehavior [ RunTime:0.006113s ]
INFO: [ view_parse ] --END-- [ RunTime:0.006158s ]
INFO: [ view_filter ] --START--
INFO: Run Behavior\WriteHtmlCacheBehavior [ RunTime:0.000556s ]
INFO: [ view_filter ] --END-- [ RunTime:0.000590s ]
INFO: [ app_end ] --START--
INFO: Run Behavior\ShowPageTraceBehavior [ RunTime:0.000773s ]
INFO: [ app_end ] --END-- [ RunTime:0.000811s ]

[ 2017-05-02T23:04:15+08:00 ] 127.0.0.1 /thinkphp3.2.3/index.php/Qiqiao/Public/verifyImg
INFO: [ app_init ] --START--
INFO: Run Behavior\BuildLiteBehavior [ RunTime:0.000014s ]
INFO: [ app_init ] --END-- [ RunTime:0.000464s ]
INFO: [ app_begin ] --START--
INFO: Run Behavior\ReadHtmlCacheBehavior [ RunTime:0.000723s ]
INFO: [ app_begin ] --END-- [ RunTime:0.000770s ]
INFO: [ app_end ] --START--
INFO: Run Behavior\ShowPageTraceBehavior [ RunTime:0.000797s ]
INFO: [ app_end ] --END-- [ RunTime:0.000853s ]

[ 2017-05-02T23:04:15+08:00 ] 127.0.0.1 /thinkphp3.2.3/index.php/Qiqiao/Public/login
INFO: [ app_init ] --START--
INFO: Run Behavior\BuildLiteBehavior [ RunTime:0.000020s ]
INFO: [ app_init ] --END-- [ RunTime:0.000563s ]
INFO: [ app_begin ] --START--
INFO: Run Behavior\ReadHtmlCacheBehavior [ RunTime:0.001059s ]
INFO: [ app_begin ] --END-- [ RunTime:0.001170s ]
INFO: [ view_parse ] --START--
INFO: [ template_filter ] --START--
INFO: Run Behavior\ContentReplaceBehavior [ RunTime:0.000090s ]
INFO: [ template_filter ] --END-- [ RunTime:0.000148s ]
INFO: Run Behavior\ParseTemplateBehavior [ RunTime:0.007872s ]
INFO: [ view_parse ] --END-- [ RunTime:0.007954s ]
INFO: [ view_filter ] --START--
INFO: Run Behavior\WriteHtmlCacheBehavior [ RunTime:0.000622s ]
INFO: [ view_filter ] --END-- [ RunTime:0.000662s ]
INFO: [ app_end ] --START--
INFO: Run Behavior\ShowPageTraceBehavior [ RunTime:0.000769s ]
INFO: [ app_end ] --END-- [ RunTime:0.000808s ]

