[ 2017-04-03T19:18:29+08:00 ] 127.0.0.1 /thinkphp3.2.3/index.php/Qiqiao/Public/login
INFO: [ app_init ] --START--
INFO: Run Behavior\BuildLiteBehavior [ RunTime:0.000014s ]
INFO: [ app_init ] --END-- [ RunTime:0.014226s ]
INFO: [ app_begin ] --START--
INFO: Run Behavior\ReadHtmlCacheBehavior [ RunTime:0.000839s ]
INFO: [ app_begin ] --END-- [ RunTime:0.000901s ]
INFO: [ view_parse ] --START--
INFO: [ template_filter ] --START--
INFO: Run Behavior\ContentReplaceBehavior [ RunTime:0.005486s ]
INFO: [ template_filter ] --END-- [ RunTime:0.005545s ]
INFO: Run Behavior\ParseTemplateBehavior [ RunTime:0.011197s ]
INFO: [ view_parse ] --END-- [ RunTime:0.011245s ]
INFO: [ view_filter ] --START--
INFO: Run Behavior\WriteHtmlCacheBehavior [ RunTime:0.000478s ]
INFO: [ view_filter ] --END-- [ RunTime:0.000515s ]
INFO: [ app_end ] --START--
INFO: Run Behavior\ShowPageTraceBehavior [ RunTime:0.000648s ]
INFO: [ app_end ] --END-- [ RunTime:0.000687s ]

[ 2017-04-03T19:18:30+08:00 ] 127.0.0.1 /thinkphp3.2.3/index.php/Qiqiao/Public/verifyImg
INFO: [ app_init ] --START--
INFO: Run Behavior\BuildLiteBehavior [ RunTime:0.000015s ]
INFO: [ app_init ] --END-- [ RunTime:0.000506s ]
INFO: [ app_begin ] --START--
INFO: Run Behavior\ReadHtmlCacheBehavior [ RunTime:0.000659s ]
INFO: [ app_begin ] --END-- [ RunTime:0.000714s ]
INFO: [ app_end ] --START--
INFO: Run Behavior\ShowPageTraceBehavior [ RunTime:0.000964s ]
INFO: [ app_end ] --END-- [ RunTime:0.001065s ]

[ 2017-04-03T19:18:30+08:00 ] 127.0.0.1 /thinkphp3.2.3/index.php/Qiqiao/Public/login
INFO: [ app_init ] --START--
INFO: Run Behavior\BuildLiteBehavior [ RunTime:0.000012s ]
INFO: [ app_init ] --END-- [ RunTime:0.000399s ]
INFO: [ app_begin ] --START--
INFO: Run Behavior\ReadHtmlCacheBehavior [ RunTime:0.000519s ]
INFO: [ app_begin ] --END-- [ RunTime:0.000571s ]
INFO: [ view_parse ] --START--
INFO: [ template_filter ] --START--
INFO: Run Behavior\ContentReplaceBehavior [ RunTime:0.000054s ]
INFO: [ template_filter ] --END-- [ RunTime:0.000101s ]
INFO: Run Behavior\ParseTemplateBehavior [ RunTime:0.005412s ]
INFO: [ view_parse ] --END-- [ RunTime:0.005456s ]
INFO: [ view_filter ] --START--
INFO: Run Behavior\WriteHtmlCacheBehavior [ RunTime:0.000393s ]
INFO: [ view_filter ] --END-- [ RunTime:0.000426s ]
INFO: [ app_end ] --START--
INFO: Run Behavior\ShowPageTraceBehavior [ RunTime:0.000555s ]
INFO: [ app_end ] --END-- [ RunTime:0.000589s ]

[ 2017-04-03T19:19:39+08:00 ] 127.0.0.1 /thinkphp3.2.3/index.php/Qiqiao/Public/login
INFO: [ app_init ] --START--
INFO: Run Behavior\BuildLiteBehavior [ RunTime:0.000016s ]
INFO: [ app_init ] --END-- [ RunTime:0.000533s ]
INFO: [ app_begin ] --START--
INFO: Run Behavior\ReadHtmlCacheBehavior [ RunTime:0.000618s ]
INFO: [ app_begin ] --END-- [ RunTime:0.000675s ]
INFO: [ view_parse ] --START--
INFO: [ template_filter ] --START--
INFO: Run Behavior\ContentReplaceBehavior [ RunTime:0.000114s ]
INFO: [ template_filter ] --END-- [ RunTime:0.000214s ]
INFO: Run Behavior\ParseTemplateBehavior [ RunTime:0.006636s ]
INFO: [ view_parse ] --END-- [ RunTime:0.006703s ]
INFO: [ view_filter ] --START--
INFO: Run Behavior\WriteHtmlCacheBehavior [ RunTime:0.000487s ]
INFO: [ view_filter ] --END-- [ RunTime:0.000549s ]
ERR: SQLSTATE[HY000] [1045] Access denied for user 'root'@'localhost' (using password: YES)

[ 2017-04-03T19:21:49+08:00 ] 127.0.0.1 /thinkphp3.2.3/index.php/Qiqiao/Public/login
INFO: [ app_init ] --START--
INFO: Run Behavior\BuildLiteBehavior [ RunTime:0.000012s ]
INFO: [ app_init ] --END-- [ RunTime:0.000581s ]
INFO: [ app_begin ] --START--
INFO: Run Behavior\ReadHtmlCacheBehavior [ RunTime:0.001227s ]
INFO: [ app_begin ] --END-- [ RunTime:0.001270s ]
INFO: [ view_parse ] --START--
INFO: [ template_filter ] --START--
INFO: Run Behavior\ContentReplaceBehavior [ RunTime:0.000058s ]
INFO: [ template_filter ] --END-- [ RunTime:0.000113s ]
INFO: Run Behavior\ParseTemplateBehavior [ RunTime:0.008443s ]
INFO: [ view_parse ] --END-- [ RunTime:0.008487s ]
INFO: [ view_filter ] --START--
INFO: Run Behavior\WriteHtmlCacheBehavior [ RunTime:0.001056s ]
INFO: [ view_filter ] --END-- [ RunTime:0.001091s ]
INFO: [ app_end ] --START--
INFO: Run Behavior\ShowPageTraceBehavior [ RunTime:0.001244s ]
INFO: [ app_end ] --END-- [ RunTime:0.001280s ]

[ 2017-04-03T19:21:55+08:00 ] 127.0.0.1 /thinkphp3.2.3/index.php/Qiqiao/Public/verifyImg/random0.4409434787649531
INFO: [ app_init ] --START--
INFO: Run Behavior\BuildLiteBehavior [ RunTime:0.000012s ]
INFO: [ app_init ] --END-- [ RunTime:0.000479s ]
INFO: [ app_begin ] --START--
INFO: Run Behavior\ReadHtmlCacheBehavior [ RunTime:0.000673s ]
INFO: [ app_begin ] --END-- [ RunTime:0.000718s ]
INFO: [ app_end ] --START--
INFO: Run Behavior\ShowPageTraceBehavior [ RunTime:0.000686s ]
INFO: [ app_end ] --END-- [ RunTime:0.000730s ]

[ 2017-04-03T19:22:00+08:00 ] 127.0.0.1 /thinkphp3.2.3/index.php/Qiqiao/Public/login
INFO: [ app_init ] --START--
INFO: Run Behavior\BuildLiteBehavior [ RunTime:0.000014s ]
INFO: [ app_init ] --END-- [ RunTime:0.000550s ]
INFO: [ app_begin ] --START--
INFO: Run Behavior\ReadHtmlCacheBehavior [ RunTime:0.000872s ]
INFO: [ app_begin ] --END-- [ RunTime:0.000930s ]
INFO: [ view_parse ] --START--
INFO: [ template_filter ] --START--
INFO: Run Behavior\ContentReplaceBehavior [ RunTime:0.000068s ]
INFO: [ template_filter ] --END-- [ RunTime:0.000120s ]
INFO: Run Behavior\ParseTemplateBehavior [ RunTime:0.007778s ]
INFO: [ view_parse ] --END-- [ RunTime:0.007838s ]
INFO: [ view_filter ] --START--
INFO: Run Behavior\WriteHtmlCacheBehavior [ RunTime:0.000619s ]
INFO: [ view_filter ] --END-- [ RunTime:0.000664s ]
ERR: SQLSTATE[HY000] [1049] Unknown database 'qiqiao'

[ 2017-04-03T19:24:45+08:00 ] 127.0.0.1 /thinkphp3.2.3/index.php/Qiqiao/Public/login
INFO: [ app_init ] --START--
INFO: Run Behavior\BuildLiteBehavior [ RunTime:0.000014s ]
INFO: [ app_init ] --END-- [ RunTime:0.000602s ]
INFO: [ app_begin ] --START--
INFO: Run Behavior\ReadHtmlCacheBehavior [ RunTime:0.001193s ]
INFO: [ app_begin ] --END-- [ RunTime:0.001251s ]
INFO: [ view_parse ] --START--
INFO: [ template_filter ] --START--
INFO: Run Behavior\ContentReplaceBehavior [ RunTime:0.000055s ]
INFO: [ template_filter ] --END-- [ RunTime:0.000105s ]
INFO: Run Behavior\ParseTemplateBehavior [ RunTime:0.007900s ]
INFO: [ view_parse ] --END-- [ RunTime:0.007947s ]
INFO: [ view_filter ] --START--
INFO: Run Behavior\WriteHtmlCacheBehavior [ RunTime:0.001016s ]
INFO: [ view_filter ] --END-- [ RunTime:0.001051s ]
INFO: [ view_parse ] --START--
INFO: [ template_filter ] --START--
INFO: Run Behavior\ContentReplaceBehavior [ RunTime:0.000039s ]
INFO: [ template_filter ] --END-- [ RunTime:-0.005382s ]
INFO: Run Behavior\ParseTemplateBehavior [ RunTime:0.003081s ]
INFO: [ view_parse ] --END-- [ RunTime:-0.002819s ]
INFO: [ view_filter ] --START--
INFO: Run Behavior\WriteHtmlCacheBehavior [ RunTime:0.000012s ]
INFO: [ view_filter ] --END-- [ RunTime:-0.004907s ]

[ 2017-04-03T19:24:46+08:00 ] 127.0.0.1 /thinkphp3.2.3/index.php/Qiqiao/Public/login
INFO: [ app_init ] --START--
INFO: Run Behavior\BuildLiteBehavior [ RunTime:0.000015s ]
INFO: [ app_init ] --END-- [ RunTime:0.000862s ]
INFO: [ app_begin ] --START--
INFO: Run Behavior\ReadHtmlCacheBehavior [ RunTime:0.001303s ]
INFO: [ app_begin ] --END-- [ RunTime:0.001369s ]
INFO: [ view_parse ] --START--
INFO: [ template_filter ] --START--
INFO: Run Behavior\ContentReplaceBehavior [ RunTime:0.000053s ]
INFO: [ template_filter ] --END-- [ RunTime:0.000098s ]
INFO: Run Behavior\ParseTemplateBehavior [ RunTime:0.007560s ]
INFO: [ view_parse ] --END-- [ RunTime:0.007602s ]
INFO: [ view_filter ] --START--
INFO: Run Behavior\WriteHtmlCacheBehavior [ RunTime:0.001077s ]
INFO: [ view_filter ] --END-- [ RunTime:0.001121s ]
INFO: [ app_end ] --START--
INFO: Run Behavior\ShowPageTraceBehavior [ RunTime:0.001334s ]
INFO: [ app_end ] --END-- [ RunTime:0.001380s ]

[ 2017-04-03T19:24:46+08:00 ] 127.0.0.1 /thinkphp3.2.3/index.php/Qiqiao/Public/verifyImg
INFO: [ app_init ] --START--
INFO: Run Behavior\BuildLiteBehavior [ RunTime:0.000014s ]
INFO: [ app_init ] --END-- [ RunTime:0.000601s ]
INFO: [ app_begin ] --START--
INFO: Run Behavior\ReadHtmlCacheBehavior [ RunTime:0.001579s ]
INFO: [ app_begin ] --END-- [ RunTime:0.001650s ]
INFO: [ app_end ] --START--
INFO: Run Behavior\ShowPageTraceBehavior [ RunTime:0.001284s ]
INFO: [ app_end ] --END-- [ RunTime:0.001338s ]

[ 2017-04-03T19:24:46+08:00 ] 127.0.0.1 /thinkphp3.2.3/index.php/Qiqiao/Public/login
INFO: [ app_init ] --START--
INFO: Run Behavior\BuildLiteBehavior [ RunTime:0.000012s ]
INFO: [ app_init ] --END-- [ RunTime:0.000589s ]
INFO: [ app_begin ] --START--
INFO: Run Behavior\ReadHtmlCacheBehavior [ RunTime:0.001254s ]
INFO: [ app_begin ] --END-- [ RunTime:0.001316s ]
INFO: [ view_parse ] --START--
INFO: [ template_filter ] --START--
INFO: Run Behavior\ContentReplaceBehavior [ RunTime:0.000055s ]
INFO: [ template_filter ] --END-- [ RunTime:0.000104s ]
INFO: Run Behavior\ParseTemplateBehavior [ RunTime:0.007633s ]
INFO: [ view_parse ] --END-- [ RunTime:0.007691s ]
INFO: [ view_filter ] --START--
INFO: Run Behavior\WriteHtmlCacheBehavior [ RunTime:0.001077s ]
INFO: [ view_filter ] --END-- [ RunTime:0.001115s ]
INFO: [ app_end ] --START--
INFO: Run Behavior\ShowPageTraceBehavior [ RunTime:0.001248s ]
INFO: [ app_end ] --END-- [ RunTime:0.001289s ]

[ 2017-04-03T19:24:54+08:00 ] 127.0.0.1 /thinkphp3.2.3/index.php/Qiqiao/Public/login
INFO: [ app_init ] --START--
INFO: Run Behavior\BuildLiteBehavior [ RunTime:0.000011s ]
INFO: [ app_init ] --END-- [ RunTime:0.000603s ]
INFO: [ app_begin ] --START--
INFO: Run Behavior\ReadHtmlCacheBehavior [ RunTime:0.001193s ]
INFO: [ app_begin ] --END-- [ RunTime:0.001241s ]
INFO: [ view_parse ] --START--
INFO: [ template_filter ] --START--
INFO: Run Behavior\ContentReplaceBehavior [ RunTime:0.000050s ]
INFO: [ template_filter ] --END-- [ RunTime:0.000088s ]
INFO: Run Behavior\ParseTemplateBehavior [ RunTime:0.007576s ]
INFO: [ view_parse ] --END-- [ RunTime:0.007617s ]
INFO: [ view_filter ] --START--
INFO: Run Behavior\WriteHtmlCacheBehavior [ RunTime:0.001007s ]
INFO: [ view_filter ] --END-- [ RunTime:0.001041s ]
SQL: SHOW COLUMNS FROM `qiq_admin` [ RunTime:0.1132s ]
SQL: SELECT * FROM `qiq_admin` WHERE `name` = 'admin' LIMIT 1   [ RunTime:0.0011s ]
SQL: SELECT `real_name` FROM `qiq_admin` WHERE `id` = 1 LIMIT 1   [ RunTime:0.0007s ]
SQL: SHOW COLUMNS FROM `qiq_log` [ RunTime:0.0749s ]
SQL: INSERT INTO `qiq_log` (`user`,`name`,`time`,`ip`,`action`) VALUES ('陈荣辉','登录','2017-04-03 19:24:54','127.0.0.1','陈荣辉登录后台系统') [ RunTime:0.0790s ]
INFO: [ view_parse ] --START--
INFO: [ template_filter ] --START--
INFO: Run Behavior\ContentReplaceBehavior [ RunTime:0.000058s ]
INFO: [ template_filter ] --END-- [ RunTime:-0.345370s ]
INFO: Run Behavior\ParseTemplateBehavior [ RunTime:0.004093s ]
INFO: [ view_parse ] --END-- [ RunTime:-0.342331s ]
INFO: [ view_filter ] --START--
INFO: Run Behavior\WriteHtmlCacheBehavior [ RunTime:0.000017s ]
INFO: [ view_filter ] --END-- [ RunTime:-0.345466s ]
INFO: [ app_end ] --START--
INFO: Run Behavior\ShowPageTraceBehavior [ RunTime:0.002093s ]
INFO: [ app_end ] --END-- [ RunTime:0.002154s ]

[ 2017-04-03T19:24:56+08:00 ] 127.0.0.1 /thinkphp3.2.3/index.php/Qiqiao/Index/index
INFO: [ app_init ] --START--
INFO: Run Behavior\BuildLiteBehavior [ RunTime:0.000014s ]
INFO: [ app_init ] --END-- [ RunTime:0.000657s ]
INFO: [ app_begin ] --START--
INFO: Run Behavior\ReadHtmlCacheBehavior [ RunTime:0.001227s ]
INFO: [ app_begin ] --END-- [ RunTime:0.001274s ]
SQL: SHOW COLUMNS FROM `qiq_video_attributes` [ RunTime:0.0303s ]
SQL: SELECT COUNT(*) AS tp_count FROM `qiq_video_attributes` LIMIT 1   [ RunTime:0.0003s ]
SQL: SHOW COLUMNS FROM `qiq_video` [ RunTime:0.1728s ]
SQL: SELECT COUNT(*) AS tp_count FROM `qiq_video` LIMIT 1   [ RunTime:0.0003s ]
SQL: SHOW COLUMNS FROM `qiq_user` [ RunTime:0.1063s ]
SQL: SELECT COUNT(*) AS tp_count FROM `qiq_user` LIMIT 1   [ RunTime:0.0002s ]
INFO: [ view_parse ] --START--
INFO: [ template_filter ] --START--
INFO: Run Behavior\ContentReplaceBehavior [ RunTime:0.000377s ]
INFO: [ template_filter ] --END-- [ RunTime:0.000440s ]
SQL: select version() as v; [ RunTime:0.0003s ]
INFO: Run Behavior\ParseTemplateBehavior [ RunTime:0.336310s ]
INFO: [ view_parse ] --END-- [ RunTime:0.336353s ]
INFO: [ view_filter ] --START--
INFO: Run Behavior\WriteHtmlCacheBehavior [ RunTime:0.001255s ]
INFO: [ view_filter ] --END-- [ RunTime:0.001297s ]
INFO: [ app_end ] --START--
INFO: Run Behavior\ShowPageTraceBehavior [ RunTime:0.001388s ]
INFO: [ app_end ] --END-- [ RunTime:0.001439s ]

[ 2017-04-03T19:24:57+08:00 ] 127.0.0.1 /thinkphp3.2.3/index.php/Qiqiao/Index/index
INFO: [ app_init ] --START--
INFO: Run Behavior\BuildLiteBehavior [ RunTime:0.000014s ]
INFO: [ app_init ] --END-- [ RunTime:0.000608s ]
INFO: [ app_begin ] --START--
INFO: Run Behavior\ReadHtmlCacheBehavior [ RunTime:0.001825s ]
INFO: [ app_begin ] --END-- [ RunTime:0.001933s ]
SQL: SHOW COLUMNS FROM `qiq_video_attributes` [ RunTime:0.0268s ]
SQL: SELECT COUNT(*) AS tp_count FROM `qiq_video_attributes` LIMIT 1   [ RunTime:0.0003s ]
SQL: SHOW COLUMNS FROM `qiq_video` [ RunTime:0.0022s ]
SQL: SELECT COUNT(*) AS tp_count FROM `qiq_video` LIMIT 1   [ RunTime:0.0002s ]
SQL: SHOW COLUMNS FROM `qiq_user` [ RunTime:0.0033s ]
SQL: SELECT COUNT(*) AS tp_count FROM `qiq_user` LIMIT 1   [ RunTime:0.0002s ]
INFO: [ view_parse ] --START--
INFO: [ template_filter ] --START--
INFO: Run Behavior\ContentReplaceBehavior [ RunTime:0.000129s ]
INFO: [ template_filter ] --END-- [ RunTime:0.000179s ]
SQL: select version() as v; [ RunTime:0.0003s ]
INFO: Run Behavior\ParseTemplateBehavior [ RunTime:0.014040s ]
INFO: [ view_parse ] --END-- [ RunTime:0.014085s ]
INFO: [ view_filter ] --START--
INFO: Run Behavior\WriteHtmlCacheBehavior [ RunTime:0.001278s ]
INFO: [ view_filter ] --END-- [ RunTime:0.001318s ]
INFO: [ app_end ] --START--
INFO: Run Behavior\ShowPageTraceBehavior [ RunTime:0.001919s ]
INFO: [ app_end ] --END-- [ RunTime:0.001999s ]

[ 2017-04-03T19:25:04+08:00 ] 127.0.0.1 /thinkphp3.2.3/index.php/Qiqiao/Index/information
INFO: [ app_init ] --START--
INFO: Run Behavior\BuildLiteBehavior [ RunTime:0.000014s ]
INFO: [ app_init ] --END-- [ RunTime:0.000637s ]
INFO: [ app_begin ] --START--
INFO: Run Behavior\ReadHtmlCacheBehavior [ RunTime:0.001353s ]
INFO: [ app_begin ] --END-- [ RunTime:0.001412s ]
SQL: SHOW COLUMNS FROM `qiq_video_attributes` [ RunTime:0.0054s ]
SQL: SELECT COUNT(*) AS tp_count FROM `qiq_video_attributes` LIMIT 1   [ RunTime:0.0003s ]
SQL: SHOW COLUMNS FROM `qiq_video` [ RunTime:0.0022s ]
SQL: SELECT COUNT(*) AS tp_count FROM `qiq_video` LIMIT 1   [ RunTime:0.0003s ]
SQL: SHOW COLUMNS FROM `qiq_user` [ RunTime:0.0030s ]
SQL: SELECT COUNT(*) AS tp_count FROM `qiq_user` LIMIT 1   [ RunTime:0.0003s ]
INFO: [ view_parse ] --START--
INFO: [ template_filter ] --START--
INFO: Run Behavior\ContentReplaceBehavior [ RunTime:0.000136s ]
INFO: [ template_filter ] --END-- [ RunTime:0.000193s ]
SQL: select version() as v; [ RunTime:0.0004s ]
INFO: Run Behavior\ParseTemplateBehavior [ RunTime:0.016120s ]
INFO: [ view_parse ] --END-- [ RunTime:0.016182s ]
INFO: [ view_filter ] --START--
INFO: Run Behavior\WriteHtmlCacheBehavior [ RunTime:0.001150s ]
INFO: [ view_filter ] --END-- [ RunTime:0.001187s ]
INFO: [ app_end ] --START--
INFO: Run Behavior\ShowPageTraceBehavior [ RunTime:0.001455s ]
INFO: [ app_end ] --END-- [ RunTime:0.001508s ]

[ 2017-04-03T19:25:05+08:00 ] 127.0.0.1 /thinkphp3.2.3/index.php/Qiqiao/Index/information
INFO: [ app_init ] --START--
INFO: Run Behavior\BuildLiteBehavior [ RunTime:0.000014s ]
INFO: [ app_init ] --END-- [ RunTime:0.000702s ]
INFO: [ app_begin ] --START--
INFO: Run Behavior\ReadHtmlCacheBehavior [ RunTime:0.001268s ]
INFO: [ app_begin ] --END-- [ RunTime:0.001322s ]
SQL: SHOW COLUMNS FROM `qiq_video_attributes` [ RunTime:0.0233s ]
SQL: SELECT COUNT(*) AS tp_count FROM `qiq_video_attributes` LIMIT 1   [ RunTime:0.0003s ]
SQL: SHOW COLUMNS FROM `qiq_video` [ RunTime:0.0024s ]
SQL: SELECT COUNT(*) AS tp_count FROM `qiq_video` LIMIT 1   [ RunTime:0.0003s ]
SQL: SHOW COLUMNS FROM `qiq_user` [ RunTime:0.0024s ]
SQL: SELECT COUNT(*) AS tp_count FROM `qiq_user` LIMIT 1   [ RunTime:0.0003s ]
INFO: [ view_parse ] --START--
INFO: [ template_filter ] --START--
INFO: Run Behavior\ContentReplaceBehavior [ RunTime:0.000139s ]
INFO: [ template_filter ] --END-- [ RunTime:0.000193s ]
SQL: select version() as v; [ RunTime:0.0003s ]
INFO: Run Behavior\ParseTemplateBehavior [ RunTime:0.014455s ]
INFO: [ view_parse ] --END-- [ RunTime:0.014495s ]
INFO: [ view_filter ] --START--
INFO: Run Behavior\WriteHtmlCacheBehavior [ RunTime:0.001177s ]
INFO: [ view_filter ] --END-- [ RunTime:0.001213s ]
INFO: [ app_end ] --START--
INFO: Run Behavior\ShowPageTraceBehavior [ RunTime:0.001572s ]
INFO: [ app_end ] --END-- [ RunTime:0.001626s ]

[ 2017-04-03T19:25:06+08:00 ] 127.0.0.1 /thinkphp3.2.3/index.php/Qiqiao/Index/log/p/1
INFO: [ app_init ] --START--
INFO: Run Behavior\BuildLiteBehavior [ RunTime:0.000020s ]
INFO: [ app_init ] --END-- [ RunTime:0.000728s ]
INFO: [ app_begin ] --START--
INFO: Run Behavior\ReadHtmlCacheBehavior [ RunTime:0.001976s ]
INFO: [ app_begin ] --END-- [ RunTime:0.002071s ]
SQL: SHOW COLUMNS FROM `qiq_log` [ RunTime:0.0417s ]
NOTIC: [2] Invalid argument supplied for foreach() D:\xampp\htdocs\thinkphp3.2.3\ThinkPHP\Library\Think\Db\Driver.class.php 第 504 行.
SQL: SELECT * FROM `qiq_log` LIMIT 0,5   [ RunTime:0.0004s ]
NOTIC: [2] Invalid argument supplied for foreach() D:\xampp\htdocs\thinkphp3.2.3\ThinkPHP\Library\Think\Db\Driver.class.php 第 504 行.
SQL: SELECT COUNT(*) AS tp_count FROM `qiq_log` LIMIT 1   [ RunTime:0.0002s ]
INFO: [ view_parse ] --START--
INFO: [ template_filter ] --START--
INFO: Run Behavior\ContentReplaceBehavior [ RunTime:0.000154s ]
INFO: [ template_filter ] --END-- [ RunTime:0.000209s ]
NOTIC: [8] Undefined variable: meta_title D:\xampp\htdocs\thinkphp3.2.3\Application\Runtime\Cache\Qiqiao\d3fa935ad7304844e186f774341fdd93.php 第 10 行.
INFO: Run Behavior\ParseTemplateBehavior [ RunTime:0.015086s ]
INFO: [ view_parse ] --END-- [ RunTime:0.015148s ]
INFO: [ view_filter ] --START--
INFO: Run Behavior\WriteHtmlCacheBehavior [ RunTime:0.001315s ]
INFO: [ view_filter ] --END-- [ RunTime:0.001369s ]
INFO: [ app_end ] --START--
INFO: Run Behavior\ShowPageTraceBehavior [ RunTime:0.001762s ]
INFO: [ app_end ] --END-- [ RunTime:0.001828s ]

[ 2017-04-03T19:25:06+08:00 ] 127.0.0.1 /thinkphp3.2.3/index.php/Qiqiao/Index/log/p/1
INFO: [ app_init ] --START--
INFO: Run Behavior\BuildLiteBehavior [ RunTime:0.000015s ]
INFO: [ app_init ] --END-- [ RunTime:0.000697s ]
INFO: [ app_begin ] --START--
INFO: Run Behavior\ReadHtmlCacheBehavior [ RunTime:0.001240s ]
INFO: [ app_begin ] --END-- [ RunTime:0.001292s ]
SQL: SHOW COLUMNS FROM `qiq_log` [ RunTime:0.1353s ]
NOTIC: [2] Invalid argument supplied for foreach() D:\xampp\htdocs\thinkphp3.2.3\ThinkPHP\Library\Think\Db\Driver.class.php 第 504 行.
SQL: SELECT * FROM `qiq_log` LIMIT 0,5   [ RunTime:0.0006s ]
NOTIC: [2] Invalid argument supplied for foreach() D:\xampp\htdocs\thinkphp3.2.3\ThinkPHP\Library\Think\Db\Driver.class.php 第 504 行.
SQL: SELECT COUNT(*) AS tp_count FROM `qiq_log` LIMIT 1   [ RunTime:0.0005s ]
INFO: [ view_parse ] --START--
INFO: [ template_filter ] --START--
INFO: Run Behavior\ContentReplaceBehavior [ RunTime:0.000158s ]
INFO: [ template_filter ] --END-- [ RunTime:0.000244s ]
NOTIC: [8] Undefined variable: meta_title D:\xampp\htdocs\thinkphp3.2.3\Application\Runtime\Cache\Qiqiao\d3fa935ad7304844e186f774341fdd93.php 第 10 行.
INFO: Run Behavior\ParseTemplateBehavior [ RunTime:0.015991s ]
INFO: [ view_parse ] --END-- [ RunTime:0.016055s ]
INFO: [ view_filter ] --START--
INFO: Run Behavior\WriteHtmlCacheBehavior [ RunTime:0.001202s ]
INFO: [ view_filter ] --END-- [ RunTime:0.001243s ]
INFO: [ app_end ] --START--
INFO: Run Behavior\ShowPageTraceBehavior [ RunTime:0.001408s ]
INFO: [ app_end ] --END-- [ RunTime:0.001458s ]

[ 2017-04-03T19:25:07+08:00 ] 127.0.0.1 /thinkphp3.2.3/index.php/Qiqiao/Index/setting
INFO: [ app_init ] --START--
INFO: Run Behavior\BuildLiteBehavior [ RunTime:0.000013s ]
INFO: [ app_init ] --END-- [ RunTime:0.000608s ]
INFO: [ app_begin ] --START--
INFO: Run Behavior\ReadHtmlCacheBehavior [ RunTime:0.001391s ]
INFO: [ app_begin ] --END-- [ RunTime:0.001453s ]
SQL: SHOW COLUMNS FROM `qiq_app` [ RunTime:0.0287s ]
SQL: SELECT * FROM `qiq_app` LIMIT 1   [ RunTime:0.0588s ]
INFO: [ view_parse ] --START--
INFO: [ template_filter ] --START--
INFO: Run Behavior\ContentReplaceBehavior [ RunTime:0.000152s ]
INFO: [ template_filter ] --END-- [ RunTime:0.000207s ]
NOTIC: [8] Undefined variable: meta_title D:\xampp\htdocs\thinkphp3.2.3\Application\Runtime\Cache\Qiqiao\93c4c48022bf14818d8e7e36152d0552.php 第 10 行.
INFO: Run Behavior\ParseTemplateBehavior [ RunTime:0.014589s ]
INFO: [ view_parse ] --END-- [ RunTime:0.014637s ]
INFO: [ view_filter ] --START--
INFO: Run Behavior\WriteHtmlCacheBehavior [ RunTime:0.001086s ]
INFO: [ view_filter ] --END-- [ RunTime:0.001125s ]
INFO: [ app_end ] --START--
INFO: Run Behavior\ShowPageTraceBehavior [ RunTime:0.001639s ]
INFO: [ app_end ] --END-- [ RunTime:0.001695s ]

[ 2017-04-03T19:25:08+08:00 ] 127.0.0.1 /thinkphp3.2.3/index.php/Qiqiao/Index/setting
INFO: [ app_init ] --START--
INFO: Run Behavior\BuildLiteBehavior [ RunTime:0.000022s ]
INFO: [ app_init ] --END-- [ RunTime:0.000927s ]
INFO: [ app_begin ] --START--
INFO: Run Behavior\ReadHtmlCacheBehavior [ RunTime:0.001264s ]
INFO: [ app_begin ] --END-- [ RunTime:0.001325s ]
SQL: SHOW COLUMNS FROM `qiq_app` [ RunTime:0.0511s ]
SQL: SELECT * FROM `qiq_app` LIMIT 1   [ RunTime:0.0004s ]
INFO: [ view_parse ] --START--
INFO: [ template_filter ] --START--
INFO: Run Behavior\ContentReplaceBehavior [ RunTime:0.000150s ]
INFO: [ template_filter ] --END-- [ RunTime:0.000210s ]
NOTIC: [8] Undefined variable: meta_title D:\xampp\htdocs\thinkphp3.2.3\Application\Runtime\Cache\Qiqiao\93c4c48022bf14818d8e7e36152d0552.php 第 10 行.
INFO: Run Behavior\ParseTemplateBehavior [ RunTime:0.013764s ]
INFO: [ view_parse ] --END-- [ RunTime:0.013809s ]
INFO: [ view_filter ] --START--
INFO: Run Behavior\WriteHtmlCacheBehavior [ RunTime:0.001057s ]
INFO: [ view_filter ] --END-- [ RunTime:0.001093s ]
INFO: [ app_end ] --START--
INFO: Run Behavior\ShowPageTraceBehavior [ RunTime:0.001232s ]
INFO: [ app_end ] --END-- [ RunTime:0.001274s ]

[ 2017-04-03T19:25:10+08:00 ] 127.0.0.1 /thinkphp3.2.3/index.php/Qiqiao/Admin/user
INFO: [ app_init ] --START--
INFO: Run Behavior\BuildLiteBehavior [ RunTime:0.000016s ]
INFO: [ app_init ] --END-- [ RunTime:0.000642s ]
INFO: [ app_begin ] --START--
INFO: Run Behavior\ReadHtmlCacheBehavior [ RunTime:0.001289s ]
INFO: [ app_begin ] --END-- [ RunTime:0.001355s ]
SQL: select a.status,a.id,a.real_name,a.sex,a.age,a.tel,a.id_card,a.mail,a.name,a.create_time,ag.title,ag.id as roleid from qiq_admin a,qiq_auth_group_access ga,qiq_auth_group ag where  a.id=ga.uid and ga.group_id=ag.id limit 0,3 [ RunTime:0.0013s ]
SQL: select count(*) as count from qiq_admin a,qiq_auth_group_access ga,qiq_auth_group ag where  a.id=ga.uid and ga.group_id=ag.id [ RunTime:0.0003s ]
SQL: SHOW COLUMNS FROM `qiq_auth_group` [ RunTime:0.0728s ]
SQL: SELECT `title`,`id` FROM `qiq_auth_group`  [ RunTime:0.0003s ]
INFO: [ view_parse ] --START--
INFO: [ template_filter ] --START--
INFO: Run Behavior\ContentReplaceBehavior [ RunTime:0.000194s ]
INFO: [ template_filter ] --END-- [ RunTime:0.000253s ]
NOTIC: [8] Undefined variable: meta_title D:\xampp\htdocs\thinkphp3.2.3\Application\Runtime\Cache\Qiqiao\db6dc91b3fed18a90de503204d0cc995.php 第 10 行.
INFO: Run Behavior\ParseTemplateBehavior [ RunTime:0.020202s ]
INFO: [ view_parse ] --END-- [ RunTime:0.020258s ]
INFO: [ view_filter ] --START--
INFO: Run Behavior\WriteHtmlCacheBehavior [ RunTime:0.001243s ]
INFO: [ view_filter ] --END-- [ RunTime:0.001284s ]
INFO: [ app_end ] --START--
INFO: Run Behavior\ShowPageTraceBehavior [ RunTime:0.001506s ]
INFO: [ app_end ] --END-- [ RunTime:0.001559s ]

[ 2017-04-03T19:25:10+08:00 ] 127.0.0.1 /thinkphp3.2.3/index.php/Qiqiao/Admin/user
INFO: [ app_init ] --START--
INFO: Run Behavior\BuildLiteBehavior [ RunTime:0.000013s ]
INFO: [ app_init ] --END-- [ RunTime:0.000620s ]
INFO: [ app_begin ] --START--
INFO: Run Behavior\ReadHtmlCacheBehavior [ RunTime:0.001232s ]
INFO: [ app_begin ] --END-- [ RunTime:0.001282s ]
SQL: select a.status,a.id,a.real_name,a.sex,a.age,a.tel,a.id_card,a.mail,a.name,a.create_time,ag.title,ag.id as roleid from qiq_admin a,qiq_auth_group_access ga,qiq_auth_group ag where  a.id=ga.uid and ga.group_id=ag.id limit 0,3 [ RunTime:0.0005s ]
SQL: select count(*) as count from qiq_admin a,qiq_auth_group_access ga,qiq_auth_group ag where  a.id=ga.uid and ga.group_id=ag.id [ RunTime:0.0003s ]
SQL: SHOW COLUMNS FROM `qiq_auth_group` [ RunTime:0.0033s ]
SQL: SELECT `title`,`id` FROM `qiq_auth_group`  [ RunTime:0.0004s ]
INFO: [ view_parse ] --START--
INFO: [ template_filter ] --START--
INFO: Run Behavior\ContentReplaceBehavior [ RunTime:0.000188s ]
INFO: [ template_filter ] --END-- [ RunTime:0.000243s ]
NOTIC: [8] Undefined variable: meta_title D:\xampp\htdocs\thinkphp3.2.3\Application\Runtime\Cache\Qiqiao\db6dc91b3fed18a90de503204d0cc995.php 第 10 行.
INFO: Run Behavior\ParseTemplateBehavior [ RunTime:0.020015s ]
INFO: [ view_parse ] --END-- [ RunTime:0.020073s ]
INFO: [ view_filter ] --START--
INFO: Run Behavior\WriteHtmlCacheBehavior [ RunTime:0.001445s ]
INFO: [ view_filter ] --END-- [ RunTime:0.001575s ]
INFO: [ app_end ] --START--
INFO: Run Behavior\ShowPageTraceBehavior [ RunTime:0.001718s ]
INFO: [ app_end ] --END-- [ RunTime:0.001798s ]

[ 2017-04-03T19:25:11+08:00 ] 127.0.0.1 /thinkphp3.2.3/index.php/Qiqiao/Admin/role
INFO: [ app_init ] --START--
INFO: Run Behavior\BuildLiteBehavior [ RunTime:0.000013s ]
INFO: [ app_init ] --END-- [ RunTime:0.000594s ]
INFO: [ app_begin ] --START--
INFO: Run Behavior\ReadHtmlCacheBehavior [ RunTime:0.001246s ]
INFO: [ app_begin ] --END-- [ RunTime:0.001304s ]
SQL: SHOW COLUMNS FROM `qiq_auth_group` [ RunTime:0.0453s ]
SQL: SELECT * FROM `qiq_auth_group`  [ RunTime:0.0003s ]
INFO: [ view_parse ] --START--
INFO: [ template_filter ] --START--
INFO: Run Behavior\ContentReplaceBehavior [ RunTime:0.000155s ]
INFO: [ template_filter ] --END-- [ RunTime:0.000209s ]
NOTIC: [8] Undefined variable: meta_title D:\xampp\htdocs\thinkphp3.2.3\Application\Runtime\Cache\Qiqiao\00f1e8bd18623eaffafa9fd862845607.php 第 10 行.
NOTIC: [8] Undefined index: real_name D:\xampp\htdocs\thinkphp3.2.3\Application\Runtime\Cache\Qiqiao\00f1e8bd18623eaffafa9fd862845607.php 第 332 行.
NOTIC: [8] Undefined index: name D:\xampp\htdocs\thinkphp3.2.3\Application\Runtime\Cache\Qiqiao\00f1e8bd18623eaffafa9fd862845607.php 第 333 行.
NOTIC: [8] Undefined index: id_card D:\xampp\htdocs\thinkphp3.2.3\Application\Runtime\Cache\Qiqiao\00f1e8bd18623eaffafa9fd862845607.php 第 334 行.
NOTIC: [8] Undefined index: tel D:\xampp\htdocs\thinkphp3.2.3\Application\Runtime\Cache\Qiqiao\00f1e8bd18623eaffafa9fd862845607.php 第 340 行.
NOTIC: [8] Undefined index: age D:\xampp\htdocs\thinkphp3.2.3\Application\Runtime\Cache\Qiqiao\00f1e8bd18623eaffafa9fd862845607.php 第 341 行.
NOTIC: [8] Undefined index: mail D:\xampp\htdocs\thinkphp3.2.3\Application\Runtime\Cache\Qiqiao\00f1e8bd18623eaffafa9fd862845607.php 第 342 行.
NOTIC: [8] Undefined index: create_time D:\xampp\htdocs\thinkphp3.2.3\Application\Runtime\Cache\Qiqiao\00f1e8bd18623eaffafa9fd862845607.php 第 347 行.
NOTIC: [8] Undefined index: real_name D:\xampp\htdocs\thinkphp3.2.3\Application\Runtime\Cache\Qiqiao\00f1e8bd18623eaffafa9fd862845607.php 第 332 行.
NOTIC: [8] Undefined index: name D:\xampp\htdocs\thinkphp3.2.3\Application\Runtime\Cache\Qiqiao\00f1e8bd18623eaffafa9fd862845607.php 第 333 行.
NOTIC: [8] Undefined index: id_card D:\xampp\htdocs\thinkphp3.2.3\Application\Runtime\Cache\Qiqiao\00f1e8bd18623eaffafa9fd862845607.php 第 334 行.
NOTIC: [8] Undefined index: tel D:\xampp\htdocs\thinkphp3.2.3\Application\Runtime\Cache\Qiqiao\00f1e8bd18623eaffafa9fd862845607.php 第 340 行.
NOTIC: [8] Undefined index: age D:\xampp\htdocs\thinkphp3.2.3\Application\Runtime\Cache\Qiqiao\00f1e8bd18623eaffafa9fd862845607.php 第 341 行.
NOTIC: [8] Undefined index: mail D:\xampp\htdocs\thinkphp3.2.3\Application\Runtime\Cache\Qiqiao\00f1e8bd18623eaffafa9fd862845607.php 第 342 行.
NOTIC: [8] Undefined index: create_time D:\xampp\htdocs\thinkphp3.2.3\Application\Runtime\Cache\Qiqiao\00f1e8bd18623eaffafa9fd862845607.php 第 347 行.
NOTIC: [8] Undefined index: real_name D:\xampp\htdocs\thinkphp3.2.3\Application\Runtime\Cache\Qiqiao\00f1e8bd18623eaffafa9fd862845607.php 第 332 行.
NOTIC: [8] Undefined index: name D:\xampp\htdocs\thinkphp3.2.3\Application\Runtime\Cache\Qiqiao\00f1e8bd18623eaffafa9fd862845607.php 第 333 行.
NOTIC: [8] Undefined index: id_card D:\xampp\htdocs\thinkphp3.2.3\Application\Runtime\Cache\Qiqiao\00f1e8bd18623eaffafa9fd862845607.php 第 334 行.
NOTIC: [8] Undefined index: tel D:\xampp\htdocs\thinkphp3.2.3\Application\Runtime\Cache\Qiqiao\00f1e8bd18623eaffafa9fd862845607.php 第 340 行.
NOTIC: [8] Undefined index: age D:\xampp\htdocs\thinkphp3.2.3\Application\Runtime\Cache\Qiqiao\00f1e8bd18623eaffafa9fd862845607.php 第 341 行.
NOTIC: [8] Undefined index: mail D:\xampp\htdocs\thinkphp3.2.3\Application\Runtime\Cache\Qiqiao\00f1e8bd18623eaffafa9fd862845607.php 第 342 行.
NOTIC: [8] Undefined index: create_time D:\xampp\htdocs\thinkphp3.2.3\Application\Runtime\Cache\Qiqiao\00f1e8bd18623eaffafa9fd862845607.php 第 347 行.
NOTIC: [8] Undefined index: real_name D:\xampp\htdocs\thinkphp3.2.3\Application\Runtime\Cache\Qiqiao\00f1e8bd18623eaffafa9fd862845607.php 第 332 行.
NOTIC: [8] Undefined index: name D:\xampp\htdocs\thinkphp3.2.3\Application\Runtime\Cache\Qiqiao\00f1e8bd18623eaffafa9fd862845607.php 第 333 行.
NOTIC: [8] Undefined index: id_card D:\xampp\htdocs\thinkphp3.2.3\Application\Runtime\Cache\Qiqiao\00f1e8bd18623eaffafa9fd862845607.php 第 334 行.
NOTIC: [8] Undefined index: tel D:\xampp\htdocs\thinkphp3.2.3\Application\Runtime\Cache\Qiqiao\00f1e8bd18623eaffafa9fd862845607.php 第 340 行.
NOTIC: [8] Undefined index: age D:\xampp\htdocs\thinkphp3.2.3\Application\Runtime\Cache\Qiqiao\00f1e8bd18623eaffafa9fd862845607.php 第 341 行.
NOTIC: [8] Undefined index: mail D:\xampp\htdocs\thinkphp3.2.3\Application\Runtime\Cache\Qiqiao\00f1e8bd18623eaffafa9fd862845607.php 第 342 行.
NOTIC: [8] Undefined index: create_time D:\xampp\htdocs\thinkphp3.2.3\Application\Runtime\Cache\Qiqiao\00f1e8bd18623eaffafa9fd862845607.php 第 347 行.
NOTIC: [8] Undefined index: real_name D:\xampp\htdocs\thinkphp3.2.3\Application\Runtime\Cache\Qiqiao\00f1e8bd18623eaffafa9fd862845607.php 第 332 行.
NOTIC: [8] Undefined index: name D:\xampp\htdocs\thinkphp3.2.3\Application\Runtime\Cache\Qiqiao\00f1e8bd18623eaffafa9fd862845607.php 第 333 行.
NOTIC: [8] Undefined index: id_card D:\xampp\htdocs\thinkphp3.2.3\Application\Runtime\Cache\Qiqiao\00f1e8bd18623eaffafa9fd862845607.php 第 334 行.
NOTIC: [8] Undefined index: tel D:\xampp\htdocs\thinkphp3.2.3\Application\Runtime\Cache\Qiqiao\00f1e8bd18623eaffafa9fd862845607.php 第 340 行.
NOTIC: [8] Undefined index: age D:\xampp\htdocs\thinkphp3.2.3\Application\Runtime\Cache\Qiqiao\00f1e8bd18623eaffafa9fd862845607.php 第 341 行.
NOTIC: [8] Undefined index: mail D:\xampp\htdocs\thinkphp3.2.3\Application\Runtime\Cache\Qiqiao\00f1e8bd18623eaffafa9fd862845607.php 第 342 行.
NOTIC: [8] Undefined index: create_time D:\xampp\htdocs\thinkphp3.2.3\Application\Runtime\Cache\Qiqiao\00f1e8bd18623eaffafa9fd862845607.php 第 347 行.
NOTIC: [8] Undefined index: real_name D:\xampp\htdocs\thinkphp3.2.3\Application\Runtime\Cache\Qiqiao\00f1e8bd18623eaffafa9fd862845607.php 第 332 行.
NOTIC: [8] Undefined index: name D:\xampp\htdocs\thinkphp3.2.3\Application\Runtime\Cache\Qiqiao\00f1e8bd18623eaffafa9fd862845607.php 第 333 行.
NOTIC: [8] Undefined index: id_card D:\xampp\htdocs\thinkphp3.2.3\Application\Runtime\Cache\Qiqiao\00f1e8bd18623eaffafa9fd862845607.php 第 334 行.
NOTIC: [8] Undefined index: tel D:\xampp\htdocs\thinkphp3.2.3\Application\Runtime\Cache\Qiqiao\00f1e8bd18623eaffafa9fd862845607.php 第 340 行.
NOTIC: [8] Undefined index: age D:\xampp\htdocs\thinkphp3.2.3\Application\Runtime\Cache\Qiqiao\00f1e8bd18623eaffafa9fd862845607.php 第 341 行.
NOTIC: [8] Undefined index: mail D:\xampp\htdocs\thinkphp3.2.3\Application\Runtime\Cache\Qiqiao\00f1e8bd18623eaffafa9fd862845607.php 第 342 行.
NOTIC: [8] Undefined index: create_time D:\xampp\htdocs\thinkphp3.2.3\Application\Runtime\Cache\Qiqiao\00f1e8bd18623eaffafa9fd862845607.php 第 347 行.
INFO: Run Behavior\ParseTemplateBehavior [ RunTime:0.017311s ]
INFO: [ view_parse ] --END-- [ RunTime:0.017368s ]
INFO: [ view_filter ] --START--
INFO: Run Behavior\WriteHtmlCacheBehavior [ RunTime:0.001269s ]
INFO: [ view_filter ] --END-- [ RunTime:0.001319s ]
INFO: [ app_end ] --START--
INFO: Run Behavior\ShowPageTraceBehavior [ RunTime:0.001912s ]
INFO: [ app_end ] --END-- [ RunTime:0.001974s ]

[ 2017-04-03T19:25:11+08:00 ] 127.0.0.1 /thinkphp3.2.3/index.php/Qiqiao/Admin/role
INFO: [ app_init ] --START--
INFO: Run Behavior\BuildLiteBehavior [ RunTime:0.000014s ]
INFO: [ app_init ] --END-- [ RunTime:0.000650s ]
INFO: [ app_begin ] --START--
INFO: Run Behavior\ReadHtmlCacheBehavior [ RunTime:0.001499s ]
INFO: [ app_begin ] --END-- [ RunTime:0.001572s ]
SQL: SHOW COLUMNS FROM `qiq_auth_group` [ RunTime:0.0699s ]
SQL: SELECT * FROM `qiq_auth_group`  [ RunTime:0.0003s ]
INFO: [ view_parse ] --START--
INFO: [ template_filter ] --START--
INFO: Run Behavior\ContentReplaceBehavior [ RunTime:0.000155s ]
INFO: [ template_filter ] --END-- [ RunTime:0.000209s ]
NOTIC: [8] Undefined variable: meta_title D:\xampp\htdocs\thinkphp3.2.3\Application\Runtime\Cache\Qiqiao\00f1e8bd18623eaffafa9fd862845607.php 第 10 行.
NOTIC: [8] Undefined index: real_name D:\xampp\htdocs\thinkphp3.2.3\Application\Runtime\Cache\Qiqiao\00f1e8bd18623eaffafa9fd862845607.php 第 332 行.
NOTIC: [8] Undefined index: name D:\xampp\htdocs\thinkphp3.2.3\Application\Runtime\Cache\Qiqiao\00f1e8bd18623eaffafa9fd862845607.php 第 333 行.
NOTIC: [8] Undefined index: id_card D:\xampp\htdocs\thinkphp3.2.3\Application\Runtime\Cache\Qiqiao\00f1e8bd18623eaffafa9fd862845607.php 第 334 行.
NOTIC: [8] Undefined index: tel D:\xampp\htdocs\thinkphp3.2.3\Application\Runtime\Cache\Qiqiao\00f1e8bd18623eaffafa9fd862845607.php 第 340 行.
NOTIC: [8] Undefined index: age D:\xampp\htdocs\thinkphp3.2.3\Application\Runtime\Cache\Qiqiao\00f1e8bd18623eaffafa9fd862845607.php 第 341 行.
NOTIC: [8] Undefined index: mail D:\xampp\htdocs\thinkphp3.2.3\Application\Runtime\Cache\Qiqiao\00f1e8bd18623eaffafa9fd862845607.php 第 342 行.
NOTIC: [8] Undefined index: create_time D:\xampp\htdocs\thinkphp3.2.3\Application\Runtime\Cache\Qiqiao\00f1e8bd18623eaffafa9fd862845607.php 第 347 行.
NOTIC: [8] Undefined index: real_name D:\xampp\htdocs\thinkphp3.2.3\Application\Runtime\Cache\Qiqiao\00f1e8bd18623eaffafa9fd862845607.php 第 332 行.
NOTIC: [8] Undefined index: name D:\xampp\htdocs\thinkphp3.2.3\Application\Runtime\Cache\Qiqiao\00f1e8bd18623eaffafa9fd862845607.php 第 333 行.
NOTIC: [8] Undefined index: id_card D:\xampp\htdocs\thinkphp3.2.3\Application\Runtime\Cache\Qiqiao\00f1e8bd18623eaffafa9fd862845607.php 第 334 行.
NOTIC: [8] Undefined index: tel D:\xampp\htdocs\thinkphp3.2.3\Application\Runtime\Cache\Qiqiao\00f1e8bd18623eaffafa9fd862845607.php 第 340 行.
NOTIC: [8] Undefined index: age D:\xampp\htdocs\thinkphp3.2.3\Application\Runtime\Cache\Qiqiao\00f1e8bd18623eaffafa9fd862845607.php 第 341 行.
NOTIC: [8] Undefined index: mail D:\xampp\htdocs\thinkphp3.2.3\Application\Runtime\Cache\Qiqiao\00f1e8bd18623eaffafa9fd862845607.php 第 342 行.
NOTIC: [8] Undefined index: create_time D:\xampp\htdocs\thinkphp3.2.3\Application\Runtime\Cache\Qiqiao\00f1e8bd18623eaffafa9fd862845607.php 第 347 行.
NOTIC: [8] Undefined index: real_name D:\xampp\htdocs\thinkphp3.2.3\Application\Runtime\Cache\Qiqiao\00f1e8bd18623eaffafa9fd862845607.php 第 332 行.
NOTIC: [8] Undefined index: name D:\xampp\htdocs\thinkphp3.2.3\Application\Runtime\Cache\Qiqiao\00f1e8bd18623eaffafa9fd862845607.php 第 333 行.
NOTIC: [8] Undefined index: id_card D:\xampp\htdocs\thinkphp3.2.3\Application\Runtime\Cache\Qiqiao\00f1e8bd18623eaffafa9fd862845607.php 第 334 行.
NOTIC: [8] Undefined index: tel D:\xampp\htdocs\thinkphp3.2.3\Application\Runtime\Cache\Qiqiao\00f1e8bd18623eaffafa9fd862845607.php 第 340 行.
NOTIC: [8] Undefined index: age D:\xampp\htdocs\thinkphp3.2.3\Application\Runtime\Cache\Qiqiao\00f1e8bd18623eaffafa9fd862845607.php 第 341 行.
NOTIC: [8] Undefined index: mail D:\xampp\htdocs\thinkphp3.2.3\Application\Runtime\Cache\Qiqiao\00f1e8bd18623eaffafa9fd862845607.php 第 342 行.
NOTIC: [8] Undefined index: create_time D:\xampp\htdocs\thinkphp3.2.3\Application\Runtime\Cache\Qiqiao\00f1e8bd18623eaffafa9fd862845607.php 第 347 行.
NOTIC: [8] Undefined index: real_name D:\xampp\htdocs\thinkphp3.2.3\Application\Runtime\Cache\Qiqiao\00f1e8bd18623eaffafa9fd862845607.php 第 332 行.
NOTIC: [8] Undefined index: name D:\xampp\htdocs\thinkphp3.2.3\Application\Runtime\Cache\Qiqiao\00f1e8bd18623eaffafa9fd862845607.php 第 333 行.
NOTIC: [8] Undefined index: id_card D:\xampp\htdocs\thinkphp3.2.3\Application\Runtime\Cache\Qiqiao\00f1e8bd18623eaffafa9fd862845607.php 第 334 行.
NOTIC: [8] Undefined index: tel D:\xampp\htdocs\thinkphp3.2.3\Application\Runtime\Cache\Qiqiao\00f1e8bd18623eaffafa9fd862845607.php 第 340 行.
NOTIC: [8] Undefined index: age D:\xampp\htdocs\thinkphp3.2.3\Application\Runtime\Cache\Qiqiao\00f1e8bd18623eaffafa9fd862845607.php 第 341 行.
NOTIC: [8] Undefined index: mail D:\xampp\htdocs\thinkphp3.2.3\Application\Runtime\Cache\Qiqiao\00f1e8bd18623eaffafa9fd862845607.php 第 342 行.
NOTIC: [8] Undefined index: create_time D:\xampp\htdocs\thinkphp3.2.3\Application\Runtime\Cache\Qiqiao\00f1e8bd18623eaffafa9fd862845607.php 第 347 行.
NOTIC: [8] Undefined index: real_name D:\xampp\htdocs\thinkphp3.2.3\Application\Runtime\Cache\Qiqiao\00f1e8bd18623eaffafa9fd862845607.php 第 332 行.
NOTIC: [8] Undefined index: name D:\xampp\htdocs\thinkphp3.2.3\Application\Runtime\Cache\Qiqiao\00f1e8bd18623eaffafa9fd862845607.php 第 333 行.
NOTIC: [8] Undefined index: id_card D:\xampp\htdocs\thinkphp3.2.3\Application\Runtime\Cache\Qiqiao\00f1e8bd18623eaffafa9fd862845607.php 第 334 行.
NOTIC: [8] Undefined index: tel D:\xampp\htdocs\thinkphp3.2.3\Application\Runtime\Cache\Qiqiao\00f1e8bd18623eaffafa9fd862845607.php 第 340 行.
NOTIC: [8] Undefined index: age D:\xampp\htdocs\thinkphp3.2.3\Application\Runtime\Cache\Qiqiao\00f1e8bd18623eaffafa9fd862845607.php 第 341 行.
NOTIC: [8] Undefined index: mail D:\xampp\htdocs\thinkphp3.2.3\Application\Runtime\Cache\Qiqiao\00f1e8bd18623eaffafa9fd862845607.php 第 342 行.
NOTIC: [8] Undefined index: create_time D:\xampp\htdocs\thinkphp3.2.3\Application\Runtime\Cache\Qiqiao\00f1e8bd18623eaffafa9fd862845607.php 第 347 行.
NOTIC: [8] Undefined index: real_name D:\xampp\htdocs\thinkphp3.2.3\Application\Runtime\Cache\Qiqiao\00f1e8bd18623eaffafa9fd862845607.php 第 332 行.
NOTIC: [8] Undefined index: name D:\xampp\htdocs\thinkphp3.2.3\Application\Runtime\Cache\Qiqiao\00f1e8bd18623eaffafa9fd862845607.php 第 333 行.
NOTIC: [8] Undefined index: id_card D:\xampp\htdocs\thinkphp3.2.3\Application\Runtime\Cache\Qiqiao\00f1e8bd18623eaffafa9fd862845607.php 第 334 行.
NOTIC: [8] Undefined index: tel D:\xampp\htdocs\thinkphp3.2.3\Application\Runtime\Cache\Qiqiao\00f1e8bd18623eaffafa9fd862845607.php 第 340 行.
NOTIC: [8] Undefined index: age D:\xampp\htdocs\thinkphp3.2.3\Application\Runtime\Cache\Qiqiao\00f1e8bd18623eaffafa9fd862845607.php 第 341 行.
NOTIC: [8] Undefined index: mail D:\xampp\htdocs\thinkphp3.2.3\Application\Runtime\Cache\Qiqiao\00f1e8bd18623eaffafa9fd862845607.php 第 342 行.
NOTIC: [8] Undefined index: create_time D:\xampp\htdocs\thinkphp3.2.3\Application\Runtime\Cache\Qiqiao\00f1e8bd18623eaffafa9fd862845607.php 第 347 行.
INFO: Run Behavior\ParseTemplateBehavior [ RunTime:0.017196s ]
INFO: [ view_parse ] --END-- [ RunTime:0.017249s ]
INFO: [ view_filter ] --START--
INFO: Run Behavior\WriteHtmlCacheBehavior [ RunTime:0.001317s ]
INFO: [ view_filter ] --END-- [ RunTime:0.001365s ]
INFO: [ app_end ] --START--
INFO: Run Behavior\ShowPageTraceBehavior [ RunTime:0.001409s ]
INFO: [ app_end ] --END-- [ RunTime:0.001466s ]

[ 2017-04-03T23:25:10+08:00 ] 127.0.0.1 /thinkphp3.2.3/index.php/Qiqiao/Video/attributes
INFO: [ app_init ] --START--
INFO: Run Behavior\BuildLiteBehavior [ RunTime:0.000019s ]
INFO: [ app_init ] --END-- [ RunTime:0.004843s ]
INFO: [ app_begin ] --START--
INFO: Run Behavior\ReadHtmlCacheBehavior [ RunTime:0.006949s ]
INFO: [ app_begin ] --END-- [ RunTime:0.007034s ]
SQL: select u.username,v.id,v.video_title,v.video_summary,v.video_cover,v.vidup_time,v.uid,a.channels,a.abit_rate,a.width,a.height,a.vbit_rate,a.duration,a.size,a.id as aid,a.acodec_name,a.vcodec_name,a.avg_frame_rate from qiq_video v LEFT JOIN qiq_video_attributes a ON v.id=a.videoid LEFT JOIN qiq_user u ON u.id=v.Uid  where  v.video_state=0  [ RunTime:0.0158s ]
INFO: [ view_parse ] --START--
INFO: [ template_filter ] --START--
INFO: Run Behavior\ContentReplaceBehavior [ RunTime:0.000617s ]
INFO: [ template_filter ] --END-- [ RunTime:0.000743s ]
NOTIC: [8] Undefined variable: meta_title D:\xampp\htdocs\thinkphp3.2.3\Application\Runtime\Cache\Qiqiao\361d1d324291314eacefc6b047413e7a.php 第 10 行.
INFO: Run Behavior\ParseTemplateBehavior [ RunTime:0.099643s ]
INFO: [ view_parse ] --END-- [ RunTime:0.099701s ]
INFO: [ view_filter ] --START--
INFO: Run Behavior\WriteHtmlCacheBehavior [ RunTime:0.012525s ]
INFO: [ view_filter ] --END-- [ RunTime:0.012576s ]
INFO: [ app_end ] --START--
INFO: Run Behavior\ShowPageTraceBehavior [ RunTime:0.025658s ]
INFO: [ app_end ] --END-- [ RunTime:0.025720s ]

[ 2017-04-03T23:25:11+08:00 ] 127.0.0.1 /thinkphp3.2.3/index.php/Qiqiao/Video/attributes
INFO: [ app_init ] --START--
INFO: Run Behavior\BuildLiteBehavior [ RunTime:0.000024s ]
INFO: [ app_init ] --END-- [ RunTime:0.000569s ]
INFO: [ app_begin ] --START--
INFO: Run Behavior\ReadHtmlCacheBehavior [ RunTime:0.000782s ]
INFO: [ app_begin ] --END-- [ RunTime:0.000837s ]
SQL: select u.username,v.id,v.video_title,v.video_summary,v.video_cover,v.vidup_time,v.uid,a.channels,a.abit_rate,a.width,a.height,a.vbit_rate,a.duration,a.size,a.id as aid,a.acodec_name,a.vcodec_name,a.avg_frame_rate from qiq_video v LEFT JOIN qiq_video_attributes a ON v.id=a.videoid LEFT JOIN qiq_user u ON u.id=v.Uid  where  v.video_state=0  [ RunTime:0.0006s ]
INFO: [ view_parse ] --START--
INFO: [ template_filter ] --START--
INFO: Run Behavior\ContentReplaceBehavior [ RunTime:0.000214s ]
INFO: [ template_filter ] --END-- [ RunTime:0.000266s ]
NOTIC: [8] Undefined variable: meta_title D:\xampp\htdocs\thinkphp3.2.3\Application\Runtime\Cache\Qiqiao\361d1d324291314eacefc6b047413e7a.php 第 10 行.
INFO: Run Behavior\ParseTemplateBehavior [ RunTime:0.017201s ]
INFO: [ view_parse ] --END-- [ RunTime:0.017248s ]
INFO: [ view_filter ] --START--
INFO: Run Behavior\WriteHtmlCacheBehavior [ RunTime:0.000565s ]
INFO: [ view_filter ] --END-- [ RunTime:0.000602s ]
INFO: [ app_end ] --START--
INFO: Run Behavior\ShowPageTraceBehavior [ RunTime:0.000759s ]
INFO: [ app_end ] --END-- [ RunTime:0.000803s ]

